CRITICAL - 2023-05-07 14:32:53 --> Undefined variable $curos
in APPPATH/Views/escolar/adicionar/alunos.php on line 141.
 1 APPPATH/Views/escolar/adicionar/alunos.php(141): CodeIgniter\Debug\Exceptions->errorHandler(2, 'Undefined variable $curos', 'APPPATH/Views/escolar/adicionar/alunos.php', 141)
 2 SYSTEMPATH/View/View.php(213): include('APPPATH/Views/escolar/adicionar/alunos.php')
 3 SYSTEMPATH/View/View.php(216): CodeIgniter\View\View->CodeIgniter\View\{closure}()
 4 SYSTEMPATH/Common.php(1184): CodeIgniter\View\View->render('escolar/adicionar/alunos', [], true)
 5 APPPATH/Controllers/Alunos.php(58): view('escolar/adicionar/alunos')
 6 SYSTEMPATH/CodeIgniter.php(934): App\Controllers\Alunos->adicionar()
 7 SYSTEMPATH/CodeIgniter.php(499): CodeIgniter\CodeIgniter->runController(Object(App\Controllers\Alunos))
 8 SYSTEMPATH/CodeIgniter.php(368): CodeIgniter\CodeIgniter->handleRequest(null, Object(Config\Cache), false)
 9 FCPATH/index.php(67): CodeIgniter\CodeIgniter->run()
10 SYSTEMPATH/Commands/Server/rewrite.php(47): require_once('FCPATH/index.php')
CRITICAL - 2023-05-07 14:33:09 --> Undefined variable $cursos
in APPPATH/Views/escolar/adicionar/alunos.php on line 141.
 1 APPPATH/Views/escolar/adicionar/alunos.php(141): CodeIgniter\Debug\Exceptions->errorHandler(2, 'Undefined variable $cursos', 'APPPATH/Views/escolar/adicionar/alunos.php', 141)
 2 SYSTEMPATH/View/View.php(213): include('APPPATH/Views/escolar/adicionar/alunos.php')
 3 SYSTEMPATH/View/View.php(216): CodeIgniter\View\View->CodeIgniter\View\{closure}()
 4 SYSTEMPATH/Common.php(1184): CodeIgniter\View\View->render('escolar/adicionar/alunos', [], true)
 5 APPPATH/Controllers/Alunos.php(58): view('escolar/adicionar/alunos')
 6 SYSTEMPATH/CodeIgniter.php(934): App\Controllers\Alunos->adicionar()
 7 SYSTEMPATH/CodeIgniter.php(499): CodeIgniter\CodeIgniter->runController(Object(App\Controllers\Alunos))
 8 SYSTEMPATH/CodeIgniter.php(368): CodeIgniter\CodeIgniter->handleRequest(null, Object(Config\Cache), false)
 9 FCPATH/index.php(67): CodeIgniter\CodeIgniter->run()
10 SYSTEMPATH/Commands/Server/rewrite.php(47): require_once('FCPATH/index.php')
CRITICAL - 2023-05-07 14:44:22 --> Undefined property: stdClass::$nome
in APPPATH/Views/escolar/lista/alunos.php on line 49.
 1 APPPATH/Views/escolar/lista/alunos.php(49): CodeIgniter\Debug\Exceptions->errorHandler(2, 'Undefined property: stdClass::$nome', 'APPPATH/Views/escolar/lista/alunos.php', 49)
 2 SYSTEMPATH/View/View.php(213): include('APPPATH/Views/escolar/lista/alunos.php')
 3 SYSTEMPATH/View/View.php(216): CodeIgniter\View\View->CodeIgniter\View\{closure}()
 4 SYSTEMPATH/Common.php(1184): CodeIgniter\View\View->render('escolar/lista/alunos', [], true)
 5 APPPATH/Controllers/Alunos.php(49): view('escolar/lista/alunos', [...])
 6 SYSTEMPATH/CodeIgniter.php(934): App\Controllers\Alunos->index()
 7 SYSTEMPATH/CodeIgniter.php(499): CodeIgniter\CodeIgniter->runController(Object(App\Controllers\Alunos))
 8 SYSTEMPATH/CodeIgniter.php(368): CodeIgniter\CodeIgniter->handleRequest(null, Object(Config\Cache), false)
 9 FCPATH/index.php(67): CodeIgniter\CodeIgniter->run()
10 SYSTEMPATH/Commands/Server/rewrite.php(47): require_once('FCPATH/index.php')
ERROR - 2023-05-07 14:55:28 --> mysqli_sql_exception: Duplicate entry 'manomuanda@gmail.com' for key 'email' in /Users/arseniomuanda/MyJobs/Joelson/gestao_alunos/system/Database/MySQLi/Connection.php:295
Stack trace:
#0 /Users/arseniomuanda/MyJobs/Joelson/gestao_alunos/system/Database/MySQLi/Connection.php(295): mysqli->query('INSERT INTO `ut...', 0)
#1 /Users/arseniomuanda/MyJobs/Joelson/gestao_alunos/system/Database/BaseConnection.php(691): CodeIgniter\Database\MySQLi\Connection->execute('INSERT INTO `ut...')
#2 /Users/arseniomuanda/MyJobs/Joelson/gestao_alunos/system/Database/BaseConnection.php(605): CodeIgniter\Database\BaseConnection->simpleQuery('INSERT INTO `ut...')
#3 /Users/arseniomuanda/MyJobs/Joelson/gestao_alunos/system/Database/BaseBuilder.php(2309): CodeIgniter\Database\BaseConnection->query('INSERT INTO `ut...', Array, false)
#4 /Users/arseniomuanda/MyJobs/Joelson/gestao_alunos/system/Model.php(330): CodeIgniter\Database\BaseBuilder->insert()
#5 /Users/arseniomuanda/MyJobs/Joelson/gestao_alunos/system/BaseModel.php(782): CodeIgniter\Model->doInsert(Array)
#6 /Users/arseniomuanda/MyJobs/Joelson/gestao_alunos/system/Model.php(730): CodeIgniter\BaseModel->insert(Array, false)
#7 /Users/arseniomuanda/MyJobs/Joelson/gestao_alunos/system/BaseModel.php(692): CodeIgniter\Model->insert(Array, false)
#8 /Users/arseniomuanda/MyJobs/Joelson/gestao_alunos/app/Helpers/funcao_helper.php(26): CodeIgniter\BaseModel->save(Array)
#9 /Users/arseniomuanda/MyJobs/Joelson/gestao_alunos/app/Controllers/Alunos.php(97): cadastronormal(Object(App\Models\UtilizadoreModel), Array, Object(CodeIgniter\Database\MySQLi\Connection), Object(App\Models\Auditoria))
#10 /Users/arseniomuanda/MyJobs/Joelson/gestao_alunos/system/CodeIgniter.php(934): App\Controllers\Alunos->add()
#11 /Users/arseniomuanda/MyJobs/Joelson/gestao_alunos/system/CodeIgniter.php(499): CodeIgniter\CodeIgniter->runController(Object(App\Controllers\Alunos))
#12 /Users/arseniomuanda/MyJobs/Joelson/gestao_alunos/system/CodeIgniter.php(368): CodeIgniter\CodeIgniter->handleRequest(NULL, Object(Config\Cache), false)
#13 /Users/arseniomuanda/MyJobs/Joelson/gestao_alunos/public/index.php(67): CodeIgniter\CodeIgniter->run()
#14 /Users/arseniomuanda/MyJobs/Joelson/gestao_alunos/system/Commands/Server/rewrite.php(47): require_once('/Users/arseniom...')
#15 {main}
CRITICAL - 2023-05-07 14:55:28 --> Duplicate entry 'manomuanda@gmail.com' for key 'email'
in SYSTEMPATH/Database/BaseConnection.php on line 645.
 1 SYSTEMPATH/Database/BaseBuilder.php(2309): CodeIgniter\Database\BaseConnection->query('INSERT INTO `utilizadores` (`password`, `email`, `bairro`, `rua`, `municipio`, `n_casa`, `telefone`, `bi`, `sexo`, `nome`) VALUES (:password:, :email:, :bairro:, :rua:, :municipio:, :n_casa:, :telefone:, :bi:, :sexo:, :nome:)', [...], false)
 2 SYSTEMPATH/Model.php(330): CodeIgniter\Database\BaseBuilder->insert()
 3 SYSTEMPATH/BaseModel.php(782): CodeIgniter\Model->doInsert([...])
 4 SYSTEMPATH/Model.php(730): CodeIgniter\BaseModel->insert([...], false)
 5 SYSTEMPATH/BaseModel.php(692): CodeIgniter\Model->insert([...], false)
 6 APPPATH/Helpers/funcao_helper.php(26): CodeIgniter\BaseModel->save([...])
 7 APPPATH/Controllers/Alunos.php(97): cadastronormal(Object(App\Models\UtilizadoreModel), [...], Object(CodeIgniter\Database\MySQLi\Connection), Object(App\Models\Auditoria))
 8 SYSTEMPATH/CodeIgniter.php(934): App\Controllers\Alunos->add()
 9 SYSTEMPATH/CodeIgniter.php(499): CodeIgniter\CodeIgniter->runController(Object(App\Controllers\Alunos))
10 SYSTEMPATH/CodeIgniter.php(368): CodeIgniter\CodeIgniter->handleRequest(null, Object(Config\Cache), false)
11 FCPATH/index.php(67): CodeIgniter\CodeIgniter->run()
12 SYSTEMPATH/Commands/Server/rewrite.php(47): require_once('FCPATH/index.php')
ERROR - 2023-05-07 14:59:46 --> mysqli_sql_exception: Unknown column 'aluno.utilizador' in 'on clause' in /Users/arseniomuanda/MyJobs/Joelson/gestao_alunos/system/Database/MySQLi/Connection.php:295
Stack trace:
#0 /Users/arseniomuanda/MyJobs/Joelson/gestao_alunos/system/Database/MySQLi/Connection.php(295): mysqli->query('SELECT alunos.*...', 0)
#1 /Users/arseniomuanda/MyJobs/Joelson/gestao_alunos/system/Database/BaseConnection.php(691): CodeIgniter\Database\MySQLi\Connection->execute('SELECT alunos.*...')
#2 /Users/arseniomuanda/MyJobs/Joelson/gestao_alunos/system/Database/BaseConnection.php(605): CodeIgniter\Database\BaseConnection->simpleQuery('SELECT alunos.*...')
#3 /Users/arseniomuanda/MyJobs/Joelson/gestao_alunos/app/Controllers/Alunos.php(50): CodeIgniter\Database\BaseConnection->query('SELECT alunos.*...')
#4 /Users/arseniomuanda/MyJobs/Joelson/gestao_alunos/system/CodeIgniter.php(934): App\Controllers\Alunos->index()
#5 /Users/arseniomuanda/MyJobs/Joelson/gestao_alunos/system/CodeIgniter.php(499): CodeIgniter\CodeIgniter->runController(Object(App\Controllers\Alunos))
#6 /Users/arseniomuanda/MyJobs/Joelson/gestao_alunos/system/CodeIgniter.php(368): CodeIgniter\CodeIgniter->handleRequest(NULL, Object(Config\Cache), false)
#7 /Users/arseniomuanda/MyJobs/Joelson/gestao_alunos/public/index.php(67): CodeIgniter\CodeIgniter->run()
#8 /Users/arseniomuanda/MyJobs/Joelson/gestao_alunos/system/Commands/Server/rewrite.php(47): require_once('/Users/arseniom...')
#9 {main}
CRITICAL - 2023-05-07 14:59:46 --> Unknown column 'aluno.utilizador' in 'on clause'
in SYSTEMPATH/Database/BaseConnection.php on line 645.
 1 APPPATH/Controllers/Alunos.php(50): CodeIgniter\Database\BaseConnection->query('SELECT alunos.*, utilizadores.nome FROM alunos INNER JOIN utilizadores ON aluno.utilizador = utilizadores.id')
 2 SYSTEMPATH/CodeIgniter.php(934): App\Controllers\Alunos->index()
 3 SYSTEMPATH/CodeIgniter.php(499): CodeIgniter\CodeIgniter->runController(Object(App\Controllers\Alunos))
 4 SYSTEMPATH/CodeIgniter.php(368): CodeIgniter\CodeIgniter->handleRequest(null, Object(Config\Cache), false)
 5 FCPATH/index.php(67): CodeIgniter\CodeIgniter->run()
 6 SYSTEMPATH/Commands/Server/rewrite.php(47): require_once('FCPATH/index.php')
CRITICAL - 2023-05-07 15:00:00 --> Undefined property: stdClass::$idade
in APPPATH/Views/escolar/lista/alunos.php on line 50.
 1 APPPATH/Views/escolar/lista/alunos.php(50): CodeIgniter\Debug\Exceptions->errorHandler(2, 'Undefined property: stdClass::$idade', 'APPPATH/Views/escolar/lista/alunos.php', 50)
 2 SYSTEMPATH/View/View.php(213): include('APPPATH/Views/escolar/lista/alunos.php')
 3 SYSTEMPATH/View/View.php(216): CodeIgniter\View\View->CodeIgniter\View\{closure}()
 4 SYSTEMPATH/Common.php(1184): CodeIgniter\View\View->render('escolar/lista/alunos', [], true)
 5 APPPATH/Controllers/Alunos.php(52): view('escolar/lista/alunos', [...])
 6 SYSTEMPATH/CodeIgniter.php(934): App\Controllers\Alunos->index()
 7 SYSTEMPATH/CodeIgniter.php(499): CodeIgniter\CodeIgniter->runController(Object(App\Controllers\Alunos))
 8 SYSTEMPATH/CodeIgniter.php(368): CodeIgniter\CodeIgniter->handleRequest(null, Object(Config\Cache), false)
 9 FCPATH/index.php(67): CodeIgniter\CodeIgniter->run()
10 SYSTEMPATH/Commands/Server/rewrite.php(47): require_once('FCPATH/index.php')
CRITICAL - 2023-05-07 15:04:09 --> Undefined property: stdClass::$sexo
in APPPATH/Views/escolar/lista/alunos.php on line 51.
 1 APPPATH/Views/escolar/lista/alunos.php(51): CodeIgniter\Debug\Exceptions->errorHandler(2, 'Undefined property: stdClass::$sexo', 'APPPATH/Views/escolar/lista/alunos.php', 51)
 2 SYSTEMPATH/View/View.php(213): include('APPPATH/Views/escolar/lista/alunos.php')
 3 SYSTEMPATH/View/View.php(216): CodeIgniter\View\View->CodeIgniter\View\{closure}()
 4 SYSTEMPATH/Common.php(1184): CodeIgniter\View\View->render('escolar/lista/alunos', [], true)
 5 APPPATH/Controllers/Alunos.php(52): view('escolar/lista/alunos', [...])
 6 SYSTEMPATH/CodeIgniter.php(934): App\Controllers\Alunos->index()
 7 SYSTEMPATH/CodeIgniter.php(499): CodeIgniter\CodeIgniter->runController(Object(App\Controllers\Alunos))
 8 SYSTEMPATH/CodeIgniter.php(368): CodeIgniter\CodeIgniter->handleRequest(null, Object(Config\Cache), false)
 9 FCPATH/index.php(67): CodeIgniter\CodeIgniter->run()
10 SYSTEMPATH/Commands/Server/rewrite.php(47): require_once('FCPATH/index.php')
CRITICAL - 2023-05-07 15:04:37 --> Attempt to read property "nome" on null
in APPPATH/Views/escolar/perfil/disciplina.php on line 4.
 1 APPPATH/Views/escolar/perfil/disciplina.php(4): CodeIgniter\Debug\Exceptions->errorHandler(2, 'Attempt to read property "nome" on null', 'APPPATH/Views/escolar/perfil/disciplina.php', 4)
 2 SYSTEMPATH/View/View.php(213): include('APPPATH/Views/escolar/perfil/disciplina.php')
 3 SYSTEMPATH/View/View.php(216): CodeIgniter\View\View->CodeIgniter\View\{closure}()
 4 SYSTEMPATH/Common.php(1184): CodeIgniter\View\View->render('escolar/perfil/disciplina', [], true)
 5 APPPATH/Controllers/Disciplinas.php(139): view('escolar/perfil/disciplina', [...])
 6 SYSTEMPATH/CodeIgniter.php(934): App\Controllers\Disciplinas->perfil('3')
 7 SYSTEMPATH/CodeIgniter.php(499): CodeIgniter\CodeIgniter->runController(Object(App\Controllers\Disciplinas))
 8 SYSTEMPATH/CodeIgniter.php(368): CodeIgniter\CodeIgniter->handleRequest(null, Object(Config\Cache), false)
 9 FCPATH/index.php(67): CodeIgniter\CodeIgniter->run()
10 SYSTEMPATH/Commands/Server/rewrite.php(47): require_once('FCPATH/index.php')
CRITICAL - 2023-05-07 15:06:03 --> Attempt to read property "nome" on null
in APPPATH/Views/escolar/perfil/disciplina.php on line 4.
 1 APPPATH/Views/escolar/perfil/disciplina.php(4): CodeIgniter\Debug\Exceptions->errorHandler(2, 'Attempt to read property "nome" on null', 'APPPATH/Views/escolar/perfil/disciplina.php', 4)
 2 SYSTEMPATH/View/View.php(213): include('APPPATH/Views/escolar/perfil/disciplina.php')
 3 SYSTEMPATH/View/View.php(216): CodeIgniter\View\View->CodeIgniter\View\{closure}()
 4 SYSTEMPATH/Common.php(1184): CodeIgniter\View\View->render('escolar/perfil/disciplina', [], true)
 5 APPPATH/Controllers/Disciplinas.php(139): view('escolar/perfil/disciplina', [...])
 6 SYSTEMPATH/CodeIgniter.php(934): App\Controllers\Disciplinas->perfil('3')
 7 SYSTEMPATH/CodeIgniter.php(499): CodeIgniter\CodeIgniter->runController(Object(App\Controllers\Disciplinas))
 8 SYSTEMPATH/CodeIgniter.php(368): CodeIgniter\CodeIgniter->handleRequest(null, Object(Config\Cache), false)
 9 FCPATH/index.php(67): CodeIgniter\CodeIgniter->run()
10 SYSTEMPATH/Commands/Server/rewrite.php(47): require_once('FCPATH/index.php')
CRITICAL - 2023-05-07 15:06:48 --> Attempt to read property "nome" on null
in APPPATH/Views/escolar/perfil/disciplina.php on line 4.
 1 APPPATH/Views/escolar/perfil/disciplina.php(4): CodeIgniter\Debug\Exceptions->errorHandler(2, 'Attempt to read property "nome" on null', 'APPPATH/Views/escolar/perfil/disciplina.php', 4)
 2 SYSTEMPATH/View/View.php(213): include('APPPATH/Views/escolar/perfil/disciplina.php')
 3 SYSTEMPATH/View/View.php(216): CodeIgniter\View\View->CodeIgniter\View\{closure}()
 4 SYSTEMPATH/Common.php(1184): CodeIgniter\View\View->render('escolar/perfil/disciplina', [], true)
 5 APPPATH/Controllers/Disciplinas.php(139): view('escolar/perfil/disciplina', [...])
 6 SYSTEMPATH/CodeIgniter.php(934): App\Controllers\Disciplinas->perfil('3')
 7 SYSTEMPATH/CodeIgniter.php(499): CodeIgniter\CodeIgniter->runController(Object(App\Controllers\Disciplinas))
 8 SYSTEMPATH/CodeIgniter.php(368): CodeIgniter\CodeIgniter->handleRequest(null, Object(Config\Cache), false)
 9 FCPATH/index.php(67): CodeIgniter\CodeIgniter->run()
10 SYSTEMPATH/Commands/Server/rewrite.php(47): require_once('FCPATH/index.php')
CRITICAL - 2023-05-07 15:21:54 --> Undefined property: stdClass::$bi
in APPPATH/Views/escolar/perfil/alunos.php on line 88.
 1 APPPATH/Views/escolar/perfil/alunos.php(88): CodeIgniter\Debug\Exceptions->errorHandler(2, 'Undefined property: stdClass::$bi', 'APPPATH/Views/escolar/perfil/alunos.php', 88)
 2 SYSTEMPATH/View/View.php(213): include('APPPATH/Views/escolar/perfil/alunos.php')
 3 SYSTEMPATH/View/View.php(216): CodeIgniter\View\View->CodeIgniter\View\{closure}()
 4 SYSTEMPATH/Common.php(1184): CodeIgniter\View\View->render('escolar/perfil/alunos', [], true)
 5 APPPATH/Controllers/Alunos.php(70): view('escolar/perfil/alunos', [...])
 6 SYSTEMPATH/CodeIgniter.php(934): App\Controllers\Alunos->perfil('3')
 7 SYSTEMPATH/CodeIgniter.php(499): CodeIgniter\CodeIgniter->runController(Object(App\Controllers\Alunos))
 8 SYSTEMPATH/CodeIgniter.php(368): CodeIgniter\CodeIgniter->handleRequest(null, Object(Config\Cache), false)
 9 FCPATH/index.php(67): CodeIgniter\CodeIgniter->run()
10 SYSTEMPATH/Commands/Server/rewrite.php(47): require_once('FCPATH/index.php')
CRITICAL - 2023-05-07 15:26:40 --> Undefined property: stdClass::$municipio
in APPPATH/Views/escolar/perfil/alunos.php on line 138.
 1 APPPATH/Views/escolar/perfil/alunos.php(138): CodeIgniter\Debug\Exceptions->errorHandler(2, 'Undefined property: stdClass::$municipio', 'APPPATH/Views/escolar/perfil/alunos.php', 138)
 2 SYSTEMPATH/View/View.php(213): include('APPPATH/Views/escolar/perfil/alunos.php')
 3 SYSTEMPATH/View/View.php(216): CodeIgniter\View\View->CodeIgniter\View\{closure}()
 4 SYSTEMPATH/Common.php(1184): CodeIgniter\View\View->render('escolar/perfil/alunos', [], true)
 5 APPPATH/Controllers/Alunos.php(70): view('escolar/perfil/alunos', [...])
 6 SYSTEMPATH/CodeIgniter.php(934): App\Controllers\Alunos->perfil('3')
 7 SYSTEMPATH/CodeIgniter.php(499): CodeIgniter\CodeIgniter->runController(Object(App\Controllers\Alunos))
 8 SYSTEMPATH/CodeIgniter.php(368): CodeIgniter\CodeIgniter->handleRequest(null, Object(Config\Cache), false)
 9 FCPATH/index.php(67): CodeIgniter\CodeIgniter->run()
10 SYSTEMPATH/Commands/Server/rewrite.php(47): require_once('FCPATH/index.php')
CRITICAL - 2023-05-07 15:45:42 --> Undefined property: stdClass::$dataentra
in APPPATH/Views/escolar/perfil/alunos.php on line 196.
 1 APPPATH/Views/escolar/perfil/alunos.php(196): CodeIgniter\Debug\Exceptions->errorHandler(2, 'Undefined property: stdClass::$dataentra', 'APPPATH/Views/escolar/perfil/alunos.php', 196)
 2 SYSTEMPATH/View/View.php(213): include('APPPATH/Views/escolar/perfil/alunos.php')
 3 SYSTEMPATH/View/View.php(216): CodeIgniter\View\View->CodeIgniter\View\{closure}()
 4 SYSTEMPATH/Common.php(1184): CodeIgniter\View\View->render('escolar/perfil/alunos', [], true)
 5 APPPATH/Controllers/Alunos.php(70): view('escolar/perfil/alunos', [...])
 6 SYSTEMPATH/CodeIgniter.php(934): App\Controllers\Alunos->perfil('3')
 7 SYSTEMPATH/CodeIgniter.php(499): CodeIgniter\CodeIgniter->runController(Object(App\Controllers\Alunos))
 8 SYSTEMPATH/CodeIgniter.php(368): CodeIgniter\CodeIgniter->handleRequest(null, Object(Config\Cache), false)
 9 FCPATH/index.php(67): CodeIgniter\CodeIgniter->run()
10 SYSTEMPATH/Commands/Server/rewrite.php(47): require_once('FCPATH/index.php')
CRITICAL - 2023-05-07 15:46:29 --> Undefined property: stdClass::$nome_enca
in APPPATH/Views/escolar/perfil/alunos.php on line 224.
 1 APPPATH/Views/escolar/perfil/alunos.php(224): CodeIgniter\Debug\Exceptions->errorHandler(2, 'Undefined property: stdClass::$nome_enca', 'APPPATH/Views/escolar/perfil/alunos.php', 224)
 2 SYSTEMPATH/View/View.php(213): include('APPPATH/Views/escolar/perfil/alunos.php')
 3 SYSTEMPATH/View/View.php(216): CodeIgniter\View\View->CodeIgniter\View\{closure}()
 4 SYSTEMPATH/Common.php(1184): CodeIgniter\View\View->render('escolar/perfil/alunos', [], true)
 5 APPPATH/Controllers/Alunos.php(70): view('escolar/perfil/alunos', [...])
 6 SYSTEMPATH/CodeIgniter.php(934): App\Controllers\Alunos->perfil('3')
 7 SYSTEMPATH/CodeIgniter.php(499): CodeIgniter\CodeIgniter->runController(Object(App\Controllers\Alunos))
 8 SYSTEMPATH/CodeIgniter.php(368): CodeIgniter\CodeIgniter->handleRequest(null, Object(Config\Cache), false)
 9 FCPATH/index.php(67): CodeIgniter\CodeIgniter->run()
10 SYSTEMPATH/Commands/Server/rewrite.php(47): require_once('FCPATH/index.php')
CRITICAL - 2023-05-07 15:46:45 --> Undefined property: stdClass::$bairo
in APPPATH/Views/escolar/perfil/alunos.php on line 245.
 1 APPPATH/Views/escolar/perfil/alunos.php(245): CodeIgniter\Debug\Exceptions->errorHandler(2, 'Undefined property: stdClass::$bairo', 'APPPATH/Views/escolar/perfil/alunos.php', 245)
 2 SYSTEMPATH/View/View.php(213): include('APPPATH/Views/escolar/perfil/alunos.php')
 3 SYSTEMPATH/View/View.php(216): CodeIgniter\View\View->CodeIgniter\View\{closure}()
 4 SYSTEMPATH/Common.php(1184): CodeIgniter\View\View->render('escolar/perfil/alunos', [], true)
 5 APPPATH/Controllers/Alunos.php(70): view('escolar/perfil/alunos', [...])
 6 SYSTEMPATH/CodeIgniter.php(934): App\Controllers\Alunos->perfil('3')
 7 SYSTEMPATH/CodeIgniter.php(499): CodeIgniter\CodeIgniter->runController(Object(App\Controllers\Alunos))
 8 SYSTEMPATH/CodeIgniter.php(368): CodeIgniter\CodeIgniter->handleRequest(null, Object(Config\Cache), false)
 9 FCPATH/index.php(67): CodeIgniter\CodeIgniter->run()
10 SYSTEMPATH/Commands/Server/rewrite.php(47): require_once('FCPATH/index.php')
CRITICAL - 2023-05-07 16:08:48 --> Undefined array key "id"
in APPPATH/Controllers/Alunos.php on line 186.
 1 APPPATH/Controllers/Alunos.php(186): CodeIgniter\Debug\Exceptions->errorHandler(2, 'Undefined array key "id"', 'APPPATH/Controllers/Alunos.php', 186)
 2 SYSTEMPATH/CodeIgniter.php(934): App\Controllers\Alunos->actualizar('3')
 3 SYSTEMPATH/CodeIgniter.php(499): CodeIgniter\CodeIgniter->runController(Object(App\Controllers\Alunos))
 4 SYSTEMPATH/CodeIgniter.php(368): CodeIgniter\CodeIgniter->handleRequest(null, Object(Config\Cache), false)
 5 FCPATH/index.php(67): CodeIgniter\CodeIgniter->run()
 6 SYSTEMPATH/Commands/Server/rewrite.php(47): require_once('FCPATH/index.php')
CRITICAL - 2023-05-07 16:34:37 --> Attempt to read property "insert_id" on bool
in SYSTEMPATH/Database/MySQLi/Connection.php on line 577.
 1 SYSTEMPATH/Database/MySQLi/Connection.php(577): CodeIgniter\Debug\Exceptions->errorHandler(2, 'Attempt to read property "insert_id" on bool', 'SYSTEMPATH/Database/MySQLi/Connection.php', 577)
 2 APPPATH/Helpers/funcao_helper.php(208): CodeIgniter\Database\MySQLi\Connection->insertID()
 3 APPPATH/Controllers/Alunos.php(149): updatecomcincofotos(Object(App\Models\AlunoModel), '3', '1', Object(CodeIgniter\Database\MySQLi\Connection), Object(App\Models\Auditoria), 'Atualizar Ducumentos do Aluno', null, 'certificado', null, 'foto_tipo_pass', null, 'atestado_medico', null, 'declaracao_notas', Object(CodeIgniter\HTTP\Files\UploadedFile), 'copia_bi')
 4 SYSTEMPATH/CodeIgniter.php(934): App\Controllers\Alunos->updateImagens('3')
 5 SYSTEMPATH/CodeIgniter.php(499): CodeIgniter\CodeIgniter->runController(Object(App\Controllers\Alunos))
 6 SYSTEMPATH/CodeIgniter.php(368): CodeIgniter\CodeIgniter->handleRequest(null, Object(Config\Cache), false)
 7 FCPATH/index.php(67): CodeIgniter\CodeIgniter->run()
 8 SYSTEMPATH/Commands/Server/rewrite.php(47): require_once('FCPATH/index.php')
ERROR - 2023-05-07 17:18:41 --> mysqli_sql_exception: Table 'gestao_alunos.turnas' doesn't exist in /Users/arseniomuanda/MyJobs/Joelson/gestao_alunos/system/Database/MySQLi/Connection.php:295
Stack trace:
#0 /Users/arseniomuanda/MyJobs/Joelson/gestao_alunos/system/Database/MySQLi/Connection.php(295): mysqli->query('SELECT * FROM t...', 0)
#1 /Users/arseniomuanda/MyJobs/Joelson/gestao_alunos/system/Database/BaseConnection.php(691): CodeIgniter\Database\MySQLi\Connection->execute('SELECT * FROM t...')
#2 /Users/arseniomuanda/MyJobs/Joelson/gestao_alunos/system/Database/BaseConnection.php(605): CodeIgniter\Database\BaseConnection->simpleQuery('SELECT * FROM t...')
#3 /Users/arseniomuanda/MyJobs/Joelson/gestao_alunos/app/Controllers/Turmas.php(86): CodeIgniter\Database\BaseConnection->query('SELECT * FROM t...')
#4 /Users/arseniomuanda/MyJobs/Joelson/gestao_alunos/system/CodeIgniter.php(934): App\Controllers\Turmas->getTurmas('7')
#5 /Users/arseniomuanda/MyJobs/Joelson/gestao_alunos/system/CodeIgniter.php(499): CodeIgniter\CodeIgniter->runController(Object(App\Controllers\Turmas))
#6 /Users/arseniomuanda/MyJobs/Joelson/gestao_alunos/system/CodeIgniter.php(368): CodeIgniter\CodeIgniter->handleRequest(NULL, Object(Config\Cache), false)
#7 /Users/arseniomuanda/MyJobs/Joelson/gestao_alunos/public/index.php(67): CodeIgniter\CodeIgniter->run()
#8 /Users/arseniomuanda/MyJobs/Joelson/gestao_alunos/system/Commands/Server/rewrite.php(47): require_once('/Users/arseniom...')
#9 {main}
CRITICAL - 2023-05-07 17:18:41 --> Table 'gestao_alunos.turnas' doesn't exist
in SYSTEMPATH/Database/BaseConnection.php on line 645.
 1 APPPATH/Controllers/Turmas.php(86): CodeIgniter\Database\BaseConnection->query('SELECT * FROM turnas WHERE curso = 7')
 2 SYSTEMPATH/CodeIgniter.php(934): App\Controllers\Turmas->getTurmas('7')
 3 SYSTEMPATH/CodeIgniter.php(499): CodeIgniter\CodeIgniter->runController(Object(App\Controllers\Turmas))
 4 SYSTEMPATH/CodeIgniter.php(368): CodeIgniter\CodeIgniter->handleRequest(null, Object(Config\Cache), false)
 5 FCPATH/index.php(67): CodeIgniter\CodeIgniter->run()
 6 SYSTEMPATH/Commands/Server/rewrite.php(47): require_once('FCPATH/index.php')
ERROR - 2023-05-07 17:19:36 --> mysqli_sql_exception: Table 'gestao_alunos.turnas' doesn't exist in /Users/arseniomuanda/MyJobs/Joelson/gestao_alunos/system/Database/MySQLi/Connection.php:295
Stack trace:
#0 /Users/arseniomuanda/MyJobs/Joelson/gestao_alunos/system/Database/MySQLi/Connection.php(295): mysqli->query('SELECT * FROM t...', 0)
#1 /Users/arseniomuanda/MyJobs/Joelson/gestao_alunos/system/Database/BaseConnection.php(691): CodeIgniter\Database\MySQLi\Connection->execute('SELECT * FROM t...')
#2 /Users/arseniomuanda/MyJobs/Joelson/gestao_alunos/system/Database/BaseConnection.php(605): CodeIgniter\Database\BaseConnection->simpleQuery('SELECT * FROM t...')
#3 /Users/arseniomuanda/MyJobs/Joelson/gestao_alunos/app/Controllers/Turmas.php(86): CodeIgniter\Database\BaseConnection->query('SELECT * FROM t...')
#4 /Users/arseniomuanda/MyJobs/Joelson/gestao_alunos/system/CodeIgniter.php(934): App\Controllers\Turmas->getTurmas('7')
#5 /Users/arseniomuanda/MyJobs/Joelson/gestao_alunos/system/CodeIgniter.php(499): CodeIgniter\CodeIgniter->runController(Object(App\Controllers\Turmas))
#6 /Users/arseniomuanda/MyJobs/Joelson/gestao_alunos/system/CodeIgniter.php(368): CodeIgniter\CodeIgniter->handleRequest(NULL, Object(Config\Cache), false)
#7 /Users/arseniomuanda/MyJobs/Joelson/gestao_alunos/public/index.php(67): CodeIgniter\CodeIgniter->run()
#8 /Users/arseniomuanda/MyJobs/Joelson/gestao_alunos/system/Commands/Server/rewrite.php(47): require_once('/Users/arseniom...')
#9 {main}
CRITICAL - 2023-05-07 17:19:36 --> Table 'gestao_alunos.turnas' doesn't exist
in SYSTEMPATH/Database/BaseConnection.php on line 645.
 1 APPPATH/Controllers/Turmas.php(86): CodeIgniter\Database\BaseConnection->query('SELECT * FROM turnas WHERE curso = 7')
 2 SYSTEMPATH/CodeIgniter.php(934): App\Controllers\Turmas->getTurmas('7')
 3 SYSTEMPATH/CodeIgniter.php(499): CodeIgniter\CodeIgniter->runController(Object(App\Controllers\Turmas))
 4 SYSTEMPATH/CodeIgniter.php(368): CodeIgniter\CodeIgniter->handleRequest(null, Object(Config\Cache), false)
 5 FCPATH/index.php(67): CodeIgniter\CodeIgniter->run()
 6 SYSTEMPATH/Commands/Server/rewrite.php(47): require_once('FCPATH/index.php')
ERROR - 2023-05-07 17:19:39 --> mysqli_sql_exception: Table 'gestao_alunos.turnas' doesn't exist in /Users/arseniomuanda/MyJobs/Joelson/gestao_alunos/system/Database/MySQLi/Connection.php:295
Stack trace:
#0 /Users/arseniomuanda/MyJobs/Joelson/gestao_alunos/system/Database/MySQLi/Connection.php(295): mysqli->query('SELECT * FROM t...', 0)
#1 /Users/arseniomuanda/MyJobs/Joelson/gestao_alunos/system/Database/BaseConnection.php(691): CodeIgniter\Database\MySQLi\Connection->execute('SELECT * FROM t...')
#2 /Users/arseniomuanda/MyJobs/Joelson/gestao_alunos/system/Database/BaseConnection.php(605): CodeIgniter\Database\BaseConnection->simpleQuery('SELECT * FROM t...')
#3 /Users/arseniomuanda/MyJobs/Joelson/gestao_alunos/app/Controllers/Turmas.php(86): CodeIgniter\Database\BaseConnection->query('SELECT * FROM t...')
#4 /Users/arseniomuanda/MyJobs/Joelson/gestao_alunos/system/CodeIgniter.php(934): App\Controllers\Turmas->getTurmas('8')
#5 /Users/arseniomuanda/MyJobs/Joelson/gestao_alunos/system/CodeIgniter.php(499): CodeIgniter\CodeIgniter->runController(Object(App\Controllers\Turmas))
#6 /Users/arseniomuanda/MyJobs/Joelson/gestao_alunos/system/CodeIgniter.php(368): CodeIgniter\CodeIgniter->handleRequest(NULL, Object(Config\Cache), false)
#7 /Users/arseniomuanda/MyJobs/Joelson/gestao_alunos/public/index.php(67): CodeIgniter\CodeIgniter->run()
#8 /Users/arseniomuanda/MyJobs/Joelson/gestao_alunos/system/Commands/Server/rewrite.php(47): require_once('/Users/arseniom...')
#9 {main}
CRITICAL - 2023-05-07 17:19:39 --> Table 'gestao_alunos.turnas' doesn't exist
in SYSTEMPATH/Database/BaseConnection.php on line 645.
 1 APPPATH/Controllers/Turmas.php(86): CodeIgniter\Database\BaseConnection->query('SELECT * FROM turnas WHERE curso = 8')
 2 SYSTEMPATH/CodeIgniter.php(934): App\Controllers\Turmas->getTurmas('8')
 3 SYSTEMPATH/CodeIgniter.php(499): CodeIgniter\CodeIgniter->runController(Object(App\Controllers\Turmas))
 4 SYSTEMPATH/CodeIgniter.php(368): CodeIgniter\CodeIgniter->handleRequest(null, Object(Config\Cache), false)
 5 FCPATH/index.php(67): CodeIgniter\CodeIgniter->run()
 6 SYSTEMPATH/Commands/Server/rewrite.php(47): require_once('FCPATH/index.php')
INFO - 2023-05-07 17:37:58 --> Session: Class initialized using 'CodeIgniter\Session\Handlers\FileHandler' driver.
INFO - 2023-05-07 17:38:00 --> Session: Class initialized using 'CodeIgniter\Session\Handlers\FileHandler' driver.
INFO - 2023-05-07 17:38:00 --> Session: Class initialized using 'CodeIgniter\Session\Handlers\FileHandler' driver.
CRITICAL - 2023-05-07 18:00:34 --> Undefined variable $utilizador
in APPPATH/Views/escolar/perfil/alunos.php on line 331.
 1 APPPATH/Views/escolar/perfil/alunos.php(331): CodeIgniter\Debug\Exceptions->errorHandler(2, 'Undefined variable $utilizador', 'APPPATH/Views/escolar/perfil/alunos.php', 331)
 2 SYSTEMPATH/View/View.php(213): include('APPPATH/Views/escolar/perfil/alunos.php')
 3 SYSTEMPATH/View/View.php(216): CodeIgniter\View\View->CodeIgniter\View\{closure}()
 4 SYSTEMPATH/Common.php(1184): CodeIgniter\View\View->render('escolar/perfil/alunos', [], true)
 5 APPPATH/Controllers/Alunos.php(70): view('escolar/perfil/alunos', [...])
 6 SYSTEMPATH/CodeIgniter.php(934): App\Controllers\Alunos->perfil('4')
 7 SYSTEMPATH/CodeIgniter.php(499): CodeIgniter\CodeIgniter->runController(Object(App\Controllers\Alunos))
 8 SYSTEMPATH/CodeIgniter.php(368): CodeIgniter\CodeIgniter->handleRequest(null, Object(Config\Cache), false)
 9 FCPATH/index.php(67): CodeIgniter\CodeIgniter->run()
10 SYSTEMPATH/Commands/Server/rewrite.php(47): require_once('FCPATH/index.php')
CRITICAL - 2023-05-07 18:00:46 --> Undefined variable $utilizador
in APPPATH/Views/escolar/perfil/alunos.php on line 331.
 1 APPPATH/Views/escolar/perfil/alunos.php(331): CodeIgniter\Debug\Exceptions->errorHandler(2, 'Undefined variable $utilizador', 'APPPATH/Views/escolar/perfil/alunos.php', 331)
 2 SYSTEMPATH/View/View.php(213): include('APPPATH/Views/escolar/perfil/alunos.php')
 3 SYSTEMPATH/View/View.php(216): CodeIgniter\View\View->CodeIgniter\View\{closure}()
 4 SYSTEMPATH/Common.php(1184): CodeIgniter\View\View->render('escolar/perfil/alunos', [], true)
 5 APPPATH/Controllers/Alunos.php(70): view('escolar/perfil/alunos', [...])
 6 SYSTEMPATH/CodeIgniter.php(934): App\Controllers\Alunos->perfil('4')
 7 SYSTEMPATH/CodeIgniter.php(499): CodeIgniter\CodeIgniter->runController(Object(App\Controllers\Alunos))
 8 SYSTEMPATH/CodeIgniter.php(368): CodeIgniter\CodeIgniter->handleRequest(null, Object(Config\Cache), false)
 9 FCPATH/index.php(67): CodeIgniter\CodeIgniter->run()
10 SYSTEMPATH/Commands/Server/rewrite.php(47): require_once('FCPATH/index.php')
INFO - 2023-05-07 18:29:46 --> Session: Class initialized using 'CodeIgniter\Session\Handlers\FileHandler' driver.
INFO - 2023-05-07 18:29:46 --> Session: Class initialized using 'CodeIgniter\Session\Handlers\FileHandler' driver.
INFO - 2023-05-07 18:29:52 --> Session: Class initialized using 'CodeIgniter\Session\Handlers\FileHandler' driver.
INFO - 2023-05-07 18:29:52 --> Session: Class initialized using 'CodeIgniter\Session\Handlers\FileHandler' driver.
INFO - 2023-05-07 18:29:57 --> Session: Class initialized using 'CodeIgniter\Session\Handlers\FileHandler' driver.
INFO - 2023-05-07 18:29:57 --> Session: Class initialized using 'CodeIgniter\Session\Handlers\FileHandler' driver.
INFO - 2023-05-07 18:29:59 --> Session: Class initialized using 'CodeIgniter\Session\Handlers\FileHandler' driver.
INFO - 2023-05-07 18:30:35 --> Session: Class initialized using 'CodeIgniter\Session\Handlers\FileHandler' driver.
INFO - 2023-05-07 18:30:40 --> Session: Class initialized using 'CodeIgniter\Session\Handlers\FileHandler' driver.
INFO - 2023-05-07 18:30:40 --> Session: Class initialized using 'CodeIgniter\Session\Handlers\FileHandler' driver.
