CRITICAL - 2023-04-22 16:33:22 --> CodeIgniter\Router\RouteCollection::get(): Argument #3 ($options) must be of type ?array, string given, called in /Users/arseniomuanda/MyJobs/Joelson/gestao_alunos/app/Config/Routes.php on line 36
in SYSTEMPATH/Router/RouteCollection.php on line 915.
 1 APPPATH/Config/Routes.php(36): CodeIgniter\Router\RouteCollection->get('/', [...], 'Home::api')
 2 SYSTEMPATH/Router/RouteCollection.php(676): CodeIgniter\Router\RouteCollection::Config\{closure}(Object(CodeIgniter\Router\RouteCollection))
 3 APPPATH/Config/Routes.php(39): CodeIgniter\Router\RouteCollection->group('api', Object(Closure))
 4 SYSTEMPATH/Router/RouteCollection.php(267): require('APPPATH/Config/Routes.php')
 5 SYSTEMPATH/CodeIgniter.php(802): CodeIgniter\Router\RouteCollection->loadRoutes()
 6 SYSTEMPATH/CodeIgniter.php(449): CodeIgniter\CodeIgniter->tryToRouteIt(null)
 7 SYSTEMPATH/CodeIgniter.php(368): CodeIgniter\CodeIgniter->handleRequest(null, Object(Config\Cache), false)
 8 FCPATH/index.php(67): CodeIgniter\CodeIgniter->run()
 9 SYSTEMPATH/Commands/Server/rewrite.php(47): require_once('FCPATH/index.php')
CRITICAL - 2023-04-22 16:39:49 --> CodeIgniter\Router\RouteCollection::get(): Argument #3 ($options) must be of type ?array, string given, called in /Users/arseniomuanda/MyJobs/Joelson/gestao_alunos/app/Config/Routes.php on line 36
in SYSTEMPATH/Router/RouteCollection.php on line 915.
 1 APPPATH/Config/Routes.php(36): CodeIgniter\Router\RouteCollection->get('/', [...], 'Home::api')
 2 SYSTEMPATH/Router/RouteCollection.php(676): CodeIgniter\Router\RouteCollection::Config\{closure}(Object(CodeIgniter\Router\RouteCollection))
 3 APPPATH/Config/Routes.php(39): CodeIgniter\Router\RouteCollection->group('api', Object(Closure))
 4 SYSTEMPATH/Router/RouteCollection.php(267): require('APPPATH/Config/Routes.php')
 5 SYSTEMPATH/CodeIgniter.php(802): CodeIgniter\Router\RouteCollection->loadRoutes()
 6 SYSTEMPATH/CodeIgniter.php(449): CodeIgniter\CodeIgniter->tryToRouteIt(null)
 7 SYSTEMPATH/CodeIgniter.php(368): CodeIgniter\CodeIgniter->handleRequest(null, Object(Config\Cache), false)
 8 FCPATH/index.php(67): CodeIgniter\CodeIgniter->run()
 9 SYSTEMPATH/Commands/Server/rewrite.php(47): require_once('FCPATH/index.php')
CRITICAL - 2023-04-22 16:40:36 --> CodeIgniter\Router\RouteCollection::get(): Argument #3 ($options) must be of type ?array, string given, called in /Users/arseniomuanda/MyJobs/Joelson/gestao_alunos/app/Config/Routes.php on line 36
in SYSTEMPATH/Router/RouteCollection.php on line 915.
 1 APPPATH/Config/Routes.php(36): CodeIgniter\Router\RouteCollection->get('/', [...], 'Home::api')
 2 SYSTEMPATH/Router/RouteCollection.php(676): CodeIgniter\Router\RouteCollection::Config\{closure}(Object(CodeIgniter\Router\RouteCollection))
 3 APPPATH/Config/Routes.php(39): CodeIgniter\Router\RouteCollection->group('api', Object(Closure))
 4 SYSTEMPATH/Router/RouteCollection.php(267): require('APPPATH/Config/Routes.php')
 5 SYSTEMPATH/CodeIgniter.php(802): CodeIgniter\Router\RouteCollection->loadRoutes()
 6 SYSTEMPATH/CodeIgniter.php(449): CodeIgniter\CodeIgniter->tryToRouteIt(null)
 7 SYSTEMPATH/CodeIgniter.php(368): CodeIgniter\CodeIgniter->handleRequest(null, Object(Config\Cache), false)
 8 FCPATH/index.php(67): CodeIgniter\CodeIgniter->run()
 9 SYSTEMPATH/Commands/Server/rewrite.php(47): require_once('FCPATH/index.php')
CRITICAL - 2023-04-22 16:41:52 --> "authFilter" filter must have a matching alias defined.
in SYSTEMPATH/Filters/Filters.php on line 340.
 1 SYSTEMPATH/Filters/Filters.php(340): CodeIgniter\Filters\Exceptions\FilterException::forNoAlias('authFilter')
 2 SYSTEMPATH/CodeIgniter.php(466): CodeIgniter\Filters\Filters->enableFilter('authFilter', 'before')
 3 SYSTEMPATH/CodeIgniter.php(368): CodeIgniter\CodeIgniter->handleRequest(null, Object(Config\Cache), false)
 4 FCPATH/index.php(67): CodeIgniter\CodeIgniter->run()
 5 SYSTEMPATH/Commands/Server/rewrite.php(47): require_once('FCPATH/index.php')
CRITICAL - 2023-04-22 16:42:15 --> "authFilter" filter must have a matching alias defined.
in SYSTEMPATH/Filters/Filters.php on line 340.
 1 SYSTEMPATH/Filters/Filters.php(340): CodeIgniter\Filters\Exceptions\FilterException::forNoAlias('authFilter')
 2 SYSTEMPATH/CodeIgniter.php(466): CodeIgniter\Filters\Filters->enableFilter('authFilter', 'before')
 3 SYSTEMPATH/CodeIgniter.php(368): CodeIgniter\CodeIgniter->handleRequest(null, Object(Config\Cache), false)
 4 FCPATH/index.php(67): CodeIgniter\CodeIgniter->run()
 5 SYSTEMPATH/Commands/Server/rewrite.php(47): require_once('FCPATH/index.php')
CRITICAL - 2023-04-22 16:43:20 --> "authFilter" filter must have a matching alias defined.
in SYSTEMPATH/Filters/Filters.php on line 340.
 1 SYSTEMPATH/Filters/Filters.php(340): CodeIgniter\Filters\Exceptions\FilterException::forNoAlias('authFilter')
 2 SYSTEMPATH/CodeIgniter.php(466): CodeIgniter\Filters\Filters->enableFilter('authFilter', 'before')
 3 SYSTEMPATH/CodeIgniter.php(368): CodeIgniter\CodeIgniter->handleRequest(null, Object(Config\Cache), false)
 4 FCPATH/index.php(67): CodeIgniter\CodeIgniter->run()
 5 SYSTEMPATH/Commands/Server/rewrite.php(47): require_once('FCPATH/index.php')
CRITICAL - 2023-04-22 16:43:30 --> "authFilter" filter must have a matching alias defined.
in SYSTEMPATH/Filters/Filters.php on line 340.
 1 SYSTEMPATH/Filters/Filters.php(340): CodeIgniter\Filters\Exceptions\FilterException::forNoAlias('authFilter')
 2 SYSTEMPATH/CodeIgniter.php(466): CodeIgniter\Filters\Filters->enableFilter('authFilter', 'before')
 3 SYSTEMPATH/CodeIgniter.php(368): CodeIgniter\CodeIgniter->handleRequest(null, Object(Config\Cache), false)
 4 FCPATH/index.php(67): CodeIgniter\CodeIgniter->run()
 5 SYSTEMPATH/Commands/Server/rewrite.php(47): require_once('FCPATH/index.php')
CRITICAL - 2023-04-22 16:43:32 --> "authFilter" filter must have a matching alias defined.
in SYSTEMPATH/Filters/Filters.php on line 340.
 1 SYSTEMPATH/Filters/Filters.php(340): CodeIgniter\Filters\Exceptions\FilterException::forNoAlias('authFilter')
 2 SYSTEMPATH/CodeIgniter.php(466): CodeIgniter\Filters\Filters->enableFilter('authFilter', 'before')
 3 SYSTEMPATH/CodeIgniter.php(368): CodeIgniter\CodeIgniter->handleRequest(null, Object(Config\Cache), false)
 4 FCPATH/index.php(67): CodeIgniter\CodeIgniter->run()
 5 SYSTEMPATH/Commands/Server/rewrite.php(47): require_once('FCPATH/index.php')
CRITICAL - 2023-04-22 16:45:23 --> Undefined array key "HTTP_AUTHORIZATION"
in APPPATH/Filters/AuthFilter.php on line 31.
 1 APPPATH/Filters/AuthFilter.php(31): CodeIgniter\Debug\Exceptions->errorHandler(2, 'Undefined array key "HTTP_AUTHORIZATION"', 'APPPATH/Filters/AuthFilter.php', 31)
 2 SYSTEMPATH/Filters/Filters.php(173): App\Filters\AuthFilter->before(Object(CodeIgniter\HTTP\IncomingRequest), null)
 3 SYSTEMPATH/CodeIgniter.php(473): CodeIgniter\Filters\Filters->run('api', 'before')
 4 SYSTEMPATH/CodeIgniter.php(368): CodeIgniter\CodeIgniter->handleRequest(null, Object(Config\Cache), false)
 5 FCPATH/index.php(67): CodeIgniter\CodeIgniter->run()
 6 SYSTEMPATH/Commands/Server/rewrite.php(47): require_once('FCPATH/index.php')
CRITICAL - 2023-04-22 16:45:33 --> Key material must be a string, resource, or OpenSSLAsymmetricKey
in VENDORPATH/firebase/php-jwt/src/Key.php on line 31.
 1 APPPATH/Filters/AuthFilter.php(53): Firebase\JWT\Key->__construct(false, 'HS256')
 2 SYSTEMPATH/Filters/Filters.php(173): App\Filters\AuthFilter->before(Object(CodeIgniter\HTTP\IncomingRequest), null)
 3 SYSTEMPATH/CodeIgniter.php(473): CodeIgniter\Filters\Filters->run('api', 'before')
 4 SYSTEMPATH/CodeIgniter.php(368): CodeIgniter\CodeIgniter->handleRequest(null, Object(Config\Cache), false)
 5 FCPATH/index.php(67): CodeIgniter\CodeIgniter->run()
 6 SYSTEMPATH/Commands/Server/rewrite.php(47): require_once('FCPATH/index.php')
CRITICAL - 2023-04-22 16:46:13 --> Key material must be a string, resource, or OpenSSLAsymmetricKey
in VENDORPATH/firebase/php-jwt/src/Key.php on line 31.
 1 APPPATH/Filters/AuthFilter.php(53): Firebase\JWT\Key->__construct(false, 'HS256')
 2 SYSTEMPATH/Filters/Filters.php(173): App\Filters\AuthFilter->before(Object(CodeIgniter\HTTP\IncomingRequest), null)
 3 SYSTEMPATH/CodeIgniter.php(473): CodeIgniter\Filters\Filters->run('api', 'before')
 4 SYSTEMPATH/CodeIgniter.php(368): CodeIgniter\CodeIgniter->handleRequest(null, Object(Config\Cache), false)
 5 FCPATH/index.php(67): CodeIgniter\CodeIgniter->run()
 6 SYSTEMPATH/Commands/Server/rewrite.php(47): require_once('FCPATH/index.php')
CRITICAL - 2023-04-22 16:48:18 --> Key material must be a string, resource, or OpenSSLAsymmetricKey
in VENDORPATH/firebase/php-jwt/src/Key.php on line 31.
 1 APPPATH/Filters/AuthFilter.php(53): Firebase\JWT\Key->__construct(false, 'HS256')
 2 SYSTEMPATH/Filters/Filters.php(173): App\Filters\AuthFilter->before(Object(CodeIgniter\HTTP\IncomingRequest), null)
 3 SYSTEMPATH/CodeIgniter.php(473): CodeIgniter\Filters\Filters->run('api', 'before')
 4 SYSTEMPATH/CodeIgniter.php(368): CodeIgniter\CodeIgniter->handleRequest(null, Object(Config\Cache), false)
 5 FCPATH/index.php(67): CodeIgniter\CodeIgniter->run()
 6 SYSTEMPATH/Commands/Server/rewrite.php(47): require_once('FCPATH/index.php')
CRITICAL - 2023-04-22 16:54:06 --> Key material must be a string, resource, or OpenSSLAsymmetricKey
in VENDORPATH/firebase/php-jwt/src/Key.php on line 31.
 1 APPPATH/Filters/AuthFilter.php(53): Firebase\JWT\Key->__construct(false, 'HS256')
 2 SYSTEMPATH/Filters/Filters.php(173): App\Filters\AuthFilter->before(Object(CodeIgniter\HTTP\IncomingRequest), null)
 3 SYSTEMPATH/CodeIgniter.php(473): CodeIgniter\Filters\Filters->run('api', 'before')
 4 SYSTEMPATH/CodeIgniter.php(368): CodeIgniter\CodeIgniter->handleRequest(null, Object(Config\Cache), false)
 5 FCPATH/index.php(67): CodeIgniter\CodeIgniter->run()
 6 SYSTEMPATH/Commands/Server/rewrite.php(47): require_once('FCPATH/index.php')
CRITICAL - 2023-04-22 16:54:20 --> Key material must be a string, resource, or OpenSSLAsymmetricKey
in VENDORPATH/firebase/php-jwt/src/Key.php on line 31.
 1 APPPATH/Filters/AuthFilter.php(53): Firebase\JWT\Key->__construct(false, 'HS256')
 2 SYSTEMPATH/Filters/Filters.php(173): App\Filters\AuthFilter->before(Object(CodeIgniter\HTTP\IncomingRequest), null)
 3 SYSTEMPATH/CodeIgniter.php(473): CodeIgniter\Filters\Filters->run('api', 'before')
 4 SYSTEMPATH/CodeIgniter.php(368): CodeIgniter\CodeIgniter->handleRequest(null, Object(Config\Cache), false)
 5 FCPATH/index.php(67): CodeIgniter\CodeIgniter->run()
 6 SYSTEMPATH/Commands/Server/rewrite.php(47): require_once('FCPATH/index.php')
CRITICAL - 2023-04-22 16:57:07 --> Key material must be a string, resource, or OpenSSLAsymmetricKey
in VENDORPATH/firebase/php-jwt/src/Key.php on line 31.
 1 APPPATH/Filters/AuthFilter.php(53): Firebase\JWT\Key->__construct(false, 'HS256')
 2 SYSTEMPATH/Filters/Filters.php(173): App\Filters\AuthFilter->before(Object(CodeIgniter\HTTP\IncomingRequest), null)
 3 SYSTEMPATH/CodeIgniter.php(473): CodeIgniter\Filters\Filters->run('api', 'before')
 4 SYSTEMPATH/CodeIgniter.php(368): CodeIgniter\CodeIgniter->handleRequest(null, Object(Config\Cache), false)
 5 FCPATH/index.php(67): CodeIgniter\CodeIgniter->run()
 6 SYSTEMPATH/Commands/Server/rewrite.php(47): require_once('FCPATH/index.php')
CRITICAL - 2023-04-22 16:57:10 --> Undefined array key "HTTP_AUTHORIZATION"
in APPPATH/Filters/AuthFilter.php on line 31.
 1 APPPATH/Filters/AuthFilter.php(31): CodeIgniter\Debug\Exceptions->errorHandler(2, 'Undefined array key "HTTP_AUTHORIZATION"', 'APPPATH/Filters/AuthFilter.php', 31)
 2 SYSTEMPATH/Filters/Filters.php(173): App\Filters\AuthFilter->before(Object(CodeIgniter\HTTP\IncomingRequest), null)
 3 SYSTEMPATH/CodeIgniter.php(473): CodeIgniter\Filters\Filters->run('api', 'before')
 4 SYSTEMPATH/CodeIgniter.php(368): CodeIgniter\CodeIgniter->handleRequest(null, Object(Config\Cache), false)
 5 FCPATH/index.php(67): CodeIgniter\CodeIgniter->run()
 6 SYSTEMPATH/Commands/Server/rewrite.php(47): require_once('FCPATH/index.php')
CRITICAL - 2023-04-22 16:57:12 --> Undefined array key "HTTP_AUTHORIZATION"
in APPPATH/Filters/AuthFilter.php on line 31.
 1 APPPATH/Filters/AuthFilter.php(31): CodeIgniter\Debug\Exceptions->errorHandler(2, 'Undefined array key "HTTP_AUTHORIZATION"', 'APPPATH/Filters/AuthFilter.php', 31)
 2 SYSTEMPATH/Filters/Filters.php(173): App\Filters\AuthFilter->before(Object(CodeIgniter\HTTP\IncomingRequest), null)
 3 SYSTEMPATH/CodeIgniter.php(473): CodeIgniter\Filters\Filters->run('api', 'before')
 4 SYSTEMPATH/CodeIgniter.php(368): CodeIgniter\CodeIgniter->handleRequest(null, Object(Config\Cache), false)
 5 FCPATH/index.php(67): CodeIgniter\CodeIgniter->run()
 6 SYSTEMPATH/Commands/Server/rewrite.php(47): require_once('FCPATH/index.php')
CRITICAL - 2023-04-22 16:57:35 --> Key material must be a string, resource, or OpenSSLAsymmetricKey
in VENDORPATH/firebase/php-jwt/src/Key.php on line 31.
 1 APPPATH/Filters/AuthFilter.php(53): Firebase\JWT\Key->__construct(false, 'HS256')
 2 SYSTEMPATH/Filters/Filters.php(173): App\Filters\AuthFilter->before(Object(CodeIgniter\HTTP\IncomingRequest), null)
 3 SYSTEMPATH/CodeIgniter.php(473): CodeIgniter\Filters\Filters->run('api', 'before')
 4 SYSTEMPATH/CodeIgniter.php(368): CodeIgniter\CodeIgniter->handleRequest(null, Object(Config\Cache), false)
 5 FCPATH/index.php(67): CodeIgniter\CodeIgniter->run()
 6 SYSTEMPATH/Commands/Server/rewrite.php(47): require_once('FCPATH/index.php')
CRITICAL - 2023-04-22 18:03:02 --> Class "App\Controllers\Auditoria" not found
in APPPATH/Controllers/Login.php on line 43.
 1 SYSTEMPATH/CodeIgniter.php(906): App\Controllers\Login->__construct()
 2 SYSTEMPATH/CodeIgniter.php(490): CodeIgniter\CodeIgniter->createController()
 3 SYSTEMPATH/CodeIgniter.php(368): CodeIgniter\CodeIgniter->handleRequest(null, Object(Config\Cache), false)
 4 FCPATH/index.php(67): CodeIgniter\CodeIgniter->run()
 5 SYSTEMPATH/Commands/Server/rewrite.php(47): require_once('FCPATH/index.php')
INFO - 2023-04-22 18:06:08 --> Session: Class initialized using 'CodeIgniter\Session\Handlers\FileHandler' driver.
INFO - 2023-04-22 18:06:36 --> Session: Class initialized using 'CodeIgniter\Session\Handlers\FileHandler' driver.
ERROR - 2023-04-22 18:06:36 --> Error connecting to the database: mysqli_sql_exception: No such file or directory in /Users/arseniomuanda/MyJobs/Joelson/gestao_alunos/system/Database/MySQLi/Connection.php:174
Stack trace:
#0 /Users/arseniomuanda/MyJobs/Joelson/gestao_alunos/system/Database/MySQLi/Connection.php(174): mysqli->real_connect('localhost', '', '', '', 3306, '', 0)
#1 /Users/arseniomuanda/MyJobs/Joelson/gestao_alunos/system/Database/BaseConnection.php(391): CodeIgniter\Database\MySQLi\Connection->connect(false)
#2 /Users/arseniomuanda/MyJobs/Joelson/gestao_alunos/system/Database/BaseConnection.php(573): CodeIgniter\Database\BaseConnection->initialize()
#3 /Users/arseniomuanda/MyJobs/Joelson/gestao_alunos/app/Controllers/Login.php(57): CodeIgniter\Database\BaseConnection->query('SELECT COUNT(*)...')
#4 /Users/arseniomuanda/MyJobs/Joelson/gestao_alunos/app/Controllers/Login.php(87): App\Controllers\Login->validar_login('')
#5 /Users/arseniomuanda/MyJobs/Joelson/gestao_alunos/system/CodeIgniter.php(934): App\Controllers\Login->login()
#6 /Users/arseniomuanda/MyJobs/Joelson/gestao_alunos/system/CodeIgniter.php(499): CodeIgniter\CodeIgniter->runController(Object(App\Controllers\Login))
#7 /Users/arseniomuanda/MyJobs/Joelson/gestao_alunos/system/CodeIgniter.php(368): CodeIgniter\CodeIgniter->handleRequest(NULL, Object(Config\Cache), false)
#8 /Users/arseniomuanda/MyJobs/Joelson/gestao_alunos/public/index.php(67): CodeIgniter\CodeIgniter->run()
#9 /Users/arseniomuanda/MyJobs/Joelson/gestao_alunos/system/Commands/Server/rewrite.php(47): require_once('/Users/arseniom...')
#10 {main}

Next CodeIgniter\Database\Exceptions\DatabaseException: No such file or directory in /Users/arseniomuanda/MyJobs/Joelson/gestao_alunos/system/Database/MySQLi/Connection.php:218
Stack trace:
#0 /Users/arseniomuanda/MyJobs/Joelson/gestao_alunos/system/Database/BaseConnection.php(391): CodeIgniter\Database\MySQLi\Connection->connect(false)
#1 /Users/arseniomuanda/MyJobs/Joelson/gestao_alunos/system/Database/BaseConnection.php(573): CodeIgniter\Database\BaseConnection->initialize()
#2 /Users/arseniomuanda/MyJobs/Joelson/gestao_alunos/app/Controllers/Login.php(57): CodeIgniter\Database\BaseConnection->query('SELECT COUNT(*)...')
#3 /Users/arseniomuanda/MyJobs/Joelson/gestao_alunos/app/Controllers/Login.php(87): App\Controllers\Login->validar_login('')
#4 /Users/arseniomuanda/MyJobs/Joelson/gestao_alunos/system/CodeIgniter.php(934): App\Controllers\Login->login()
#5 /Users/arseniomuanda/MyJobs/Joelson/gestao_alunos/system/CodeIgniter.php(499): CodeIgniter\CodeIgniter->runController(Object(App\Controllers\Login))
#6 /Users/arseniomuanda/MyJobs/Joelson/gestao_alunos/system/CodeIgniter.php(368): CodeIgniter\CodeIgniter->handleRequest(NULL, Object(Config\Cache), false)
#7 /Users/arseniomuanda/MyJobs/Joelson/gestao_alunos/public/index.php(67): CodeIgniter\CodeIgniter->run()
#8 /Users/arseniomuanda/MyJobs/Joelson/gestao_alunos/system/Commands/Server/rewrite.php(47): require_once('/Users/arseniom...')
#9 {main}
CRITICAL - 2023-04-22 18:06:36 --> Unable to connect to the database.
Main connection [MySQLi]: No such file or directory
in SYSTEMPATH/Database/BaseConnection.php on line 427.
 1 SYSTEMPATH/Database/BaseConnection.php(573): CodeIgniter\Database\BaseConnection->initialize()
 2 APPPATH/Controllers/Login.php(57): CodeIgniter\Database\BaseConnection->query('SELECT COUNT(*) AS total FROM utilizadores WHERE email = \'\'')
 3 APPPATH/Controllers/Login.php(87): App\Controllers\Login->validar_login('ROOTPATH/public')
 4 SYSTEMPATH/CodeIgniter.php(934): App\Controllers\Login->login()
 5 SYSTEMPATH/CodeIgniter.php(499): CodeIgniter\CodeIgniter->runController(Object(App\Controllers\Login))
 6 SYSTEMPATH/CodeIgniter.php(368): CodeIgniter\CodeIgniter->handleRequest(null, Object(Config\Cache), false)
 7 FCPATH/index.php(67): CodeIgniter\CodeIgniter->run()
 8 SYSTEMPATH/Commands/Server/rewrite.php(47): require_once('FCPATH/index.php')
INFO - 2023-04-22 18:08:54 --> Session: Class initialized using 'CodeIgniter\Session\Handlers\FileHandler' driver.
ERROR - 2023-04-22 18:08:54 --> Error connecting to the database: mysqli_sql_exception: Access denied for user 'root'@'localhost' (using password: NO) in /Users/arseniomuanda/MyJobs/Joelson/gestao_alunos/system/Database/MySQLi/Connection.php:174
Stack trace:
#0 /Users/arseniomuanda/MyJobs/Joelson/gestao_alunos/system/Database/MySQLi/Connection.php(174): mysqli->real_connect('localhost:8889', 'root', '', 'gestao_alunos', 3306, '', 0)
#1 /Users/arseniomuanda/MyJobs/Joelson/gestao_alunos/system/Database/BaseConnection.php(391): CodeIgniter\Database\MySQLi\Connection->connect(false)
#2 /Users/arseniomuanda/MyJobs/Joelson/gestao_alunos/system/Database/BaseConnection.php(573): CodeIgniter\Database\BaseConnection->initialize()
#3 /Users/arseniomuanda/MyJobs/Joelson/gestao_alunos/app/Controllers/Login.php(57): CodeIgniter\Database\BaseConnection->query('SELECT COUNT(*)...')
#4 /Users/arseniomuanda/MyJobs/Joelson/gestao_alunos/app/Controllers/Login.php(87): App\Controllers\Login->validar_login('')
#5 /Users/arseniomuanda/MyJobs/Joelson/gestao_alunos/system/CodeIgniter.php(934): App\Controllers\Login->login()
#6 /Users/arseniomuanda/MyJobs/Joelson/gestao_alunos/system/CodeIgniter.php(499): CodeIgniter\CodeIgniter->runController(Object(App\Controllers\Login))
#7 /Users/arseniomuanda/MyJobs/Joelson/gestao_alunos/system/CodeIgniter.php(368): CodeIgniter\CodeIgniter->handleRequest(NULL, Object(Config\Cache), false)
#8 /Users/arseniomuanda/MyJobs/Joelson/gestao_alunos/public/index.php(67): CodeIgniter\CodeIgniter->run()
#9 /Users/arseniomuanda/MyJobs/Joelson/gestao_alunos/system/Commands/Server/rewrite.php(47): require_once('/Users/arseniom...')
#10 {main}

Next CodeIgniter\Database\Exceptions\DatabaseException: Access denied for user '****'@'localhost' (using password: NO) in /Users/arseniomuanda/MyJobs/Joelson/gestao_alunos/system/Database/MySQLi/Connection.php:218
Stack trace:
#0 /Users/arseniomuanda/MyJobs/Joelson/gestao_alunos/system/Database/BaseConnection.php(391): CodeIgniter\Database\MySQLi\Connection->connect(false)
#1 /Users/arseniomuanda/MyJobs/Joelson/gestao_alunos/system/Database/BaseConnection.php(573): CodeIgniter\Database\BaseConnection->initialize()
#2 /Users/arseniomuanda/MyJobs/Joelson/gestao_alunos/app/Controllers/Login.php(57): CodeIgniter\Database\BaseConnection->query('SELECT COUNT(*)...')
#3 /Users/arseniomuanda/MyJobs/Joelson/gestao_alunos/app/Controllers/Login.php(87): App\Controllers\Login->validar_login('')
#4 /Users/arseniomuanda/MyJobs/Joelson/gestao_alunos/system/CodeIgniter.php(934): App\Controllers\Login->login()
#5 /Users/arseniomuanda/MyJobs/Joelson/gestao_alunos/system/CodeIgniter.php(499): CodeIgniter\CodeIgniter->runController(Object(App\Controllers\Login))
#6 /Users/arseniomuanda/MyJobs/Joelson/gestao_alunos/system/CodeIgniter.php(368): CodeIgniter\CodeIgniter->handleRequest(NULL, Object(Config\Cache), false)
#7 /Users/arseniomuanda/MyJobs/Joelson/gestao_alunos/public/index.php(67): CodeIgniter\CodeIgniter->run()
#8 /Users/arseniomuanda/MyJobs/Joelson/gestao_alunos/system/Commands/Server/rewrite.php(47): require_once('/Users/arseniom...')
#9 {main}
CRITICAL - 2023-04-22 18:08:54 --> Unable to connect to the database.
Main connection [MySQLi]: Access denied for user '****'@'localhost' (using password: NO)
in SYSTEMPATH/Database/BaseConnection.php on line 427.
 1 SYSTEMPATH/Database/BaseConnection.php(573): CodeIgniter\Database\BaseConnection->initialize()
 2 APPPATH/Controllers/Login.php(57): CodeIgniter\Database\BaseConnection->query('SELECT COUNT(*) AS total FROM utilizadores WHERE email = \'\'')
 3 APPPATH/Controllers/Login.php(87): App\Controllers\Login->validar_login('ROOTPATH/public')
 4 SYSTEMPATH/CodeIgniter.php(934): App\Controllers\Login->login()
 5 SYSTEMPATH/CodeIgniter.php(499): CodeIgniter\CodeIgniter->runController(Object(App\Controllers\Login))
 6 SYSTEMPATH/CodeIgniter.php(368): CodeIgniter\CodeIgniter->handleRequest(null, Object(Config\Cache), false)
 7 FCPATH/index.php(67): CodeIgniter\CodeIgniter->run()
 8 SYSTEMPATH/Commands/Server/rewrite.php(47): require_once('FCPATH/index.php')
INFO - 2023-04-22 18:09:02 --> Session: Class initialized using 'CodeIgniter\Session\Handlers\FileHandler' driver.
INFO - 2023-04-22 18:09:33 --> Session: Class initialized using 'CodeIgniter\Session\Handlers\FileHandler' driver.
CRITICAL - 2023-04-22 18:09:33 --> Undefined property: stdClass::$password
in APPPATH/Controllers/Login.php on line 89.
 1 APPPATH/Controllers/Login.php(89): CodeIgniter\Debug\Exceptions->errorHandler(2, 'Undefined property: stdClass::$password', 'APPPATH/Controllers/Login.php', 89)
 2 SYSTEMPATH/CodeIgniter.php(934): App\Controllers\Login->login()
 3 SYSTEMPATH/CodeIgniter.php(499): CodeIgniter\CodeIgniter->runController(Object(App\Controllers\Login))
 4 SYSTEMPATH/CodeIgniter.php(368): CodeIgniter\CodeIgniter->handleRequest(null, Object(Config\Cache), false)
 5 FCPATH/index.php(67): CodeIgniter\CodeIgniter->run()
 6 SYSTEMPATH/Commands/Server/rewrite.php(47): require_once('FCPATH/index.php')
INFO - 2023-04-22 18:11:19 --> Session: Class initialized using 'CodeIgniter\Session\Handlers\FileHandler' driver.
CRITICAL - 2023-04-22 18:11:19 --> Undefined property: stdClass::$password
in APPPATH/Controllers/Login.php on line 89.
 1 APPPATH/Controllers/Login.php(89): CodeIgniter\Debug\Exceptions->errorHandler(2, 'Undefined property: stdClass::$password', 'APPPATH/Controllers/Login.php', 89)
 2 SYSTEMPATH/CodeIgniter.php(934): App\Controllers\Login->login()
 3 SYSTEMPATH/CodeIgniter.php(499): CodeIgniter\CodeIgniter->runController(Object(App\Controllers\Login))
 4 SYSTEMPATH/CodeIgniter.php(368): CodeIgniter\CodeIgniter->handleRequest(null, Object(Config\Cache), false)
 5 FCPATH/index.php(67): CodeIgniter\CodeIgniter->run()
 6 SYSTEMPATH/Commands/Server/rewrite.php(47): require_once('FCPATH/index.php')
INFO - 2023-04-22 18:12:14 --> Session: Class initialized using 'CodeIgniter\Session\Handlers\FileHandler' driver.
INFO - 2023-04-22 18:12:28 --> Session: Class initialized using 'CodeIgniter\Session\Handlers\FileHandler' driver.
INFO - 2023-04-22 18:12:30 --> Session: Class initialized using 'CodeIgniter\Session\Handlers\FileHandler' driver.
INFO - 2023-04-22 18:12:32 --> Session: Class initialized using 'CodeIgniter\Session\Handlers\FileHandler' driver.
INFO - 2023-04-22 18:12:46 --> Session: Class initialized using 'CodeIgniter\Session\Handlers\FileHandler' driver.
INFO - 2023-04-22 18:12:50 --> Session: Class initialized using 'CodeIgniter\Session\Handlers\FileHandler' driver.
CRITICAL - 2023-04-22 18:12:50 --> Class "App\Controllers\JWT" not found
in APPPATH/Controllers/Login.php on line 126.
 1 SYSTEMPATH/CodeIgniter.php(934): App\Controllers\Login->login()
 2 SYSTEMPATH/CodeIgniter.php(499): CodeIgniter\CodeIgniter->runController(Object(App\Controllers\Login))
 3 SYSTEMPATH/CodeIgniter.php(368): CodeIgniter\CodeIgniter->handleRequest(null, Object(Config\Cache), false)
 4 FCPATH/index.php(67): CodeIgniter\CodeIgniter->run()
 5 SYSTEMPATH/Commands/Server/rewrite.php(47): require_once('FCPATH/index.php')
INFO - 2023-04-22 18:13:39 --> Session: Class initialized using 'CodeIgniter\Session\Handlers\FileHandler' driver.
CRITICAL - 2023-04-22 18:13:39 --> key must be a string when using hmac
in VENDORPATH/firebase/php-jwt/src/JWT.php on line 233.
 1 VENDORPATH/firebase/php-jwt/src/JWT.php(203): Firebase\JWT\JWT::sign('eyJ0eXAiOiJKV1QiLCJhbGciOiJIUzI1NiJ9.eyJpc3MiOiJUSEVfQ0xBSU4iLCJhdWQiOiJUSEVfQVVESUVOQ0UiLCJpYXQiOjE2ODIxODcyMTksIm5iZiI6MTY4MjE4NzIxOSwiZXhwIjoxNjgyMjc2MjE5LCJkYXRhIjp7ImFjZXNzbyI6MCwiZW1haWwiOiJhZG1pbkBhZG1pbi5jb20iLCJpZCI6IjEifX0', false, 'HS256')
 2 APPPATH/Controllers/Login.php(127): Firebase\JWT\JWT::encode([...], false, 'HS256')
 3 SYSTEMPATH/CodeIgniter.php(934): App\Controllers\Login->login()
 4 SYSTEMPATH/CodeIgniter.php(499): CodeIgniter\CodeIgniter->runController(Object(App\Controllers\Login))
 5 SYSTEMPATH/CodeIgniter.php(368): CodeIgniter\CodeIgniter->handleRequest(null, Object(Config\Cache), false)
 6 FCPATH/index.php(67): CodeIgniter\CodeIgniter->run()
 7 SYSTEMPATH/Commands/Server/rewrite.php(47): require_once('FCPATH/index.php')
INFO - 2023-04-22 18:16:43 --> Session: Class initialized using 'CodeIgniter\Session\Handlers\FileHandler' driver.
CRITICAL - 2023-04-22 18:16:43 --> Undefined property: stdClass::$username
in APPPATH/Controllers/Login.php on line 148.
 1 APPPATH/Controllers/Login.php(148): CodeIgniter\Debug\Exceptions->errorHandler(2, 'Undefined property: stdClass::$username', 'APPPATH/Controllers/Login.php', 148)
 2 SYSTEMPATH/CodeIgniter.php(934): App\Controllers\Login->login()
 3 SYSTEMPATH/CodeIgniter.php(499): CodeIgniter\CodeIgniter->runController(Object(App\Controllers\Login))
 4 SYSTEMPATH/CodeIgniter.php(368): CodeIgniter\CodeIgniter->handleRequest(null, Object(Config\Cache), false)
 5 FCPATH/index.php(67): CodeIgniter\CodeIgniter->run()
 6 SYSTEMPATH/Commands/Server/rewrite.php(47): require_once('FCPATH/index.php')
INFO - 2023-04-22 18:18:08 --> Session: Class initialized using 'CodeIgniter\Session\Handlers\FileHandler' driver.
INFO - 2023-04-22 18:22:13 --> Session: Class initialized using 'CodeIgniter\Session\Handlers\FileHandler' driver.
INFO - 2023-04-22 18:27:27 --> Session: Class initialized using 'CodeIgniter\Session\Handlers\FileHandler' driver.
CRITICAL - 2023-04-22 18:27:58 --> Cannot modify header information - headers already sent by (output started at /Users/arseniomuanda/MyJobs/Joelson/gestao_alunos/app/Config/Events.php:32)
in APPPATH/Controllers/Login.php on line 26.
 1 [internal function]: CodeIgniter\Debug\Exceptions->errorHandler(2, 'Cannot modify header information - headers already sent by (output started at /Users/arseniomuanda/MyJobs/Joelson/gestao_alunos/app/Config/Events.php:32)', 'APPPATH/Controllers/Login.php', 26)
 2 APPPATH/Controllers/Login.php(26): header('Access-Control-Allow-Origin: http://localhost:8080')
 3 SYSTEMPATH/CodeIgniter.php(906): App\Controllers\Login->__construct()
 4 SYSTEMPATH/CodeIgniter.php(490): CodeIgniter\CodeIgniter->createController()
 5 SYSTEMPATH/CodeIgniter.php(368): CodeIgniter\CodeIgniter->handleRequest(null, Object(Config\Cache), false)
 6 FCPATH/index.php(67): CodeIgniter\CodeIgniter->run()
 7 SYSTEMPATH/Commands/Server/rewrite.php(47): require_once('FCPATH/index.php')
CRITICAL - 2023-04-22 18:28:49 --> Cannot modify header information - headers already sent by (output started at /Users/arseniomuanda/MyJobs/Joelson/gestao_alunos/app/Config/Events.php:32)
in APPPATH/Controllers/Login.php on line 26.
 1 [internal function]: CodeIgniter\Debug\Exceptions->errorHandler(2, 'Cannot modify header information - headers already sent by (output started at /Users/arseniomuanda/MyJobs/Joelson/gestao_alunos/app/Config/Events.php:32)', 'APPPATH/Controllers/Login.php', 26)
 2 APPPATH/Controllers/Login.php(26): header('Access-Control-Allow-Origin: http://localhost:8080')
 3 SYSTEMPATH/CodeIgniter.php(906): App\Controllers\Login->__construct()
 4 SYSTEMPATH/CodeIgniter.php(490): CodeIgniter\CodeIgniter->createController()
 5 SYSTEMPATH/CodeIgniter.php(368): CodeIgniter\CodeIgniter->handleRequest(null, Object(Config\Cache), false)
 6 FCPATH/index.php(67): CodeIgniter\CodeIgniter->run()
 7 SYSTEMPATH/Commands/Server/rewrite.php(47): require_once('FCPATH/index.php')
CRITICAL - 2023-04-22 18:28:59 --> Cannot modify header information - headers already sent by (output started at /Users/arseniomuanda/MyJobs/Joelson/gestao_alunos/app/Config/Events.php:32)
in APPPATH/Controllers/Login.php on line 26.
 1 [internal function]: CodeIgniter\Debug\Exceptions->errorHandler(2, 'Cannot modify header information - headers already sent by (output started at /Users/arseniomuanda/MyJobs/Joelson/gestao_alunos/app/Config/Events.php:32)', 'APPPATH/Controllers/Login.php', 26)
 2 APPPATH/Controllers/Login.php(26): header('Access-Control-Allow-Origin: http://localhost:8080')
 3 SYSTEMPATH/CodeIgniter.php(906): App\Controllers\Login->__construct()
 4 SYSTEMPATH/CodeIgniter.php(490): CodeIgniter\CodeIgniter->createController()
 5 SYSTEMPATH/CodeIgniter.php(368): CodeIgniter\CodeIgniter->handleRequest(null, Object(Config\Cache), false)
 6 FCPATH/index.php(67): CodeIgniter\CodeIgniter->run()
 7 SYSTEMPATH/Commands/Server/rewrite.php(47): require_once('FCPATH/index.php')
INFO - 2023-04-22 18:29:16 --> Session: Class initialized using 'CodeIgniter\Session\Handlers\FileHandler' driver.
INFO - 2023-04-22 18:29:29 --> Session: Class initialized using 'CodeIgniter\Session\Handlers\FileHandler' driver.
CRITICAL - 2023-04-22 18:29:32 --> Cannot modify header information - headers already sent by (output started at /Users/arseniomuanda/MyJobs/Joelson/gestao_alunos/app/Config/Events.php:32)
in APPPATH/Controllers/Login.php on line 26.
 1 [internal function]: CodeIgniter\Debug\Exceptions->errorHandler(2, 'Cannot modify header information - headers already sent by (output started at /Users/arseniomuanda/MyJobs/Joelson/gestao_alunos/app/Config/Events.php:32)', 'APPPATH/Controllers/Login.php', 26)
 2 APPPATH/Controllers/Login.php(26): header('Access-Control-Allow-Origin: http://localhost:8080')
 3 SYSTEMPATH/CodeIgniter.php(906): App\Controllers\Login->__construct()
 4 SYSTEMPATH/CodeIgniter.php(490): CodeIgniter\CodeIgniter->createController()
 5 SYSTEMPATH/CodeIgniter.php(368): CodeIgniter\CodeIgniter->handleRequest(null, Object(Config\Cache), false)
 6 FCPATH/index.php(67): CodeIgniter\CodeIgniter->run()
 7 SYSTEMPATH/Commands/Server/rewrite.php(47): require_once('FCPATH/index.php')
CRITICAL - 2023-04-22 18:31:01 --> Cannot modify header information - headers already sent by (output started at /Users/arseniomuanda/MyJobs/Joelson/gestao_alunos/app/Config/Events.php:32)
in APPPATH/Controllers/Login.php on line 26.
 1 [internal function]: CodeIgniter\Debug\Exceptions->errorHandler(2, 'Cannot modify header information - headers already sent by (output started at /Users/arseniomuanda/MyJobs/Joelson/gestao_alunos/app/Config/Events.php:32)', 'APPPATH/Controllers/Login.php', 26)
 2 APPPATH/Controllers/Login.php(26): header('Access-Control-Allow-Origin: http://localhost:8080')
 3 SYSTEMPATH/CodeIgniter.php(906): App\Controllers\Login->__construct()
 4 SYSTEMPATH/CodeIgniter.php(490): CodeIgniter\CodeIgniter->createController()
 5 SYSTEMPATH/CodeIgniter.php(368): CodeIgniter\CodeIgniter->handleRequest(null, Object(Config\Cache), false)
 6 FCPATH/index.php(67): CodeIgniter\CodeIgniter->run()
 7 SYSTEMPATH/Commands/Server/rewrite.php(47): require_once('FCPATH/index.php')
CRITICAL - 2023-04-22 18:32:09 --> Cannot modify header information - headers already sent by (output started at /Users/arseniomuanda/MyJobs/Joelson/gestao_alunos/app/Config/Events.php:32)
in APPPATH/Controllers/Login.php on line 26.
 1 [internal function]: CodeIgniter\Debug\Exceptions->errorHandler(2, 'Cannot modify header information - headers already sent by (output started at /Users/arseniomuanda/MyJobs/Joelson/gestao_alunos/app/Config/Events.php:32)', 'APPPATH/Controllers/Login.php', 26)
 2 APPPATH/Controllers/Login.php(26): header('Access-Control-Allow-Origin: http://localhost:8080')
 3 SYSTEMPATH/CodeIgniter.php(906): App\Controllers\Login->__construct()
 4 SYSTEMPATH/CodeIgniter.php(490): CodeIgniter\CodeIgniter->createController()
 5 SYSTEMPATH/CodeIgniter.php(368): CodeIgniter\CodeIgniter->handleRequest(null, Object(Config\Cache), false)
 6 FCPATH/index.php(67): CodeIgniter\CodeIgniter->run()
 7 SYSTEMPATH/Commands/Server/rewrite.php(47): require_once('FCPATH/index.php')
CRITICAL - 2023-04-22 18:32:11 --> Cannot modify header information - headers already sent by (output started at /Users/arseniomuanda/MyJobs/Joelson/gestao_alunos/app/Config/Events.php:32)
in APPPATH/Controllers/Login.php on line 26.
 1 [internal function]: CodeIgniter\Debug\Exceptions->errorHandler(2, 'Cannot modify header information - headers already sent by (output started at /Users/arseniomuanda/MyJobs/Joelson/gestao_alunos/app/Config/Events.php:32)', 'APPPATH/Controllers/Login.php', 26)
 2 APPPATH/Controllers/Login.php(26): header('Access-Control-Allow-Origin: http://localhost:8080')
 3 SYSTEMPATH/CodeIgniter.php(906): App\Controllers\Login->__construct()
 4 SYSTEMPATH/CodeIgniter.php(490): CodeIgniter\CodeIgniter->createController()
 5 SYSTEMPATH/CodeIgniter.php(368): CodeIgniter\CodeIgniter->handleRequest(null, Object(Config\Cache), false)
 6 FCPATH/index.php(67): CodeIgniter\CodeIgniter->run()
 7 SYSTEMPATH/Commands/Server/rewrite.php(47): require_once('FCPATH/index.php')
INFO - 2023-04-22 18:32:13 --> Session: Class initialized using 'CodeIgniter\Session\Handlers\FileHandler' driver.
INFO - 2023-04-22 18:32:54 --> Session: Class initialized using 'CodeIgniter\Session\Handlers\FileHandler' driver.
INFO - 2023-04-22 18:33:18 --> Session: Class initialized using 'CodeIgniter\Session\Handlers\FileHandler' driver.
CRITICAL - 2023-04-22 18:33:19 --> Cannot modify header information - headers already sent by (output started at /Users/arseniomuanda/MyJobs/Joelson/gestao_alunos/app/Config/Events.php:32)
in APPPATH/Controllers/Login.php on line 26.
 1 [internal function]: CodeIgniter\Debug\Exceptions->errorHandler(2, 'Cannot modify header information - headers already sent by (output started at /Users/arseniomuanda/MyJobs/Joelson/gestao_alunos/app/Config/Events.php:32)', 'APPPATH/Controllers/Login.php', 26)
 2 APPPATH/Controllers/Login.php(26): header('Access-Control-Allow-Origin: http://localhost:8080')
 3 SYSTEMPATH/CodeIgniter.php(906): App\Controllers\Login->__construct()
 4 SYSTEMPATH/CodeIgniter.php(490): CodeIgniter\CodeIgniter->createController()
 5 SYSTEMPATH/CodeIgniter.php(368): CodeIgniter\CodeIgniter->handleRequest(null, Object(Config\Cache), false)
 6 FCPATH/index.php(67): CodeIgniter\CodeIgniter->run()
 7 SYSTEMPATH/Commands/Server/rewrite.php(47): require_once('FCPATH/index.php')
INFO - 2023-04-22 18:33:31 --> Session: Class initialized using 'CodeIgniter\Session\Handlers\FileHandler' driver.
INFO - 2023-04-22 18:33:33 --> Session: Class initialized using 'CodeIgniter\Session\Handlers\FileHandler' driver.
INFO - 2023-04-22 18:34:01 --> Session: Class initialized using 'CodeIgniter\Session\Handlers\FileHandler' driver.
INFO - 2023-04-22 18:34:13 --> Session: Class initialized using 'CodeIgniter\Session\Handlers\FileHandler' driver.
INFO - 2023-04-22 18:34:41 --> Session: Class initialized using 'CodeIgniter\Session\Handlers\FileHandler' driver.
INFO - 2023-04-22 18:35:14 --> Session: Class initialized using 'CodeIgniter\Session\Handlers\FileHandler' driver.
INFO - 2023-04-22 18:35:25 --> Session: Class initialized using 'CodeIgniter\Session\Handlers\FileHandler' driver.
INFO - 2023-04-22 18:35:34 --> Session: Class initialized using 'CodeIgniter\Session\Handlers\FileHandler' driver.
INFO - 2023-04-22 18:41:34 --> Session: Class initialized using 'CodeIgniter\Session\Handlers\FileHandler' driver.
INFO - 2023-04-22 18:41:53 --> Session: Class initialized using 'CodeIgniter\Session\Handlers\FileHandler' driver.
INFO - 2023-04-22 18:47:07 --> Session: Class initialized using 'CodeIgniter\Session\Handlers\FileHandler' driver.
INFO - 2023-04-22 18:47:23 --> Session: Class initialized using 'CodeIgniter\Session\Handlers\FileHandler' driver.
INFO - 2023-04-22 18:49:06 --> Session: Class initialized using 'CodeIgniter\Session\Handlers\FileHandler' driver.
INFO - 2023-04-22 18:49:26 --> Session: Class initialized using 'CodeIgniter\Session\Handlers\FileHandler' driver.
INFO - 2023-04-22 18:51:55 --> Session: Class initialized using 'CodeIgniter\Session\Handlers\FileHandler' driver.
INFO - 2023-04-22 18:52:55 --> Session: Class initialized using 'CodeIgniter\Session\Handlers\FileHandler' driver.
INFO - 2023-04-22 18:52:58 --> Session: Class initialized using 'CodeIgniter\Session\Handlers\FileHandler' driver.
INFO - 2023-04-22 18:53:22 --> Session: Class initialized using 'CodeIgniter\Session\Handlers\FileHandler' driver.
INFO - 2023-04-22 18:53:24 --> Session: Class initialized using 'CodeIgniter\Session\Handlers\FileHandler' driver.
INFO - 2023-04-22 18:53:50 --> Session: Class initialized using 'CodeIgniter\Session\Handlers\FileHandler' driver.
INFO - 2023-04-22 18:54:46 --> Session: Class initialized using 'CodeIgniter\Session\Handlers\FileHandler' driver.
INFO - 2023-04-22 18:54:49 --> Session: Class initialized using 'CodeIgniter\Session\Handlers\FileHandler' driver.
INFO - 2023-04-22 18:55:41 --> Session: Class initialized using 'CodeIgniter\Session\Handlers\FileHandler' driver.
INFO - 2023-04-22 18:57:00 --> Session: Class initialized using 'CodeIgniter\Session\Handlers\FileHandler' driver.
INFO - 2023-04-22 18:57:02 --> Session: Class initialized using 'CodeIgniter\Session\Handlers\FileHandler' driver.
INFO - 2023-04-22 19:12:13 --> Session: Class initialized using 'CodeIgniter\Session\Handlers\FileHandler' driver.
INFO - 2023-04-22 19:12:16 --> Session: Class initialized using 'CodeIgniter\Session\Handlers\FileHandler' driver.
INFO - 2023-04-22 19:13:30 --> Session: Class initialized using 'CodeIgniter\Session\Handlers\FileHandler' driver.
INFO - 2023-04-22 19:13:35 --> Session: Class initialized using 'CodeIgniter\Session\Handlers\FileHandler' driver.
INFO - 2023-04-22 19:13:42 --> Session: Class initialized using 'CodeIgniter\Session\Handlers\FileHandler' driver.
INFO - 2023-04-22 19:13:44 --> Session: Class initialized using 'CodeIgniter\Session\Handlers\FileHandler' driver.
INFO - 2023-04-22 19:14:39 --> Session: Class initialized using 'CodeIgniter\Session\Handlers\FileHandler' driver.
INFO - 2023-04-22 19:15:56 --> Session: Class initialized using 'CodeIgniter\Session\Handlers\FileHandler' driver.
INFO - 2023-04-22 19:15:58 --> Session: Class initialized using 'CodeIgniter\Session\Handlers\FileHandler' driver.
ERROR - 2023-04-22 20:08:11 --> mysqli_sql_exception: You have an error in your SQL syntax; check the manual that corresponds to your MySQL server version for the right syntax to use near '' at line 1 in /Users/arseniomuanda/MyJobs/Joelson/gestao_alunos/system/Database/MySQLi/Connection.php:295
Stack trace:
#0 /Users/arseniomuanda/MyJobs/Joelson/gestao_alunos/system/Database/MySQLi/Connection.php(295): mysqli->query('SELECT `funcion...', 0)
#1 /Users/arseniomuanda/MyJobs/Joelson/gestao_alunos/system/Database/BaseConnection.php(691): CodeIgniter\Database\MySQLi\Connection->execute('SELECT `funcion...')
#2 /Users/arseniomuanda/MyJobs/Joelson/gestao_alunos/system/Database/BaseConnection.php(605): CodeIgniter\Database\BaseConnection->simpleQuery('SELECT `funcion...')
#3 /Users/arseniomuanda/MyJobs/Joelson/gestao_alunos/app/Controllers/Funcionarios.php(44): CodeIgniter\Database\BaseConnection->query('SELECT `funcion...')
#4 /Users/arseniomuanda/MyJobs/Joelson/gestao_alunos/system/CodeIgniter.php(934): App\Controllers\Funcionarios->index()
#5 /Users/arseniomuanda/MyJobs/Joelson/gestao_alunos/system/CodeIgniter.php(499): CodeIgniter\CodeIgniter->runController(Object(App\Controllers\Funcionarios))
#6 /Users/arseniomuanda/MyJobs/Joelson/gestao_alunos/system/CodeIgniter.php(368): CodeIgniter\CodeIgniter->handleRequest(NULL, Object(Config\Cache), false)
#7 /Users/arseniomuanda/MyJobs/Joelson/gestao_alunos/public/index.php(67): CodeIgniter\CodeIgniter->run()
#8 /Users/arseniomuanda/MyJobs/Joelson/gestao_alunos/system/Commands/Server/rewrite.php(47): require_once('/Users/arseniom...')
#9 {main}
CRITICAL - 2023-04-22 20:08:11 --> You have an error in your SQL syntax; check the manual that corresponds to your MySQL server version for the right syntax to use near '' at line 1
in SYSTEMPATH/Database/BaseConnection.php on line 645.
 1 APPPATH/Controllers/Funcionarios.php(44): CodeIgniter\Database\BaseConnection->query('SELECT `funcionarios`.*, utilizadores.nome FROM `funcionarios` INNER JOIN `utilizadores` ON funcionarios.utilizador = utilizadores.id WHERE')
 2 SYSTEMPATH/CodeIgniter.php(934): App\Controllers\Funcionarios->index()
 3 SYSTEMPATH/CodeIgniter.php(499): CodeIgniter\CodeIgniter->runController(Object(App\Controllers\Funcionarios))
 4 SYSTEMPATH/CodeIgniter.php(368): CodeIgniter\CodeIgniter->handleRequest(null, Object(Config\Cache), false)
 5 FCPATH/index.php(67): CodeIgniter\CodeIgniter->run()
 6 SYSTEMPATH/Commands/Server/rewrite.php(47): require_once('FCPATH/index.php')
ERROR - 2023-04-22 20:08:12 --> mysqli_sql_exception: You have an error in your SQL syntax; check the manual that corresponds to your MySQL server version for the right syntax to use near '' at line 1 in /Users/arseniomuanda/MyJobs/Joelson/gestao_alunos/system/Database/MySQLi/Connection.php:295
Stack trace:
#0 /Users/arseniomuanda/MyJobs/Joelson/gestao_alunos/system/Database/MySQLi/Connection.php(295): mysqli->query('SELECT `funcion...', 0)
#1 /Users/arseniomuanda/MyJobs/Joelson/gestao_alunos/system/Database/BaseConnection.php(691): CodeIgniter\Database\MySQLi\Connection->execute('SELECT `funcion...')
#2 /Users/arseniomuanda/MyJobs/Joelson/gestao_alunos/system/Database/BaseConnection.php(605): CodeIgniter\Database\BaseConnection->simpleQuery('SELECT `funcion...')
#3 /Users/arseniomuanda/MyJobs/Joelson/gestao_alunos/app/Controllers/Funcionarios.php(44): CodeIgniter\Database\BaseConnection->query('SELECT `funcion...')
#4 /Users/arseniomuanda/MyJobs/Joelson/gestao_alunos/system/CodeIgniter.php(934): App\Controllers\Funcionarios->index()
#5 /Users/arseniomuanda/MyJobs/Joelson/gestao_alunos/system/CodeIgniter.php(499): CodeIgniter\CodeIgniter->runController(Object(App\Controllers\Funcionarios))
#6 /Users/arseniomuanda/MyJobs/Joelson/gestao_alunos/system/CodeIgniter.php(368): CodeIgniter\CodeIgniter->handleRequest(NULL, Object(Config\Cache), false)
#7 /Users/arseniomuanda/MyJobs/Joelson/gestao_alunos/public/index.php(67): CodeIgniter\CodeIgniter->run()
#8 /Users/arseniomuanda/MyJobs/Joelson/gestao_alunos/system/Commands/Server/rewrite.php(47): require_once('/Users/arseniom...')
#9 {main}
CRITICAL - 2023-04-22 20:08:12 --> You have an error in your SQL syntax; check the manual that corresponds to your MySQL server version for the right syntax to use near '' at line 1
in SYSTEMPATH/Database/BaseConnection.php on line 645.
 1 APPPATH/Controllers/Funcionarios.php(44): CodeIgniter\Database\BaseConnection->query('SELECT `funcionarios`.*, utilizadores.nome FROM `funcionarios` INNER JOIN `utilizadores` ON funcionarios.utilizador = utilizadores.id WHERE')
 2 SYSTEMPATH/CodeIgniter.php(934): App\Controllers\Funcionarios->index()
 3 SYSTEMPATH/CodeIgniter.php(499): CodeIgniter\CodeIgniter->runController(Object(App\Controllers\Funcionarios))
 4 SYSTEMPATH/CodeIgniter.php(368): CodeIgniter\CodeIgniter->handleRequest(null, Object(Config\Cache), false)
 5 FCPATH/index.php(67): CodeIgniter\CodeIgniter->run()
 6 SYSTEMPATH/Commands/Server/rewrite.php(47): require_once('FCPATH/index.php')
CRITICAL - 2023-04-22 20:37:02 --> Undefined array key "HTTP_AUTHORIZATION"
in APPPATH/Filters/AuthFilter.php on line 31.
 1 APPPATH/Filters/AuthFilter.php(31): CodeIgniter\Debug\Exceptions->errorHandler(2, 'Undefined array key "HTTP_AUTHORIZATION"', 'APPPATH/Filters/AuthFilter.php', 31)
 2 SYSTEMPATH/Filters/Filters.php(173): App\Filters\AuthFilter->before(Object(CodeIgniter\HTTP\IncomingRequest), null)
 3 SYSTEMPATH/CodeIgniter.php(473): CodeIgniter\Filters\Filters->run('api/funcionario/new', 'before')
 4 SYSTEMPATH/CodeIgniter.php(368): CodeIgniter\CodeIgniter->handleRequest(null, Object(Config\Cache), false)
 5 FCPATH/index.php(67): CodeIgniter\CodeIgniter->run()
 6 SYSTEMPATH/Commands/Server/rewrite.php(47): require_once('FCPATH/index.php')
INFO - 2023-04-22 20:38:30 --> Session: Class initialized using 'CodeIgniter\Session\Handlers\FileHandler' driver.
CRITICAL - 2023-04-22 20:46:14 --> There is no data to insert.
in SYSTEMPATH/BaseModel.php on line 762.
 1 SYSTEMPATH/BaseModel.php(762): CodeIgniter\Database\Exceptions\DataException::forEmptyDataset('insert')
 2 SYSTEMPATH/Model.php(730): CodeIgniter\BaseModel->insert([], false)
 3 SYSTEMPATH/BaseModel.php(692): CodeIgniter\Model->insert([...], false)
 4 APPPATH/Helpers/funcao_helper.php(26): CodeIgniter\BaseModel->save([...])
 5 APPPATH/Controllers/Funcionarios.php(88): cadastronormal(Object(App\Models\FuncionarioModel), [...], Object(CodeIgniter\Database\MySQLi\Connection), Object(App\Models\Auditoria))
 6 SYSTEMPATH/CodeIgniter.php(934): App\Controllers\Funcionarios->add()
 7 SYSTEMPATH/CodeIgniter.php(499): CodeIgniter\CodeIgniter->runController(Object(App\Controllers\Funcionarios))
 8 SYSTEMPATH/CodeIgniter.php(368): CodeIgniter\CodeIgniter->handleRequest(null, Object(Config\Cache), false)
 9 FCPATH/index.php(67): CodeIgniter\CodeIgniter->run()
10 SYSTEMPATH/Commands/Server/rewrite.php(47): require_once('FCPATH/index.php')
CRITICAL - 2023-04-22 20:46:20 --> There is no data to insert.
in SYSTEMPATH/BaseModel.php on line 762.
 1 SYSTEMPATH/BaseModel.php(762): CodeIgniter\Database\Exceptions\DataException::forEmptyDataset('insert')
 2 SYSTEMPATH/Model.php(730): CodeIgniter\BaseModel->insert([], false)
 3 SYSTEMPATH/BaseModel.php(692): CodeIgniter\Model->insert([...], false)
 4 APPPATH/Helpers/funcao_helper.php(26): CodeIgniter\BaseModel->save([...])
 5 APPPATH/Controllers/Funcionarios.php(88): cadastronormal(Object(App\Models\FuncionarioModel), [...], Object(CodeIgniter\Database\MySQLi\Connection), Object(App\Models\Auditoria))
 6 SYSTEMPATH/CodeIgniter.php(934): App\Controllers\Funcionarios->add()
 7 SYSTEMPATH/CodeIgniter.php(499): CodeIgniter\CodeIgniter->runController(Object(App\Controllers\Funcionarios))
 8 SYSTEMPATH/CodeIgniter.php(368): CodeIgniter\CodeIgniter->handleRequest(null, Object(Config\Cache), false)
 9 FCPATH/index.php(67): CodeIgniter\CodeIgniter->run()
10 SYSTEMPATH/Commands/Server/rewrite.php(47): require_once('FCPATH/index.php')
CRITICAL - 2023-04-22 20:46:50 --> There is no data to insert.
in SYSTEMPATH/BaseModel.php on line 762.
 1 SYSTEMPATH/BaseModel.php(762): CodeIgniter\Database\Exceptions\DataException::forEmptyDataset('insert')
 2 SYSTEMPATH/Model.php(730): CodeIgniter\BaseModel->insert([], false)
 3 SYSTEMPATH/BaseModel.php(692): CodeIgniter\Model->insert([...], false)
 4 APPPATH/Helpers/funcao_helper.php(26): CodeIgniter\BaseModel->save([...])
 5 APPPATH/Controllers/Funcionarios.php(88): cadastronormal(Object(App\Models\FuncionarioModel), [...], Object(CodeIgniter\Database\MySQLi\Connection), Object(App\Models\Auditoria))
 6 SYSTEMPATH/CodeIgniter.php(934): App\Controllers\Funcionarios->add()
 7 SYSTEMPATH/CodeIgniter.php(499): CodeIgniter\CodeIgniter->runController(Object(App\Controllers\Funcionarios))
 8 SYSTEMPATH/CodeIgniter.php(368): CodeIgniter\CodeIgniter->handleRequest(null, Object(Config\Cache), false)
 9 FCPATH/index.php(67): CodeIgniter\CodeIgniter->run()
10 SYSTEMPATH/Commands/Server/rewrite.php(47): require_once('FCPATH/index.php')
CRITICAL - 2023-04-22 20:48:28 --> There is no data to insert.
in SYSTEMPATH/BaseModel.php on line 762.
 1 SYSTEMPATH/BaseModel.php(762): CodeIgniter\Database\Exceptions\DataException::forEmptyDataset('insert')
 2 SYSTEMPATH/Model.php(730): CodeIgniter\BaseModel->insert([], false)
 3 SYSTEMPATH/BaseModel.php(692): CodeIgniter\Model->insert([...], false)
 4 APPPATH/Helpers/funcao_helper.php(26): CodeIgniter\BaseModel->save([...])
 5 APPPATH/Controllers/Funcionarios.php(88): cadastronormal(Object(App\Models\FuncionarioModel), [...], Object(CodeIgniter\Database\MySQLi\Connection), Object(App\Models\Auditoria))
 6 SYSTEMPATH/CodeIgniter.php(934): App\Controllers\Funcionarios->add()
 7 SYSTEMPATH/CodeIgniter.php(499): CodeIgniter\CodeIgniter->runController(Object(App\Controllers\Funcionarios))
 8 SYSTEMPATH/CodeIgniter.php(368): CodeIgniter\CodeIgniter->handleRequest(null, Object(Config\Cache), false)
 9 FCPATH/index.php(67): CodeIgniter\CodeIgniter->run()
10 SYSTEMPATH/Commands/Server/rewrite.php(47): require_once('FCPATH/index.php')
CRITICAL - 2023-04-22 20:49:19 --> There is no data to insert.
in SYSTEMPATH/BaseModel.php on line 762.
 1 SYSTEMPATH/BaseModel.php(762): CodeIgniter\Database\Exceptions\DataException::forEmptyDataset('insert')
 2 SYSTEMPATH/Model.php(730): CodeIgniter\BaseModel->insert([], false)
 3 SYSTEMPATH/BaseModel.php(692): CodeIgniter\Model->insert([...], false)
 4 APPPATH/Helpers/funcao_helper.php(26): CodeIgniter\BaseModel->save([...])
 5 APPPATH/Controllers/Funcionarios.php(88): cadastronormal(Object(App\Models\FuncionarioModel), [...], Object(CodeIgniter\Database\MySQLi\Connection), Object(App\Models\Auditoria))
 6 SYSTEMPATH/CodeIgniter.php(934): App\Controllers\Funcionarios->add()
 7 SYSTEMPATH/CodeIgniter.php(499): CodeIgniter\CodeIgniter->runController(Object(App\Controllers\Funcionarios))
 8 SYSTEMPATH/CodeIgniter.php(368): CodeIgniter\CodeIgniter->handleRequest(null, Object(Config\Cache), false)
 9 FCPATH/index.php(67): CodeIgniter\CodeIgniter->run()
10 SYSTEMPATH/Commands/Server/rewrite.php(47): require_once('FCPATH/index.php')
CRITICAL - 2023-04-22 20:50:20 --> There is no data to insert.
in SYSTEMPATH/BaseModel.php on line 762.
 1 SYSTEMPATH/BaseModel.php(762): CodeIgniter\Database\Exceptions\DataException::forEmptyDataset('insert')
 2 SYSTEMPATH/Model.php(730): CodeIgniter\BaseModel->insert([], false)
 3 SYSTEMPATH/BaseModel.php(692): CodeIgniter\Model->insert([...], false)
 4 APPPATH/Helpers/funcao_helper.php(26): CodeIgniter\BaseModel->save([...])
 5 APPPATH/Controllers/Funcionarios.php(88): cadastronormal(Object(App\Models\FuncionarioModel), [...], Object(CodeIgniter\Database\MySQLi\Connection), Object(App\Models\Auditoria))
 6 SYSTEMPATH/CodeIgniter.php(934): App\Controllers\Funcionarios->add()
 7 SYSTEMPATH/CodeIgniter.php(499): CodeIgniter\CodeIgniter->runController(Object(App\Controllers\Funcionarios))
 8 SYSTEMPATH/CodeIgniter.php(368): CodeIgniter\CodeIgniter->handleRequest(null, Object(Config\Cache), false)
 9 FCPATH/index.php(67): CodeIgniter\CodeIgniter->run()
10 SYSTEMPATH/Commands/Server/rewrite.php(47): require_once('FCPATH/index.php')
ERROR - 2023-04-22 20:51:23 --> mysqli_sql_exception: Column 'ultimoAcesso' cannot be null in /Users/arseniomuanda/MyJobs/Joelson/gestao_alunos/system/Database/MySQLi/Connection.php:295
Stack trace:
#0 /Users/arseniomuanda/MyJobs/Joelson/gestao_alunos/system/Database/MySQLi/Connection.php(295): mysqli->query('INSERT INTO `ut...', 0)
#1 /Users/arseniomuanda/MyJobs/Joelson/gestao_alunos/system/Database/BaseConnection.php(691): CodeIgniter\Database\MySQLi\Connection->execute('INSERT INTO `ut...')
#2 /Users/arseniomuanda/MyJobs/Joelson/gestao_alunos/system/Database/BaseConnection.php(605): CodeIgniter\Database\BaseConnection->simpleQuery('INSERT INTO `ut...')
#3 /Users/arseniomuanda/MyJobs/Joelson/gestao_alunos/system/Database/BaseBuilder.php(2309): CodeIgniter\Database\BaseConnection->query('INSERT INTO `ut...', Array, false)
#4 /Users/arseniomuanda/MyJobs/Joelson/gestao_alunos/system/Model.php(330): CodeIgniter\Database\BaseBuilder->insert()
#5 /Users/arseniomuanda/MyJobs/Joelson/gestao_alunos/system/BaseModel.php(782): CodeIgniter\Model->doInsert(Array)
#6 /Users/arseniomuanda/MyJobs/Joelson/gestao_alunos/system/Model.php(730): CodeIgniter\BaseModel->insert(Array, false)
#7 /Users/arseniomuanda/MyJobs/Joelson/gestao_alunos/system/BaseModel.php(692): CodeIgniter\Model->insert(Array, false)
#8 /Users/arseniomuanda/MyJobs/Joelson/gestao_alunos/app/Helpers/funcao_helper.php(26): CodeIgniter\BaseModel->save(Array)
#9 /Users/arseniomuanda/MyJobs/Joelson/gestao_alunos/app/Controllers/Funcionarios.php(88): cadastronormal(Object(App\Models\UtilizadoreModel), Array, Object(CodeIgniter\Database\MySQLi\Connection), Object(App\Models\Auditoria))
#10 /Users/arseniomuanda/MyJobs/Joelson/gestao_alunos/system/CodeIgniter.php(934): App\Controllers\Funcionarios->add()
#11 /Users/arseniomuanda/MyJobs/Joelson/gestao_alunos/system/CodeIgniter.php(499): CodeIgniter\CodeIgniter->runController(Object(App\Controllers\Funcionarios))
#12 /Users/arseniomuanda/MyJobs/Joelson/gestao_alunos/system/CodeIgniter.php(368): CodeIgniter\CodeIgniter->handleRequest(NULL, Object(Config\Cache), false)
#13 /Users/arseniomuanda/MyJobs/Joelson/gestao_alunos/public/index.php(67): CodeIgniter\CodeIgniter->run()
#14 /Users/arseniomuanda/MyJobs/Joelson/gestao_alunos/system/Commands/Server/rewrite.php(47): require_once('/Users/arseniom...')
#15 {main}
CRITICAL - 2023-04-22 20:51:23 --> Column 'ultimoAcesso' cannot be null
in SYSTEMPATH/Database/BaseConnection.php on line 645.
 1 SYSTEMPATH/Database/BaseBuilder.php(2309): CodeIgniter\Database\BaseConnection->query('INSERT INTO `utilizadores` (`password`, `email`, `bairro`, `rua`, `municipio`, `api_token`, `ultimoAcesso`, `n_casa`, `telefone`, `bi`, `sexo`, `nome`) VALUES (:password:, :email:, :bairro:, :rua:, :municipio:, :api_token:, :ultimoAcesso:, :n_casa:, :telefone:, :bi:, :sexo:, :nome:)', [...], false)
 2 SYSTEMPATH/Model.php(330): CodeIgniter\Database\BaseBuilder->insert()
 3 SYSTEMPATH/BaseModel.php(782): CodeIgniter\Model->doInsert([...])
 4 SYSTEMPATH/Model.php(730): CodeIgniter\BaseModel->insert([...], false)
 5 SYSTEMPATH/BaseModel.php(692): CodeIgniter\Model->insert([...], false)
 6 APPPATH/Helpers/funcao_helper.php(26): CodeIgniter\BaseModel->save([...])
 7 APPPATH/Controllers/Funcionarios.php(88): cadastronormal(Object(App\Models\UtilizadoreModel), [...], Object(CodeIgniter\Database\MySQLi\Connection), Object(App\Models\Auditoria))
 8 SYSTEMPATH/CodeIgniter.php(934): App\Controllers\Funcionarios->add()
 9 SYSTEMPATH/CodeIgniter.php(499): CodeIgniter\CodeIgniter->runController(Object(App\Controllers\Funcionarios))
10 SYSTEMPATH/CodeIgniter.php(368): CodeIgniter\CodeIgniter->handleRequest(null, Object(Config\Cache), false)
11 FCPATH/index.php(67): CodeIgniter\CodeIgniter->run()
12 SYSTEMPATH/Commands/Server/rewrite.php(47): require_once('FCPATH/index.php')
ERROR - 2023-04-22 20:51:53 --> mysqli_sql_exception: Cannot add or update a child row: a foreign key constraint fails (`gestao_alunos`.`funcionarios`, CONSTRAINT `FK_funcionarios_2` FOREIGN KEY (`categoria`) REFERENCES `categorias` (`id`) ON DELETE CASCADE) in /Users/arseniomuanda/MyJobs/Joelson/gestao_alunos/system/Database/MySQLi/Connection.php:295
Stack trace:
#0 /Users/arseniomuanda/MyJobs/Joelson/gestao_alunos/system/Database/MySQLi/Connection.php(295): mysqli->query('INSERT INTO `fu...', 0)
#1 /Users/arseniomuanda/MyJobs/Joelson/gestao_alunos/system/Database/BaseConnection.php(691): CodeIgniter\Database\MySQLi\Connection->execute('INSERT INTO `fu...')
#2 /Users/arseniomuanda/MyJobs/Joelson/gestao_alunos/system/Database/BaseConnection.php(605): CodeIgniter\Database\BaseConnection->simpleQuery('INSERT INTO `fu...')
#3 /Users/arseniomuanda/MyJobs/Joelson/gestao_alunos/system/Database/BaseBuilder.php(2309): CodeIgniter\Database\BaseConnection->query('INSERT INTO `fu...', Array, false)
#4 /Users/arseniomuanda/MyJobs/Joelson/gestao_alunos/system/Model.php(330): CodeIgniter\Database\BaseBuilder->insert()
#5 /Users/arseniomuanda/MyJobs/Joelson/gestao_alunos/system/BaseModel.php(782): CodeIgniter\Model->doInsert(Array)
#6 /Users/arseniomuanda/MyJobs/Joelson/gestao_alunos/system/Model.php(730): CodeIgniter\BaseModel->insert(Array, false)
#7 /Users/arseniomuanda/MyJobs/Joelson/gestao_alunos/system/BaseModel.php(692): CodeIgniter\Model->insert(Array, false)
#8 /Users/arseniomuanda/MyJobs/Joelson/gestao_alunos/app/Helpers/funcao_helper.php(26): CodeIgniter\BaseModel->save(Array)
#9 /Users/arseniomuanda/MyJobs/Joelson/gestao_alunos/app/Controllers/Funcionarios.php(103): cadastronormal(Object(App\Models\FuncionarioModel), Array, Object(CodeIgniter\Database\MySQLi\Connection), Object(App\Models\Auditoria))
#10 /Users/arseniomuanda/MyJobs/Joelson/gestao_alunos/system/CodeIgniter.php(934): App\Controllers\Funcionarios->add()
#11 /Users/arseniomuanda/MyJobs/Joelson/gestao_alunos/system/CodeIgniter.php(499): CodeIgniter\CodeIgniter->runController(Object(App\Controllers\Funcionarios))
#12 /Users/arseniomuanda/MyJobs/Joelson/gestao_alunos/system/CodeIgniter.php(368): CodeIgniter\CodeIgniter->handleRequest(NULL, Object(Config\Cache), false)
#13 /Users/arseniomuanda/MyJobs/Joelson/gestao_alunos/public/index.php(67): CodeIgniter\CodeIgniter->run()
#14 /Users/arseniomuanda/MyJobs/Joelson/gestao_alunos/system/Commands/Server/rewrite.php(47): require_once('/Users/arseniom...')
#15 {main}
CRITICAL - 2023-04-22 20:51:53 --> Cannot add or update a child row: a foreign key constraint fails (`gestao_alunos`.`funcionarios`, CONSTRAINT `FK_funcionarios_2` FOREIGN KEY (`categoria`) REFERENCES `categorias` (`id`) ON DELETE CASCADE)
in SYSTEMPATH/Database/BaseConnection.php on line 645.
 1 SYSTEMPATH/Database/BaseBuilder.php(2309): CodeIgniter\Database\BaseConnection->query('INSERT INTO `funcionarios` (`numero`, `categoria`, `utilizador`) VALUES (:numero:, :categoria:, :utilizador:)', [...], false)
 2 SYSTEMPATH/Model.php(330): CodeIgniter\Database\BaseBuilder->insert()
 3 SYSTEMPATH/BaseModel.php(782): CodeIgniter\Model->doInsert([...])
 4 SYSTEMPATH/Model.php(730): CodeIgniter\BaseModel->insert([...], false)
 5 SYSTEMPATH/BaseModel.php(692): CodeIgniter\Model->insert([...], false)
 6 APPPATH/Helpers/funcao_helper.php(26): CodeIgniter\BaseModel->save([...])
 7 APPPATH/Controllers/Funcionarios.php(103): cadastronormal(Object(App\Models\FuncionarioModel), [...], Object(CodeIgniter\Database\MySQLi\Connection), Object(App\Models\Auditoria))
 8 SYSTEMPATH/CodeIgniter.php(934): App\Controllers\Funcionarios->add()
 9 SYSTEMPATH/CodeIgniter.php(499): CodeIgniter\CodeIgniter->runController(Object(App\Controllers\Funcionarios))
10 SYSTEMPATH/CodeIgniter.php(368): CodeIgniter\CodeIgniter->handleRequest(null, Object(Config\Cache), false)
11 FCPATH/index.php(67): CodeIgniter\CodeIgniter->run()
12 SYSTEMPATH/Commands/Server/rewrite.php(47): require_once('FCPATH/index.php')
ERROR - 2023-04-22 20:53:13 --> mysqli_sql_exception: Duplicate entry 'fu1@g.com' for key 'email' in /Users/arseniomuanda/MyJobs/Joelson/gestao_alunos/system/Database/MySQLi/Connection.php:295
Stack trace:
#0 /Users/arseniomuanda/MyJobs/Joelson/gestao_alunos/system/Database/MySQLi/Connection.php(295): mysqli->query('INSERT INTO `ut...', 0)
#1 /Users/arseniomuanda/MyJobs/Joelson/gestao_alunos/system/Database/BaseConnection.php(691): CodeIgniter\Database\MySQLi\Connection->execute('INSERT INTO `ut...')
#2 /Users/arseniomuanda/MyJobs/Joelson/gestao_alunos/system/Database/BaseConnection.php(605): CodeIgniter\Database\BaseConnection->simpleQuery('INSERT INTO `ut...')
#3 /Users/arseniomuanda/MyJobs/Joelson/gestao_alunos/system/Database/BaseBuilder.php(2309): CodeIgniter\Database\BaseConnection->query('INSERT INTO `ut...', Array, false)
#4 /Users/arseniomuanda/MyJobs/Joelson/gestao_alunos/system/Model.php(330): CodeIgniter\Database\BaseBuilder->insert()
#5 /Users/arseniomuanda/MyJobs/Joelson/gestao_alunos/system/BaseModel.php(782): CodeIgniter\Model->doInsert(Array)
#6 /Users/arseniomuanda/MyJobs/Joelson/gestao_alunos/system/Model.php(730): CodeIgniter\BaseModel->insert(Array, false)
#7 /Users/arseniomuanda/MyJobs/Joelson/gestao_alunos/system/BaseModel.php(692): CodeIgniter\Model->insert(Array, false)
#8 /Users/arseniomuanda/MyJobs/Joelson/gestao_alunos/app/Helpers/funcao_helper.php(26): CodeIgniter\BaseModel->save(Array)
#9 /Users/arseniomuanda/MyJobs/Joelson/gestao_alunos/app/Controllers/Funcionarios.php(88): cadastronormal(Object(App\Models\UtilizadoreModel), Array, Object(CodeIgniter\Database\MySQLi\Connection), Object(App\Models\Auditoria))
#10 /Users/arseniomuanda/MyJobs/Joelson/gestao_alunos/system/CodeIgniter.php(934): App\Controllers\Funcionarios->add()
#11 /Users/arseniomuanda/MyJobs/Joelson/gestao_alunos/system/CodeIgniter.php(499): CodeIgniter\CodeIgniter->runController(Object(App\Controllers\Funcionarios))
#12 /Users/arseniomuanda/MyJobs/Joelson/gestao_alunos/system/CodeIgniter.php(368): CodeIgniter\CodeIgniter->handleRequest(NULL, Object(Config\Cache), false)
#13 /Users/arseniomuanda/MyJobs/Joelson/gestao_alunos/public/index.php(67): CodeIgniter\CodeIgniter->run()
#14 /Users/arseniomuanda/MyJobs/Joelson/gestao_alunos/system/Commands/Server/rewrite.php(47): require_once('/Users/arseniom...')
#15 {main}
CRITICAL - 2023-04-22 20:53:13 --> Duplicate entry 'fu1@g.com' for key 'email'
in SYSTEMPATH/Database/BaseConnection.php on line 645.
 1 SYSTEMPATH/Database/BaseBuilder.php(2309): CodeIgniter\Database\BaseConnection->query('INSERT INTO `utilizadores` (`password`, `email`, `bairro`, `rua`, `municipio`, `api_token`, `ultimoAcesso`, `n_casa`, `telefone`, `bi`, `sexo`, `nome`) VALUES (:password:, :email:, :bairro:, :rua:, :municipio:, :api_token:, :ultimoAcesso:, :n_casa:, :telefone:, :bi:, :sexo:, :nome:)', [...], false)
 2 SYSTEMPATH/Model.php(330): CodeIgniter\Database\BaseBuilder->insert()
 3 SYSTEMPATH/BaseModel.php(782): CodeIgniter\Model->doInsert([...])
 4 SYSTEMPATH/Model.php(730): CodeIgniter\BaseModel->insert([...], false)
 5 SYSTEMPATH/BaseModel.php(692): CodeIgniter\Model->insert([...], false)
 6 APPPATH/Helpers/funcao_helper.php(26): CodeIgniter\BaseModel->save([...])
 7 APPPATH/Controllers/Funcionarios.php(88): cadastronormal(Object(App\Models\UtilizadoreModel), [...], Object(CodeIgniter\Database\MySQLi\Connection), Object(App\Models\Auditoria))
 8 SYSTEMPATH/CodeIgniter.php(934): App\Controllers\Funcionarios->add()
 9 SYSTEMPATH/CodeIgniter.php(499): CodeIgniter\CodeIgniter->runController(Object(App\Controllers\Funcionarios))
10 SYSTEMPATH/CodeIgniter.php(368): CodeIgniter\CodeIgniter->handleRequest(null, Object(Config\Cache), false)
11 FCPATH/index.php(67): CodeIgniter\CodeIgniter->run()
12 SYSTEMPATH/Commands/Server/rewrite.php(47): require_once('FCPATH/index.php')
ERROR - 2023-04-22 21:01:09 --> mysqli_sql_exception: Duplicate entry 'fu1@g.com' for key 'email' in /Users/arseniomuanda/MyJobs/Joelson/gestao_alunos/system/Database/MySQLi/Connection.php:295
Stack trace:
#0 /Users/arseniomuanda/MyJobs/Joelson/gestao_alunos/system/Database/MySQLi/Connection.php(295): mysqli->query('INSERT INTO `ut...', 0)
#1 /Users/arseniomuanda/MyJobs/Joelson/gestao_alunos/system/Database/BaseConnection.php(691): CodeIgniter\Database\MySQLi\Connection->execute('INSERT INTO `ut...')
#2 /Users/arseniomuanda/MyJobs/Joelson/gestao_alunos/system/Database/BaseConnection.php(605): CodeIgniter\Database\BaseConnection->simpleQuery('INSERT INTO `ut...')
#3 /Users/arseniomuanda/MyJobs/Joelson/gestao_alunos/system/Database/BaseBuilder.php(2309): CodeIgniter\Database\BaseConnection->query('INSERT INTO `ut...', Array, false)
#4 /Users/arseniomuanda/MyJobs/Joelson/gestao_alunos/system/Model.php(330): CodeIgniter\Database\BaseBuilder->insert()
#5 /Users/arseniomuanda/MyJobs/Joelson/gestao_alunos/system/BaseModel.php(782): CodeIgniter\Model->doInsert(Array)
#6 /Users/arseniomuanda/MyJobs/Joelson/gestao_alunos/system/Model.php(730): CodeIgniter\BaseModel->insert(Array, false)
#7 /Users/arseniomuanda/MyJobs/Joelson/gestao_alunos/system/BaseModel.php(692): CodeIgniter\Model->insert(Array, false)
#8 /Users/arseniomuanda/MyJobs/Joelson/gestao_alunos/app/Helpers/funcao_helper.php(26): CodeIgniter\BaseModel->save(Array)
#9 /Users/arseniomuanda/MyJobs/Joelson/gestao_alunos/app/Controllers/Funcionarios.php(88): cadastronormal(Object(App\Models\UtilizadoreModel), Array, Object(CodeIgniter\Database\MySQLi\Connection), Object(App\Models\Auditoria))
#10 /Users/arseniomuanda/MyJobs/Joelson/gestao_alunos/system/CodeIgniter.php(934): App\Controllers\Funcionarios->add()
#11 /Users/arseniomuanda/MyJobs/Joelson/gestao_alunos/system/CodeIgniter.php(499): CodeIgniter\CodeIgniter->runController(Object(App\Controllers\Funcionarios))
#12 /Users/arseniomuanda/MyJobs/Joelson/gestao_alunos/system/CodeIgniter.php(368): CodeIgniter\CodeIgniter->handleRequest(NULL, Object(Config\Cache), false)
#13 /Users/arseniomuanda/MyJobs/Joelson/gestao_alunos/public/index.php(67): CodeIgniter\CodeIgniter->run()
#14 /Users/arseniomuanda/MyJobs/Joelson/gestao_alunos/system/Commands/Server/rewrite.php(47): require_once('/Users/arseniom...')
#15 {main}
CRITICAL - 2023-04-22 21:01:09 --> Duplicate entry 'fu1@g.com' for key 'email'
in SYSTEMPATH/Database/BaseConnection.php on line 645.
 1 SYSTEMPATH/Database/BaseBuilder.php(2309): CodeIgniter\Database\BaseConnection->query('INSERT INTO `utilizadores` (`password`, `email`, `bairro`, `rua`, `municipio`, `api_token`, `ultimoAcesso`, `n_casa`, `telefone`, `bi`, `sexo`, `nome`) VALUES (:password:, :email:, :bairro:, :rua:, :municipio:, :api_token:, :ultimoAcesso:, :n_casa:, :telefone:, :bi:, :sexo:, :nome:)', [...], false)
 2 SYSTEMPATH/Model.php(330): CodeIgniter\Database\BaseBuilder->insert()
 3 SYSTEMPATH/BaseModel.php(782): CodeIgniter\Model->doInsert([...])
 4 SYSTEMPATH/Model.php(730): CodeIgniter\BaseModel->insert([...], false)
 5 SYSTEMPATH/BaseModel.php(692): CodeIgniter\Model->insert([...], false)
 6 APPPATH/Helpers/funcao_helper.php(26): CodeIgniter\BaseModel->save([...])
 7 APPPATH/Controllers/Funcionarios.php(88): cadastronormal(Object(App\Models\UtilizadoreModel), [...], Object(CodeIgniter\Database\MySQLi\Connection), Object(App\Models\Auditoria))
 8 SYSTEMPATH/CodeIgniter.php(934): App\Controllers\Funcionarios->add()
 9 SYSTEMPATH/CodeIgniter.php(499): CodeIgniter\CodeIgniter->runController(Object(App\Controllers\Funcionarios))
10 SYSTEMPATH/CodeIgniter.php(368): CodeIgniter\CodeIgniter->handleRequest(null, Object(Config\Cache), false)
11 FCPATH/index.php(67): CodeIgniter\CodeIgniter->run()
12 SYSTEMPATH/Commands/Server/rewrite.php(47): require_once('FCPATH/index.php')
CRITICAL - 2023-04-22 21:03:07 --> Cannot use object of type stdClass as array
in APPPATH/Views/rh/lista.php on line 46.
 1 SYSTEMPATH/View/View.php(213): include()
 2 SYSTEMPATH/View/View.php(216): CodeIgniter\View\View->CodeIgniter\View\{closure}()
 3 SYSTEMPATH/Common.php(1184): CodeIgniter\View\View->render('rh/lista', [], true)
 4 APPPATH/Controllers/Funcionarios.php(53): view('rh/lista', [...])
 5 SYSTEMPATH/CodeIgniter.php(934): App\Controllers\Funcionarios->index()
 6 SYSTEMPATH/CodeIgniter.php(499): CodeIgniter\CodeIgniter->runController(Object(App\Controllers\Funcionarios))
 7 SYSTEMPATH/CodeIgniter.php(368): CodeIgniter\CodeIgniter->handleRequest(null, Object(Config\Cache), false)
 8 FCPATH/index.php(67): CodeIgniter\CodeIgniter->run()
 9 SYSTEMPATH/Commands/Server/rewrite.php(47): require_once('FCPATH/index.php')
