INFO - 2023-04-25 00:56:15 --> Session: Class initialized using 'CodeIgniter\Session\Handlers\FileHandler' driver.
INFO - 2023-04-25 00:56:18 --> Session: Class initialized using 'CodeIgniter\Session\Handlers\FileHandler' driver.
CRITICAL - 2023-04-25 01:10:10 --> Undefined property: stdClass::$password
in APPPATH/Controllers/Funcionarios.php on line 199.
 1 APPPATH/Controllers/Funcionarios.php(199): CodeIgniter\Debug\Exceptions->errorHandler(2, 'Undefined property: stdClass::$password', 'APPPATH/Controllers/Funcionarios.php', 199)
 2 SYSTEMPATH/CodeIgniter.php(934): App\Controllers\Funcionarios->newPassword('3')
 3 SYSTEMPATH/CodeIgniter.php(499): CodeIgniter\CodeIgniter->runController(Object(App\Controllers\Funcionarios))
 4 SYSTEMPATH/CodeIgniter.php(368): CodeIgniter\CodeIgniter->handleRequest(null, Object(Config\Cache), false)
 5 FCPATH/index.php(67): CodeIgniter\CodeIgniter->run()
 6 SYSTEMPATH/Commands/Server/rewrite.php(47): require_once('FCPATH/index.php')
INFO - 2023-04-25 02:01:37 --> Session: Class initialized using 'CodeIgniter\Session\Handlers\FileHandler' driver.
INFO - 2023-04-25 02:01:38 --> Session: Class initialized using 'CodeIgniter\Session\Handlers\FileHandler' driver.
INFO - 2023-04-25 02:01:40 --> Session: Class initialized using 'CodeIgniter\Session\Handlers\FileHandler' driver.
INFO - 2023-04-25 02:02:20 --> Session: Class initialized using 'CodeIgniter\Session\Handlers\FileHandler' driver.
INFO - 2023-04-25 02:02:21 --> Session: Class initialized using 'CodeIgniter\Session\Handlers\FileHandler' driver.
INFO - 2023-04-25 02:06:28 --> Session: Class initialized using 'CodeIgniter\Session\Handlers\FileHandler' driver.
INFO - 2023-04-25 02:06:45 --> Session: Class initialized using 'CodeIgniter\Session\Handlers\FileHandler' driver.
INFO - 2023-04-25 02:15:24 --> Session: Class initialized using 'CodeIgniter\Session\Handlers\FileHandler' driver.
INFO - 2023-04-25 02:15:27 --> Session: Class initialized using 'CodeIgniter\Session\Handlers\FileHandler' driver.
INFO - 2023-04-25 02:15:32 --> Session: Class initialized using 'CodeIgniter\Session\Handlers\FileHandler' driver.
INFO - 2023-04-25 02:15:53 --> Session: Class initialized using 'CodeIgniter\Session\Handlers\FileHandler' driver.
INFO - 2023-04-25 02:18:30 --> Session: Class initialized using 'CodeIgniter\Session\Handlers\FileHandler' driver.
INFO - 2023-04-25 02:18:34 --> Session: Class initialized using 'CodeIgniter\Session\Handlers\FileHandler' driver.
INFO - 2023-04-25 02:19:55 --> Session: Class initialized using 'CodeIgniter\Session\Handlers\FileHandler' driver.
INFO - 2023-04-25 02:20:06 --> Session: Class initialized using 'CodeIgniter\Session\Handlers\FileHandler' driver.
INFO - 2023-04-25 02:20:14 --> Session: Class initialized using 'CodeIgniter\Session\Handlers\FileHandler' driver.
INFO - 2023-04-25 02:23:48 --> Session: Class initialized using 'CodeIgniter\Session\Handlers\FileHandler' driver.
INFO - 2023-04-25 02:33:50 --> Session: Class initialized using 'CodeIgniter\Session\Handlers\FileHandler' driver.
INFO - 2023-04-25 02:33:51 --> Session: Class initialized using 'CodeIgniter\Session\Handlers\FileHandler' driver.
INFO - 2023-04-25 02:33:53 --> Session: Class initialized using 'CodeIgniter\Session\Handlers\FileHandler' driver.
INFO - 2023-04-25 02:33:54 --> Session: Class initialized using 'CodeIgniter\Session\Handlers\FileHandler' driver.
INFO - 2023-04-25 02:33:58 --> Session: Class initialized using 'CodeIgniter\Session\Handlers\FileHandler' driver.
INFO - 2023-04-25 02:34:22 --> Session: Class initialized using 'CodeIgniter\Session\Handlers\FileHandler' driver.
INFO - 2023-04-25 02:34:25 --> Session: Class initialized using 'CodeIgniter\Session\Handlers\FileHandler' driver.
INFO - 2023-04-25 02:34:27 --> Session: Class initialized using 'CodeIgniter\Session\Handlers\FileHandler' driver.
INFO - 2023-04-25 02:34:28 --> Session: Class initialized using 'CodeIgniter\Session\Handlers\FileHandler' driver.
INFO - 2023-04-25 02:34:47 --> Session: Class initialized using 'CodeIgniter\Session\Handlers\FileHandler' driver.
INFO - 2023-04-25 02:34:47 --> Session: Class initialized using 'CodeIgniter\Session\Handlers\FileHandler' driver.
INFO - 2023-04-25 02:34:58 --> Session: Class initialized using 'CodeIgniter\Session\Handlers\FileHandler' driver.
INFO - 2023-04-25 02:35:00 --> Session: Class initialized using 'CodeIgniter\Session\Handlers\FileHandler' driver.
INFO - 2023-04-25 02:35:45 --> Session: Class initialized using 'CodeIgniter\Session\Handlers\FileHandler' driver.
INFO - 2023-04-25 02:35:48 --> Session: Class initialized using 'CodeIgniter\Session\Handlers\FileHandler' driver.
INFO - 2023-04-25 02:35:55 --> Session: Class initialized using 'CodeIgniter\Session\Handlers\FileHandler' driver.
INFO - 2023-04-25 02:35:56 --> Session: Class initialized using 'CodeIgniter\Session\Handlers\FileHandler' driver.
INFO - 2023-04-25 02:36:01 --> Session: Class initialized using 'CodeIgniter\Session\Handlers\FileHandler' driver.
INFO - 2023-04-25 02:36:17 --> Session: Class initialized using 'CodeIgniter\Session\Handlers\FileHandler' driver.
INFO - 2023-04-25 02:36:17 --> Session: Class initialized using 'CodeIgniter\Session\Handlers\FileHandler' driver.
INFO - 2023-04-25 02:36:49 --> Session: Class initialized using 'CodeIgniter\Session\Handlers\FileHandler' driver.
INFO - 2023-04-25 02:36:57 --> Session: Class initialized using 'CodeIgniter\Session\Handlers\FileHandler' driver.
INFO - 2023-04-25 02:36:57 --> Session: Class initialized using 'CodeIgniter\Session\Handlers\FileHandler' driver.
CRITICAL - 2023-04-25 02:50:33 --> Class "App\Controllers\Database" not found
in APPPATH/Controllers/Utilizadores.php on line 35.
 1 SYSTEMPATH/CodeIgniter.php(906): App\Controllers\Utilizadores->__construct()
 2 SYSTEMPATH/CodeIgniter.php(490): CodeIgniter\CodeIgniter->createController()
 3 SYSTEMPATH/CodeIgniter.php(368): CodeIgniter\CodeIgniter->handleRequest(null, Object(Config\Cache), false)
 4 FCPATH/index.php(67): CodeIgniter\CodeIgniter->run()
 5 SYSTEMPATH/Commands/Server/rewrite.php(47): require_once('FCPATH/index.php')
CRITICAL - 2023-04-25 02:53:50 --> Undefined property: stdClass::$numero
in APPPATH/Views/utilizadores/perfil.php on line 70.
 1 APPPATH/Views/utilizadores/perfil.php(70): CodeIgniter\Debug\Exceptions->errorHandler(2, 'Undefined property: stdClass::$numero', 'APPPATH/Views/utilizadores/perfil.php', 70)
 2 SYSTEMPATH/View/View.php(213): include('APPPATH/Views/utilizadores/perfil.php')
 3 SYSTEMPATH/View/View.php(216): CodeIgniter\View\View->CodeIgniter\View\{closure}()
 4 SYSTEMPATH/Common.php(1184): CodeIgniter\View\View->render('utilizadores/perfil', [], true)
 5 APPPATH/Controllers/Utilizadores.php(59): view('utilizadores/perfil', [...])
 6 SYSTEMPATH/CodeIgniter.php(934): App\Controllers\Utilizadores->perfil('5')
 7 SYSTEMPATH/CodeIgniter.php(499): CodeIgniter\CodeIgniter->runController(Object(App\Controllers\Utilizadores))
 8 SYSTEMPATH/CodeIgniter.php(368): CodeIgniter\CodeIgniter->handleRequest(null, Object(Config\Cache), false)
 9 FCPATH/index.php(67): CodeIgniter\CodeIgniter->run()
10 SYSTEMPATH/Commands/Server/rewrite.php(47): require_once('FCPATH/index.php')
CRITICAL - 2023-04-25 02:54:05 --> Undefined property: stdClass::$numero
in APPPATH/Views/utilizadores/perfil.php on line 70.
 1 APPPATH/Views/utilizadores/perfil.php(70): CodeIgniter\Debug\Exceptions->errorHandler(2, 'Undefined property: stdClass::$numero', 'APPPATH/Views/utilizadores/perfil.php', 70)
 2 SYSTEMPATH/View/View.php(213): include('APPPATH/Views/utilizadores/perfil.php')
 3 SYSTEMPATH/View/View.php(216): CodeIgniter\View\View->CodeIgniter\View\{closure}()
 4 SYSTEMPATH/Common.php(1184): CodeIgniter\View\View->render('utilizadores/perfil', [], true)
 5 APPPATH/Controllers/Utilizadores.php(59): view('utilizadores/perfil', [...])
 6 SYSTEMPATH/CodeIgniter.php(934): App\Controllers\Utilizadores->perfil('5')
 7 SYSTEMPATH/CodeIgniter.php(499): CodeIgniter\CodeIgniter->runController(Object(App\Controllers\Utilizadores))
 8 SYSTEMPATH/CodeIgniter.php(368): CodeIgniter\CodeIgniter->handleRequest(null, Object(Config\Cache), false)
 9 FCPATH/index.php(67): CodeIgniter\CodeIgniter->run()
10 SYSTEMPATH/Commands/Server/rewrite.php(47): require_once('FCPATH/index.php')
CRITICAL - 2023-04-25 02:54:14 --> Undefined property: stdClass::$numero
in APPPATH/Views/utilizadores/perfil.php on line 70.
 1 APPPATH/Views/utilizadores/perfil.php(70): CodeIgniter\Debug\Exceptions->errorHandler(2, 'Undefined property: stdClass::$numero', 'APPPATH/Views/utilizadores/perfil.php', 70)
 2 SYSTEMPATH/View/View.php(213): include('APPPATH/Views/utilizadores/perfil.php')
 3 SYSTEMPATH/View/View.php(216): CodeIgniter\View\View->CodeIgniter\View\{closure}()
 4 SYSTEMPATH/Common.php(1184): CodeIgniter\View\View->render('utilizadores/perfil', [], true)
 5 APPPATH/Controllers/Utilizadores.php(59): view('utilizadores/perfil', [...])
 6 SYSTEMPATH/CodeIgniter.php(934): App\Controllers\Utilizadores->perfil('5')
 7 SYSTEMPATH/CodeIgniter.php(499): CodeIgniter\CodeIgniter->runController(Object(App\Controllers\Utilizadores))
 8 SYSTEMPATH/CodeIgniter.php(368): CodeIgniter\CodeIgniter->handleRequest(null, Object(Config\Cache), false)
 9 FCPATH/index.php(67): CodeIgniter\CodeIgniter->run()
10 SYSTEMPATH/Commands/Server/rewrite.php(47): require_once('FCPATH/index.php')
CRITICAL - 2023-04-25 02:54:32 --> Undefined property: stdClass::$numero
in APPPATH/Views/utilizadores/perfil.php on line 70.
 1 APPPATH/Views/utilizadores/perfil.php(70): CodeIgniter\Debug\Exceptions->errorHandler(2, 'Undefined property: stdClass::$numero', 'APPPATH/Views/utilizadores/perfil.php', 70)
 2 SYSTEMPATH/View/View.php(213): include('APPPATH/Views/utilizadores/perfil.php')
 3 SYSTEMPATH/View/View.php(216): CodeIgniter\View\View->CodeIgniter\View\{closure}()
 4 SYSTEMPATH/Common.php(1184): CodeIgniter\View\View->render('utilizadores/perfil', [], true)
 5 APPPATH/Controllers/Utilizadores.php(59): view('utilizadores/perfil', [...])
 6 SYSTEMPATH/CodeIgniter.php(934): App\Controllers\Utilizadores->perfil('5')
 7 SYSTEMPATH/CodeIgniter.php(499): CodeIgniter\CodeIgniter->runController(Object(App\Controllers\Utilizadores))
 8 SYSTEMPATH/CodeIgniter.php(368): CodeIgniter\CodeIgniter->handleRequest(null, Object(Config\Cache), false)
 9 FCPATH/index.php(67): CodeIgniter\CodeIgniter->run()
10 SYSTEMPATH/Commands/Server/rewrite.php(47): require_once('FCPATH/index.php')
CRITICAL - 2023-04-25 02:54:58 --> Undefined property: stdClass::$numero
in APPPATH/Views/utilizadores/perfil.php on line 109.
 1 APPPATH/Views/utilizadores/perfil.php(109): CodeIgniter\Debug\Exceptions->errorHandler(2, 'Undefined property: stdClass::$numero', 'APPPATH/Views/utilizadores/perfil.php', 109)
 2 SYSTEMPATH/View/View.php(213): include('APPPATH/Views/utilizadores/perfil.php')
 3 SYSTEMPATH/View/View.php(216): CodeIgniter\View\View->CodeIgniter\View\{closure}()
 4 SYSTEMPATH/Common.php(1184): CodeIgniter\View\View->render('utilizadores/perfil', [], true)
 5 APPPATH/Controllers/Utilizadores.php(59): view('utilizadores/perfil', [...])
 6 SYSTEMPATH/CodeIgniter.php(934): App\Controllers\Utilizadores->perfil('5')
 7 SYSTEMPATH/CodeIgniter.php(499): CodeIgniter\CodeIgniter->runController(Object(App\Controllers\Utilizadores))
 8 SYSTEMPATH/CodeIgniter.php(368): CodeIgniter\CodeIgniter->handleRequest(null, Object(Config\Cache), false)
 9 FCPATH/index.php(67): CodeIgniter\CodeIgniter->run()
10 SYSTEMPATH/Commands/Server/rewrite.php(47): require_once('FCPATH/index.php')
INFO - 2023-04-25 08:05:56 --> Session: Class initialized using 'CodeIgniter\Session\Handlers\FileHandler' driver.
INFO - 2023-04-25 08:06:40 --> Session: Class initialized using 'CodeIgniter\Session\Handlers\FileHandler' driver.
INFO - 2023-04-25 08:07:43 --> Session: Class initialized using 'CodeIgniter\Session\Handlers\FileHandler' driver.
INFO - 2023-04-25 08:09:09 --> Session: Class initialized using 'CodeIgniter\Session\Handlers\FileHandler' driver.
INFO - 2023-04-25 08:09:09 --> Session: Class initialized using 'CodeIgniter\Session\Handlers\FileHandler' driver.
INFO - 2023-04-25 08:09:15 --> Session: Class initialized using 'CodeIgniter\Session\Handlers\FileHandler' driver.
INFO - 2023-04-25 08:09:17 --> Session: Class initialized using 'CodeIgniter\Session\Handlers\FileHandler' driver.
INFO - 2023-04-25 08:09:17 --> Session: Class initialized using 'CodeIgniter\Session\Handlers\FileHandler' driver.
CRITICAL - 2023-04-25 08:26:12 --> Attempt to read property "utilizador" on null
in APPPATH/Controllers/Funcionarios.php on line 228.
 1 APPPATH/Controllers/Funcionarios.php(228): CodeIgniter\Debug\Exceptions->errorHandler(2, 'Attempt to read property "utilizador" on null', 'APPPATH/Controllers/Funcionarios.php', 228)
 2 SYSTEMPATH/CodeIgniter.php(934): App\Controllers\Funcionarios->remove('2')
 3 SYSTEMPATH/CodeIgniter.php(499): CodeIgniter\CodeIgniter->runController(Object(App\Controllers\Funcionarios))
 4 SYSTEMPATH/CodeIgniter.php(368): CodeIgniter\CodeIgniter->handleRequest(null, Object(Config\Cache), false)
 5 FCPATH/index.php(67): CodeIgniter\CodeIgniter->run()
 6 SYSTEMPATH/Commands/Server/rewrite.php(47): require_once('FCPATH/index.php')
ERROR - 2023-04-25 08:26:33 --> mysqli_sql_exception: Cannot add or update a child row: a foreign key constraint fails (`gestao_alunos`.`funcionarios`, CONSTRAINT `FK_funcionarios_2` FOREIGN KEY (`categoria`) REFERENCES `categorias` (`id`) ON DELETE CASCADE) in /Users/arseniomuanda/MyJobs/Joelson/gestao_alunos/system/Database/MySQLi/Connection.php:295
Stack trace:
#0 /Users/arseniomuanda/MyJobs/Joelson/gestao_alunos/system/Database/MySQLi/Connection.php(295): mysqli->query('INSERT INTO `fu...', 0)
#1 /Users/arseniomuanda/MyJobs/Joelson/gestao_alunos/system/Database/BaseConnection.php(691): CodeIgniter\Database\MySQLi\Connection->execute('INSERT INTO `fu...')
#2 /Users/arseniomuanda/MyJobs/Joelson/gestao_alunos/system/Database/BaseConnection.php(605): CodeIgniter\Database\BaseConnection->simpleQuery('INSERT INTO `fu...')
#3 /Users/arseniomuanda/MyJobs/Joelson/gestao_alunos/system/Database/BaseBuilder.php(2309): CodeIgniter\Database\BaseConnection->query('INSERT INTO `fu...', Array, false)
#4 /Users/arseniomuanda/MyJobs/Joelson/gestao_alunos/system/Model.php(330): CodeIgniter\Database\BaseBuilder->insert()
#5 /Users/arseniomuanda/MyJobs/Joelson/gestao_alunos/system/BaseModel.php(782): CodeIgniter\Model->doInsert(Array)
#6 /Users/arseniomuanda/MyJobs/Joelson/gestao_alunos/system/Model.php(730): CodeIgniter\BaseModel->insert(Array, false)
#7 /Users/arseniomuanda/MyJobs/Joelson/gestao_alunos/system/BaseModel.php(692): CodeIgniter\Model->insert(Array, false)
#8 /Users/arseniomuanda/MyJobs/Joelson/gestao_alunos/app/Helpers/funcao_helper.php(26): CodeIgniter\BaseModel->save(Array)
#9 /Users/arseniomuanda/MyJobs/Joelson/gestao_alunos/app/Controllers/Funcionarios.php(105): cadastronormal(Object(App\Models\FuncionarioModel), Array, Object(CodeIgniter\Database\MySQLi\Connection), Object(App\Models\Auditoria))
#10 /Users/arseniomuanda/MyJobs/Joelson/gestao_alunos/system/CodeIgniter.php(934): App\Controllers\Funcionarios->add()
#11 /Users/arseniomuanda/MyJobs/Joelson/gestao_alunos/system/CodeIgniter.php(499): CodeIgniter\CodeIgniter->runController(Object(App\Controllers\Funcionarios))
#12 /Users/arseniomuanda/MyJobs/Joelson/gestao_alunos/system/CodeIgniter.php(368): CodeIgniter\CodeIgniter->handleRequest(NULL, Object(Config\Cache), false)
#13 /Users/arseniomuanda/MyJobs/Joelson/gestao_alunos/public/index.php(67): CodeIgniter\CodeIgniter->run()
#14 /Users/arseniomuanda/MyJobs/Joelson/gestao_alunos/system/Commands/Server/rewrite.php(47): require_once('/Users/arseniom...')
#15 {main}
CRITICAL - 2023-04-25 08:26:33 --> Cannot add or update a child row: a foreign key constraint fails (`gestao_alunos`.`funcionarios`, CONSTRAINT `FK_funcionarios_2` FOREIGN KEY (`categoria`) REFERENCES `categorias` (`id`) ON DELETE CASCADE)
in SYSTEMPATH/Database/BaseConnection.php on line 645.
 1 SYSTEMPATH/Database/BaseBuilder.php(2309): CodeIgniter\Database\BaseConnection->query('INSERT INTO `funcionarios` (`numero`, `categoria`, `utilizador`) VALUES (:numero:, :categoria:, :utilizador:)', [...], false)
 2 SYSTEMPATH/Model.php(330): CodeIgniter\Database\BaseBuilder->insert()
 3 SYSTEMPATH/BaseModel.php(782): CodeIgniter\Model->doInsert([...])
 4 SYSTEMPATH/Model.php(730): CodeIgniter\BaseModel->insert([...], false)
 5 SYSTEMPATH/BaseModel.php(692): CodeIgniter\Model->insert([...], false)
 6 APPPATH/Helpers/funcao_helper.php(26): CodeIgniter\BaseModel->save([...])
 7 APPPATH/Controllers/Funcionarios.php(105): cadastronormal(Object(App\Models\FuncionarioModel), [...], Object(CodeIgniter\Database\MySQLi\Connection), Object(App\Models\Auditoria))
 8 SYSTEMPATH/CodeIgniter.php(934): App\Controllers\Funcionarios->add()
 9 SYSTEMPATH/CodeIgniter.php(499): CodeIgniter\CodeIgniter->runController(Object(App\Controllers\Funcionarios))
10 SYSTEMPATH/CodeIgniter.php(368): CodeIgniter\CodeIgniter->handleRequest(null, Object(Config\Cache), false)
11 FCPATH/index.php(67): CodeIgniter\CodeIgniter->run()
12 SYSTEMPATH/Commands/Server/rewrite.php(47): require_once('FCPATH/index.php')
ERROR - 2023-04-25 08:26:37 --> mysqli_sql_exception: Duplicate entry '' for key 'email' in /Users/arseniomuanda/MyJobs/Joelson/gestao_alunos/system/Database/MySQLi/Connection.php:295
Stack trace:
#0 /Users/arseniomuanda/MyJobs/Joelson/gestao_alunos/system/Database/MySQLi/Connection.php(295): mysqli->query('INSERT INTO `ut...', 0)
#1 /Users/arseniomuanda/MyJobs/Joelson/gestao_alunos/system/Database/BaseConnection.php(691): CodeIgniter\Database\MySQLi\Connection->execute('INSERT INTO `ut...')
#2 /Users/arseniomuanda/MyJobs/Joelson/gestao_alunos/system/Database/BaseConnection.php(605): CodeIgniter\Database\BaseConnection->simpleQuery('INSERT INTO `ut...')
#3 /Users/arseniomuanda/MyJobs/Joelson/gestao_alunos/system/Database/BaseBuilder.php(2309): CodeIgniter\Database\BaseConnection->query('INSERT INTO `ut...', Array, false)
#4 /Users/arseniomuanda/MyJobs/Joelson/gestao_alunos/system/Model.php(330): CodeIgniter\Database\BaseBuilder->insert()
#5 /Users/arseniomuanda/MyJobs/Joelson/gestao_alunos/system/BaseModel.php(782): CodeIgniter\Model->doInsert(Array)
#6 /Users/arseniomuanda/MyJobs/Joelson/gestao_alunos/system/Model.php(730): CodeIgniter\BaseModel->insert(Array, false)
#7 /Users/arseniomuanda/MyJobs/Joelson/gestao_alunos/system/BaseModel.php(692): CodeIgniter\Model->insert(Array, false)
#8 /Users/arseniomuanda/MyJobs/Joelson/gestao_alunos/app/Helpers/funcao_helper.php(26): CodeIgniter\BaseModel->save(Array)
#9 /Users/arseniomuanda/MyJobs/Joelson/gestao_alunos/app/Controllers/Funcionarios.php(90): cadastronormal(Object(App\Models\UtilizadoreModel), Array, Object(CodeIgniter\Database\MySQLi\Connection), Object(App\Models\Auditoria))
#10 /Users/arseniomuanda/MyJobs/Joelson/gestao_alunos/system/CodeIgniter.php(934): App\Controllers\Funcionarios->add()
#11 /Users/arseniomuanda/MyJobs/Joelson/gestao_alunos/system/CodeIgniter.php(499): CodeIgniter\CodeIgniter->runController(Object(App\Controllers\Funcionarios))
#12 /Users/arseniomuanda/MyJobs/Joelson/gestao_alunos/system/CodeIgniter.php(368): CodeIgniter\CodeIgniter->handleRequest(NULL, Object(Config\Cache), false)
#13 /Users/arseniomuanda/MyJobs/Joelson/gestao_alunos/public/index.php(67): CodeIgniter\CodeIgniter->run()
#14 /Users/arseniomuanda/MyJobs/Joelson/gestao_alunos/system/Commands/Server/rewrite.php(47): require_once('/Users/arseniom...')
#15 {main}
CRITICAL - 2023-04-25 08:26:37 --> Duplicate entry '' for key 'email'
in SYSTEMPATH/Database/BaseConnection.php on line 645.
 1 SYSTEMPATH/Database/BaseBuilder.php(2309): CodeIgniter\Database\BaseConnection->query('INSERT INTO `utilizadores` (`password`, `email`, `bairro`, `rua`, `municipio`, `n_casa`, `telefone`, `bi`, `sexo`, `nome`) VALUES (:password:, :email:, :bairro:, :rua:, :municipio:, :n_casa:, :telefone:, :bi:, :sexo:, :nome:)', [...], false)
 2 SYSTEMPATH/Model.php(330): CodeIgniter\Database\BaseBuilder->insert()
 3 SYSTEMPATH/BaseModel.php(782): CodeIgniter\Model->doInsert([...])
 4 SYSTEMPATH/Model.php(730): CodeIgniter\BaseModel->insert([...], false)
 5 SYSTEMPATH/BaseModel.php(692): CodeIgniter\Model->insert([...], false)
 6 APPPATH/Helpers/funcao_helper.php(26): CodeIgniter\BaseModel->save([...])
 7 APPPATH/Controllers/Funcionarios.php(90): cadastronormal(Object(App\Models\UtilizadoreModel), [...], Object(CodeIgniter\Database\MySQLi\Connection), Object(App\Models\Auditoria))
 8 SYSTEMPATH/CodeIgniter.php(934): App\Controllers\Funcionarios->add()
 9 SYSTEMPATH/CodeIgniter.php(499): CodeIgniter\CodeIgniter->runController(Object(App\Controllers\Funcionarios))
10 SYSTEMPATH/CodeIgniter.php(368): CodeIgniter\CodeIgniter->handleRequest(null, Object(Config\Cache), false)
11 FCPATH/index.php(67): CodeIgniter\CodeIgniter->run()
12 SYSTEMPATH/Commands/Server/rewrite.php(47): require_once('FCPATH/index.php')
ERROR - 2023-04-25 08:27:03 --> mysqli_sql_exception: Cannot add or update a child row: a foreign key constraint fails (`gestao_alunos`.`funcionarios`, CONSTRAINT `FK_funcionarios_2` FOREIGN KEY (`categoria`) REFERENCES `categorias` (`id`) ON DELETE CASCADE) in /Users/arseniomuanda/MyJobs/Joelson/gestao_alunos/system/Database/MySQLi/Connection.php:295
Stack trace:
#0 /Users/arseniomuanda/MyJobs/Joelson/gestao_alunos/system/Database/MySQLi/Connection.php(295): mysqli->query('INSERT INTO `fu...', 0)
#1 /Users/arseniomuanda/MyJobs/Joelson/gestao_alunos/system/Database/BaseConnection.php(691): CodeIgniter\Database\MySQLi\Connection->execute('INSERT INTO `fu...')
#2 /Users/arseniomuanda/MyJobs/Joelson/gestao_alunos/system/Database/BaseConnection.php(605): CodeIgniter\Database\BaseConnection->simpleQuery('INSERT INTO `fu...')
#3 /Users/arseniomuanda/MyJobs/Joelson/gestao_alunos/system/Database/BaseBuilder.php(2309): CodeIgniter\Database\BaseConnection->query('INSERT INTO `fu...', Array, false)
#4 /Users/arseniomuanda/MyJobs/Joelson/gestao_alunos/system/Model.php(330): CodeIgniter\Database\BaseBuilder->insert()
#5 /Users/arseniomuanda/MyJobs/Joelson/gestao_alunos/system/BaseModel.php(782): CodeIgniter\Model->doInsert(Array)
#6 /Users/arseniomuanda/MyJobs/Joelson/gestao_alunos/system/Model.php(730): CodeIgniter\BaseModel->insert(Array, false)
#7 /Users/arseniomuanda/MyJobs/Joelson/gestao_alunos/system/BaseModel.php(692): CodeIgniter\Model->insert(Array, false)
#8 /Users/arseniomuanda/MyJobs/Joelson/gestao_alunos/app/Helpers/funcao_helper.php(26): CodeIgniter\BaseModel->save(Array)
#9 /Users/arseniomuanda/MyJobs/Joelson/gestao_alunos/app/Controllers/Funcionarios.php(105): cadastronormal(Object(App\Models\FuncionarioModel), Array, Object(CodeIgniter\Database\MySQLi\Connection), Object(App\Models\Auditoria))
#10 /Users/arseniomuanda/MyJobs/Joelson/gestao_alunos/system/CodeIgniter.php(934): App\Controllers\Funcionarios->add()
#11 /Users/arseniomuanda/MyJobs/Joelson/gestao_alunos/system/CodeIgniter.php(499): CodeIgniter\CodeIgniter->runController(Object(App\Controllers\Funcionarios))
#12 /Users/arseniomuanda/MyJobs/Joelson/gestao_alunos/system/CodeIgniter.php(368): CodeIgniter\CodeIgniter->handleRequest(NULL, Object(Config\Cache), false)
#13 /Users/arseniomuanda/MyJobs/Joelson/gestao_alunos/public/index.php(67): CodeIgniter\CodeIgniter->run()
#14 /Users/arseniomuanda/MyJobs/Joelson/gestao_alunos/system/Commands/Server/rewrite.php(47): require_once('/Users/arseniom...')
#15 {main}
CRITICAL - 2023-04-25 08:27:03 --> Cannot add or update a child row: a foreign key constraint fails (`gestao_alunos`.`funcionarios`, CONSTRAINT `FK_funcionarios_2` FOREIGN KEY (`categoria`) REFERENCES `categorias` (`id`) ON DELETE CASCADE)
in SYSTEMPATH/Database/BaseConnection.php on line 645.
 1 SYSTEMPATH/Database/BaseBuilder.php(2309): CodeIgniter\Database\BaseConnection->query('INSERT INTO `funcionarios` (`numero`, `categoria`, `utilizador`) VALUES (:numero:, :categoria:, :utilizador:)', [...], false)
 2 SYSTEMPATH/Model.php(330): CodeIgniter\Database\BaseBuilder->insert()
 3 SYSTEMPATH/BaseModel.php(782): CodeIgniter\Model->doInsert([...])
 4 SYSTEMPATH/Model.php(730): CodeIgniter\BaseModel->insert([...], false)
 5 SYSTEMPATH/BaseModel.php(692): CodeIgniter\Model->insert([...], false)
 6 APPPATH/Helpers/funcao_helper.php(26): CodeIgniter\BaseModel->save([...])
 7 APPPATH/Controllers/Funcionarios.php(105): cadastronormal(Object(App\Models\FuncionarioModel), [...], Object(CodeIgniter\Database\MySQLi\Connection), Object(App\Models\Auditoria))
 8 SYSTEMPATH/CodeIgniter.php(934): App\Controllers\Funcionarios->add()
 9 SYSTEMPATH/CodeIgniter.php(499): CodeIgniter\CodeIgniter->runController(Object(App\Controllers\Funcionarios))
10 SYSTEMPATH/CodeIgniter.php(368): CodeIgniter\CodeIgniter->handleRequest(null, Object(Config\Cache), false)
11 FCPATH/index.php(67): CodeIgniter\CodeIgniter->run()
12 SYSTEMPATH/Commands/Server/rewrite.php(47): require_once('FCPATH/index.php')
ERROR - 2023-04-25 08:27:22 --> mysqli_sql_exception: Duplicate entry 'manomuanda32@gmail.com' for key 'email' in /Users/arseniomuanda/MyJobs/Joelson/gestao_alunos/system/Database/MySQLi/Connection.php:295
Stack trace:
#0 /Users/arseniomuanda/MyJobs/Joelson/gestao_alunos/system/Database/MySQLi/Connection.php(295): mysqli->query('INSERT INTO `ut...', 0)
#1 /Users/arseniomuanda/MyJobs/Joelson/gestao_alunos/system/Database/BaseConnection.php(691): CodeIgniter\Database\MySQLi\Connection->execute('INSERT INTO `ut...')
#2 /Users/arseniomuanda/MyJobs/Joelson/gestao_alunos/system/Database/BaseConnection.php(605): CodeIgniter\Database\BaseConnection->simpleQuery('INSERT INTO `ut...')
#3 /Users/arseniomuanda/MyJobs/Joelson/gestao_alunos/system/Database/BaseBuilder.php(2309): CodeIgniter\Database\BaseConnection->query('INSERT INTO `ut...', Array, false)
#4 /Users/arseniomuanda/MyJobs/Joelson/gestao_alunos/system/Model.php(330): CodeIgniter\Database\BaseBuilder->insert()
#5 /Users/arseniomuanda/MyJobs/Joelson/gestao_alunos/system/BaseModel.php(782): CodeIgniter\Model->doInsert(Array)
#6 /Users/arseniomuanda/MyJobs/Joelson/gestao_alunos/system/Model.php(730): CodeIgniter\BaseModel->insert(Array, false)
#7 /Users/arseniomuanda/MyJobs/Joelson/gestao_alunos/system/BaseModel.php(692): CodeIgniter\Model->insert(Array, false)
#8 /Users/arseniomuanda/MyJobs/Joelson/gestao_alunos/app/Helpers/funcao_helper.php(26): CodeIgniter\BaseModel->save(Array)
#9 /Users/arseniomuanda/MyJobs/Joelson/gestao_alunos/app/Controllers/Funcionarios.php(90): cadastronormal(Object(App\Models\UtilizadoreModel), Array, Object(CodeIgniter\Database\MySQLi\Connection), Object(App\Models\Auditoria))
#10 /Users/arseniomuanda/MyJobs/Joelson/gestao_alunos/system/CodeIgniter.php(934): App\Controllers\Funcionarios->add()
#11 /Users/arseniomuanda/MyJobs/Joelson/gestao_alunos/system/CodeIgniter.php(499): CodeIgniter\CodeIgniter->runController(Object(App\Controllers\Funcionarios))
#12 /Users/arseniomuanda/MyJobs/Joelson/gestao_alunos/system/CodeIgniter.php(368): CodeIgniter\CodeIgniter->handleRequest(NULL, Object(Config\Cache), false)
#13 /Users/arseniomuanda/MyJobs/Joelson/gestao_alunos/public/index.php(67): CodeIgniter\CodeIgniter->run()
#14 /Users/arseniomuanda/MyJobs/Joelson/gestao_alunos/system/Commands/Server/rewrite.php(47): require_once('/Users/arseniom...')
#15 {main}
CRITICAL - 2023-04-25 08:27:22 --> Duplicate entry 'manomuanda32@gmail.com' for key 'email'
in SYSTEMPATH/Database/BaseConnection.php on line 645.
 1 SYSTEMPATH/Database/BaseBuilder.php(2309): CodeIgniter\Database\BaseConnection->query('INSERT INTO `utilizadores` (`password`, `email`, `bairro`, `rua`, `municipio`, `n_casa`, `telefone`, `bi`, `sexo`, `nome`) VALUES (:password:, :email:, :bairro:, :rua:, :municipio:, :n_casa:, :telefone:, :bi:, :sexo:, :nome:)', [...], false)
 2 SYSTEMPATH/Model.php(330): CodeIgniter\Database\BaseBuilder->insert()
 3 SYSTEMPATH/BaseModel.php(782): CodeIgniter\Model->doInsert([...])
 4 SYSTEMPATH/Model.php(730): CodeIgniter\BaseModel->insert([...], false)
 5 SYSTEMPATH/BaseModel.php(692): CodeIgniter\Model->insert([...], false)
 6 APPPATH/Helpers/funcao_helper.php(26): CodeIgniter\BaseModel->save([...])
 7 APPPATH/Controllers/Funcionarios.php(90): cadastronormal(Object(App\Models\UtilizadoreModel), [...], Object(CodeIgniter\Database\MySQLi\Connection), Object(App\Models\Auditoria))
 8 SYSTEMPATH/CodeIgniter.php(934): App\Controllers\Funcionarios->add()
 9 SYSTEMPATH/CodeIgniter.php(499): CodeIgniter\CodeIgniter->runController(Object(App\Controllers\Funcionarios))
10 SYSTEMPATH/CodeIgniter.php(368): CodeIgniter\CodeIgniter->handleRequest(null, Object(Config\Cache), false)
11 FCPATH/index.php(67): CodeIgniter\CodeIgniter->run()
12 SYSTEMPATH/Commands/Server/rewrite.php(47): require_once('FCPATH/index.php')
CRITICAL - 2023-04-25 10:06:23 --> Undefined array key "criadopor"
in APPPATH/Helpers/funcao_helper.php on line 34.
 1 APPPATH/Helpers/funcao_helper.php(34): CodeIgniter\Debug\Exceptions->errorHandler(2, 'Undefined array key "criadopor"', 'APPPATH/Helpers/funcao_helper.php', 34)
 2 APPPATH/Controllers/Cursos.php(71): cadastronormal(Object(App\Models\CursoModel), [...], Object(CodeIgniter\Database\MySQLi\Connection), Object(App\Models\Auditoria))
 3 SYSTEMPATH/CodeIgniter.php(934): App\Controllers\Cursos->add()
 4 SYSTEMPATH/CodeIgniter.php(499): CodeIgniter\CodeIgniter->runController(Object(App\Controllers\Cursos))
 5 SYSTEMPATH/CodeIgniter.php(368): CodeIgniter\CodeIgniter->handleRequest(null, Object(Config\Cache), false)
 6 FCPATH/index.php(67): CodeIgniter\CodeIgniter->run()
 7 SYSTEMPATH/Commands/Server/rewrite.php(47): require_once('FCPATH/index.php')
INFO - 2023-04-25 10:14:44 --> Session: Class initialized using 'CodeIgniter\Session\Handlers\FileHandler' driver.
INFO - 2023-04-25 10:14:44 --> Session: Class initialized using 'CodeIgniter\Session\Handlers\FileHandler' driver.
INFO - 2023-04-25 10:14:53 --> Session: Class initialized using 'CodeIgniter\Session\Handlers\FileHandler' driver.
INFO - 2023-04-25 10:14:53 --> Session: Class initialized using 'CodeIgniter\Session\Handlers\FileHandler' driver.
CRITICAL - 2023-04-25 10:34:01 --> Undefined variable $funcionario
in APPPATH/Views/escolar/perfil/cursos.php on line 21.
 1 APPPATH/Views/escolar/perfil/cursos.php(21): CodeIgniter\Debug\Exceptions->errorHandler(2, 'Undefined variable $funcionario', 'APPPATH/Views/escolar/perfil/cursos.php', 21)
 2 SYSTEMPATH/View/View.php(213): include('APPPATH/Views/escolar/perfil/cursos.php')
 3 SYSTEMPATH/View/View.php(216): CodeIgniter\View\View->CodeIgniter\View\{closure}()
 4 SYSTEMPATH/Common.php(1184): CodeIgniter\View\View->render('escolar/perfil/cursos', [], true)
 5 APPPATH/Controllers/Cursos.php(114): view('escolar/perfil/cursos')
 6 SYSTEMPATH/CodeIgniter.php(934): App\Controllers\Cursos->perfil('1')
 7 SYSTEMPATH/CodeIgniter.php(499): CodeIgniter\CodeIgniter->runController(Object(App\Controllers\Cursos))
 8 SYSTEMPATH/CodeIgniter.php(368): CodeIgniter\CodeIgniter->handleRequest(null, Object(Config\Cache), false)
 9 FCPATH/index.php(67): CodeIgniter\CodeIgniter->run()
10 SYSTEMPATH/Commands/Server/rewrite.php(47): require_once('FCPATH/index.php')
CRITICAL - 2023-04-25 10:44:57 --> Undefined variable $curso
in APPPATH/Views/escolar/perfil/cursos.php on line 22.
 1 APPPATH/Views/escolar/perfil/cursos.php(22): CodeIgniter\Debug\Exceptions->errorHandler(2, 'Undefined variable $curso', 'APPPATH/Views/escolar/perfil/cursos.php', 22)
 2 SYSTEMPATH/View/View.php(213): include('APPPATH/Views/escolar/perfil/cursos.php')
 3 SYSTEMPATH/View/View.php(216): CodeIgniter\View\View->CodeIgniter\View\{closure}()
 4 SYSTEMPATH/Common.php(1184): CodeIgniter\View\View->render('escolar/perfil/cursos', [], true)
 5 APPPATH/Controllers/Cursos.php(114): view('escolar/perfil/cursos')
 6 SYSTEMPATH/CodeIgniter.php(934): App\Controllers\Cursos->perfil('1')
 7 SYSTEMPATH/CodeIgniter.php(499): CodeIgniter\CodeIgniter->runController(Object(App\Controllers\Cursos))
 8 SYSTEMPATH/CodeIgniter.php(368): CodeIgniter\CodeIgniter->handleRequest(null, Object(Config\Cache), false)
 9 FCPATH/index.php(67): CodeIgniter\CodeIgniter->run()
10 SYSTEMPATH/Commands/Server/rewrite.php(47): require_once('FCPATH/index.php')
CRITICAL - 2023-04-25 10:46:33 --> Undefined variable $funcionario
in APPPATH/Views/escolar/perfil/cursos.php on line 65.
 1 APPPATH/Views/escolar/perfil/cursos.php(65): CodeIgniter\Debug\Exceptions->errorHandler(2, 'Undefined variable $funcionario', 'APPPATH/Views/escolar/perfil/cursos.php', 65)
 2 SYSTEMPATH/View/View.php(213): include('APPPATH/Views/escolar/perfil/cursos.php')
 3 SYSTEMPATH/View/View.php(216): CodeIgniter\View\View->CodeIgniter\View\{closure}()
 4 SYSTEMPATH/Common.php(1184): CodeIgniter\View\View->render('escolar/perfil/cursos', [], true)
 5 APPPATH/Controllers/Cursos.php(117): view('escolar/perfil/cursos', [...])
 6 SYSTEMPATH/CodeIgniter.php(934): App\Controllers\Cursos->perfil('1')
 7 SYSTEMPATH/CodeIgniter.php(499): CodeIgniter\CodeIgniter->runController(Object(App\Controllers\Cursos))
 8 SYSTEMPATH/CodeIgniter.php(368): CodeIgniter\CodeIgniter->handleRequest(null, Object(Config\Cache), false)
 9 FCPATH/index.php(67): CodeIgniter\CodeIgniter->run()
10 SYSTEMPATH/Commands/Server/rewrite.php(47): require_once('FCPATH/index.php')
CRITICAL - 2023-04-25 10:51:21 --> Undefined property: stdClass::$bi
in APPPATH/Views/escolar/perfil/cursos.php on line 75.
 1 APPPATH/Views/escolar/perfil/cursos.php(75): CodeIgniter\Debug\Exceptions->errorHandler(2, 'Undefined property: stdClass::$bi', 'APPPATH/Views/escolar/perfil/cursos.php', 75)
 2 SYSTEMPATH/View/View.php(213): include('APPPATH/Views/escolar/perfil/cursos.php')
 3 SYSTEMPATH/View/View.php(216): CodeIgniter\View\View->CodeIgniter\View\{closure}()
 4 SYSTEMPATH/Common.php(1184): CodeIgniter\View\View->render('escolar/perfil/cursos', [], true)
 5 APPPATH/Controllers/Cursos.php(117): view('escolar/perfil/cursos', [...])
 6 SYSTEMPATH/CodeIgniter.php(934): App\Controllers\Cursos->perfil('1')
 7 SYSTEMPATH/CodeIgniter.php(499): CodeIgniter\CodeIgniter->runController(Object(App\Controllers\Cursos))
 8 SYSTEMPATH/CodeIgniter.php(368): CodeIgniter\CodeIgniter->handleRequest(null, Object(Config\Cache), false)
 9 FCPATH/index.php(67): CodeIgniter\CodeIgniter->run()
10 SYSTEMPATH/Commands/Server/rewrite.php(47): require_once('FCPATH/index.php')
CRITICAL - 2023-04-25 17:24:32 --> Undefined property: stdClass::$qtd_disciplicas
in APPPATH/Views/escolar/perfil/cursos.php on line 85.
 1 APPPATH/Views/escolar/perfil/cursos.php(85): CodeIgniter\Debug\Exceptions->errorHandler(2, 'Undefined property: stdClass::$qtd_disciplicas', 'APPPATH/Views/escolar/perfil/cursos.php', 85)
 2 SYSTEMPATH/View/View.php(213): include('APPPATH/Views/escolar/perfil/cursos.php')
 3 SYSTEMPATH/View/View.php(216): CodeIgniter\View\View->CodeIgniter\View\{closure}()
 4 SYSTEMPATH/Common.php(1184): CodeIgniter\View\View->render('escolar/perfil/cursos', [], true)
 5 APPPATH/Controllers/Cursos.php(117): view('escolar/perfil/cursos', [...])
 6 SYSTEMPATH/CodeIgniter.php(934): App\Controllers\Cursos->perfil('1')
 7 SYSTEMPATH/CodeIgniter.php(499): CodeIgniter\CodeIgniter->runController(Object(App\Controllers\Cursos))
 8 SYSTEMPATH/CodeIgniter.php(368): CodeIgniter\CodeIgniter->handleRequest(null, Object(Config\Cache), false)
 9 FCPATH/index.php(67): CodeIgniter\CodeIgniter->run()
10 SYSTEMPATH/Commands/Server/rewrite.php(47): require_once('FCPATH/index.php')
CRITICAL - 2023-04-25 17:25:43 --> Undefined variable $funcionario
in APPPATH/Views/escolar/perfil/cursos.php on line 93.
 1 APPPATH/Views/escolar/perfil/cursos.php(93): CodeIgniter\Debug\Exceptions->errorHandler(2, 'Undefined variable $funcionario', 'APPPATH/Views/escolar/perfil/cursos.php', 93)
 2 SYSTEMPATH/View/View.php(213): include('APPPATH/Views/escolar/perfil/cursos.php')
 3 SYSTEMPATH/View/View.php(216): CodeIgniter\View\View->CodeIgniter\View\{closure}()
 4 SYSTEMPATH/Common.php(1184): CodeIgniter\View\View->render('escolar/perfil/cursos', [], true)
 5 APPPATH/Controllers/Cursos.php(117): view('escolar/perfil/cursos', [...])
 6 SYSTEMPATH/CodeIgniter.php(934): App\Controllers\Cursos->perfil('1')
 7 SYSTEMPATH/CodeIgniter.php(499): CodeIgniter\CodeIgniter->runController(Object(App\Controllers\Cursos))
 8 SYSTEMPATH/CodeIgniter.php(368): CodeIgniter\CodeIgniter->handleRequest(null, Object(Config\Cache), false)
 9 FCPATH/index.php(67): CodeIgniter\CodeIgniter->run()
10 SYSTEMPATH/Commands/Server/rewrite.php(47): require_once('FCPATH/index.php')
INFO - 2023-04-25 18:11:34 --> Session: Class initialized using 'CodeIgniter\Session\Handlers\FileHandler' driver.
INFO - 2023-04-25 18:11:34 --> Session: Class initialized using 'CodeIgniter\Session\Handlers\FileHandler' driver.
INFO - 2023-04-25 18:11:36 --> Session: Class initialized using 'CodeIgniter\Session\Handlers\FileHandler' driver.
INFO - 2023-04-25 18:11:36 --> Session: Class initialized using 'CodeIgniter\Session\Handlers\FileHandler' driver.
CRITICAL - 2023-04-25 18:11:54 --> Call to undefined method CodeIgniter\Database\MySQLi\Connection::save()
in APPPATH/Helpers/funcao_helper.php on line 274.
 1 APPPATH/Controllers/Cursos.php(99): updatenomal(Object(App\Models\CursoModel), [...], Object(CodeIgniter\Database\MySQLi\Connection), Object(App\Models\Auditoria))
 2 SYSTEMPATH/CodeIgniter.php(934): App\Controllers\Cursos->actualizar('1')
 3 SYSTEMPATH/CodeIgniter.php(499): CodeIgniter\CodeIgniter->runController(Object(App\Controllers\Cursos))
 4 SYSTEMPATH/CodeIgniter.php(368): CodeIgniter\CodeIgniter->handleRequest(null, Object(Config\Cache), false)
 5 FCPATH/index.php(67): CodeIgniter\CodeIgniter->run()
 6 SYSTEMPATH/Commands/Server/rewrite.php(47): require_once('FCPATH/index.php')
CRITICAL - 2023-04-25 18:11:56 --> Call to undefined method CodeIgniter\Database\MySQLi\Connection::save()
in APPPATH/Helpers/funcao_helper.php on line 274.
 1 APPPATH/Controllers/Cursos.php(99): updatenomal(Object(App\Models\CursoModel), [...], Object(CodeIgniter\Database\MySQLi\Connection), Object(App\Models\Auditoria))
 2 SYSTEMPATH/CodeIgniter.php(934): App\Controllers\Cursos->actualizar('1')
 3 SYSTEMPATH/CodeIgniter.php(499): CodeIgniter\CodeIgniter->runController(Object(App\Controllers\Cursos))
 4 SYSTEMPATH/CodeIgniter.php(368): CodeIgniter\CodeIgniter->handleRequest(null, Object(Config\Cache), false)
 5 FCPATH/index.php(67): CodeIgniter\CodeIgniter->run()
 6 SYSTEMPATH/Commands/Server/rewrite.php(47): require_once('FCPATH/index.php')
CRITICAL - 2023-04-25 18:12:10 --> Call to undefined method CodeIgniter\Database\MySQLi\Connection::save()
in APPPATH/Helpers/funcao_helper.php on line 274.
 1 APPPATH/Controllers/Cursos.php(99): updatenomal(Object(App\Models\CursoModel), [...], Object(CodeIgniter\Database\MySQLi\Connection), Object(App\Models\Auditoria))
 2 SYSTEMPATH/CodeIgniter.php(934): App\Controllers\Cursos->actualizar('1')
 3 SYSTEMPATH/CodeIgniter.php(499): CodeIgniter\CodeIgniter->runController(Object(App\Controllers\Cursos))
 4 SYSTEMPATH/CodeIgniter.php(368): CodeIgniter\CodeIgniter->handleRequest(null, Object(Config\Cache), false)
 5 FCPATH/index.php(67): CodeIgniter\CodeIgniter->run()
 6 SYSTEMPATH/Commands/Server/rewrite.php(47): require_once('FCPATH/index.php')
CRITICAL - 2023-04-25 21:01:00 --> Undefined variable $cursos
in APPPATH/Views/escolar/lista/disciplinas.php on line 45.
 1 APPPATH/Views/escolar/lista/disciplinas.php(45): CodeIgniter\Debug\Exceptions->errorHandler(2, 'Undefined variable $cursos', 'APPPATH/Views/escolar/lista/disciplinas.php', 45)
 2 SYSTEMPATH/View/View.php(213): include('APPPATH/Views/escolar/lista/disciplinas.php')
 3 SYSTEMPATH/View/View.php(216): CodeIgniter\View\View->CodeIgniter\View\{closure}()
 4 SYSTEMPATH/Common.php(1184): CodeIgniter\View\View->render('escolar/lista/disciplinas', [], true)
 5 APPPATH/Controllers/Disciplinas.php(50): view('escolar/lista/disciplinas', [...])
 6 SYSTEMPATH/CodeIgniter.php(934): App\Controllers\Disciplinas->index()
 7 SYSTEMPATH/CodeIgniter.php(499): CodeIgniter\CodeIgniter->runController(Object(App\Controllers\Disciplinas))
 8 SYSTEMPATH/CodeIgniter.php(368): CodeIgniter\CodeIgniter->handleRequest(null, Object(Config\Cache), false)
 9 FCPATH/index.php(67): CodeIgniter\CodeIgniter->run()
10 SYSTEMPATH/Commands/Server/rewrite.php(47): require_once('FCPATH/index.php')
CRITICAL - 2023-04-25 21:09:16 --> Undefined variable $cursos
in APPPATH/Views/escolar/adicionar/disciplina.php on line 41.
 1 APPPATH/Views/escolar/adicionar/disciplina.php(41): CodeIgniter\Debug\Exceptions->errorHandler(2, 'Undefined variable $cursos', 'APPPATH/Views/escolar/adicionar/disciplina.php', 41)
 2 SYSTEMPATH/View/View.php(213): include('APPPATH/Views/escolar/adicionar/disciplina.php')
 3 SYSTEMPATH/View/View.php(216): CodeIgniter\View\View->CodeIgniter\View\{closure}()
 4 SYSTEMPATH/Common.php(1184): CodeIgniter\View\View->render('escolar/adicionar/disciplina', [], true)
 5 APPPATH/Controllers/Disciplinas.php(121): view('escolar/adicionar/disciplina')
 6 SYSTEMPATH/CodeIgniter.php(934): App\Controllers\Disciplinas->adicionar()
 7 SYSTEMPATH/CodeIgniter.php(499): CodeIgniter\CodeIgniter->runController(Object(App\Controllers\Disciplinas))
 8 SYSTEMPATH/CodeIgniter.php(368): CodeIgniter\CodeIgniter->handleRequest(null, Object(Config\Cache), false)
 9 FCPATH/index.php(67): CodeIgniter\CodeIgniter->run()
10 SYSTEMPATH/Commands/Server/rewrite.php(47): require_once('FCPATH/index.php')
CRITICAL - 2023-04-25 21:10:27 --> Undefined variable $cursos
in APPPATH/Views/escolar/adicionar/disciplina.php on line 41.
 1 APPPATH/Views/escolar/adicionar/disciplina.php(41): CodeIgniter\Debug\Exceptions->errorHandler(2, 'Undefined variable $cursos', 'APPPATH/Views/escolar/adicionar/disciplina.php', 41)
 2 SYSTEMPATH/View/View.php(213): include('APPPATH/Views/escolar/adicionar/disciplina.php')
 3 SYSTEMPATH/View/View.php(216): CodeIgniter\View\View->CodeIgniter\View\{closure}()
 4 SYSTEMPATH/Common.php(1184): CodeIgniter\View\View->render('escolar/adicionar/disciplina', [], true)
 5 APPPATH/Controllers/Disciplinas.php(122): view('escolar/adicionar/disciplina')
 6 SYSTEMPATH/CodeIgniter.php(934): App\Controllers\Disciplinas->adicionar()
 7 SYSTEMPATH/CodeIgniter.php(499): CodeIgniter\CodeIgniter->runController(Object(App\Controllers\Disciplinas))
 8 SYSTEMPATH/CodeIgniter.php(368): CodeIgniter\CodeIgniter->handleRequest(null, Object(Config\Cache), false)
 9 FCPATH/index.php(67): CodeIgniter\CodeIgniter->run()
10 SYSTEMPATH/Commands/Server/rewrite.php(47): require_once('FCPATH/index.php')
CRITICAL - 2023-04-25 21:10:28 --> Undefined variable $cursos
in APPPATH/Views/escolar/adicionar/disciplina.php on line 41.
 1 APPPATH/Views/escolar/adicionar/disciplina.php(41): CodeIgniter\Debug\Exceptions->errorHandler(2, 'Undefined variable $cursos', 'APPPATH/Views/escolar/adicionar/disciplina.php', 41)
 2 SYSTEMPATH/View/View.php(213): include('APPPATH/Views/escolar/adicionar/disciplina.php')
 3 SYSTEMPATH/View/View.php(216): CodeIgniter\View\View->CodeIgniter\View\{closure}()
 4 SYSTEMPATH/Common.php(1184): CodeIgniter\View\View->render('escolar/adicionar/disciplina', [], true)
 5 APPPATH/Controllers/Disciplinas.php(122): view('escolar/adicionar/disciplina')
 6 SYSTEMPATH/CodeIgniter.php(934): App\Controllers\Disciplinas->adicionar()
 7 SYSTEMPATH/CodeIgniter.php(499): CodeIgniter\CodeIgniter->runController(Object(App\Controllers\Disciplinas))
 8 SYSTEMPATH/CodeIgniter.php(368): CodeIgniter\CodeIgniter->handleRequest(null, Object(Config\Cache), false)
 9 FCPATH/index.php(67): CodeIgniter\CodeIgniter->run()
10 SYSTEMPATH/Commands/Server/rewrite.php(47): require_once('FCPATH/index.php')
CRITICAL - 2023-04-25 21:11:36 --> Undefined variable $cursos
in APPPATH/Views/escolar/adicionar/disciplina.php on line 41.
 1 APPPATH/Views/escolar/adicionar/disciplina.php(41): CodeIgniter\Debug\Exceptions->errorHandler(2, 'Undefined variable $cursos', 'APPPATH/Views/escolar/adicionar/disciplina.php', 41)
 2 SYSTEMPATH/View/View.php(213): include('APPPATH/Views/escolar/adicionar/disciplina.php')
 3 SYSTEMPATH/View/View.php(216): CodeIgniter\View\View->CodeIgniter\View\{closure}()
 4 SYSTEMPATH/Common.php(1184): CodeIgniter\View\View->render('escolar/adicionar/disciplina', [], true)
 5 APPPATH/Controllers/Disciplinas.php(121): view('escolar/adicionar/disciplina')
 6 SYSTEMPATH/CodeIgniter.php(934): App\Controllers\Disciplinas->adicionar()
 7 SYSTEMPATH/CodeIgniter.php(499): CodeIgniter\CodeIgniter->runController(Object(App\Controllers\Disciplinas))
 8 SYSTEMPATH/CodeIgniter.php(368): CodeIgniter\CodeIgniter->handleRequest(null, Object(Config\Cache), false)
 9 FCPATH/index.php(67): CodeIgniter\CodeIgniter->run()
10 SYSTEMPATH/Commands/Server/rewrite.php(47): require_once('FCPATH/index.php')
ERROR - 2023-04-25 22:04:02 --> mysqli_sql_exception: Cannot add or update a child row: a foreign key constraint fails (`gestao_alunos`.`disciplinas`, CONSTRAINT `FK_disciplinas_2` FOREIGN KEY (`ano`) REFERENCES `anos` (`id`)) in /Users/arseniomuanda/MyJobs/Joelson/gestao_alunos/system/Database/MySQLi/Connection.php:295
Stack trace:
#0 /Users/arseniomuanda/MyJobs/Joelson/gestao_alunos/system/Database/MySQLi/Connection.php(295): mysqli->query('INSERT INTO `di...', 0)
#1 /Users/arseniomuanda/MyJobs/Joelson/gestao_alunos/system/Database/BaseConnection.php(691): CodeIgniter\Database\MySQLi\Connection->execute('INSERT INTO `di...')
#2 /Users/arseniomuanda/MyJobs/Joelson/gestao_alunos/system/Database/BaseConnection.php(605): CodeIgniter\Database\BaseConnection->simpleQuery('INSERT INTO `di...')
#3 /Users/arseniomuanda/MyJobs/Joelson/gestao_alunos/system/Database/BaseBuilder.php(2309): CodeIgniter\Database\BaseConnection->query('INSERT INTO `di...', Array, false)
#4 /Users/arseniomuanda/MyJobs/Joelson/gestao_alunos/system/Model.php(330): CodeIgniter\Database\BaseBuilder->insert()
#5 /Users/arseniomuanda/MyJobs/Joelson/gestao_alunos/system/BaseModel.php(782): CodeIgniter\Model->doInsert(Array)
#6 /Users/arseniomuanda/MyJobs/Joelson/gestao_alunos/system/Model.php(730): CodeIgniter\BaseModel->insert(Array, false)
#7 /Users/arseniomuanda/MyJobs/Joelson/gestao_alunos/system/BaseModel.php(692): CodeIgniter\Model->insert(Array, false)
#8 /Users/arseniomuanda/MyJobs/Joelson/gestao_alunos/app/Helpers/funcao_helper.php(26): CodeIgniter\BaseModel->save(Array)
#9 /Users/arseniomuanda/MyJobs/Joelson/gestao_alunos/app/Controllers/Disciplinas.php(71): cadastronormal(Object(App\Models\DisciplinaModel), Array, Object(CodeIgniter\Database\MySQLi\Connection), Object(App\Models\Auditoria))
#10 /Users/arseniomuanda/MyJobs/Joelson/gestao_alunos/system/CodeIgniter.php(934): App\Controllers\Disciplinas->add()
#11 /Users/arseniomuanda/MyJobs/Joelson/gestao_alunos/system/CodeIgniter.php(499): CodeIgniter\CodeIgniter->runController(Object(App\Controllers\Disciplinas))
#12 /Users/arseniomuanda/MyJobs/Joelson/gestao_alunos/system/CodeIgniter.php(368): CodeIgniter\CodeIgniter->handleRequest(NULL, Object(Config\Cache), false)
#13 /Users/arseniomuanda/MyJobs/Joelson/gestao_alunos/public/index.php(67): CodeIgniter\CodeIgniter->run()
#14 /Users/arseniomuanda/MyJobs/Joelson/gestao_alunos/system/Commands/Server/rewrite.php(47): require_once('/Users/arseniom...')
#15 {main}
CRITICAL - 2023-04-25 22:04:02 --> Cannot add or update a child row: a foreign key constraint fails (`gestao_alunos`.`disciplinas`, CONSTRAINT `FK_disciplinas_2` FOREIGN KEY (`ano`) REFERENCES `anos` (`id`))
in SYSTEMPATH/Database/BaseConnection.php on line 645.
 1 SYSTEMPATH/Database/BaseBuilder.php(2309): CodeIgniter\Database\BaseConnection->query('INSERT INTO `disciplinas` (`nome`, `ano`, `curso`) VALUES (:nome:, :ano:, :curso:)', [...], false)
 2 SYSTEMPATH/Model.php(330): CodeIgniter\Database\BaseBuilder->insert()
 3 SYSTEMPATH/BaseModel.php(782): CodeIgniter\Model->doInsert([...])
 4 SYSTEMPATH/Model.php(730): CodeIgniter\BaseModel->insert([...], false)
 5 SYSTEMPATH/BaseModel.php(692): CodeIgniter\Model->insert([...], false)
 6 APPPATH/Helpers/funcao_helper.php(26): CodeIgniter\BaseModel->save([...])
 7 APPPATH/Controllers/Disciplinas.php(71): cadastronormal(Object(App\Models\DisciplinaModel), [...], Object(CodeIgniter\Database\MySQLi\Connection), Object(App\Models\Auditoria))
 8 SYSTEMPATH/CodeIgniter.php(934): App\Controllers\Disciplinas->add()
 9 SYSTEMPATH/CodeIgniter.php(499): CodeIgniter\CodeIgniter->runController(Object(App\Controllers\Disciplinas))
10 SYSTEMPATH/CodeIgniter.php(368): CodeIgniter\CodeIgniter->handleRequest(null, Object(Config\Cache), false)
11 FCPATH/index.php(67): CodeIgniter\CodeIgniter->run()
12 SYSTEMPATH/Commands/Server/rewrite.php(47): require_once('FCPATH/index.php')
ERROR - 2023-04-25 22:04:36 --> mysqli_sql_exception: Cannot add or update a child row: a foreign key constraint fails (`gestao_alunos`.`disciplinas`, CONSTRAINT `FK_disciplinas_2` FOREIGN KEY (`ano`) REFERENCES `anos` (`id`)) in /Users/arseniomuanda/MyJobs/Joelson/gestao_alunos/system/Database/MySQLi/Connection.php:295
Stack trace:
#0 /Users/arseniomuanda/MyJobs/Joelson/gestao_alunos/system/Database/MySQLi/Connection.php(295): mysqli->query('INSERT INTO `di...', 0)
#1 /Users/arseniomuanda/MyJobs/Joelson/gestao_alunos/system/Database/BaseConnection.php(691): CodeIgniter\Database\MySQLi\Connection->execute('INSERT INTO `di...')
#2 /Users/arseniomuanda/MyJobs/Joelson/gestao_alunos/system/Database/BaseConnection.php(605): CodeIgniter\Database\BaseConnection->simpleQuery('INSERT INTO `di...')
#3 /Users/arseniomuanda/MyJobs/Joelson/gestao_alunos/system/Database/BaseBuilder.php(2309): CodeIgniter\Database\BaseConnection->query('INSERT INTO `di...', Array, false)
#4 /Users/arseniomuanda/MyJobs/Joelson/gestao_alunos/system/Model.php(330): CodeIgniter\Database\BaseBuilder->insert()
#5 /Users/arseniomuanda/MyJobs/Joelson/gestao_alunos/system/BaseModel.php(782): CodeIgniter\Model->doInsert(Array)
#6 /Users/arseniomuanda/MyJobs/Joelson/gestao_alunos/system/Model.php(730): CodeIgniter\BaseModel->insert(Array, false)
#7 /Users/arseniomuanda/MyJobs/Joelson/gestao_alunos/system/BaseModel.php(692): CodeIgniter\Model->insert(Array, false)
#8 /Users/arseniomuanda/MyJobs/Joelson/gestao_alunos/app/Helpers/funcao_helper.php(26): CodeIgniter\BaseModel->save(Array)
#9 /Users/arseniomuanda/MyJobs/Joelson/gestao_alunos/app/Controllers/Disciplinas.php(71): cadastronormal(Object(App\Models\DisciplinaModel), Array, Object(CodeIgniter\Database\MySQLi\Connection), Object(App\Models\Auditoria))
#10 /Users/arseniomuanda/MyJobs/Joelson/gestao_alunos/system/CodeIgniter.php(934): App\Controllers\Disciplinas->add()
#11 /Users/arseniomuanda/MyJobs/Joelson/gestao_alunos/system/CodeIgniter.php(499): CodeIgniter\CodeIgniter->runController(Object(App\Controllers\Disciplinas))
#12 /Users/arseniomuanda/MyJobs/Joelson/gestao_alunos/system/CodeIgniter.php(368): CodeIgniter\CodeIgniter->handleRequest(NULL, Object(Config\Cache), false)
#13 /Users/arseniomuanda/MyJobs/Joelson/gestao_alunos/public/index.php(67): CodeIgniter\CodeIgniter->run()
#14 /Users/arseniomuanda/MyJobs/Joelson/gestao_alunos/system/Commands/Server/rewrite.php(47): require_once('/Users/arseniom...')
#15 {main}
CRITICAL - 2023-04-25 22:04:36 --> Cannot add or update a child row: a foreign key constraint fails (`gestao_alunos`.`disciplinas`, CONSTRAINT `FK_disciplinas_2` FOREIGN KEY (`ano`) REFERENCES `anos` (`id`))
in SYSTEMPATH/Database/BaseConnection.php on line 645.
 1 SYSTEMPATH/Database/BaseBuilder.php(2309): CodeIgniter\Database\BaseConnection->query('INSERT INTO `disciplinas` (`nome`, `ano`, `curso`) VALUES (:nome:, :ano:, :curso:)', [...], false)
 2 SYSTEMPATH/Model.php(330): CodeIgniter\Database\BaseBuilder->insert()
 3 SYSTEMPATH/BaseModel.php(782): CodeIgniter\Model->doInsert([...])
 4 SYSTEMPATH/Model.php(730): CodeIgniter\BaseModel->insert([...], false)
 5 SYSTEMPATH/BaseModel.php(692): CodeIgniter\Model->insert([...], false)
 6 APPPATH/Helpers/funcao_helper.php(26): CodeIgniter\BaseModel->save([...])
 7 APPPATH/Controllers/Disciplinas.php(71): cadastronormal(Object(App\Models\DisciplinaModel), [...], Object(CodeIgniter\Database\MySQLi\Connection), Object(App\Models\Auditoria))
 8 SYSTEMPATH/CodeIgniter.php(934): App\Controllers\Disciplinas->add()
 9 SYSTEMPATH/CodeIgniter.php(499): CodeIgniter\CodeIgniter->runController(Object(App\Controllers\Disciplinas))
10 SYSTEMPATH/CodeIgniter.php(368): CodeIgniter\CodeIgniter->handleRequest(null, Object(Config\Cache), false)
11 FCPATH/index.php(67): CodeIgniter\CodeIgniter->run()
12 SYSTEMPATH/Commands/Server/rewrite.php(47): require_once('FCPATH/index.php')
ERROR - 2023-04-25 22:21:07 --> mysqli_sql_exception: Unknown column 'curso' in 'field list' in /Users/arseniomuanda/MyJobs/Joelson/gestao_alunos/system/Database/MySQLi/Connection.php:295
Stack trace:
#0 /Users/arseniomuanda/MyJobs/Joelson/gestao_alunos/system/Database/MySQLi/Connection.php(295): mysqli->query('INSERT INTO `di...', 0)
#1 /Users/arseniomuanda/MyJobs/Joelson/gestao_alunos/system/Database/BaseConnection.php(691): CodeIgniter\Database\MySQLi\Connection->execute('INSERT INTO `di...')
#2 /Users/arseniomuanda/MyJobs/Joelson/gestao_alunos/system/Database/BaseConnection.php(605): CodeIgniter\Database\BaseConnection->simpleQuery('INSERT INTO `di...')
#3 /Users/arseniomuanda/MyJobs/Joelson/gestao_alunos/system/Database/BaseBuilder.php(2309): CodeIgniter\Database\BaseConnection->query('INSERT INTO `di...', Array, false)
#4 /Users/arseniomuanda/MyJobs/Joelson/gestao_alunos/system/Model.php(330): CodeIgniter\Database\BaseBuilder->insert()
#5 /Users/arseniomuanda/MyJobs/Joelson/gestao_alunos/system/BaseModel.php(782): CodeIgniter\Model->doInsert(Array)
#6 /Users/arseniomuanda/MyJobs/Joelson/gestao_alunos/system/Model.php(730): CodeIgniter\BaseModel->insert(Array, false)
#7 /Users/arseniomuanda/MyJobs/Joelson/gestao_alunos/system/BaseModel.php(692): CodeIgniter\Model->insert(Array, false)
#8 /Users/arseniomuanda/MyJobs/Joelson/gestao_alunos/app/Helpers/funcao_helper.php(26): CodeIgniter\BaseModel->save(Array)
#9 /Users/arseniomuanda/MyJobs/Joelson/gestao_alunos/app/Controllers/Disciplinas.php(71): cadastronormal(Object(App\Models\DisciplinaModel), Array, Object(CodeIgniter\Database\MySQLi\Connection), Object(App\Models\Auditoria))
#10 /Users/arseniomuanda/MyJobs/Joelson/gestao_alunos/system/CodeIgniter.php(934): App\Controllers\Disciplinas->add()
#11 /Users/arseniomuanda/MyJobs/Joelson/gestao_alunos/system/CodeIgniter.php(499): CodeIgniter\CodeIgniter->runController(Object(App\Controllers\Disciplinas))
#12 /Users/arseniomuanda/MyJobs/Joelson/gestao_alunos/system/CodeIgniter.php(368): CodeIgniter\CodeIgniter->handleRequest(NULL, Object(Config\Cache), false)
#13 /Users/arseniomuanda/MyJobs/Joelson/gestao_alunos/public/index.php(67): CodeIgniter\CodeIgniter->run()
#14 /Users/arseniomuanda/MyJobs/Joelson/gestao_alunos/system/Commands/Server/rewrite.php(47): require_once('/Users/arseniom...')
#15 {main}
CRITICAL - 2023-04-25 22:21:07 --> Unknown column 'curso' in 'field list'
in SYSTEMPATH/Database/BaseConnection.php on line 645.
 1 SYSTEMPATH/Database/BaseBuilder.php(2309): CodeIgniter\Database\BaseConnection->query('INSERT INTO `disciplinas` (`nome`, `ano`, `curso`) VALUES (:nome:, :ano:, :curso:)', [...], false)
 2 SYSTEMPATH/Model.php(330): CodeIgniter\Database\BaseBuilder->insert()
 3 SYSTEMPATH/BaseModel.php(782): CodeIgniter\Model->doInsert([...])
 4 SYSTEMPATH/Model.php(730): CodeIgniter\BaseModel->insert([...], false)
 5 SYSTEMPATH/BaseModel.php(692): CodeIgniter\Model->insert([...], false)
 6 APPPATH/Helpers/funcao_helper.php(26): CodeIgniter\BaseModel->save([...])
 7 APPPATH/Controllers/Disciplinas.php(71): cadastronormal(Object(App\Models\DisciplinaModel), [...], Object(CodeIgniter\Database\MySQLi\Connection), Object(App\Models\Auditoria))
 8 SYSTEMPATH/CodeIgniter.php(934): App\Controllers\Disciplinas->add()
 9 SYSTEMPATH/CodeIgniter.php(499): CodeIgniter\CodeIgniter->runController(Object(App\Controllers\Disciplinas))
10 SYSTEMPATH/CodeIgniter.php(368): CodeIgniter\CodeIgniter->handleRequest(null, Object(Config\Cache), false)
11 FCPATH/index.php(67): CodeIgniter\CodeIgniter->run()
12 SYSTEMPATH/Commands/Server/rewrite.php(47): require_once('FCPATH/index.php')
ERROR - 2023-04-25 22:21:48 --> mysqli_sql_exception: Unknown column 'curso' in 'where clause' in /Users/arseniomuanda/MyJobs/Joelson/gestao_alunos/system/Database/MySQLi/Connection.php:295
Stack trace:
#0 /Users/arseniomuanda/MyJobs/Joelson/gestao_alunos/system/Database/MySQLi/Connection.php(295): mysqli->query('SELECT `cursos`...', 0)
#1 /Users/arseniomuanda/MyJobs/Joelson/gestao_alunos/system/Database/BaseConnection.php(691): CodeIgniter\Database\MySQLi\Connection->execute('SELECT `cursos`...')
#2 /Users/arseniomuanda/MyJobs/Joelson/gestao_alunos/system/Database/BaseConnection.php(605): CodeIgniter\Database\BaseConnection->simpleQuery('SELECT `cursos`...')
#3 /Users/arseniomuanda/MyJobs/Joelson/gestao_alunos/app/Controllers/Cursos.php(129): CodeIgniter\Database\BaseConnection->query('SELECT `cursos`...')
#4 /Users/arseniomuanda/MyJobs/Joelson/gestao_alunos/system/CodeIgniter.php(934): App\Controllers\Cursos->perfil('3')
#5 /Users/arseniomuanda/MyJobs/Joelson/gestao_alunos/system/CodeIgniter.php(499): CodeIgniter\CodeIgniter->runController(Object(App\Controllers\Cursos))
#6 /Users/arseniomuanda/MyJobs/Joelson/gestao_alunos/system/CodeIgniter.php(368): CodeIgniter\CodeIgniter->handleRequest(NULL, Object(Config\Cache), false)
#7 /Users/arseniomuanda/MyJobs/Joelson/gestao_alunos/public/index.php(67): CodeIgniter\CodeIgniter->run()
#8 /Users/arseniomuanda/MyJobs/Joelson/gestao_alunos/system/Commands/Server/rewrite.php(47): require_once('/Users/arseniom...')
#9 {main}
CRITICAL - 2023-04-25 22:21:48 --> Unknown column 'curso' in 'where clause'
in SYSTEMPATH/Database/BaseConnection.php on line 645.
 1 APPPATH/Controllers/Cursos.php(129): CodeIgniter\Database\BaseConnection->query('SELECT `cursos`.*, (SELECT COUNT(*) FROM `alunos` WHERE `curso` = `cursos`.`id`) AS `qtd_alunos`, (SELECT COUNT(*) FROM `disciplinas` WHERE `curso` = `cursos`.`id`) AS `qtd_disciplinas` FROM `cursos` WHERE `id` = 3')
 2 SYSTEMPATH/CodeIgniter.php(934): App\Controllers\Cursos->perfil('3')
 3 SYSTEMPATH/CodeIgniter.php(499): CodeIgniter\CodeIgniter->runController(Object(App\Controllers\Cursos))
 4 SYSTEMPATH/CodeIgniter.php(368): CodeIgniter\CodeIgniter->handleRequest(null, Object(Config\Cache), false)
 5 FCPATH/index.php(67): CodeIgniter\CodeIgniter->run()
 6 SYSTEMPATH/Commands/Server/rewrite.php(47): require_once('FCPATH/index.php')
ERROR - 2023-04-25 22:23:38 --> mysqli_sql_exception: Unknown column 'disciplinas.curso' in 'on clause' in /Users/arseniomuanda/MyJobs/Joelson/gestao_alunos/system/Database/MySQLi/Connection.php:295
Stack trace:
#0 /Users/arseniomuanda/MyJobs/Joelson/gestao_alunos/system/Database/MySQLi/Connection.php(295): mysqli->query('SELECT discipli...', 0)
#1 /Users/arseniomuanda/MyJobs/Joelson/gestao_alunos/system/Database/BaseConnection.php(691): CodeIgniter\Database\MySQLi\Connection->execute('SELECT discipli...')
#2 /Users/arseniomuanda/MyJobs/Joelson/gestao_alunos/system/Database/BaseConnection.php(605): CodeIgniter\Database\BaseConnection->simpleQuery('SELECT discipli...')
#3 /Users/arseniomuanda/MyJobs/Joelson/gestao_alunos/app/Controllers/Disciplinas.php(48): CodeIgniter\Database\BaseConnection->query('SELECT discipli...')
#4 /Users/arseniomuanda/MyJobs/Joelson/gestao_alunos/system/CodeIgniter.php(934): App\Controllers\Disciplinas->index()
#5 /Users/arseniomuanda/MyJobs/Joelson/gestao_alunos/system/CodeIgniter.php(499): CodeIgniter\CodeIgniter->runController(Object(App\Controllers\Disciplinas))
#6 /Users/arseniomuanda/MyJobs/Joelson/gestao_alunos/system/CodeIgniter.php(368): CodeIgniter\CodeIgniter->handleRequest(NULL, Object(Config\Cache), false)
#7 /Users/arseniomuanda/MyJobs/Joelson/gestao_alunos/public/index.php(67): CodeIgniter\CodeIgniter->run()
#8 /Users/arseniomuanda/MyJobs/Joelson/gestao_alunos/system/Commands/Server/rewrite.php(47): require_once('/Users/arseniom...')
#9 {main}
CRITICAL - 2023-04-25 22:23:38 --> Unknown column 'disciplinas.curso' in 'on clause'
in SYSTEMPATH/Database/BaseConnection.php on line 645.
 1 APPPATH/Controllers/Disciplinas.php(48): CodeIgniter\Database\BaseConnection->query('SELECT disciplinas.id, disciplinas.nome, anos.nome, cursos.nome, cursos.sigla FROM `disciplinas` INNER JOIN anos ON disciplinas.ano = anos.id INNER JOIN cursos ON disciplinas.curso = cursos.id')
 2 SYSTEMPATH/CodeIgniter.php(934): App\Controllers\Disciplinas->index()
 3 SYSTEMPATH/CodeIgniter.php(499): CodeIgniter\CodeIgniter->runController(Object(App\Controllers\Disciplinas))
 4 SYSTEMPATH/CodeIgniter.php(368): CodeIgniter\CodeIgniter->handleRequest(null, Object(Config\Cache), false)
 5 FCPATH/index.php(67): CodeIgniter\CodeIgniter->run()
 6 SYSTEMPATH/Commands/Server/rewrite.php(47): require_once('FCPATH/index.php')
CRITICAL - 2023-04-25 22:29:04 --> Undefined property: stdClass::$curso
in APPPATH/Views/escolar/lista/disciplinas.php on line 49.
 1 APPPATH/Views/escolar/lista/disciplinas.php(49): CodeIgniter\Debug\Exceptions->errorHandler(2, 'Undefined property: stdClass::$curso', 'APPPATH/Views/escolar/lista/disciplinas.php', 49)
 2 SYSTEMPATH/View/View.php(213): include('APPPATH/Views/escolar/lista/disciplinas.php')
 3 SYSTEMPATH/View/View.php(216): CodeIgniter\View\View->CodeIgniter\View\{closure}()
 4 SYSTEMPATH/Common.php(1184): CodeIgniter\View\View->render('escolar/lista/disciplinas', [], true)
 5 APPPATH/Controllers/Disciplinas.php(50): view('escolar/lista/disciplinas', [...])
 6 SYSTEMPATH/CodeIgniter.php(934): App\Controllers\Disciplinas->index()
 7 SYSTEMPATH/CodeIgniter.php(499): CodeIgniter\CodeIgniter->runController(Object(App\Controllers\Disciplinas))
 8 SYSTEMPATH/CodeIgniter.php(368): CodeIgniter\CodeIgniter->handleRequest(null, Object(Config\Cache), false)
 9 FCPATH/index.php(67): CodeIgniter\CodeIgniter->run()
10 SYSTEMPATH/Commands/Server/rewrite.php(47): require_once('FCPATH/index.php')
CRITICAL - 2023-04-25 22:59:08 --> Undefined variable $disciplinas
in APPPATH/Views/escolar/adicionar/disciplina.php on line 31.
 1 APPPATH/Views/escolar/adicionar/disciplina.php(31): CodeIgniter\Debug\Exceptions->errorHandler(2, 'Undefined variable $disciplinas', 'APPPATH/Views/escolar/adicionar/disciplina.php', 31)
 2 SYSTEMPATH/View/View.php(213): include('APPPATH/Views/escolar/adicionar/disciplina.php')
 3 SYSTEMPATH/View/View.php(216): CodeIgniter\View\View->CodeIgniter\View\{closure}()
 4 SYSTEMPATH/Common.php(1184): CodeIgniter\View\View->render('escolar/adicionar/disciplina', [], true)
 5 APPPATH/Controllers/Disciplinas.php(124): view('escolar/adicionar/disciplina', [...])
 6 SYSTEMPATH/CodeIgniter.php(934): App\Controllers\Disciplinas->adicionar()
 7 SYSTEMPATH/CodeIgniter.php(499): CodeIgniter\CodeIgniter->runController(Object(App\Controllers\Disciplinas))
 8 SYSTEMPATH/CodeIgniter.php(368): CodeIgniter\CodeIgniter->handleRequest(null, Object(Config\Cache), false)
 9 FCPATH/index.php(67): CodeIgniter\CodeIgniter->run()
10 SYSTEMPATH/Commands/Server/rewrite.php(47): require_once('FCPATH/index.php')
CRITICAL - 2023-04-25 22:59:49 --> Undefined variable $disciplinas
in APPPATH/Views/escolar/adicionar/disciplina.php on line 31.
 1 APPPATH/Views/escolar/adicionar/disciplina.php(31): CodeIgniter\Debug\Exceptions->errorHandler(2, 'Undefined variable $disciplinas', 'APPPATH/Views/escolar/adicionar/disciplina.php', 31)
 2 SYSTEMPATH/View/View.php(213): include('APPPATH/Views/escolar/adicionar/disciplina.php')
 3 SYSTEMPATH/View/View.php(216): CodeIgniter\View\View->CodeIgniter\View\{closure}()
 4 SYSTEMPATH/Common.php(1184): CodeIgniter\View\View->render('escolar/adicionar/disciplina', [], true)
 5 APPPATH/Controllers/Disciplinas.php(124): view('escolar/adicionar/disciplina', [...])
 6 SYSTEMPATH/CodeIgniter.php(934): App\Controllers\Disciplinas->adicionar()
 7 SYSTEMPATH/CodeIgniter.php(499): CodeIgniter\CodeIgniter->runController(Object(App\Controllers\Disciplinas))
 8 SYSTEMPATH/CodeIgniter.php(368): CodeIgniter\CodeIgniter->handleRequest(null, Object(Config\Cache), false)
 9 FCPATH/index.php(67): CodeIgniter\CodeIgniter->run()
10 SYSTEMPATH/Commands/Server/rewrite.php(47): require_once('FCPATH/index.php')
CRITICAL - 2023-04-25 22:59:55 --> Undefined variable $ano
in APPPATH/Views/escolar/adicionar/disciplina.php on line 31.
 1 APPPATH/Views/escolar/adicionar/disciplina.php(31): CodeIgniter\Debug\Exceptions->errorHandler(2, 'Undefined variable $ano', 'APPPATH/Views/escolar/adicionar/disciplina.php', 31)
 2 SYSTEMPATH/View/View.php(213): include('APPPATH/Views/escolar/adicionar/disciplina.php')
 3 SYSTEMPATH/View/View.php(216): CodeIgniter\View\View->CodeIgniter\View\{closure}()
 4 SYSTEMPATH/Common.php(1184): CodeIgniter\View\View->render('escolar/adicionar/disciplina', [], true)
 5 APPPATH/Controllers/Disciplinas.php(124): view('escolar/adicionar/disciplina', [...])
 6 SYSTEMPATH/CodeIgniter.php(934): App\Controllers\Disciplinas->adicionar()
 7 SYSTEMPATH/CodeIgniter.php(499): CodeIgniter\CodeIgniter->runController(Object(App\Controllers\Disciplinas))
 8 SYSTEMPATH/CodeIgniter.php(368): CodeIgniter\CodeIgniter->handleRequest(null, Object(Config\Cache), false)
 9 FCPATH/index.php(67): CodeIgniter\CodeIgniter->run()
10 SYSTEMPATH/Commands/Server/rewrite.php(47): require_once('FCPATH/index.php')
CRITICAL - 2023-04-25 23:00:02 --> Undefined variable $anos
in APPPATH/Views/escolar/adicionar/disciplina.php on line 31.
 1 APPPATH/Views/escolar/adicionar/disciplina.php(31): CodeIgniter\Debug\Exceptions->errorHandler(2, 'Undefined variable $anos', 'APPPATH/Views/escolar/adicionar/disciplina.php', 31)
 2 SYSTEMPATH/View/View.php(213): include('APPPATH/Views/escolar/adicionar/disciplina.php')
 3 SYSTEMPATH/View/View.php(216): CodeIgniter\View\View->CodeIgniter\View\{closure}()
 4 SYSTEMPATH/Common.php(1184): CodeIgniter\View\View->render('escolar/adicionar/disciplina', [], true)
 5 APPPATH/Controllers/Disciplinas.php(124): view('escolar/adicionar/disciplina', [...])
 6 SYSTEMPATH/CodeIgniter.php(934): App\Controllers\Disciplinas->adicionar()
 7 SYSTEMPATH/CodeIgniter.php(499): CodeIgniter\CodeIgniter->runController(Object(App\Controllers\Disciplinas))
 8 SYSTEMPATH/CodeIgniter.php(368): CodeIgniter\CodeIgniter->handleRequest(null, Object(Config\Cache), false)
 9 FCPATH/index.php(67): CodeIgniter\CodeIgniter->run()
10 SYSTEMPATH/Commands/Server/rewrite.php(47): require_once('FCPATH/index.php')
