INFO - 2023-05-01 09:16:11 --> Session: Class initialized using 'CodeIgniter\Session\Handlers\FileHandler' driver.
INFO - 2023-05-01 09:16:13 --> Session: Class initialized using 'CodeIgniter\Session\Handlers\FileHandler' driver.
ERROR - 2023-05-01 09:16:13 --> Error connecting to the database: mysqli_sql_exception: Connection refused in /Users/arseniomuanda/MyJobs/Joelson/gestao_alunos/system/Database/MySQLi/Connection.php:174
Stack trace:
#0 /Users/arseniomuanda/MyJobs/Joelson/gestao_alunos/system/Database/MySQLi/Connection.php(174): mysqli->real_connect('localhost:8889', 'root', 'root', 'gestao_alunos', 3306, '', 0)
#1 /Users/arseniomuanda/MyJobs/Joelson/gestao_alunos/system/Database/BaseConnection.php(391): CodeIgniter\Database\MySQLi\Connection->connect(false)
#2 /Users/arseniomuanda/MyJobs/Joelson/gestao_alunos/system/Database/BaseConnection.php(573): CodeIgniter\Database\BaseConnection->initialize()
#3 /Users/arseniomuanda/MyJobs/Joelson/gestao_alunos/app/Controllers/Login.php(59): CodeIgniter\Database\BaseConnection->query('SELECT COUNT(*)...')
#4 /Users/arseniomuanda/MyJobs/Joelson/gestao_alunos/app/Controllers/Login.php(89): App\Controllers\Login->validar_login('admin@admin.com')
#5 /Users/arseniomuanda/MyJobs/Joelson/gestao_alunos/system/CodeIgniter.php(934): App\Controllers\Login->login()
#6 /Users/arseniomuanda/MyJobs/Joelson/gestao_alunos/system/CodeIgniter.php(499): CodeIgniter\CodeIgniter->runController(Object(App\Controllers\Login))
#7 /Users/arseniomuanda/MyJobs/Joelson/gestao_alunos/system/CodeIgniter.php(368): CodeIgniter\CodeIgniter->handleRequest(NULL, Object(Config\Cache), false)
#8 /Users/arseniomuanda/MyJobs/Joelson/gestao_alunos/public/index.php(67): CodeIgniter\CodeIgniter->run()
#9 /Users/arseniomuanda/MyJobs/Joelson/gestao_alunos/system/Commands/Server/rewrite.php(47): require_once('/Users/arseniom...')
#10 {main}

Next CodeIgniter\Database\Exceptions\DatabaseException: Connection refused in /Users/arseniomuanda/MyJobs/Joelson/gestao_alunos/system/Database/MySQLi/Connection.php:218
Stack trace:
#0 /Users/arseniomuanda/MyJobs/Joelson/gestao_alunos/system/Database/BaseConnection.php(391): CodeIgniter\Database\MySQLi\Connection->connect(false)
#1 /Users/arseniomuanda/MyJobs/Joelson/gestao_alunos/system/Database/BaseConnection.php(573): CodeIgniter\Database\BaseConnection->initialize()
#2 /Users/arseniomuanda/MyJobs/Joelson/gestao_alunos/app/Controllers/Login.php(59): CodeIgniter\Database\BaseConnection->query('SELECT COUNT(*)...')
#3 /Users/arseniomuanda/MyJobs/Joelson/gestao_alunos/app/Controllers/Login.php(89): App\Controllers\Login->validar_login('admin@admin.com')
#4 /Users/arseniomuanda/MyJobs/Joelson/gestao_alunos/system/CodeIgniter.php(934): App\Controllers\Login->login()
#5 /Users/arseniomuanda/MyJobs/Joelson/gestao_alunos/system/CodeIgniter.php(499): CodeIgniter\CodeIgniter->runController(Object(App\Controllers\Login))
#6 /Users/arseniomuanda/MyJobs/Joelson/gestao_alunos/system/CodeIgniter.php(368): CodeIgniter\CodeIgniter->handleRequest(NULL, Object(Config\Cache), false)
#7 /Users/arseniomuanda/MyJobs/Joelson/gestao_alunos/public/index.php(67): CodeIgniter\CodeIgniter->run()
#8 /Users/arseniomuanda/MyJobs/Joelson/gestao_alunos/system/Commands/Server/rewrite.php(47): require_once('/Users/arseniom...')
#9 {main}
CRITICAL - 2023-05-01 09:16:13 --> Unable to connect to the database.
Main connection [MySQLi]: Connection refused
in SYSTEMPATH/Database/BaseConnection.php on line 427.
 1 SYSTEMPATH/Database/BaseConnection.php(573): CodeIgniter\Database\BaseConnection->initialize()
 2 APPPATH/Controllers/Login.php(59): CodeIgniter\Database\BaseConnection->query('SELECT COUNT(*) AS total FROM utilizadores WHERE email = \'admin@admin.com\'')
 3 APPPATH/Controllers/Login.php(89): App\Controllers\Login->validar_login('admin@admin.com')
 4 SYSTEMPATH/CodeIgniter.php(934): App\Controllers\Login->login()
 5 SYSTEMPATH/CodeIgniter.php(499): CodeIgniter\CodeIgniter->runController(Object(App\Controllers\Login))
 6 SYSTEMPATH/CodeIgniter.php(368): CodeIgniter\CodeIgniter->handleRequest(null, Object(Config\Cache), false)
 7 FCPATH/index.php(67): CodeIgniter\CodeIgniter->run()
 8 SYSTEMPATH/Commands/Server/rewrite.php(47): require_once('FCPATH/index.php')
INFO - 2023-05-01 09:16:25 --> Session: Class initialized using 'CodeIgniter\Session\Handlers\FileHandler' driver.
INFO - 2023-05-01 09:16:25 --> Session: Class initialized using 'CodeIgniter\Session\Handlers\FileHandler' driver.
