CRITICAL - 2023-04-01 17:20:41 --> Invalid file: "escolar/perfil/disciplinas.php"
in SYSTEMPATH/Exceptions/FrameworkException.php on line 33.
 1 SYSTEMPATH/View/View.php(201): CodeIgniter\Exceptions\FrameworkException::forInvalidFile('escolar/perfil/disciplinas.php')
 2 SYSTEMPATH/Common.php(1184): CodeIgniter\View\View->render('escolar/perfil/disciplinas', [], true)
 3 APPPATH/Controllers/Disciplinas.php(19): view('escolar/perfil/disciplinas')
 4 SYSTEMPATH/CodeIgniter.php(934): App\Controllers\Disciplinas->perfil('1')
 5 SYSTEMPATH/CodeIgniter.php(499): CodeIgniter\CodeIgniter->runController(Object(App\Controllers\Disciplinas))
 6 SYSTEMPATH/CodeIgniter.php(368): CodeIgniter\CodeIgniter->handleRequest(null, Object(Config\Cache), false)
 7 FCPATH/index.php(67): CodeIgniter\CodeIgniter->run()
 8 SYSTEMPATH/Commands/Server/rewrite.php(47): require_once('FCPATH/index.php')
CRITICAL - 2023-04-01 17:25:00 --> Invalid file: "escolar/adicionar/disciplinas.php"
in SYSTEMPATH/Exceptions/FrameworkException.php on line 33.
 1 SYSTEMPATH/View/View.php(201): CodeIgniter\Exceptions\FrameworkException::forInvalidFile('escolar/adicionar/disciplinas.php')
 2 SYSTEMPATH/Common.php(1184): CodeIgniter\View\View->render('escolar/adicionar/disciplinas', [], true)
 3 APPPATH/Controllers/Disciplinas.php(14): view('escolar/adicionar/disciplinas')
 4 SYSTEMPATH/CodeIgniter.php(934): App\Controllers\Disciplinas->adicionar()
 5 SYSTEMPATH/CodeIgniter.php(499): CodeIgniter\CodeIgniter->runController(Object(App\Controllers\Disciplinas))
 6 SYSTEMPATH/CodeIgniter.php(368): CodeIgniter\CodeIgniter->handleRequest(null, Object(Config\Cache), false)
 7 FCPATH/index.php(67): CodeIgniter\CodeIgniter->run()
 8 SYSTEMPATH/Commands/Server/rewrite.php(47): require_once('FCPATH/index.php')
CRITICAL - 2023-04-01 17:53:36 --> Invalid file: "escolar/perfil/alunos.php"
in SYSTEMPATH/Exceptions/FrameworkException.php on line 33.
 1 SYSTEMPATH/View/View.php(201): CodeIgniter\Exceptions\FrameworkException::forInvalidFile('escolar/perfil/alunos.php')
 2 SYSTEMPATH/Common.php(1184): CodeIgniter\View\View->render('escolar/perfil/alunos', [], true)
 3 APPPATH/Controllers/Alunos.php(19): view('escolar/perfil/alunos')
 4 SYSTEMPATH/CodeIgniter.php(934): App\Controllers\Alunos->perfil('1')
 5 SYSTEMPATH/CodeIgniter.php(499): CodeIgniter\CodeIgniter->runController(Object(App\Controllers\Alunos))
 6 SYSTEMPATH/CodeIgniter.php(368): CodeIgniter\CodeIgniter->handleRequest(null, Object(Config\Cache), false)
 7 FCPATH/index.php(67): CodeIgniter\CodeIgniter->run()
 8 SYSTEMPATH/Commands/Server/rewrite.php(47): require_once('FCPATH/index.php')
CRITICAL - 2023-04-01 19:04:57 --> Invalid file: "escolar/adicionar/provas.php"
in SYSTEMPATH/Exceptions/FrameworkException.php on line 33.
 1 SYSTEMPATH/View/View.php(201): CodeIgniter\Exceptions\FrameworkException::forInvalidFile('escolar/adicionar/provas.php')
 2 SYSTEMPATH/Common.php(1184): CodeIgniter\View\View->render('escolar/adicionar/provas', [], true)
 3 APPPATH/Controllers/Provas.php(14): view('escolar/adicionar/provas')
 4 SYSTEMPATH/CodeIgniter.php(934): App\Controllers\Provas->adicionar()
 5 SYSTEMPATH/CodeIgniter.php(499): CodeIgniter\CodeIgniter->runController(Object(App\Controllers\Provas))
 6 SYSTEMPATH/CodeIgniter.php(368): CodeIgniter\CodeIgniter->handleRequest(null, Object(Config\Cache), false)
 7 FCPATH/index.php(67): CodeIgniter\CodeIgniter->run()
 8 SYSTEMPATH/Commands/Server/rewrite.php(47): require_once('FCPATH/index.php')
