INFO - 2023-06-10 17:46:34 --> Session: Class initialized using 'CodeIgniter\Session\Handlers\FileHandler' driver.
INFO - 2023-06-10 17:46:46 --> Session: Class initialized using 'CodeIgniter\Session\Handlers\FileHandler' driver.
INFO - 2023-06-10 17:46:46 --> Session: Class initialized using 'CodeIgniter\Session\Handlers\FileHandler' driver.
ERROR - 2023-06-10 17:54:04 --> mysqli_sql_exception: You have an error in your SQL syntax; check the manual that corresponds to your MySQL server version for the right syntax to use near '' at line 1 in /Users/arseniomuanda/MyJobs/Joelson/gestao_alunos/system/Database/MySQLi/Connection.php:295
Stack trace:
#0 /Users/arseniomuanda/MyJobs/Joelson/gestao_alunos/system/Database/MySQLi/Connection.php(295): mysqli->query('SELECT campanha...', 0)
#1 /Users/arseniomuanda/MyJobs/Joelson/gestao_alunos/system/Database/BaseConnection.php(691): CodeIgniter\Database\MySQLi\Connection->execute('SELECT campanha...')
#2 /Users/arseniomuanda/MyJobs/Joelson/gestao_alunos/system/Database/BaseConnection.php(605): CodeIgniter\Database\BaseConnection->simpleQuery('SELECT campanha...')
#3 /Users/arseniomuanda/MyJobs/Joelson/gestao_alunos/app/Controllers/Vagas.php(57): CodeIgniter\Database\BaseConnection->query('SELECT campanha...')
#4 /Users/arseniomuanda/MyJobs/Joelson/gestao_alunos/system/CodeIgniter.php(934): App\Controllers\Vagas->index()
#5 /Users/arseniomuanda/MyJobs/Joelson/gestao_alunos/system/CodeIgniter.php(499): CodeIgniter\CodeIgniter->runController(Object(App\Controllers\Vagas))
#6 /Users/arseniomuanda/MyJobs/Joelson/gestao_alunos/system/CodeIgniter.php(368): CodeIgniter\CodeIgniter->handleRequest(NULL, Object(Config\Cache), false)
#7 /Users/arseniomuanda/MyJobs/Joelson/gestao_alunos/public/index.php(67): CodeIgniter\CodeIgniter->run()
#8 /Users/arseniomuanda/MyJobs/Joelson/gestao_alunos/system/Commands/Server/rewrite.php(47): require_once('/Users/arseniom...')
#9 {main}
CRITICAL - 2023-06-10 17:54:04 --> You have an error in your SQL syntax; check the manual that corresponds to your MySQL server version for the right syntax to use near '' at line 1
in SYSTEMPATH/Database/BaseConnection.php on line 645.
 1 APPPATH/Controllers/Vagas.php(57): CodeIgniter\Database\BaseConnection->query('SELECT campanhas.*, (SELECT COUNT(*) FROM candidatos WHERE candidatos.campanha = campanhas.id) AS alunos FROM `campanhas` WHERE')
 2 SYSTEMPATH/CodeIgniter.php(934): App\Controllers\Vagas->index()
 3 SYSTEMPATH/CodeIgniter.php(499): CodeIgniter\CodeIgniter->runController(Object(App\Controllers\Vagas))
 4 SYSTEMPATH/CodeIgniter.php(368): CodeIgniter\CodeIgniter->handleRequest(null, Object(Config\Cache), false)
 5 FCPATH/index.php(67): CodeIgniter\CodeIgniter->run()
 6 SYSTEMPATH/Commands/Server/rewrite.php(47): require_once('FCPATH/index.php')
CRITICAL - 2023-06-10 17:55:36 --> Attempt to read property "foto_tipo_pass" on null
in APPPATH/Views/escolar/perfil/alunos.php on line 18.
 1 APPPATH/Views/escolar/perfil/alunos.php(18): CodeIgniter\Debug\Exceptions->errorHandler(2, 'Attempt to read property "foto_tipo_pass" on null', 'APPPATH/Views/escolar/perfil/alunos.php', 18)
 2 SYSTEMPATH/View/View.php(213): include('APPPATH/Views/escolar/perfil/alunos.php')
 3 SYSTEMPATH/View/View.php(216): CodeIgniter\View\View->CodeIgniter\View\{closure}()
 4 SYSTEMPATH/Common.php(1184): CodeIgniter\View\View->render('escolar/perfil/alunos', [], true)
 5 APPPATH/Controllers/Alunos.php(75): view('escolar/perfil/alunos', [...])
 6 SYSTEMPATH/CodeIgniter.php(934): App\Controllers\Alunos->perfil('1')
 7 SYSTEMPATH/CodeIgniter.php(499): CodeIgniter\CodeIgniter->runController(Object(App\Controllers\Alunos))
 8 SYSTEMPATH/CodeIgniter.php(368): CodeIgniter\CodeIgniter->handleRequest(null, Object(Config\Cache), false)
 9 FCPATH/index.php(67): CodeIgniter\CodeIgniter->run()
10 SYSTEMPATH/Commands/Server/rewrite.php(47): require_once('FCPATH/index.php')
CRITICAL - 2023-06-10 18:25:28 --> Attempt to read property "foto_tipo_pass" on null
in APPPATH/Views/escolar/perfil/alunos.php on line 18.
 1 APPPATH/Views/escolar/perfil/alunos.php(18): CodeIgniter\Debug\Exceptions->errorHandler(2, 'Attempt to read property "foto_tipo_pass" on null', 'APPPATH/Views/escolar/perfil/alunos.php', 18)
 2 SYSTEMPATH/View/View.php(213): include('APPPATH/Views/escolar/perfil/alunos.php')
 3 SYSTEMPATH/View/View.php(216): CodeIgniter\View\View->CodeIgniter\View\{closure}()
 4 SYSTEMPATH/Common.php(1184): CodeIgniter\View\View->render('escolar/perfil/alunos', [], true)
 5 APPPATH/Controllers/Alunos.php(75): view('escolar/perfil/alunos', [...])
 6 SYSTEMPATH/CodeIgniter.php(934): App\Controllers\Alunos->perfil('3')
 7 SYSTEMPATH/CodeIgniter.php(499): CodeIgniter\CodeIgniter->runController(Object(App\Controllers\Alunos))
 8 SYSTEMPATH/CodeIgniter.php(368): CodeIgniter\CodeIgniter->handleRequest(null, Object(Config\Cache), false)
 9 FCPATH/index.php(67): CodeIgniter\CodeIgniter->run()
10 SYSTEMPATH/Commands/Server/rewrite.php(47): require_once('FCPATH/index.php')
CRITICAL - 2023-06-10 18:29:59 --> Attempt to read property "foto_tipo_pass" on null
in APPPATH/Views/escolar/perfil/alunos.php on line 18.
 1 APPPATH/Views/escolar/perfil/alunos.php(18): CodeIgniter\Debug\Exceptions->errorHandler(2, 'Attempt to read property "foto_tipo_pass" on null', 'APPPATH/Views/escolar/perfil/alunos.php', 18)
 2 SYSTEMPATH/View/View.php(213): include('APPPATH/Views/escolar/perfil/alunos.php')
 3 SYSTEMPATH/View/View.php(216): CodeIgniter\View\View->CodeIgniter\View\{closure}()
 4 SYSTEMPATH/Common.php(1184): CodeIgniter\View\View->render('escolar/perfil/alunos', [], true)
 5 APPPATH/Controllers/Alunos.php(75): view('escolar/perfil/alunos', [...])
 6 SYSTEMPATH/CodeIgniter.php(934): App\Controllers\Alunos->perfil('3')
 7 SYSTEMPATH/CodeIgniter.php(499): CodeIgniter\CodeIgniter->runController(Object(App\Controllers\Alunos))
 8 SYSTEMPATH/CodeIgniter.php(368): CodeIgniter\CodeIgniter->handleRequest(null, Object(Config\Cache), false)
 9 FCPATH/index.php(67): CodeIgniter\CodeIgniter->run()
10 SYSTEMPATH/Commands/Server/rewrite.php(47): require_once('FCPATH/index.php')
CRITICAL - 2023-06-10 18:30:46 --> Attempt to read property "foto_tipo_pass" on null
in APPPATH/Views/escolar/perfil/alunos.php on line 18.
 1 APPPATH/Views/escolar/perfil/alunos.php(18): CodeIgniter\Debug\Exceptions->errorHandler(2, 'Attempt to read property "foto_tipo_pass" on null', 'APPPATH/Views/escolar/perfil/alunos.php', 18)
 2 SYSTEMPATH/View/View.php(213): include('APPPATH/Views/escolar/perfil/alunos.php')
 3 SYSTEMPATH/View/View.php(216): CodeIgniter\View\View->CodeIgniter\View\{closure}()
 4 SYSTEMPATH/Common.php(1184): CodeIgniter\View\View->render('escolar/perfil/alunos', [], true)
 5 APPPATH/Controllers/Alunos.php(75): view('escolar/perfil/alunos', [...])
 6 SYSTEMPATH/CodeIgniter.php(934): App\Controllers\Alunos->perfil('3')
 7 SYSTEMPATH/CodeIgniter.php(499): CodeIgniter\CodeIgniter->runController(Object(App\Controllers\Alunos))
 8 SYSTEMPATH/CodeIgniter.php(368): CodeIgniter\CodeIgniter->handleRequest(null, Object(Config\Cache), false)
 9 FCPATH/index.php(67): CodeIgniter\CodeIgniter->run()
10 SYSTEMPATH/Commands/Server/rewrite.php(47): require_once('FCPATH/index.php')
CRITICAL - 2023-06-10 18:33:26 --> Attempt to read property "nome" on array
in APPPATH/Views/configuracao/perfil/salas.php on line 47.
 1 APPPATH/Views/configuracao/perfil/salas.php(47): CodeIgniter\Debug\Exceptions->errorHandler(2, 'Attempt to read property "nome" on array', 'APPPATH/Views/configuracao/perfil/salas.php', 47)
 2 SYSTEMPATH/View/View.php(213): include('APPPATH/Views/configuracao/perfil/salas.php')
 3 SYSTEMPATH/View/View.php(216): CodeIgniter\View\View->CodeIgniter\View\{closure}()
 4 SYSTEMPATH/Common.php(1184): CodeIgniter\View\View->render('configuracao/perfil/salas', [], true)
 5 APPPATH/Controllers/Salas.php(107): view('configuracao/perfil/salas', [...])
 6 SYSTEMPATH/CodeIgniter.php(934): App\Controllers\Salas->perfil('3')
 7 SYSTEMPATH/CodeIgniter.php(499): CodeIgniter\CodeIgniter->runController(Object(App\Controllers\Salas))
 8 SYSTEMPATH/CodeIgniter.php(368): CodeIgniter\CodeIgniter->handleRequest(null, Object(Config\Cache), false)
 9 FCPATH/index.php(67): CodeIgniter\CodeIgniter->run()
10 SYSTEMPATH/Commands/Server/rewrite.php(47): require_once('FCPATH/index.php')
CRITICAL - 2023-06-10 18:35:35 --> Attempt to read property "nome" on array
in APPPATH/Views/configuracao/perfil/salas.php on line 47.
 1 APPPATH/Views/configuracao/perfil/salas.php(47): CodeIgniter\Debug\Exceptions->errorHandler(2, 'Attempt to read property "nome" on array', 'APPPATH/Views/configuracao/perfil/salas.php', 47)
 2 SYSTEMPATH/View/View.php(213): include('APPPATH/Views/configuracao/perfil/salas.php')
 3 SYSTEMPATH/View/View.php(216): CodeIgniter\View\View->CodeIgniter\View\{closure}()
 4 SYSTEMPATH/Common.php(1184): CodeIgniter\View\View->render('configuracao/perfil/salas', [], true)
 5 APPPATH/Controllers/Salas.php(107): view('configuracao/perfil/salas', [...])
 6 SYSTEMPATH/CodeIgniter.php(934): App\Controllers\Salas->perfil('3')
 7 SYSTEMPATH/CodeIgniter.php(499): CodeIgniter\CodeIgniter->runController(Object(App\Controllers\Salas))
 8 SYSTEMPATH/CodeIgniter.php(368): CodeIgniter\CodeIgniter->handleRequest(null, Object(Config\Cache), false)
 9 FCPATH/index.php(67): CodeIgniter\CodeIgniter->run()
10 SYSTEMPATH/Commands/Server/rewrite.php(47): require_once('FCPATH/index.php')
CRITICAL - 2023-06-10 18:35:38 --> Attempt to read property "nome" on array
in APPPATH/Views/configuracao/perfil/salas.php on line 47.
 1 APPPATH/Views/configuracao/perfil/salas.php(47): CodeIgniter\Debug\Exceptions->errorHandler(2, 'Attempt to read property "nome" on array', 'APPPATH/Views/configuracao/perfil/salas.php', 47)
 2 SYSTEMPATH/View/View.php(213): include('APPPATH/Views/configuracao/perfil/salas.php')
 3 SYSTEMPATH/View/View.php(216): CodeIgniter\View\View->CodeIgniter\View\{closure}()
 4 SYSTEMPATH/Common.php(1184): CodeIgniter\View\View->render('configuracao/perfil/salas', [], true)
 5 APPPATH/Controllers/Salas.php(107): view('configuracao/perfil/salas', [...])
 6 SYSTEMPATH/CodeIgniter.php(934): App\Controllers\Salas->perfil('3')
 7 SYSTEMPATH/CodeIgniter.php(499): CodeIgniter\CodeIgniter->runController(Object(App\Controllers\Salas))
 8 SYSTEMPATH/CodeIgniter.php(368): CodeIgniter\CodeIgniter->handleRequest(null, Object(Config\Cache), false)
 9 FCPATH/index.php(67): CodeIgniter\CodeIgniter->run()
10 SYSTEMPATH/Commands/Server/rewrite.php(47): require_once('FCPATH/index.php')
CRITICAL - 2023-06-10 18:36:12 --> Undefined variable $candidatos
in APPPATH/Views/configuracao/perfil/salas.php on line 96.
 1 APPPATH/Views/configuracao/perfil/salas.php(96): CodeIgniter\Debug\Exceptions->errorHandler(2, 'Undefined variable $candidatos', 'APPPATH/Views/configuracao/perfil/salas.php', 96)
 2 SYSTEMPATH/View/View.php(213): include('APPPATH/Views/configuracao/perfil/salas.php')
 3 SYSTEMPATH/View/View.php(216): CodeIgniter\View\View->CodeIgniter\View\{closure}()
 4 SYSTEMPATH/Common.php(1184): CodeIgniter\View\View->render('configuracao/perfil/salas', [], true)
 5 APPPATH/Controllers/Salas.php(107): view('configuracao/perfil/salas', [...])
 6 SYSTEMPATH/CodeIgniter.php(934): App\Controllers\Salas->perfil('3')
 7 SYSTEMPATH/CodeIgniter.php(499): CodeIgniter\CodeIgniter->runController(Object(App\Controllers\Salas))
 8 SYSTEMPATH/CodeIgniter.php(368): CodeIgniter\CodeIgniter->handleRequest(null, Object(Config\Cache), false)
 9 FCPATH/index.php(67): CodeIgniter\CodeIgniter->run()
10 SYSTEMPATH/Commands/Server/rewrite.php(47): require_once('FCPATH/index.php')
CRITICAL - 2023-06-10 18:40:53 --> Undefined variable $turmas
in APPPATH/Views/configuracao/perfil/salas.php on line 93.
 1 APPPATH/Views/configuracao/perfil/salas.php(93): CodeIgniter\Debug\Exceptions->errorHandler(2, 'Undefined variable $turmas', 'APPPATH/Views/configuracao/perfil/salas.php', 93)
 2 SYSTEMPATH/View/View.php(213): include('APPPATH/Views/configuracao/perfil/salas.php')
 3 SYSTEMPATH/View/View.php(216): CodeIgniter\View\View->CodeIgniter\View\{closure}()
 4 SYSTEMPATH/Common.php(1184): CodeIgniter\View\View->render('configuracao/perfil/salas', [], true)
 5 APPPATH/Controllers/Salas.php(107): view('configuracao/perfil/salas', [...])
 6 SYSTEMPATH/CodeIgniter.php(934): App\Controllers\Salas->perfil('3')
 7 SYSTEMPATH/CodeIgniter.php(499): CodeIgniter\CodeIgniter->runController(Object(App\Controllers\Salas))
 8 SYSTEMPATH/CodeIgniter.php(368): CodeIgniter\CodeIgniter->handleRequest(null, Object(Config\Cache), false)
 9 FCPATH/index.php(67): CodeIgniter\CodeIgniter->run()
10 SYSTEMPATH/Commands/Server/rewrite.php(47): require_once('FCPATH/index.php')
CRITICAL - 2023-06-10 19:23:24 --> Attempt to read property "nome" on null
in APPPATH/Views/escolar/perfil/disciplina.php on line 4.
 1 APPPATH/Views/escolar/perfil/disciplina.php(4): CodeIgniter\Debug\Exceptions->errorHandler(2, 'Attempt to read property "nome" on null', 'APPPATH/Views/escolar/perfil/disciplina.php', 4)
 2 SYSTEMPATH/View/View.php(213): include('APPPATH/Views/escolar/perfil/disciplina.php')
 3 SYSTEMPATH/View/View.php(216): CodeIgniter\View\View->CodeIgniter\View\{closure}()
 4 SYSTEMPATH/Common.php(1184): CodeIgniter\View\View->render('escolar/perfil/disciplina', [], true)
 5 APPPATH/Controllers/Turmas.php(152): view('escolar/perfil/disciplina', [...])
 6 SYSTEMPATH/CodeIgniter.php(934): App\Controllers\Turmas->perfil('1')
 7 SYSTEMPATH/CodeIgniter.php(499): CodeIgniter\CodeIgniter->runController(Object(App\Controllers\Turmas))
 8 SYSTEMPATH/CodeIgniter.php(368): CodeIgniter\CodeIgniter->handleRequest(null, Object(Config\Cache), false)
 9 FCPATH/index.php(67): CodeIgniter\CodeIgniter->run()
10 SYSTEMPATH/Commands/Server/rewrite.php(47): require_once('FCPATH/index.php')
ERROR - 2023-06-10 19:32:48 --> mysqli_sql_exception: You have an error in your SQL syntax; check the manual that corresponds to your MySQL server version for the right syntax to use near '= 1' at line 1 in /Users/arseniomuanda/MyJobs/Joelson/gestao_alunos/system/Database/MySQLi/Connection.php:295
Stack trace:
#0 /Users/arseniomuanda/MyJobs/Joelson/gestao_alunos/system/Database/MySQLi/Connection.php(295): mysqli->query('SELECT * FROM `...', 0)
#1 /Users/arseniomuanda/MyJobs/Joelson/gestao_alunos/system/Database/BaseConnection.php(691): CodeIgniter\Database\MySQLi\Connection->execute('SELECT * FROM `...')
#2 /Users/arseniomuanda/MyJobs/Joelson/gestao_alunos/system/Database/BaseConnection.php(605): CodeIgniter\Database\BaseConnection->simpleQuery('SELECT * FROM `...')
#3 /Users/arseniomuanda/MyJobs/Joelson/gestao_alunos/app/Controllers/Turmas.php(144): CodeIgniter\Database\BaseConnection->query('SELECT * FROM `...')
#4 /Users/arseniomuanda/MyJobs/Joelson/gestao_alunos/system/CodeIgniter.php(934): App\Controllers\Turmas->perfil('1')
#5 /Users/arseniomuanda/MyJobs/Joelson/gestao_alunos/system/CodeIgniter.php(499): CodeIgniter\CodeIgniter->runController(Object(App\Controllers\Turmas))
#6 /Users/arseniomuanda/MyJobs/Joelson/gestao_alunos/system/CodeIgniter.php(368): CodeIgniter\CodeIgniter->handleRequest(NULL, Object(Config\Cache), false)
#7 /Users/arseniomuanda/MyJobs/Joelson/gestao_alunos/public/index.php(67): CodeIgniter\CodeIgniter->run()
#8 /Users/arseniomuanda/MyJobs/Joelson/gestao_alunos/system/Commands/Server/rewrite.php(47): require_once('/Users/arseniom...')
#9 {main}
CRITICAL - 2023-06-10 19:32:48 --> You have an error in your SQL syntax; check the manual that corresponds to your MySQL server version for the right syntax to use near '= 1' at line 1
in SYSTEMPATH/Database/BaseConnection.php on line 645.
 1 APPPATH/Controllers/Turmas.php(144): CodeIgniter\Database\BaseConnection->query('SELECT * FROM `turmas` id = 1')
 2 SYSTEMPATH/CodeIgniter.php(934): App\Controllers\Turmas->perfil('1')
 3 SYSTEMPATH/CodeIgniter.php(499): CodeIgniter\CodeIgniter->runController(Object(App\Controllers\Turmas))
 4 SYSTEMPATH/CodeIgniter.php(368): CodeIgniter\CodeIgniter->handleRequest(null, Object(Config\Cache), false)
 5 FCPATH/index.php(67): CodeIgniter\CodeIgniter->run()
 6 SYSTEMPATH/Commands/Server/rewrite.php(47): require_once('FCPATH/index.php')
ERROR - 2023-06-10 19:36:07 --> mysqli_sql_exception: You have an error in your SQL syntax; check the manual that corresponds to your MySQL server version for the right syntax to use near '= 1' at line 1 in /Users/arseniomuanda/MyJobs/Joelson/gestao_alunos/system/Database/MySQLi/Connection.php:295
Stack trace:
#0 /Users/arseniomuanda/MyJobs/Joelson/gestao_alunos/system/Database/MySQLi/Connection.php(295): mysqli->query('SELECT * FROM `...', 0)
#1 /Users/arseniomuanda/MyJobs/Joelson/gestao_alunos/system/Database/BaseConnection.php(691): CodeIgniter\Database\MySQLi\Connection->execute('SELECT * FROM `...')
#2 /Users/arseniomuanda/MyJobs/Joelson/gestao_alunos/system/Database/BaseConnection.php(605): CodeIgniter\Database\BaseConnection->simpleQuery('SELECT * FROM `...')
#3 /Users/arseniomuanda/MyJobs/Joelson/gestao_alunos/app/Controllers/Turmas.php(144): CodeIgniter\Database\BaseConnection->query('SELECT * FROM `...')
#4 /Users/arseniomuanda/MyJobs/Joelson/gestao_alunos/system/CodeIgniter.php(934): App\Controllers\Turmas->perfil('1')
#5 /Users/arseniomuanda/MyJobs/Joelson/gestao_alunos/system/CodeIgniter.php(499): CodeIgniter\CodeIgniter->runController(Object(App\Controllers\Turmas))
#6 /Users/arseniomuanda/MyJobs/Joelson/gestao_alunos/system/CodeIgniter.php(368): CodeIgniter\CodeIgniter->handleRequest(NULL, Object(Config\Cache), false)
#7 /Users/arseniomuanda/MyJobs/Joelson/gestao_alunos/public/index.php(67): CodeIgniter\CodeIgniter->run()
#8 /Users/arseniomuanda/MyJobs/Joelson/gestao_alunos/system/Commands/Server/rewrite.php(47): require_once('/Users/arseniom...')
#9 {main}
CRITICAL - 2023-06-10 19:36:07 --> You have an error in your SQL syntax; check the manual that corresponds to your MySQL server version for the right syntax to use near '= 1' at line 1
in SYSTEMPATH/Database/BaseConnection.php on line 645.
 1 APPPATH/Controllers/Turmas.php(144): CodeIgniter\Database\BaseConnection->query('SELECT * FROM `turmas` id = 1')
 2 SYSTEMPATH/CodeIgniter.php(934): App\Controllers\Turmas->perfil('1')
 3 SYSTEMPATH/CodeIgniter.php(499): CodeIgniter\CodeIgniter->runController(Object(App\Controllers\Turmas))
 4 SYSTEMPATH/CodeIgniter.php(368): CodeIgniter\CodeIgniter->handleRequest(null, Object(Config\Cache), false)
 5 FCPATH/index.php(67): CodeIgniter\CodeIgniter->run()
 6 SYSTEMPATH/Commands/Server/rewrite.php(47): require_once('FCPATH/index.php')
CRITICAL - 2023-06-10 19:36:26 --> Undefined variable $sala
in APPPATH/Views/configuracao/perfil/turmas.php on line 44.
 1 APPPATH/Views/configuracao/perfil/turmas.php(44): CodeIgniter\Debug\Exceptions->errorHandler(2, 'Undefined variable $sala', 'APPPATH/Views/configuracao/perfil/turmas.php', 44)
 2 SYSTEMPATH/View/View.php(213): include('APPPATH/Views/configuracao/perfil/turmas.php')
 3 SYSTEMPATH/View/View.php(216): CodeIgniter\View\View->CodeIgniter\View\{closure}()
 4 SYSTEMPATH/Common.php(1184): CodeIgniter\View\View->render('configuracao/perfil/turmas', [], true)
 5 APPPATH/Controllers/Turmas.php(148): view('configuracao/perfil/turmas', [...])
 6 SYSTEMPATH/CodeIgniter.php(934): App\Controllers\Turmas->perfil('1')
 7 SYSTEMPATH/CodeIgniter.php(499): CodeIgniter\CodeIgniter->runController(Object(App\Controllers\Turmas))
 8 SYSTEMPATH/CodeIgniter.php(368): CodeIgniter\CodeIgniter->handleRequest(null, Object(Config\Cache), false)
 9 FCPATH/index.php(67): CodeIgniter\CodeIgniter->run()
10 SYSTEMPATH/Commands/Server/rewrite.php(47): require_once('FCPATH/index.php')
CRITICAL - 2023-06-10 19:37:08 --> Undefined variable $turmas
in APPPATH/Views/configuracao/perfil/turmas.php on line 78.
 1 APPPATH/Views/configuracao/perfil/turmas.php(78): CodeIgniter\Debug\Exceptions->errorHandler(2, 'Undefined variable $turmas', 'APPPATH/Views/configuracao/perfil/turmas.php', 78)
 2 SYSTEMPATH/View/View.php(213): include('APPPATH/Views/configuracao/perfil/turmas.php')
 3 SYSTEMPATH/View/View.php(216): CodeIgniter\View\View->CodeIgniter\View\{closure}()
 4 SYSTEMPATH/Common.php(1184): CodeIgniter\View\View->render('configuracao/perfil/turmas', [], true)
 5 APPPATH/Controllers/Turmas.php(148): view('configuracao/perfil/turmas', [...])
 6 SYSTEMPATH/CodeIgniter.php(934): App\Controllers\Turmas->perfil('1')
 7 SYSTEMPATH/CodeIgniter.php(499): CodeIgniter\CodeIgniter->runController(Object(App\Controllers\Turmas))
 8 SYSTEMPATH/CodeIgniter.php(368): CodeIgniter\CodeIgniter->handleRequest(null, Object(Config\Cache), false)
 9 FCPATH/index.php(67): CodeIgniter\CodeIgniter->run()
10 SYSTEMPATH/Commands/Server/rewrite.php(47): require_once('FCPATH/index.php')
CRITICAL - 2023-06-10 20:06:22 --> Undefined property: stdClass::$sala_id
in APPPATH/Views/configuracao/perfil/turmas.php on line 75.
 1 APPPATH/Views/configuracao/perfil/turmas.php(75): CodeIgniter\Debug\Exceptions->errorHandler(2, 'Undefined property: stdClass::$sala_id', 'APPPATH/Views/configuracao/perfil/turmas.php', 75)
 2 SYSTEMPATH/View/View.php(213): include('APPPATH/Views/configuracao/perfil/turmas.php')
 3 SYSTEMPATH/View/View.php(216): CodeIgniter\View\View->CodeIgniter\View\{closure}()
 4 SYSTEMPATH/Common.php(1184): CodeIgniter\View\View->render('configuracao/perfil/turmas', [], true)
 5 APPPATH/Controllers/Turmas.php(149): view('configuracao/perfil/turmas', [...])
 6 SYSTEMPATH/CodeIgniter.php(934): App\Controllers\Turmas->perfil('1')
 7 SYSTEMPATH/CodeIgniter.php(499): CodeIgniter\CodeIgniter->runController(Object(App\Controllers\Turmas))
 8 SYSTEMPATH/CodeIgniter.php(368): CodeIgniter\CodeIgniter->handleRequest(null, Object(Config\Cache), false)
 9 FCPATH/index.php(67): CodeIgniter\CodeIgniter->run()
10 SYSTEMPATH/Commands/Server/rewrite.php(47): require_once('FCPATH/index.php')
ERROR - 2023-06-10 20:12:33 --> mysqli_sql_exception: Cannot add or update a child row: a foreign key constraint fails (`gestao_alunos`.`turmas`, CONSTRAINT `fk_curso_2` FOREIGN KEY (`curso`) REFERENCES `cursos` (`id`) ON DELETE CASCADE ON UPDATE CASCADE) in /Users/arseniomuanda/MyJobs/Joelson/gestao_alunos/system/Database/MySQLi/Connection.php:295
Stack trace:
#0 /Users/arseniomuanda/MyJobs/Joelson/gestao_alunos/system/Database/MySQLi/Connection.php(295): mysqli->query('UPDATE `turmas`...', 0)
#1 /Users/arseniomuanda/MyJobs/Joelson/gestao_alunos/system/Database/BaseConnection.php(691): CodeIgniter\Database\MySQLi\Connection->execute('UPDATE `turmas`...')
#2 /Users/arseniomuanda/MyJobs/Joelson/gestao_alunos/system/Database/BaseConnection.php(605): CodeIgniter\Database\BaseConnection->simpleQuery('UPDATE `turmas`...')
#3 /Users/arseniomuanda/MyJobs/Joelson/gestao_alunos/system/Database/BaseBuilder.php(2476): CodeIgniter\Database\BaseConnection->query('UPDATE `turmas`...', Array, false)
#4 /Users/arseniomuanda/MyJobs/Joelson/gestao_alunos/system/Model.php(396): CodeIgniter\Database\BaseBuilder->update()
#5 /Users/arseniomuanda/MyJobs/Joelson/gestao_alunos/system/BaseModel.php(943): CodeIgniter\Model->doUpdate(Array, Array)
#6 /Users/arseniomuanda/MyJobs/Joelson/gestao_alunos/system/Model.php(756): CodeIgniter\BaseModel->update(Array, Array)
#7 /Users/arseniomuanda/MyJobs/Joelson/gestao_alunos/system/BaseModel.php(690): CodeIgniter\Model->update('1', Array)
#8 /Users/arseniomuanda/MyJobs/Joelson/gestao_alunos/app/Helpers/funcao_helper.php(414): CodeIgniter\BaseModel->save(Array)
#9 /Users/arseniomuanda/MyJobs/Joelson/gestao_alunos/app/Controllers/Turmas.php(110): updatenomal(Object(App\Models\TurmaModel), Array, Object(App\Models\Auditoria))
#10 /Users/arseniomuanda/MyJobs/Joelson/gestao_alunos/system/CodeIgniter.php(934): App\Controllers\Turmas->actualizar('1')
#11 /Users/arseniomuanda/MyJobs/Joelson/gestao_alunos/system/CodeIgniter.php(499): CodeIgniter\CodeIgniter->runController(Object(App\Controllers\Turmas))
#12 /Users/arseniomuanda/MyJobs/Joelson/gestao_alunos/system/CodeIgniter.php(368): CodeIgniter\CodeIgniter->handleRequest(NULL, Object(Config\Cache), false)
#13 /Users/arseniomuanda/MyJobs/Joelson/gestao_alunos/public/index.php(67): CodeIgniter\CodeIgniter->run()
#14 /Users/arseniomuanda/MyJobs/Joelson/gestao_alunos/system/Commands/Server/rewrite.php(47): require_once('/Users/arseniom...')
#15 {main}
CRITICAL - 2023-06-10 20:12:33 --> Cannot add or update a child row: a foreign key constraint fails (`gestao_alunos`.`turmas`, CONSTRAINT `fk_curso_2` FOREIGN KEY (`curso`) REFERENCES `cursos` (`id`) ON DELETE CASCADE ON UPDATE CASCADE)
in SYSTEMPATH/Database/BaseConnection.php on line 645.
 1 SYSTEMPATH/Database/BaseBuilder.php(2476): CodeIgniter\Database\BaseConnection->query('UPDATE `turmas` SET `nome` = :nome:, `sala` = :sala:, `curso` = :curso:
WHERE `turmas`.`id` IN :turmas.id:', [...], false)
 2 SYSTEMPATH/Model.php(396): CodeIgniter\Database\BaseBuilder->update()
 3 SYSTEMPATH/BaseModel.php(943): CodeIgniter\Model->doUpdate([...], [...])
 4 SYSTEMPATH/Model.php(756): CodeIgniter\BaseModel->update([...], [...])
 5 SYSTEMPATH/BaseModel.php(690): CodeIgniter\Model->update('1', [...])
 6 APPPATH/Helpers/funcao_helper.php(414): CodeIgniter\BaseModel->save([...])
 7 APPPATH/Controllers/Turmas.php(110): updatenomal(Object(App\Models\TurmaModel), [...], Object(App\Models\Auditoria))
 8 SYSTEMPATH/CodeIgniter.php(934): App\Controllers\Turmas->actualizar('1')
 9 SYSTEMPATH/CodeIgniter.php(499): CodeIgniter\CodeIgniter->runController(Object(App\Controllers\Turmas))
10 SYSTEMPATH/CodeIgniter.php(368): CodeIgniter\CodeIgniter->handleRequest(null, Object(Config\Cache), false)
11 FCPATH/index.php(67): CodeIgniter\CodeIgniter->run()
12 SYSTEMPATH/Commands/Server/rewrite.php(47): require_once('FCPATH/index.php')
ERROR - 2023-06-10 20:12:35 --> mysqli_sql_exception: Cannot add or update a child row: a foreign key constraint fails (`gestao_alunos`.`turmas`, CONSTRAINT `fk_curso_2` FOREIGN KEY (`curso`) REFERENCES `cursos` (`id`) ON DELETE CASCADE ON UPDATE CASCADE) in /Users/arseniomuanda/MyJobs/Joelson/gestao_alunos/system/Database/MySQLi/Connection.php:295
Stack trace:
#0 /Users/arseniomuanda/MyJobs/Joelson/gestao_alunos/system/Database/MySQLi/Connection.php(295): mysqli->query('UPDATE `turmas`...', 0)
#1 /Users/arseniomuanda/MyJobs/Joelson/gestao_alunos/system/Database/BaseConnection.php(691): CodeIgniter\Database\MySQLi\Connection->execute('UPDATE `turmas`...')
#2 /Users/arseniomuanda/MyJobs/Joelson/gestao_alunos/system/Database/BaseConnection.php(605): CodeIgniter\Database\BaseConnection->simpleQuery('UPDATE `turmas`...')
#3 /Users/arseniomuanda/MyJobs/Joelson/gestao_alunos/system/Database/BaseBuilder.php(2476): CodeIgniter\Database\BaseConnection->query('UPDATE `turmas`...', Array, false)
#4 /Users/arseniomuanda/MyJobs/Joelson/gestao_alunos/system/Model.php(396): CodeIgniter\Database\BaseBuilder->update()
#5 /Users/arseniomuanda/MyJobs/Joelson/gestao_alunos/system/BaseModel.php(943): CodeIgniter\Model->doUpdate(Array, Array)
#6 /Users/arseniomuanda/MyJobs/Joelson/gestao_alunos/system/Model.php(756): CodeIgniter\BaseModel->update(Array, Array)
#7 /Users/arseniomuanda/MyJobs/Joelson/gestao_alunos/system/BaseModel.php(690): CodeIgniter\Model->update('1', Array)
#8 /Users/arseniomuanda/MyJobs/Joelson/gestao_alunos/app/Helpers/funcao_helper.php(414): CodeIgniter\BaseModel->save(Array)
#9 /Users/arseniomuanda/MyJobs/Joelson/gestao_alunos/app/Controllers/Turmas.php(110): updatenomal(Object(App\Models\TurmaModel), Array, Object(App\Models\Auditoria))
#10 /Users/arseniomuanda/MyJobs/Joelson/gestao_alunos/system/CodeIgniter.php(934): App\Controllers\Turmas->actualizar('1')
#11 /Users/arseniomuanda/MyJobs/Joelson/gestao_alunos/system/CodeIgniter.php(499): CodeIgniter\CodeIgniter->runController(Object(App\Controllers\Turmas))
#12 /Users/arseniomuanda/MyJobs/Joelson/gestao_alunos/system/CodeIgniter.php(368): CodeIgniter\CodeIgniter->handleRequest(NULL, Object(Config\Cache), false)
#13 /Users/arseniomuanda/MyJobs/Joelson/gestao_alunos/public/index.php(67): CodeIgniter\CodeIgniter->run()
#14 /Users/arseniomuanda/MyJobs/Joelson/gestao_alunos/system/Commands/Server/rewrite.php(47): require_once('/Users/arseniom...')
#15 {main}
CRITICAL - 2023-06-10 20:12:35 --> Cannot add or update a child row: a foreign key constraint fails (`gestao_alunos`.`turmas`, CONSTRAINT `fk_curso_2` FOREIGN KEY (`curso`) REFERENCES `cursos` (`id`) ON DELETE CASCADE ON UPDATE CASCADE)
in SYSTEMPATH/Database/BaseConnection.php on line 645.
 1 SYSTEMPATH/Database/BaseBuilder.php(2476): CodeIgniter\Database\BaseConnection->query('UPDATE `turmas` SET `nome` = :nome:, `sala` = :sala:, `curso` = :curso:
WHERE `turmas`.`id` IN :turmas.id:', [...], false)
 2 SYSTEMPATH/Model.php(396): CodeIgniter\Database\BaseBuilder->update()
 3 SYSTEMPATH/BaseModel.php(943): CodeIgniter\Model->doUpdate([...], [...])
 4 SYSTEMPATH/Model.php(756): CodeIgniter\BaseModel->update([...], [...])
 5 SYSTEMPATH/BaseModel.php(690): CodeIgniter\Model->update('1', [...])
 6 APPPATH/Helpers/funcao_helper.php(414): CodeIgniter\BaseModel->save([...])
 7 APPPATH/Controllers/Turmas.php(110): updatenomal(Object(App\Models\TurmaModel), [...], Object(App\Models\Auditoria))
 8 SYSTEMPATH/CodeIgniter.php(934): App\Controllers\Turmas->actualizar('1')
 9 SYSTEMPATH/CodeIgniter.php(499): CodeIgniter\CodeIgniter->runController(Object(App\Controllers\Turmas))
10 SYSTEMPATH/CodeIgniter.php(368): CodeIgniter\CodeIgniter->handleRequest(null, Object(Config\Cache), false)
11 FCPATH/index.php(67): CodeIgniter\CodeIgniter->run()
12 SYSTEMPATH/Commands/Server/rewrite.php(47): require_once('FCPATH/index.php')
ERROR - 2023-06-10 20:12:50 --> mysqli_sql_exception: Cannot add or update a child row: a foreign key constraint fails (`gestao_alunos`.`turmas`, CONSTRAINT `fk_curso_2` FOREIGN KEY (`curso`) REFERENCES `cursos` (`id`) ON DELETE CASCADE ON UPDATE CASCADE) in /Users/arseniomuanda/MyJobs/Joelson/gestao_alunos/system/Database/MySQLi/Connection.php:295
Stack trace:
#0 /Users/arseniomuanda/MyJobs/Joelson/gestao_alunos/system/Database/MySQLi/Connection.php(295): mysqli->query('UPDATE `turmas`...', 0)
#1 /Users/arseniomuanda/MyJobs/Joelson/gestao_alunos/system/Database/BaseConnection.php(691): CodeIgniter\Database\MySQLi\Connection->execute('UPDATE `turmas`...')
#2 /Users/arseniomuanda/MyJobs/Joelson/gestao_alunos/system/Database/BaseConnection.php(605): CodeIgniter\Database\BaseConnection->simpleQuery('UPDATE `turmas`...')
#3 /Users/arseniomuanda/MyJobs/Joelson/gestao_alunos/system/Database/BaseBuilder.php(2476): CodeIgniter\Database\BaseConnection->query('UPDATE `turmas`...', Array, false)
#4 /Users/arseniomuanda/MyJobs/Joelson/gestao_alunos/system/Model.php(396): CodeIgniter\Database\BaseBuilder->update()
#5 /Users/arseniomuanda/MyJobs/Joelson/gestao_alunos/system/BaseModel.php(943): CodeIgniter\Model->doUpdate(Array, Array)
#6 /Users/arseniomuanda/MyJobs/Joelson/gestao_alunos/system/Model.php(756): CodeIgniter\BaseModel->update(Array, Array)
#7 /Users/arseniomuanda/MyJobs/Joelson/gestao_alunos/system/BaseModel.php(690): CodeIgniter\Model->update('1', Array)
#8 /Users/arseniomuanda/MyJobs/Joelson/gestao_alunos/app/Helpers/funcao_helper.php(414): CodeIgniter\BaseModel->save(Array)
#9 /Users/arseniomuanda/MyJobs/Joelson/gestao_alunos/app/Controllers/Turmas.php(110): updatenomal(Object(App\Models\TurmaModel), Array, Object(App\Models\Auditoria))
#10 /Users/arseniomuanda/MyJobs/Joelson/gestao_alunos/system/CodeIgniter.php(934): App\Controllers\Turmas->actualizar('1')
#11 /Users/arseniomuanda/MyJobs/Joelson/gestao_alunos/system/CodeIgniter.php(499): CodeIgniter\CodeIgniter->runController(Object(App\Controllers\Turmas))
#12 /Users/arseniomuanda/MyJobs/Joelson/gestao_alunos/system/CodeIgniter.php(368): CodeIgniter\CodeIgniter->handleRequest(NULL, Object(Config\Cache), false)
#13 /Users/arseniomuanda/MyJobs/Joelson/gestao_alunos/public/index.php(67): CodeIgniter\CodeIgniter->run()
#14 /Users/arseniomuanda/MyJobs/Joelson/gestao_alunos/system/Commands/Server/rewrite.php(47): require_once('/Users/arseniom...')
#15 {main}
CRITICAL - 2023-06-10 20:12:50 --> Cannot add or update a child row: a foreign key constraint fails (`gestao_alunos`.`turmas`, CONSTRAINT `fk_curso_2` FOREIGN KEY (`curso`) REFERENCES `cursos` (`id`) ON DELETE CASCADE ON UPDATE CASCADE)
in SYSTEMPATH/Database/BaseConnection.php on line 645.
 1 SYSTEMPATH/Database/BaseBuilder.php(2476): CodeIgniter\Database\BaseConnection->query('UPDATE `turmas` SET `nome` = :nome:, `sala` = :sala:, `curso` = :curso:
WHERE `turmas`.`id` IN :turmas.id:', [...], false)
 2 SYSTEMPATH/Model.php(396): CodeIgniter\Database\BaseBuilder->update()
 3 SYSTEMPATH/BaseModel.php(943): CodeIgniter\Model->doUpdate([...], [...])
 4 SYSTEMPATH/Model.php(756): CodeIgniter\BaseModel->update([...], [...])
 5 SYSTEMPATH/BaseModel.php(690): CodeIgniter\Model->update('1', [...])
 6 APPPATH/Helpers/funcao_helper.php(414): CodeIgniter\BaseModel->save([...])
 7 APPPATH/Controllers/Turmas.php(110): updatenomal(Object(App\Models\TurmaModel), [...], Object(App\Models\Auditoria))
 8 SYSTEMPATH/CodeIgniter.php(934): App\Controllers\Turmas->actualizar('1')
 9 SYSTEMPATH/CodeIgniter.php(499): CodeIgniter\CodeIgniter->runController(Object(App\Controllers\Turmas))
10 SYSTEMPATH/CodeIgniter.php(368): CodeIgniter\CodeIgniter->handleRequest(null, Object(Config\Cache), false)
11 FCPATH/index.php(67): CodeIgniter\CodeIgniter->run()
12 SYSTEMPATH/Commands/Server/rewrite.php(47): require_once('FCPATH/index.php')
CRITICAL - 2023-06-10 20:19:07 --> Invalid file: "config/adicionar/turmas.php"
in SYSTEMPATH/Exceptions/FrameworkException.php on line 33.
 1 SYSTEMPATH/View/View.php(201): CodeIgniter\Exceptions\FrameworkException::forInvalidFile('config/adicionar/turmas.php')
 2 SYSTEMPATH/Common.php(1184): CodeIgniter\View\View->render('config/adicionar/turmas', [], true)
 3 APPPATH/Controllers/Turmas.php(137): view('config/adicionar/turmas', [...])
 4 SYSTEMPATH/CodeIgniter.php(934): App\Controllers\Turmas->adicionar()
 5 SYSTEMPATH/CodeIgniter.php(499): CodeIgniter\CodeIgniter->runController(Object(App\Controllers\Turmas))
 6 SYSTEMPATH/CodeIgniter.php(368): CodeIgniter\CodeIgniter->handleRequest(null, Object(Config\Cache), false)
 7 FCPATH/index.php(67): CodeIgniter\CodeIgniter->run()
 8 SYSTEMPATH/Commands/Server/rewrite.php(47): require_once('FCPATH/index.php')
CRITICAL - 2023-06-10 20:19:44 --> Invalid file: "config/adicionar/turmas.php"
in SYSTEMPATH/Exceptions/FrameworkException.php on line 33.
 1 SYSTEMPATH/View/View.php(201): CodeIgniter\Exceptions\FrameworkException::forInvalidFile('config/adicionar/turmas.php')
 2 SYSTEMPATH/Common.php(1184): CodeIgniter\View\View->render('config/adicionar/turmas', [], true)
 3 APPPATH/Controllers/Turmas.php(137): view('config/adicionar/turmas', [...])
 4 SYSTEMPATH/CodeIgniter.php(934): App\Controllers\Turmas->adicionar()
 5 SYSTEMPATH/CodeIgniter.php(499): CodeIgniter\CodeIgniter->runController(Object(App\Controllers\Turmas))
 6 SYSTEMPATH/CodeIgniter.php(368): CodeIgniter\CodeIgniter->handleRequest(null, Object(Config\Cache), false)
 7 FCPATH/index.php(67): CodeIgniter\CodeIgniter->run()
 8 SYSTEMPATH/Commands/Server/rewrite.php(47): require_once('FCPATH/index.php')
CRITICAL - 2023-06-10 20:20:43 --> Undefined variable $turma
in APPPATH/Views/configuracao/adicionar/turmas.php on line 31.
 1 APPPATH/Views/configuracao/adicionar/turmas.php(31): CodeIgniter\Debug\Exceptions->errorHandler(2, 'Undefined variable $turma', 'APPPATH/Views/configuracao/adicionar/turmas.php', 31)
 2 SYSTEMPATH/View/View.php(213): include('APPPATH/Views/configuracao/adicionar/turmas.php')
 3 SYSTEMPATH/View/View.php(216): CodeIgniter\View\View->CodeIgniter\View\{closure}()
 4 SYSTEMPATH/Common.php(1184): CodeIgniter\View\View->render('configuracao/adicionar/turmas', [], true)
 5 APPPATH/Controllers/Turmas.php(137): view('configuracao/adicionar/turmas', [...])
 6 SYSTEMPATH/CodeIgniter.php(934): App\Controllers\Turmas->adicionar()
 7 SYSTEMPATH/CodeIgniter.php(499): CodeIgniter\CodeIgniter->runController(Object(App\Controllers\Turmas))
 8 SYSTEMPATH/CodeIgniter.php(368): CodeIgniter\CodeIgniter->handleRequest(null, Object(Config\Cache), false)
 9 FCPATH/index.php(67): CodeIgniter\CodeIgniter->run()
10 SYSTEMPATH/Commands/Server/rewrite.php(47): require_once('FCPATH/index.php')
CRITICAL - 2023-06-10 20:21:40 --> Undefined variable $turma
in APPPATH/Views/configuracao/adicionar/turmas.php on line 31.
 1 APPPATH/Views/configuracao/adicionar/turmas.php(31): CodeIgniter\Debug\Exceptions->errorHandler(2, 'Undefined variable $turma', 'APPPATH/Views/configuracao/adicionar/turmas.php', 31)
 2 SYSTEMPATH/View/View.php(213): include('APPPATH/Views/configuracao/adicionar/turmas.php')
 3 SYSTEMPATH/View/View.php(216): CodeIgniter\View\View->CodeIgniter\View\{closure}()
 4 SYSTEMPATH/Common.php(1184): CodeIgniter\View\View->render('configuracao/adicionar/turmas', [], true)
 5 APPPATH/Controllers/Turmas.php(137): view('configuracao/adicionar/turmas', [...])
 6 SYSTEMPATH/CodeIgniter.php(934): App\Controllers\Turmas->adicionar()
 7 SYSTEMPATH/CodeIgniter.php(499): CodeIgniter\CodeIgniter->runController(Object(App\Controllers\Turmas))
 8 SYSTEMPATH/CodeIgniter.php(368): CodeIgniter\CodeIgniter->handleRequest(null, Object(Config\Cache), false)
 9 FCPATH/index.php(67): CodeIgniter\CodeIgniter->run()
10 SYSTEMPATH/Commands/Server/rewrite.php(47): require_once('FCPATH/index.php')
CRITICAL - 2023-06-10 20:22:25 --> Undefined variable $turma
in APPPATH/Views/configuracao/adicionar/turmas.php on line 31.
 1 APPPATH/Views/configuracao/adicionar/turmas.php(31): CodeIgniter\Debug\Exceptions->errorHandler(2, 'Undefined variable $turma', 'APPPATH/Views/configuracao/adicionar/turmas.php', 31)
 2 SYSTEMPATH/View/View.php(213): include('APPPATH/Views/configuracao/adicionar/turmas.php')
 3 SYSTEMPATH/View/View.php(216): CodeIgniter\View\View->CodeIgniter\View\{closure}()
 4 SYSTEMPATH/Common.php(1184): CodeIgniter\View\View->render('configuracao/adicionar/turmas', [], true)
 5 APPPATH/Controllers/Turmas.php(137): view('configuracao/adicionar/turmas', [...])
 6 SYSTEMPATH/CodeIgniter.php(934): App\Controllers\Turmas->adicionar()
 7 SYSTEMPATH/CodeIgniter.php(499): CodeIgniter\CodeIgniter->runController(Object(App\Controllers\Turmas))
 8 SYSTEMPATH/CodeIgniter.php(368): CodeIgniter\CodeIgniter->handleRequest(null, Object(Config\Cache), false)
 9 FCPATH/index.php(67): CodeIgniter\CodeIgniter->run()
10 SYSTEMPATH/Commands/Server/rewrite.php(47): require_once('FCPATH/index.php')
ERROR - 2023-06-10 20:37:30 --> mysqli_sql_exception: Column 'campanha' cannot be null in /Users/arseniomuanda/MyJobs/Joelson/gestao_alunos/system/Database/MySQLi/Connection.php:295
Stack trace:
#0 /Users/arseniomuanda/MyJobs/Joelson/gestao_alunos/system/Database/MySQLi/Connection.php(295): mysqli->query('INSERT INTO `ca...', 0)
#1 /Users/arseniomuanda/MyJobs/Joelson/gestao_alunos/system/Database/BaseConnection.php(691): CodeIgniter\Database\MySQLi\Connection->execute('INSERT INTO `ca...')
#2 /Users/arseniomuanda/MyJobs/Joelson/gestao_alunos/system/Database/BaseConnection.php(605): CodeIgniter\Database\BaseConnection->simpleQuery('INSERT INTO `ca...')
#3 /Users/arseniomuanda/MyJobs/Joelson/gestao_alunos/system/Database/BaseBuilder.php(2309): CodeIgniter\Database\BaseConnection->query('INSERT INTO `ca...', Array, false)
#4 /Users/arseniomuanda/MyJobs/Joelson/gestao_alunos/system/Model.php(330): CodeIgniter\Database\BaseBuilder->insert()
#5 /Users/arseniomuanda/MyJobs/Joelson/gestao_alunos/system/BaseModel.php(782): CodeIgniter\Model->doInsert(Array)
#6 /Users/arseniomuanda/MyJobs/Joelson/gestao_alunos/system/Model.php(730): CodeIgniter\BaseModel->insert(Array, false)
#7 /Users/arseniomuanda/MyJobs/Joelson/gestao_alunos/system/BaseModel.php(692): CodeIgniter\Model->insert(Array, false)
#8 /Users/arseniomuanda/MyJobs/Joelson/gestao_alunos/app/Helpers/funcao_helper.php(107): CodeIgniter\BaseModel->save(Array)
#9 /Users/arseniomuanda/MyJobs/Joelson/gestao_alunos/app/Controllers/Candidaturas.php(67): cadastrocomcincofotos(Object(App\Models\CandidatoModel), Array, Object(CodeIgniter\Database\MySQLi\Connection), Object(App\Models\Auditoria), 'Candidato', NULL, 'atestado_medico', NULL, 'foto_tipo_pass', NULL, 'copia_bi', NULL, 'declaracao_nota...', NULL, 'certificado')
#10 /Users/arseniomuanda/MyJobs/Joelson/gestao_alunos/system/CodeIgniter.php(934): App\Controllers\Candidaturas->add()
#11 /Users/arseniomuanda/MyJobs/Joelson/gestao_alunos/system/CodeIgniter.php(499): CodeIgniter\CodeIgniter->runController(Object(App\Controllers\Candidaturas))
#12 /Users/arseniomuanda/MyJobs/Joelson/gestao_alunos/system/CodeIgniter.php(368): CodeIgniter\CodeIgniter->handleRequest(NULL, Object(Config\Cache), false)
#13 /Users/arseniomuanda/MyJobs/Joelson/gestao_alunos/public/index.php(67): CodeIgniter\CodeIgniter->run()
#14 /Users/arseniomuanda/MyJobs/Joelson/gestao_alunos/system/Commands/Server/rewrite.php(47): require_once('/Users/arseniom...')
#15 {main}
CRITICAL - 2023-06-10 20:37:30 --> Column 'campanha' cannot be null
in SYSTEMPATH/Database/BaseConnection.php on line 645.
 1 SYSTEMPATH/Database/BaseBuilder.php(2309): CodeIgniter\Database\BaseConnection->query('INSERT INTO `candidatos` (`nome`, `email`, `telefone`, `datanascimento`, `campanha`) VALUES (:nome:, :email:, :telefone:, :datanascimento:, :campanha:)', [...], false)
 2 SYSTEMPATH/Model.php(330): CodeIgniter\Database\BaseBuilder->insert()
 3 SYSTEMPATH/BaseModel.php(782): CodeIgniter\Model->doInsert([...])
 4 SYSTEMPATH/Model.php(730): CodeIgniter\BaseModel->insert([...], false)
 5 SYSTEMPATH/BaseModel.php(692): CodeIgniter\Model->insert([...], false)
 6 APPPATH/Helpers/funcao_helper.php(107): CodeIgniter\BaseModel->save([...])
 7 APPPATH/Controllers/Candidaturas.php(67): cadastrocomcincofotos(Object(App\Models\CandidatoModel), [...], Object(CodeIgniter\Database\MySQLi\Connection), Object(App\Models\Auditoria), 'Candidato', null, 'atestado_medico', null, 'foto_tipo_pass', null, 'copia_bi', null, 'declaracao_notas', null, 'certificado')
 8 SYSTEMPATH/CodeIgniter.php(934): App\Controllers\Candidaturas->add()
 9 SYSTEMPATH/CodeIgniter.php(499): CodeIgniter\CodeIgniter->runController(Object(App\Controllers\Candidaturas))
10 SYSTEMPATH/CodeIgniter.php(368): CodeIgniter\CodeIgniter->handleRequest(null, Object(Config\Cache), false)
11 FCPATH/index.php(67): CodeIgniter\CodeIgniter->run()
12 SYSTEMPATH/Commands/Server/rewrite.php(47): require_once('FCPATH/index.php')
ERROR - 2023-06-10 20:38:17 --> mysqli_sql_exception: Column 'campanha' cannot be null in /Users/arseniomuanda/MyJobs/Joelson/gestao_alunos/system/Database/MySQLi/Connection.php:295
Stack trace:
#0 /Users/arseniomuanda/MyJobs/Joelson/gestao_alunos/system/Database/MySQLi/Connection.php(295): mysqli->query('INSERT INTO `ca...', 0)
#1 /Users/arseniomuanda/MyJobs/Joelson/gestao_alunos/system/Database/BaseConnection.php(691): CodeIgniter\Database\MySQLi\Connection->execute('INSERT INTO `ca...')
#2 /Users/arseniomuanda/MyJobs/Joelson/gestao_alunos/system/Database/BaseConnection.php(605): CodeIgniter\Database\BaseConnection->simpleQuery('INSERT INTO `ca...')
#3 /Users/arseniomuanda/MyJobs/Joelson/gestao_alunos/system/Database/BaseBuilder.php(2309): CodeIgniter\Database\BaseConnection->query('INSERT INTO `ca...', Array, false)
#4 /Users/arseniomuanda/MyJobs/Joelson/gestao_alunos/system/Model.php(330): CodeIgniter\Database\BaseBuilder->insert()
#5 /Users/arseniomuanda/MyJobs/Joelson/gestao_alunos/system/BaseModel.php(782): CodeIgniter\Model->doInsert(Array)
#6 /Users/arseniomuanda/MyJobs/Joelson/gestao_alunos/system/Model.php(730): CodeIgniter\BaseModel->insert(Array, false)
#7 /Users/arseniomuanda/MyJobs/Joelson/gestao_alunos/system/BaseModel.php(692): CodeIgniter\Model->insert(Array, false)
#8 /Users/arseniomuanda/MyJobs/Joelson/gestao_alunos/app/Helpers/funcao_helper.php(107): CodeIgniter\BaseModel->save(Array)
#9 /Users/arseniomuanda/MyJobs/Joelson/gestao_alunos/app/Controllers/Candidaturas.php(67): cadastrocomcincofotos(Object(App\Models\CandidatoModel), Array, Object(CodeIgniter\Database\MySQLi\Connection), Object(App\Models\Auditoria), 'Candidato', NULL, 'atestado_medico', NULL, 'foto_tipo_pass', NULL, 'copia_bi', NULL, 'declaracao_nota...', NULL, 'certificado')
#10 /Users/arseniomuanda/MyJobs/Joelson/gestao_alunos/system/CodeIgniter.php(934): App\Controllers\Candidaturas->add()
#11 /Users/arseniomuanda/MyJobs/Joelson/gestao_alunos/system/CodeIgniter.php(499): CodeIgniter\CodeIgniter->runController(Object(App\Controllers\Candidaturas))
#12 /Users/arseniomuanda/MyJobs/Joelson/gestao_alunos/system/CodeIgniter.php(368): CodeIgniter\CodeIgniter->handleRequest(NULL, Object(Config\Cache), false)
#13 /Users/arseniomuanda/MyJobs/Joelson/gestao_alunos/public/index.php(67): CodeIgniter\CodeIgniter->run()
#14 /Users/arseniomuanda/MyJobs/Joelson/gestao_alunos/system/Commands/Server/rewrite.php(47): require_once('/Users/arseniom...')
#15 {main}
CRITICAL - 2023-06-10 20:38:17 --> Column 'campanha' cannot be null
in SYSTEMPATH/Database/BaseConnection.php on line 645.
 1 SYSTEMPATH/Database/BaseBuilder.php(2309): CodeIgniter\Database\BaseConnection->query('INSERT INTO `candidatos` (`nome`, `email`, `telefone`, `datanascimento`, `campanha`) VALUES (:nome:, :email:, :telefone:, :datanascimento:, :campanha:)', [...], false)
 2 SYSTEMPATH/Model.php(330): CodeIgniter\Database\BaseBuilder->insert()
 3 SYSTEMPATH/BaseModel.php(782): CodeIgniter\Model->doInsert([...])
 4 SYSTEMPATH/Model.php(730): CodeIgniter\BaseModel->insert([...], false)
 5 SYSTEMPATH/BaseModel.php(692): CodeIgniter\Model->insert([...], false)
 6 APPPATH/Helpers/funcao_helper.php(107): CodeIgniter\BaseModel->save([...])
 7 APPPATH/Controllers/Candidaturas.php(67): cadastrocomcincofotos(Object(App\Models\CandidatoModel), [...], Object(CodeIgniter\Database\MySQLi\Connection), Object(App\Models\Auditoria), 'Candidato', null, 'atestado_medico', null, 'foto_tipo_pass', null, 'copia_bi', null, 'declaracao_notas', null, 'certificado')
 8 SYSTEMPATH/CodeIgniter.php(934): App\Controllers\Candidaturas->add()
 9 SYSTEMPATH/CodeIgniter.php(499): CodeIgniter\CodeIgniter->runController(Object(App\Controllers\Candidaturas))
10 SYSTEMPATH/CodeIgniter.php(368): CodeIgniter\CodeIgniter->handleRequest(null, Object(Config\Cache), false)
11 FCPATH/index.php(67): CodeIgniter\CodeIgniter->run()
12 SYSTEMPATH/Commands/Server/rewrite.php(47): require_once('FCPATH/index.php')
CRITICAL - 2023-06-10 20:40:57 --> Undefined array key "HTTP_AUTHORIZATION"
in APPPATH/Filters/AuthFilter.php on line 31.
 1 APPPATH/Filters/AuthFilter.php(31): CodeIgniter\Debug\Exceptions->errorHandler(2, 'Undefined array key "HTTP_AUTHORIZATION"', 'APPPATH/Filters/AuthFilter.php', 31)
 2 SYSTEMPATH/Filters/Filters.php(173): App\Filters\AuthFilter->before(Object(CodeIgniter\HTTP\IncomingRequest), null)
 3 SYSTEMPATH/CodeIgniter.php(473): CodeIgniter\Filters\Filters->run('api/candidatos/update/983475343', 'before')
 4 SYSTEMPATH/CodeIgniter.php(368): CodeIgniter\CodeIgniter->handleRequest(null, Object(Config\Cache), false)
 5 FCPATH/index.php(67): CodeIgniter\CodeIgniter->run()
 6 SYSTEMPATH/Commands/Server/rewrite.php(47): require_once('FCPATH/index.php')
CRITICAL - 2023-06-10 20:41:50 --> Undefined array key "HTTP_AUTHORIZATION"
in APPPATH/Filters/AuthFilter.php on line 31.
 1 APPPATH/Filters/AuthFilter.php(31): CodeIgniter\Debug\Exceptions->errorHandler(2, 'Undefined array key "HTTP_AUTHORIZATION"', 'APPPATH/Filters/AuthFilter.php', 31)
 2 SYSTEMPATH/Filters/Filters.php(173): App\Filters\AuthFilter->before(Object(CodeIgniter\HTTP\IncomingRequest), null)
 3 SYSTEMPATH/CodeIgniter.php(473): CodeIgniter\Filters\Filters->run('api/candidatos/update/10', 'before')
 4 SYSTEMPATH/CodeIgniter.php(368): CodeIgniter\CodeIgniter->handleRequest(null, Object(Config\Cache), false)
 5 FCPATH/index.php(67): CodeIgniter\CodeIgniter->run()
 6 SYSTEMPATH/Commands/Server/rewrite.php(47): require_once('FCPATH/index.php')
ERROR - 2023-06-10 20:42:40 --> mysqli_sql_exception: Cannot add or update a child row: a foreign key constraint fails (`gestao_alunos`.`candidatos`, CONSTRAINT `candidatos_ibfk_1` FOREIGN KEY (`campanha`) REFERENCES `campanhas` (`id`) ON DELETE CASCADE ON UPDATE CASCADE) in /Users/arseniomuanda/MyJobs/Joelson/gestao_alunos/system/Database/MySQLi/Connection.php:295
Stack trace:
#0 /Users/arseniomuanda/MyJobs/Joelson/gestao_alunos/system/Database/MySQLi/Connection.php(295): mysqli->query('UPDATE `candida...', 0)
#1 /Users/arseniomuanda/MyJobs/Joelson/gestao_alunos/system/Database/BaseConnection.php(691): CodeIgniter\Database\MySQLi\Connection->execute('UPDATE `candida...')
#2 /Users/arseniomuanda/MyJobs/Joelson/gestao_alunos/system/Database/BaseConnection.php(605): CodeIgniter\Database\BaseConnection->simpleQuery('UPDATE `candida...')
#3 /Users/arseniomuanda/MyJobs/Joelson/gestao_alunos/system/Database/BaseBuilder.php(2476): CodeIgniter\Database\BaseConnection->query('UPDATE `candida...', Array, false)
#4 /Users/arseniomuanda/MyJobs/Joelson/gestao_alunos/system/Model.php(396): CodeIgniter\Database\BaseBuilder->update()
#5 /Users/arseniomuanda/MyJobs/Joelson/gestao_alunos/system/BaseModel.php(943): CodeIgniter\Model->doUpdate(Array, Array)
#6 /Users/arseniomuanda/MyJobs/Joelson/gestao_alunos/system/Model.php(756): CodeIgniter\BaseModel->update(Array, Array)
#7 /Users/arseniomuanda/MyJobs/Joelson/gestao_alunos/system/BaseModel.php(690): CodeIgniter\Model->update('10', Array)
#8 /Users/arseniomuanda/MyJobs/Joelson/gestao_alunos/app/Helpers/funcao_helper.php(414): CodeIgniter\BaseModel->save(Array)
#9 /Users/arseniomuanda/MyJobs/Joelson/gestao_alunos/app/Controllers/Candidaturas.php(111): updatenomal(Object(App\Models\CandidatoModel), Array, Object(App\Models\Auditoria))
#10 /Users/arseniomuanda/MyJobs/Joelson/gestao_alunos/system/CodeIgniter.php(934): App\Controllers\Candidaturas->update('10')
#11 /Users/arseniomuanda/MyJobs/Joelson/gestao_alunos/system/CodeIgniter.php(499): CodeIgniter\CodeIgniter->runController(Object(App\Controllers\Candidaturas))
#12 /Users/arseniomuanda/MyJobs/Joelson/gestao_alunos/system/CodeIgniter.php(368): CodeIgniter\CodeIgniter->handleRequest(NULL, Object(Config\Cache), false)
#13 /Users/arseniomuanda/MyJobs/Joelson/gestao_alunos/public/index.php(67): CodeIgniter\CodeIgniter->run()
#14 /Users/arseniomuanda/MyJobs/Joelson/gestao_alunos/system/Commands/Server/rewrite.php(47): require_once('/Users/arseniom...')
#15 {main}
CRITICAL - 2023-06-10 20:42:40 --> Cannot add or update a child row: a foreign key constraint fails (`gestao_alunos`.`candidatos`, CONSTRAINT `candidatos_ibfk_1` FOREIGN KEY (`campanha`) REFERENCES `campanhas` (`id`) ON DELETE CASCADE ON UPDATE CASCADE)
in SYSTEMPATH/Database/BaseConnection.php on line 645.
 1 SYSTEMPATH/Database/BaseBuilder.php(2476): CodeIgniter\Database\BaseConnection->query('UPDATE `candidatos` SET `nome` = :nome:, `email` = :email:, `telefone` = :telefone:, `datanascimento` = :datanascimento:, `campanha` = :campanha:
WHERE `candidatos`.`id` IN :candidatos.id:', [...], false)
 2 SYSTEMPATH/Model.php(396): CodeIgniter\Database\BaseBuilder->update()
 3 SYSTEMPATH/BaseModel.php(943): CodeIgniter\Model->doUpdate([...], [...])
 4 SYSTEMPATH/Model.php(756): CodeIgniter\BaseModel->update([...], [...])
 5 SYSTEMPATH/BaseModel.php(690): CodeIgniter\Model->update('10', [...])
 6 APPPATH/Helpers/funcao_helper.php(414): CodeIgniter\BaseModel->save([...])
 7 APPPATH/Controllers/Candidaturas.php(111): updatenomal(Object(App\Models\CandidatoModel), [...], Object(App\Models\Auditoria))
 8 SYSTEMPATH/CodeIgniter.php(934): App\Controllers\Candidaturas->update('10')
 9 SYSTEMPATH/CodeIgniter.php(499): CodeIgniter\CodeIgniter->runController(Object(App\Controllers\Candidaturas))
10 SYSTEMPATH/CodeIgniter.php(368): CodeIgniter\CodeIgniter->handleRequest(null, Object(Config\Cache), false)
11 FCPATH/index.php(67): CodeIgniter\CodeIgniter->run()
12 SYSTEMPATH/Commands/Server/rewrite.php(47): require_once('FCPATH/index.php')
