INFO - 2023-04-24 12:40:59 --> Session: Class initialized using 'CodeIgniter\Session\Handlers\FileHandler' driver.
INFO - 2023-04-24 12:44:17 --> Session: Class initialized using 'CodeIgniter\Session\Handlers\FileHandler' driver.
ERROR - 2023-04-24 13:20:19 --> mysqli_sql_exception: Duplicate entry 'manomuanda@gmail.com' for key 'email' in /Users/arseniomuanda/MyJobs/Joelson/gestao_alunos/system/Database/MySQLi/Connection.php:295
Stack trace:
#0 /Users/arseniomuanda/MyJobs/Joelson/gestao_alunos/system/Database/MySQLi/Connection.php(295): mysqli->query('INSERT INTO `ut...', 0)
#1 /Users/arseniomuanda/MyJobs/Joelson/gestao_alunos/system/Database/BaseConnection.php(691): CodeIgniter\Database\MySQLi\Connection->execute('INSERT INTO `ut...')
#2 /Users/arseniomuanda/MyJobs/Joelson/gestao_alunos/system/Database/BaseConnection.php(605): CodeIgniter\Database\BaseConnection->simpleQuery('INSERT INTO `ut...')
#3 /Users/arseniomuanda/MyJobs/Joelson/gestao_alunos/system/Database/BaseBuilder.php(2309): CodeIgniter\Database\BaseConnection->query('INSERT INTO `ut...', Array, false)
#4 /Users/arseniomuanda/MyJobs/Joelson/gestao_alunos/system/Model.php(330): CodeIgniter\Database\BaseBuilder->insert()
#5 /Users/arseniomuanda/MyJobs/Joelson/gestao_alunos/system/BaseModel.php(782): CodeIgniter\Model->doInsert(Array)
#6 /Users/arseniomuanda/MyJobs/Joelson/gestao_alunos/system/Model.php(730): CodeIgniter\BaseModel->insert(Array, false)
#7 /Users/arseniomuanda/MyJobs/Joelson/gestao_alunos/system/BaseModel.php(692): CodeIgniter\Model->insert(Array, false)
#8 /Users/arseniomuanda/MyJobs/Joelson/gestao_alunos/app/Helpers/funcao_helper.php(26): CodeIgniter\BaseModel->save(Array)
#9 /Users/arseniomuanda/MyJobs/Joelson/gestao_alunos/app/Controllers/Funcionarios.php(90): cadastronormal(Object(App\Models\UtilizadoreModel), Array, Object(CodeIgniter\Database\MySQLi\Connection), Object(App\Models\Auditoria))
#10 /Users/arseniomuanda/MyJobs/Joelson/gestao_alunos/system/CodeIgniter.php(934): App\Controllers\Funcionarios->add()
#11 /Users/arseniomuanda/MyJobs/Joelson/gestao_alunos/system/CodeIgniter.php(499): CodeIgniter\CodeIgniter->runController(Object(App\Controllers\Funcionarios))
#12 /Users/arseniomuanda/MyJobs/Joelson/gestao_alunos/system/CodeIgniter.php(368): CodeIgniter\CodeIgniter->handleRequest(NULL, Object(Config\Cache), false)
#13 /Users/arseniomuanda/MyJobs/Joelson/gestao_alunos/public/index.php(67): CodeIgniter\CodeIgniter->run()
#14 /Users/arseniomuanda/MyJobs/Joelson/gestao_alunos/system/Commands/Server/rewrite.php(47): require_once('/Users/arseniom...')
#15 {main}
CRITICAL - 2023-04-24 13:20:19 --> Duplicate entry 'manomuanda@gmail.com' for key 'email'
in SYSTEMPATH/Database/BaseConnection.php on line 645.
 1 SYSTEMPATH/Database/BaseBuilder.php(2309): CodeIgniter\Database\BaseConnection->query('INSERT INTO `utilizadores` (`password`, `email`, `bairro`, `rua`, `municipio`, `n_casa`, `telefone`, `bi`, `sexo`, `nome`) VALUES (:password:, :email:, :bairro:, :rua:, :municipio:, :n_casa:, :telefone:, :bi:, :sexo:, :nome:)', [...], false)
 2 SYSTEMPATH/Model.php(330): CodeIgniter\Database\BaseBuilder->insert()
 3 SYSTEMPATH/BaseModel.php(782): CodeIgniter\Model->doInsert([...])
 4 SYSTEMPATH/Model.php(730): CodeIgniter\BaseModel->insert([...], false)
 5 SYSTEMPATH/BaseModel.php(692): CodeIgniter\Model->insert([...], false)
 6 APPPATH/Helpers/funcao_helper.php(26): CodeIgniter\BaseModel->save([...])
 7 APPPATH/Controllers/Funcionarios.php(90): cadastronormal(Object(App\Models\UtilizadoreModel), [...], Object(CodeIgniter\Database\MySQLi\Connection), Object(App\Models\Auditoria))
 8 SYSTEMPATH/CodeIgniter.php(934): App\Controllers\Funcionarios->add()
 9 SYSTEMPATH/CodeIgniter.php(499): CodeIgniter\CodeIgniter->runController(Object(App\Controllers\Funcionarios))
10 SYSTEMPATH/CodeIgniter.php(368): CodeIgniter\CodeIgniter->handleRequest(null, Object(Config\Cache), false)
11 FCPATH/index.php(67): CodeIgniter\CodeIgniter->run()
12 SYSTEMPATH/Commands/Server/rewrite.php(47): require_once('FCPATH/index.php')
CRITICAL - 2023-04-24 13:34:20 --> Undefined variable $finaionario
in APPPATH/Views/rh/perfil.php on line 22.
 1 APPPATH/Views/rh/perfil.php(22): CodeIgniter\Debug\Exceptions->errorHandler(2, 'Undefined variable $finaionario', 'APPPATH/Views/rh/perfil.php', 22)
 2 SYSTEMPATH/View/View.php(213): include('APPPATH/Views/rh/perfil.php')
 3 SYSTEMPATH/View/View.php(216): CodeIgniter\View\View->CodeIgniter\View\{closure}()
 4 SYSTEMPATH/Common.php(1184): CodeIgniter\View\View->render('rh/perfil', [], true)
 5 APPPATH/Controllers/Funcionarios.php(118): view('rh/perfil', [...])
 6 SYSTEMPATH/CodeIgniter.php(934): App\Controllers\Funcionarios->perfil('3')
 7 SYSTEMPATH/CodeIgniter.php(499): CodeIgniter\CodeIgniter->runController(Object(App\Controllers\Funcionarios))
 8 SYSTEMPATH/CodeIgniter.php(368): CodeIgniter\CodeIgniter->handleRequest(null, Object(Config\Cache), false)
 9 FCPATH/index.php(67): CodeIgniter\CodeIgniter->run()
10 SYSTEMPATH/Commands/Server/rewrite.php(47): require_once('FCPATH/index.php')
CRITICAL - 2023-04-24 13:34:28 --> Undefined variable $funaionario
in APPPATH/Views/rh/perfil.php on line 22.
 1 APPPATH/Views/rh/perfil.php(22): CodeIgniter\Debug\Exceptions->errorHandler(2, 'Undefined variable $funaionario', 'APPPATH/Views/rh/perfil.php', 22)
 2 SYSTEMPATH/View/View.php(213): include('APPPATH/Views/rh/perfil.php')
 3 SYSTEMPATH/View/View.php(216): CodeIgniter\View\View->CodeIgniter\View\{closure}()
 4 SYSTEMPATH/Common.php(1184): CodeIgniter\View\View->render('rh/perfil', [], true)
 5 APPPATH/Controllers/Funcionarios.php(118): view('rh/perfil', [...])
 6 SYSTEMPATH/CodeIgniter.php(934): App\Controllers\Funcionarios->perfil('3')
 7 SYSTEMPATH/CodeIgniter.php(499): CodeIgniter\CodeIgniter->runController(Object(App\Controllers\Funcionarios))
 8 SYSTEMPATH/CodeIgniter.php(368): CodeIgniter\CodeIgniter->handleRequest(null, Object(Config\Cache), false)
 9 FCPATH/index.php(67): CodeIgniter\CodeIgniter->run()
10 SYSTEMPATH/Commands/Server/rewrite.php(47): require_once('FCPATH/index.php')
CRITICAL - 2023-04-24 13:34:40 --> Undefined variable $fucionaiorio
in APPPATH/Views/rh/perfil.php on line 22.
 1 APPPATH/Views/rh/perfil.php(22): CodeIgniter\Debug\Exceptions->errorHandler(2, 'Undefined variable $fucionaiorio', 'APPPATH/Views/rh/perfil.php', 22)
 2 SYSTEMPATH/View/View.php(213): include('APPPATH/Views/rh/perfil.php')
 3 SYSTEMPATH/View/View.php(216): CodeIgniter\View\View->CodeIgniter\View\{closure}()
 4 SYSTEMPATH/Common.php(1184): CodeIgniter\View\View->render('rh/perfil', [], true)
 5 APPPATH/Controllers/Funcionarios.php(118): view('rh/perfil', [...])
 6 SYSTEMPATH/CodeIgniter.php(934): App\Controllers\Funcionarios->perfil('3')
 7 SYSTEMPATH/CodeIgniter.php(499): CodeIgniter\CodeIgniter->runController(Object(App\Controllers\Funcionarios))
 8 SYSTEMPATH/CodeIgniter.php(368): CodeIgniter\CodeIgniter->handleRequest(null, Object(Config\Cache), false)
 9 FCPATH/index.php(67): CodeIgniter\CodeIgniter->run()
10 SYSTEMPATH/Commands/Server/rewrite.php(47): require_once('FCPATH/index.php')
CRITICAL - 2023-04-24 13:35:24 --> Undefined property: stdClass::$email
in APPPATH/Views/rh/perfil.php on line 23.
 1 APPPATH/Views/rh/perfil.php(23): CodeIgniter\Debug\Exceptions->errorHandler(2, 'Undefined property: stdClass::$email', 'APPPATH/Views/rh/perfil.php', 23)
 2 SYSTEMPATH/View/View.php(213): include('APPPATH/Views/rh/perfil.php')
 3 SYSTEMPATH/View/View.php(216): CodeIgniter\View\View->CodeIgniter\View\{closure}()
 4 SYSTEMPATH/Common.php(1184): CodeIgniter\View\View->render('rh/perfil', [], true)
 5 APPPATH/Controllers/Funcionarios.php(118): view('rh/perfil', [...])
 6 SYSTEMPATH/CodeIgniter.php(934): App\Controllers\Funcionarios->perfil('3')
 7 SYSTEMPATH/CodeIgniter.php(499): CodeIgniter\CodeIgniter->runController(Object(App\Controllers\Funcionarios))
 8 SYSTEMPATH/CodeIgniter.php(368): CodeIgniter\CodeIgniter->handleRequest(null, Object(Config\Cache), false)
 9 FCPATH/index.php(67): CodeIgniter\CodeIgniter->run()
10 SYSTEMPATH/Commands/Server/rewrite.php(47): require_once('FCPATH/index.php')
CRITICAL - 2023-04-24 13:37:02 --> Undefined property: stdClass::$bi
in APPPATH/Views/rh/perfil.php on line 75.
 1 APPPATH/Views/rh/perfil.php(75): CodeIgniter\Debug\Exceptions->errorHandler(2, 'Undefined property: stdClass::$bi', 'APPPATH/Views/rh/perfil.php', 75)
 2 SYSTEMPATH/View/View.php(213): include('APPPATH/Views/rh/perfil.php')
 3 SYSTEMPATH/View/View.php(216): CodeIgniter\View\View->CodeIgniter\View\{closure}()
 4 SYSTEMPATH/Common.php(1184): CodeIgniter\View\View->render('rh/perfil', [], true)
 5 APPPATH/Controllers/Funcionarios.php(118): view('rh/perfil', [...])
 6 SYSTEMPATH/CodeIgniter.php(934): App\Controllers\Funcionarios->perfil('3')
 7 SYSTEMPATH/CodeIgniter.php(499): CodeIgniter\CodeIgniter->runController(Object(App\Controllers\Funcionarios))
 8 SYSTEMPATH/CodeIgniter.php(368): CodeIgniter\CodeIgniter->handleRequest(null, Object(Config\Cache), false)
 9 FCPATH/index.php(67): CodeIgniter\CodeIgniter->run()
10 SYSTEMPATH/Commands/Server/rewrite.php(47): require_once('FCPATH/index.php')
CRITICAL - 2023-04-24 13:37:30 --> Undefined property: stdClass::$bi
in APPPATH/Views/rh/perfil.php on line 75.
 1 APPPATH/Views/rh/perfil.php(75): CodeIgniter\Debug\Exceptions->errorHandler(2, 'Undefined property: stdClass::$bi', 'APPPATH/Views/rh/perfil.php', 75)
 2 SYSTEMPATH/View/View.php(213): include('APPPATH/Views/rh/perfil.php')
 3 SYSTEMPATH/View/View.php(216): CodeIgniter\View\View->CodeIgniter\View\{closure}()
 4 SYSTEMPATH/Common.php(1184): CodeIgniter\View\View->render('rh/perfil', [], true)
 5 APPPATH/Controllers/Funcionarios.php(118): view('rh/perfil', [...])
 6 SYSTEMPATH/CodeIgniter.php(934): App\Controllers\Funcionarios->perfil('3')
 7 SYSTEMPATH/CodeIgniter.php(499): CodeIgniter\CodeIgniter->runController(Object(App\Controllers\Funcionarios))
 8 SYSTEMPATH/CodeIgniter.php(368): CodeIgniter\CodeIgniter->handleRequest(null, Object(Config\Cache), false)
 9 FCPATH/index.php(67): CodeIgniter\CodeIgniter->run()
10 SYSTEMPATH/Commands/Server/rewrite.php(47): require_once('FCPATH/index.php')
CRITICAL - 2023-04-24 13:38:41 --> Undefined property: stdClass::$telefone
in APPPATH/Views/rh/perfil.php on line 90.
 1 APPPATH/Views/rh/perfil.php(90): CodeIgniter\Debug\Exceptions->errorHandler(2, 'Undefined property: stdClass::$telefone', 'APPPATH/Views/rh/perfil.php', 90)
 2 SYSTEMPATH/View/View.php(213): include('APPPATH/Views/rh/perfil.php')
 3 SYSTEMPATH/View/View.php(216): CodeIgniter\View\View->CodeIgniter\View\{closure}()
 4 SYSTEMPATH/Common.php(1184): CodeIgniter\View\View->render('rh/perfil', [], true)
 5 APPPATH/Controllers/Funcionarios.php(118): view('rh/perfil', [...])
 6 SYSTEMPATH/CodeIgniter.php(934): App\Controllers\Funcionarios->perfil('3')
 7 SYSTEMPATH/CodeIgniter.php(499): CodeIgniter\CodeIgniter->runController(Object(App\Controllers\Funcionarios))
 8 SYSTEMPATH/CodeIgniter.php(368): CodeIgniter\CodeIgniter->handleRequest(null, Object(Config\Cache), false)
 9 FCPATH/index.php(67): CodeIgniter\CodeIgniter->run()
10 SYSTEMPATH/Commands/Server/rewrite.php(47): require_once('FCPATH/index.php')
CRITICAL - 2023-04-24 13:40:31 --> Undefined property: stdClass::$endereco
in APPPATH/Views/rh/perfil.php on line 95.
 1 APPPATH/Views/rh/perfil.php(95): CodeIgniter\Debug\Exceptions->errorHandler(2, 'Undefined property: stdClass::$endereco', 'APPPATH/Views/rh/perfil.php', 95)
 2 SYSTEMPATH/View/View.php(213): include('APPPATH/Views/rh/perfil.php')
 3 SYSTEMPATH/View/View.php(216): CodeIgniter\View\View->CodeIgniter\View\{closure}()
 4 SYSTEMPATH/Common.php(1184): CodeIgniter\View\View->render('rh/perfil', [], true)
 5 APPPATH/Controllers/Funcionarios.php(118): view('rh/perfil', [...])
 6 SYSTEMPATH/CodeIgniter.php(934): App\Controllers\Funcionarios->perfil('3')
 7 SYSTEMPATH/CodeIgniter.php(499): CodeIgniter\CodeIgniter->runController(Object(App\Controllers\Funcionarios))
 8 SYSTEMPATH/CodeIgniter.php(368): CodeIgniter\CodeIgniter->handleRequest(null, Object(Config\Cache), false)
 9 FCPATH/index.php(67): CodeIgniter\CodeIgniter->run()
10 SYSTEMPATH/Commands/Server/rewrite.php(47): require_once('FCPATH/index.php')
ERROR - 2023-04-24 13:41:36 --> mysqli_sql_exception: Unknown column 'utilizadores.provincia' in 'field list' in /Users/arseniomuanda/MyJobs/Joelson/gestao_alunos/system/Database/MySQLi/Connection.php:295
Stack trace:
#0 /Users/arseniomuanda/MyJobs/Joelson/gestao_alunos/system/Database/MySQLi/Connection.php(295): mysqli->query('SELECT funciona...', 0)
#1 /Users/arseniomuanda/MyJobs/Joelson/gestao_alunos/system/Database/BaseConnection.php(691): CodeIgniter\Database\MySQLi\Connection->execute('SELECT funciona...')
#2 /Users/arseniomuanda/MyJobs/Joelson/gestao_alunos/system/Database/BaseConnection.php(605): CodeIgniter\Database\BaseConnection->simpleQuery('SELECT funciona...')
#3 /Users/arseniomuanda/MyJobs/Joelson/gestao_alunos/app/Controllers/Funcionarios.php(116): CodeIgniter\Database\BaseConnection->query('SELECT funciona...')
#4 /Users/arseniomuanda/MyJobs/Joelson/gestao_alunos/system/CodeIgniter.php(934): App\Controllers\Funcionarios->perfil('3')
#5 /Users/arseniomuanda/MyJobs/Joelson/gestao_alunos/system/CodeIgniter.php(499): CodeIgniter\CodeIgniter->runController(Object(App\Controllers\Funcionarios))
#6 /Users/arseniomuanda/MyJobs/Joelson/gestao_alunos/system/CodeIgniter.php(368): CodeIgniter\CodeIgniter->handleRequest(NULL, Object(Config\Cache), false)
#7 /Users/arseniomuanda/MyJobs/Joelson/gestao_alunos/public/index.php(67): CodeIgniter\CodeIgniter->run()
#8 /Users/arseniomuanda/MyJobs/Joelson/gestao_alunos/system/Commands/Server/rewrite.php(47): require_once('/Users/arseniom...')
#9 {main}
CRITICAL - 2023-04-24 13:41:36 --> Unknown column 'utilizadores.provincia' in 'field list'
in SYSTEMPATH/Database/BaseConnection.php on line 645.
 1 APPPATH/Controllers/Funcionarios.php(116): CodeIgniter\Database\BaseConnection->query('SELECT funcionarios.*, categorias.nome AS categoria, utilizadores.nome, utilizadores.email, utilizadores.bi, utilizadores.sexo, utilizadores.telefone, utilizadores.provincia, utilizadores.municipio  FROM `funcionarios` INNER JOIN `utilizadores` ON funcionarios.utilizador = utilizadores.id INNER JOIN categorias ON funcionarios.categoria = categorias.id WHERE funcionarios.id = 3')
 2 SYSTEMPATH/CodeIgniter.php(934): App\Controllers\Funcionarios->perfil('3')
 3 SYSTEMPATH/CodeIgniter.php(499): CodeIgniter\CodeIgniter->runController(Object(App\Controllers\Funcionarios))
 4 SYSTEMPATH/CodeIgniter.php(368): CodeIgniter\CodeIgniter->handleRequest(null, Object(Config\Cache), false)
 5 FCPATH/index.php(67): CodeIgniter\CodeIgniter->run()
 6 SYSTEMPATH/Commands/Server/rewrite.php(47): require_once('FCPATH/index.php')
CRITICAL - 2023-04-24 14:06:21 --> Undefined property: stdClass::$rua
in APPPATH/Views/rh/perfil.php on line 175.
 1 APPPATH/Views/rh/perfil.php(175): CodeIgniter\Debug\Exceptions->errorHandler(2, 'Undefined property: stdClass::$rua', 'APPPATH/Views/rh/perfil.php', 175)
 2 SYSTEMPATH/View/View.php(213): include('APPPATH/Views/rh/perfil.php')
 3 SYSTEMPATH/View/View.php(216): CodeIgniter\View\View->CodeIgniter\View\{closure}()
 4 SYSTEMPATH/Common.php(1184): CodeIgniter\View\View->render('rh/perfil', [], true)
 5 APPPATH/Controllers/Funcionarios.php(118): view('rh/perfil', [...])
 6 SYSTEMPATH/CodeIgniter.php(934): App\Controllers\Funcionarios->perfil('3')
 7 SYSTEMPATH/CodeIgniter.php(499): CodeIgniter\CodeIgniter->runController(Object(App\Controllers\Funcionarios))
 8 SYSTEMPATH/CodeIgniter.php(368): CodeIgniter\CodeIgniter->handleRequest(null, Object(Config\Cache), false)
 9 FCPATH/index.php(67): CodeIgniter\CodeIgniter->run()
10 SYSTEMPATH/Commands/Server/rewrite.php(47): require_once('FCPATH/index.php')
CRITICAL - 2023-04-24 14:06:43 --> Undefined property: stdClass::$n_casa
in APPPATH/Views/rh/perfil.php on line 182.
 1 APPPATH/Views/rh/perfil.php(182): CodeIgniter\Debug\Exceptions->errorHandler(2, 'Undefined property: stdClass::$n_casa', 'APPPATH/Views/rh/perfil.php', 182)
 2 SYSTEMPATH/View/View.php(213): include('APPPATH/Views/rh/perfil.php')
 3 SYSTEMPATH/View/View.php(216): CodeIgniter\View\View->CodeIgniter\View\{closure}()
 4 SYSTEMPATH/Common.php(1184): CodeIgniter\View\View->render('rh/perfil', [], true)
 5 APPPATH/Controllers/Funcionarios.php(118): view('rh/perfil', [...])
 6 SYSTEMPATH/CodeIgniter.php(934): App\Controllers\Funcionarios->perfil('3')
 7 SYSTEMPATH/CodeIgniter.php(499): CodeIgniter\CodeIgniter->runController(Object(App\Controllers\Funcionarios))
 8 SYSTEMPATH/CodeIgniter.php(368): CodeIgniter\CodeIgniter->handleRequest(null, Object(Config\Cache), false)
 9 FCPATH/index.php(67): CodeIgniter\CodeIgniter->run()
10 SYSTEMPATH/Commands/Server/rewrite.php(47): require_once('FCPATH/index.php')
ERROR - 2023-04-24 15:54:58 --> mysqli_sql_exception: Duplicate entry 'fu1@g.com' for key 'email' in /Users/arseniomuanda/MyJobs/Joelson/gestao_alunos/system/Database/MySQLi/Connection.php:295
Stack trace:
#0 /Users/arseniomuanda/MyJobs/Joelson/gestao_alunos/system/Database/MySQLi/Connection.php(295): mysqli->query('INSERT INTO `ut...', 0)
#1 /Users/arseniomuanda/MyJobs/Joelson/gestao_alunos/system/Database/BaseConnection.php(691): CodeIgniter\Database\MySQLi\Connection->execute('INSERT INTO `ut...')
#2 /Users/arseniomuanda/MyJobs/Joelson/gestao_alunos/system/Database/BaseConnection.php(605): CodeIgniter\Database\BaseConnection->simpleQuery('INSERT INTO `ut...')
#3 /Users/arseniomuanda/MyJobs/Joelson/gestao_alunos/system/Database/BaseBuilder.php(2309): CodeIgniter\Database\BaseConnection->query('INSERT INTO `ut...', Array, false)
#4 /Users/arseniomuanda/MyJobs/Joelson/gestao_alunos/system/Model.php(330): CodeIgniter\Database\BaseBuilder->insert()
#5 /Users/arseniomuanda/MyJobs/Joelson/gestao_alunos/system/BaseModel.php(782): CodeIgniter\Model->doInsert(Array)
#6 /Users/arseniomuanda/MyJobs/Joelson/gestao_alunos/system/Model.php(730): CodeIgniter\BaseModel->insert(Array, false)
#7 /Users/arseniomuanda/MyJobs/Joelson/gestao_alunos/system/BaseModel.php(692): CodeIgniter\Model->insert(Array, false)
#8 /Users/arseniomuanda/MyJobs/Joelson/gestao_alunos/app/Helpers/funcao_helper.php(271): CodeIgniter\BaseModel->save(Array)
#9 /Users/arseniomuanda/MyJobs/Joelson/gestao_alunos/app/Controllers/Funcionarios.php(140): updatenomal(Object(App\Models\UtilizadoreModel), Array, Object(App\Models\Auditoria))
#10 /Users/arseniomuanda/MyJobs/Joelson/gestao_alunos/system/CodeIgniter.php(934): App\Controllers\Funcionarios->actualizar()
#11 /Users/arseniomuanda/MyJobs/Joelson/gestao_alunos/system/CodeIgniter.php(499): CodeIgniter\CodeIgniter->runController(Object(App\Controllers\Funcionarios))
#12 /Users/arseniomuanda/MyJobs/Joelson/gestao_alunos/system/CodeIgniter.php(368): CodeIgniter\CodeIgniter->handleRequest(NULL, Object(Config\Cache), false)
#13 /Users/arseniomuanda/MyJobs/Joelson/gestao_alunos/public/index.php(67): CodeIgniter\CodeIgniter->run()
#14 /Users/arseniomuanda/MyJobs/Joelson/gestao_alunos/system/Commands/Server/rewrite.php(47): require_once('/Users/arseniom...')
#15 {main}
CRITICAL - 2023-04-24 15:54:58 --> Duplicate entry 'fu1@g.com' for key 'email'
in SYSTEMPATH/Database/BaseConnection.php on line 645.
 1 SYSTEMPATH/Database/BaseBuilder.php(2309): CodeIgniter\Database\BaseConnection->query('INSERT INTO `utilizadores` (`email`, `bairro`, `rua`, `municipio`, `n_casa`, `telefone`, `bi`, `sexo`, `nome`) VALUES (:email:, :bairro:, :rua:, :municipio:, :n_casa:, :telefone:, :bi:, :sexo:, :nome:)', [...], false)
 2 SYSTEMPATH/Model.php(330): CodeIgniter\Database\BaseBuilder->insert()
 3 SYSTEMPATH/BaseModel.php(782): CodeIgniter\Model->doInsert([...])
 4 SYSTEMPATH/Model.php(730): CodeIgniter\BaseModel->insert([...], false)
 5 SYSTEMPATH/BaseModel.php(692): CodeIgniter\Model->insert([...], false)
 6 APPPATH/Helpers/funcao_helper.php(271): CodeIgniter\BaseModel->save([...])
 7 APPPATH/Controllers/Funcionarios.php(140): updatenomal(Object(App\Models\UtilizadoreModel), [...], Object(App\Models\Auditoria))
 8 SYSTEMPATH/CodeIgniter.php(934): App\Controllers\Funcionarios->actualizar()
 9 SYSTEMPATH/CodeIgniter.php(499): CodeIgniter\CodeIgniter->runController(Object(App\Controllers\Funcionarios))
10 SYSTEMPATH/CodeIgniter.php(368): CodeIgniter\CodeIgniter->handleRequest(null, Object(Config\Cache), false)
11 FCPATH/index.php(67): CodeIgniter\CodeIgniter->run()
12 SYSTEMPATH/Commands/Server/rewrite.php(47): require_once('FCPATH/index.php')
ERROR - 2023-04-24 15:56:43 --> mysqli_sql_exception: Duplicate entry 'fu1@g.com' for key 'email' in /Users/arseniomuanda/MyJobs/Joelson/gestao_alunos/system/Database/MySQLi/Connection.php:295
Stack trace:
#0 /Users/arseniomuanda/MyJobs/Joelson/gestao_alunos/system/Database/MySQLi/Connection.php(295): mysqli->query('INSERT INTO `ut...', 0)
#1 /Users/arseniomuanda/MyJobs/Joelson/gestao_alunos/system/Database/BaseConnection.php(691): CodeIgniter\Database\MySQLi\Connection->execute('INSERT INTO `ut...')
#2 /Users/arseniomuanda/MyJobs/Joelson/gestao_alunos/system/Database/BaseConnection.php(605): CodeIgniter\Database\BaseConnection->simpleQuery('INSERT INTO `ut...')
#3 /Users/arseniomuanda/MyJobs/Joelson/gestao_alunos/system/Database/BaseBuilder.php(2309): CodeIgniter\Database\BaseConnection->query('INSERT INTO `ut...', Array, false)
#4 /Users/arseniomuanda/MyJobs/Joelson/gestao_alunos/system/Model.php(330): CodeIgniter\Database\BaseBuilder->insert()
#5 /Users/arseniomuanda/MyJobs/Joelson/gestao_alunos/system/BaseModel.php(782): CodeIgniter\Model->doInsert(Array)
#6 /Users/arseniomuanda/MyJobs/Joelson/gestao_alunos/system/Model.php(730): CodeIgniter\BaseModel->insert(Array, false)
#7 /Users/arseniomuanda/MyJobs/Joelson/gestao_alunos/system/BaseModel.php(692): CodeIgniter\Model->insert(Array, false)
#8 /Users/arseniomuanda/MyJobs/Joelson/gestao_alunos/app/Helpers/funcao_helper.php(271): CodeIgniter\BaseModel->save(Array)
#9 /Users/arseniomuanda/MyJobs/Joelson/gestao_alunos/app/Controllers/Funcionarios.php(140): updatenomal(Object(App\Models\UtilizadoreModel), Array, Object(App\Models\Auditoria))
#10 /Users/arseniomuanda/MyJobs/Joelson/gestao_alunos/system/CodeIgniter.php(934): App\Controllers\Funcionarios->actualizar()
#11 /Users/arseniomuanda/MyJobs/Joelson/gestao_alunos/system/CodeIgniter.php(499): CodeIgniter\CodeIgniter->runController(Object(App\Controllers\Funcionarios))
#12 /Users/arseniomuanda/MyJobs/Joelson/gestao_alunos/system/CodeIgniter.php(368): CodeIgniter\CodeIgniter->handleRequest(NULL, Object(Config\Cache), false)
#13 /Users/arseniomuanda/MyJobs/Joelson/gestao_alunos/public/index.php(67): CodeIgniter\CodeIgniter->run()
#14 /Users/arseniomuanda/MyJobs/Joelson/gestao_alunos/system/Commands/Server/rewrite.php(47): require_once('/Users/arseniom...')
#15 {main}
CRITICAL - 2023-04-24 15:56:43 --> Duplicate entry 'fu1@g.com' for key 'email'
in SYSTEMPATH/Database/BaseConnection.php on line 645.
 1 SYSTEMPATH/Database/BaseBuilder.php(2309): CodeIgniter\Database\BaseConnection->query('INSERT INTO `utilizadores` (`email`, `bairro`, `rua`, `municipio`, `n_casa`, `telefone`, `bi`, `sexo`, `nome`) VALUES (:email:, :bairro:, :rua:, :municipio:, :n_casa:, :telefone:, :bi:, :sexo:, :nome:)', [...], false)
 2 SYSTEMPATH/Model.php(330): CodeIgniter\Database\BaseBuilder->insert()
 3 SYSTEMPATH/BaseModel.php(782): CodeIgniter\Model->doInsert([...])
 4 SYSTEMPATH/Model.php(730): CodeIgniter\BaseModel->insert([...], false)
 5 SYSTEMPATH/BaseModel.php(692): CodeIgniter\Model->insert([...], false)
 6 APPPATH/Helpers/funcao_helper.php(271): CodeIgniter\BaseModel->save([...])
 7 APPPATH/Controllers/Funcionarios.php(140): updatenomal(Object(App\Models\UtilizadoreModel), [...], Object(App\Models\Auditoria))
 8 SYSTEMPATH/CodeIgniter.php(934): App\Controllers\Funcionarios->actualizar()
 9 SYSTEMPATH/CodeIgniter.php(499): CodeIgniter\CodeIgniter->runController(Object(App\Controllers\Funcionarios))
10 SYSTEMPATH/CodeIgniter.php(368): CodeIgniter\CodeIgniter->handleRequest(null, Object(Config\Cache), false)
11 FCPATH/index.php(67): CodeIgniter\CodeIgniter->run()
12 SYSTEMPATH/Commands/Server/rewrite.php(47): require_once('FCPATH/index.php')
CRITICAL - 2023-04-24 15:57:32 --> Undefined array key "id"
in APPPATH/Controllers/Funcionarios.php on line 150.
 1 APPPATH/Controllers/Funcionarios.php(150): CodeIgniter\Debug\Exceptions->errorHandler(2, 'Undefined array key "id"', 'APPPATH/Controllers/Funcionarios.php', 150)
 2 SYSTEMPATH/CodeIgniter.php(934): App\Controllers\Funcionarios->actualizar()
 3 SYSTEMPATH/CodeIgniter.php(499): CodeIgniter\CodeIgniter->runController(Object(App\Controllers\Funcionarios))
 4 SYSTEMPATH/CodeIgniter.php(368): CodeIgniter\CodeIgniter->handleRequest(null, Object(Config\Cache), false)
 5 FCPATH/index.php(67): CodeIgniter\CodeIgniter->run()
 6 SYSTEMPATH/Commands/Server/rewrite.php(47): require_once('FCPATH/index.php')
CRITICAL - 2023-04-24 15:58:47 --> Undefined array key "id"
in APPPATH/Controllers/Funcionarios.php on line 150.
 1 APPPATH/Controllers/Funcionarios.php(150): CodeIgniter\Debug\Exceptions->errorHandler(2, 'Undefined array key "id"', 'APPPATH/Controllers/Funcionarios.php', 150)
 2 SYSTEMPATH/CodeIgniter.php(934): App\Controllers\Funcionarios->actualizar()
 3 SYSTEMPATH/CodeIgniter.php(499): CodeIgniter\CodeIgniter->runController(Object(App\Controllers\Funcionarios))
 4 SYSTEMPATH/CodeIgniter.php(368): CodeIgniter\CodeIgniter->handleRequest(null, Object(Config\Cache), false)
 5 FCPATH/index.php(67): CodeIgniter\CodeIgniter->run()
 6 SYSTEMPATH/Commands/Server/rewrite.php(47): require_once('FCPATH/index.php')
INFO - 2023-04-24 16:14:17 --> Session: Class initialized using 'CodeIgniter\Session\Handlers\FileHandler' driver.
INFO - 2023-04-24 16:14:18 --> Session: Class initialized using 'CodeIgniter\Session\Handlers\FileHandler' driver.
ERROR - 2023-04-24 20:14:18 --> mysqli_sql_exception: Duplicate entry 'manomuanda@gmail.com' for key 'email' in /Users/arseniomuanda/MyJobs/Joelson/gestao_alunos/system/Database/MySQLi/Connection.php:295
Stack trace:
#0 /Users/arseniomuanda/MyJobs/Joelson/gestao_alunos/system/Database/MySQLi/Connection.php(295): mysqli->query('INSERT INTO `ut...', 0)
#1 /Users/arseniomuanda/MyJobs/Joelson/gestao_alunos/system/Database/BaseConnection.php(691): CodeIgniter\Database\MySQLi\Connection->execute('INSERT INTO `ut...')
#2 /Users/arseniomuanda/MyJobs/Joelson/gestao_alunos/system/Database/BaseConnection.php(605): CodeIgniter\Database\BaseConnection->simpleQuery('INSERT INTO `ut...')
#3 /Users/arseniomuanda/MyJobs/Joelson/gestao_alunos/system/Database/BaseBuilder.php(2309): CodeIgniter\Database\BaseConnection->query('INSERT INTO `ut...', Array, false)
#4 /Users/arseniomuanda/MyJobs/Joelson/gestao_alunos/system/Model.php(330): CodeIgniter\Database\BaseBuilder->insert()
#5 /Users/arseniomuanda/MyJobs/Joelson/gestao_alunos/system/BaseModel.php(782): CodeIgniter\Model->doInsert(Array)
#6 /Users/arseniomuanda/MyJobs/Joelson/gestao_alunos/system/Model.php(730): CodeIgniter\BaseModel->insert(Array, false)
#7 /Users/arseniomuanda/MyJobs/Joelson/gestao_alunos/system/BaseModel.php(692): CodeIgniter\Model->insert(Array, false)
#8 /Users/arseniomuanda/MyJobs/Joelson/gestao_alunos/app/Helpers/funcao_helper.php(271): CodeIgniter\BaseModel->save(Array)
#9 /Users/arseniomuanda/MyJobs/Joelson/gestao_alunos/app/Controllers/Funcionarios.php(141): updatenomal(Object(App\Models\UtilizadoreModel), Array, Object(App\Models\Auditoria))
#10 /Users/arseniomuanda/MyJobs/Joelson/gestao_alunos/system/CodeIgniter.php(934): App\Controllers\Funcionarios->actualizar('3')
#11 /Users/arseniomuanda/MyJobs/Joelson/gestao_alunos/system/CodeIgniter.php(499): CodeIgniter\CodeIgniter->runController(Object(App\Controllers\Funcionarios))
#12 /Users/arseniomuanda/MyJobs/Joelson/gestao_alunos/system/CodeIgniter.php(368): CodeIgniter\CodeIgniter->handleRequest(NULL, Object(Config\Cache), false)
#13 /Users/arseniomuanda/MyJobs/Joelson/gestao_alunos/public/index.php(67): CodeIgniter\CodeIgniter->run()
#14 /Users/arseniomuanda/MyJobs/Joelson/gestao_alunos/system/Commands/Server/rewrite.php(47): require_once('/Users/arseniom...')
#15 {main}
CRITICAL - 2023-04-24 20:14:18 --> Duplicate entry 'manomuanda@gmail.com' for key 'email'
in SYSTEMPATH/Database/BaseConnection.php on line 645.
 1 SYSTEMPATH/Database/BaseBuilder.php(2309): CodeIgniter\Database\BaseConnection->query('INSERT INTO `utilizadores` (`email`, `bairro`, `rua`, `municipio`, `n_casa`, `telefone`, `bi`, `sexo`, `nome`) VALUES (:email:, :bairro:, :rua:, :municipio:, :n_casa:, :telefone:, :bi:, :sexo:, :nome:)', [...], false)
 2 SYSTEMPATH/Model.php(330): CodeIgniter\Database\BaseBuilder->insert()
 3 SYSTEMPATH/BaseModel.php(782): CodeIgniter\Model->doInsert([...])
 4 SYSTEMPATH/Model.php(730): CodeIgniter\BaseModel->insert([...], false)
 5 SYSTEMPATH/BaseModel.php(692): CodeIgniter\Model->insert([...], false)
 6 APPPATH/Helpers/funcao_helper.php(271): CodeIgniter\BaseModel->save([...])
 7 APPPATH/Controllers/Funcionarios.php(141): updatenomal(Object(App\Models\UtilizadoreModel), [...], Object(App\Models\Auditoria))
 8 SYSTEMPATH/CodeIgniter.php(934): App\Controllers\Funcionarios->actualizar('3')
 9 SYSTEMPATH/CodeIgniter.php(499): CodeIgniter\CodeIgniter->runController(Object(App\Controllers\Funcionarios))
10 SYSTEMPATH/CodeIgniter.php(368): CodeIgniter\CodeIgniter->handleRequest(null, Object(Config\Cache), false)
11 FCPATH/index.php(67): CodeIgniter\CodeIgniter->run()
12 SYSTEMPATH/Commands/Server/rewrite.php(47): require_once('FCPATH/index.php')
ERROR - 2023-04-24 20:14:36 --> mysqli_sql_exception: Duplicate entry 'manomuanda@gmail.com' for key 'email' in /Users/arseniomuanda/MyJobs/Joelson/gestao_alunos/system/Database/MySQLi/Connection.php:295
Stack trace:
#0 /Users/arseniomuanda/MyJobs/Joelson/gestao_alunos/system/Database/MySQLi/Connection.php(295): mysqli->query('INSERT INTO `ut...', 0)
#1 /Users/arseniomuanda/MyJobs/Joelson/gestao_alunos/system/Database/BaseConnection.php(691): CodeIgniter\Database\MySQLi\Connection->execute('INSERT INTO `ut...')
#2 /Users/arseniomuanda/MyJobs/Joelson/gestao_alunos/system/Database/BaseConnection.php(605): CodeIgniter\Database\BaseConnection->simpleQuery('INSERT INTO `ut...')
#3 /Users/arseniomuanda/MyJobs/Joelson/gestao_alunos/system/Database/BaseBuilder.php(2309): CodeIgniter\Database\BaseConnection->query('INSERT INTO `ut...', Array, false)
#4 /Users/arseniomuanda/MyJobs/Joelson/gestao_alunos/system/Model.php(330): CodeIgniter\Database\BaseBuilder->insert()
#5 /Users/arseniomuanda/MyJobs/Joelson/gestao_alunos/system/BaseModel.php(782): CodeIgniter\Model->doInsert(Array)
#6 /Users/arseniomuanda/MyJobs/Joelson/gestao_alunos/system/Model.php(730): CodeIgniter\BaseModel->insert(Array, false)
#7 /Users/arseniomuanda/MyJobs/Joelson/gestao_alunos/system/BaseModel.php(692): CodeIgniter\Model->insert(Array, false)
#8 /Users/arseniomuanda/MyJobs/Joelson/gestao_alunos/app/Helpers/funcao_helper.php(271): CodeIgniter\BaseModel->save(Array)
#9 /Users/arseniomuanda/MyJobs/Joelson/gestao_alunos/app/Controllers/Funcionarios.php(141): updatenomal(Object(App\Models\UtilizadoreModel), Array, Object(App\Models\Auditoria))
#10 /Users/arseniomuanda/MyJobs/Joelson/gestao_alunos/system/CodeIgniter.php(934): App\Controllers\Funcionarios->actualizar('3')
#11 /Users/arseniomuanda/MyJobs/Joelson/gestao_alunos/system/CodeIgniter.php(499): CodeIgniter\CodeIgniter->runController(Object(App\Controllers\Funcionarios))
#12 /Users/arseniomuanda/MyJobs/Joelson/gestao_alunos/system/CodeIgniter.php(368): CodeIgniter\CodeIgniter->handleRequest(NULL, Object(Config\Cache), false)
#13 /Users/arseniomuanda/MyJobs/Joelson/gestao_alunos/public/index.php(67): CodeIgniter\CodeIgniter->run()
#14 /Users/arseniomuanda/MyJobs/Joelson/gestao_alunos/system/Commands/Server/rewrite.php(47): require_once('/Users/arseniom...')
#15 {main}
CRITICAL - 2023-04-24 20:14:36 --> Duplicate entry 'manomuanda@gmail.com' for key 'email'
in SYSTEMPATH/Database/BaseConnection.php on line 645.
 1 SYSTEMPATH/Database/BaseBuilder.php(2309): CodeIgniter\Database\BaseConnection->query('INSERT INTO `utilizadores` (`email`, `bairro`, `rua`, `municipio`, `n_casa`, `telefone`, `bi`, `sexo`, `nome`) VALUES (:email:, :bairro:, :rua:, :municipio:, :n_casa:, :telefone:, :bi:, :sexo:, :nome:)', [...], false)
 2 SYSTEMPATH/Model.php(330): CodeIgniter\Database\BaseBuilder->insert()
 3 SYSTEMPATH/BaseModel.php(782): CodeIgniter\Model->doInsert([...])
 4 SYSTEMPATH/Model.php(730): CodeIgniter\BaseModel->insert([...], false)
 5 SYSTEMPATH/BaseModel.php(692): CodeIgniter\Model->insert([...], false)
 6 APPPATH/Helpers/funcao_helper.php(271): CodeIgniter\BaseModel->save([...])
 7 APPPATH/Controllers/Funcionarios.php(141): updatenomal(Object(App\Models\UtilizadoreModel), [...], Object(App\Models\Auditoria))
 8 SYSTEMPATH/CodeIgniter.php(934): App\Controllers\Funcionarios->actualizar('3')
 9 SYSTEMPATH/CodeIgniter.php(499): CodeIgniter\CodeIgniter->runController(Object(App\Controllers\Funcionarios))
10 SYSTEMPATH/CodeIgniter.php(368): CodeIgniter\CodeIgniter->handleRequest(null, Object(Config\Cache), false)
11 FCPATH/index.php(67): CodeIgniter\CodeIgniter->run()
12 SYSTEMPATH/Commands/Server/rewrite.php(47): require_once('FCPATH/index.php')
ERROR - 2023-04-24 20:26:15 --> mysqli_sql_exception: You have an error in your SQL syntax; check the manual that corresponds to your MySQL server version for the right syntax to use near '= 3' at line 1 in /Users/arseniomuanda/MyJobs/Joelson/gestao_alunos/system/Database/MySQLi/Connection.php:295
Stack trace:
#0 /Users/arseniomuanda/MyJobs/Joelson/gestao_alunos/system/Database/MySQLi/Connection.php(295): mysqli->query('SELECT * FROM f...', 0)
#1 /Users/arseniomuanda/MyJobs/Joelson/gestao_alunos/system/Database/BaseConnection.php(691): CodeIgniter\Database\MySQLi\Connection->execute('SELECT * FROM f...')
#2 /Users/arseniomuanda/MyJobs/Joelson/gestao_alunos/system/Database/BaseConnection.php(605): CodeIgniter\Database\BaseConnection->simpleQuery('SELECT * FROM f...')
#3 /Users/arseniomuanda/MyJobs/Joelson/gestao_alunos/app/Controllers/Funcionarios.php(122): CodeIgniter\Database\BaseConnection->query('SELECT * FROM f...')
#4 /Users/arseniomuanda/MyJobs/Joelson/gestao_alunos/system/CodeIgniter.php(934): App\Controllers\Funcionarios->actualizar('3')
#5 /Users/arseniomuanda/MyJobs/Joelson/gestao_alunos/system/CodeIgniter.php(499): CodeIgniter\CodeIgniter->runController(Object(App\Controllers\Funcionarios))
#6 /Users/arseniomuanda/MyJobs/Joelson/gestao_alunos/system/CodeIgniter.php(368): CodeIgniter\CodeIgniter->handleRequest(NULL, Object(Config\Cache), false)
#7 /Users/arseniomuanda/MyJobs/Joelson/gestao_alunos/public/index.php(67): CodeIgniter\CodeIgniter->run()
#8 /Users/arseniomuanda/MyJobs/Joelson/gestao_alunos/system/Commands/Server/rewrite.php(47): require_once('/Users/arseniom...')
#9 {main}
CRITICAL - 2023-04-24 20:26:15 --> You have an error in your SQL syntax; check the manual that corresponds to your MySQL server version for the right syntax to use near '= 3' at line 1
in SYSTEMPATH/Database/BaseConnection.php on line 645.
 1 APPPATH/Controllers/Funcionarios.php(122): CodeIgniter\Database\BaseConnection->query('SELECT * FROM funcionariosWHERE id = 3')
 2 SYSTEMPATH/CodeIgniter.php(934): App\Controllers\Funcionarios->actualizar('3')
 3 SYSTEMPATH/CodeIgniter.php(499): CodeIgniter\CodeIgniter->runController(Object(App\Controllers\Funcionarios))
 4 SYSTEMPATH/CodeIgniter.php(368): CodeIgniter\CodeIgniter->handleRequest(null, Object(Config\Cache), false)
 5 FCPATH/index.php(67): CodeIgniter\CodeIgniter->run()
 6 SYSTEMPATH/Commands/Server/rewrite.php(47): require_once('FCPATH/index.php')
CRITICAL - 2023-04-24 20:26:39 --> Undefined array key "id"
in APPPATH/Controllers/Funcionarios.php on line 150.
 1 APPPATH/Controllers/Funcionarios.php(150): CodeIgniter\Debug\Exceptions->errorHandler(2, 'Undefined array key "id"', 'APPPATH/Controllers/Funcionarios.php', 150)
 2 SYSTEMPATH/CodeIgniter.php(934): App\Controllers\Funcionarios->actualizar('3')
 3 SYSTEMPATH/CodeIgniter.php(499): CodeIgniter\CodeIgniter->runController(Object(App\Controllers\Funcionarios))
 4 SYSTEMPATH/CodeIgniter.php(368): CodeIgniter\CodeIgniter->handleRequest(null, Object(Config\Cache), false)
 5 FCPATH/index.php(67): CodeIgniter\CodeIgniter->run()
 6 SYSTEMPATH/Commands/Server/rewrite.php(47): require_once('FCPATH/index.php')
CRITICAL - 2023-04-24 20:32:14 --> Attempt to read property "nome" on null
in APPPATH/Views/rh/perfil.php on line 22.
 1 APPPATH/Views/rh/perfil.php(22): CodeIgniter\Debug\Exceptions->errorHandler(2, 'Attempt to read property "nome" on null', 'APPPATH/Views/rh/perfil.php', 22)
 2 SYSTEMPATH/View/View.php(213): include('APPPATH/Views/rh/perfil.php')
 3 SYSTEMPATH/View/View.php(216): CodeIgniter\View\View->CodeIgniter\View\{closure}()
 4 SYSTEMPATH/Common.php(1184): CodeIgniter\View\View->render('rh/perfil', [], true)
 5 APPPATH/Controllers/Funcionarios.php(168): view('rh/perfil', [...])
 6 SYSTEMPATH/CodeIgniter.php(934): App\Controllers\Funcionarios->perfil('3')
 7 SYSTEMPATH/CodeIgniter.php(499): CodeIgniter\CodeIgniter->runController(Object(App\Controllers\Funcionarios))
 8 SYSTEMPATH/CodeIgniter.php(368): CodeIgniter\CodeIgniter->handleRequest(null, Object(Config\Cache), false)
 9 FCPATH/index.php(67): CodeIgniter\CodeIgniter->run()
10 SYSTEMPATH/Commands/Server/rewrite.php(47): require_once('FCPATH/index.php')
