INFO - 2023-05-06 16:51:03 --> Session: Class initialized using 'CodeIgniter\Session\Handlers\FileHandler' driver.
INFO - 2023-05-06 16:51:05 --> Session: Class initialized using 'CodeIgniter\Session\Handlers\FileHandler' driver.
INFO - 2023-05-06 16:51:05 --> Session: Class initialized using 'CodeIgniter\Session\Handlers\FileHandler' driver.
INFO - 2023-05-06 17:15:30 --> Session: Class initialized using 'CodeIgniter\Session\Handlers\FileHandler' driver.
INFO - 2023-05-06 17:15:32 --> Session: Class initialized using 'CodeIgniter\Session\Handlers\FileHandler' driver.
INFO - 2023-05-06 17:15:32 --> Session: Class initialized using 'CodeIgniter\Session\Handlers\FileHandler' driver.
CRITICAL - 2023-05-06 18:00:07 --> Undefined variable $variable
in APPPATH/Views/escolar/perfil/disciplina.php on line 155.
 1 APPPATH/Views/escolar/perfil/disciplina.php(155): CodeIgniter\Debug\Exceptions->errorHandler(2, 'Undefined variable $variable', 'APPPATH/Views/escolar/perfil/disciplina.php', 155)
 2 SYSTEMPATH/View/View.php(213): include('APPPATH/Views/escolar/perfil/disciplina.php')
 3 SYSTEMPATH/View/View.php(216): CodeIgniter\View\View->CodeIgniter\View\{closure}()
 4 SYSTEMPATH/Common.php(1184): CodeIgniter\View\View->render('escolar/perfil/disciplina', [], true)
 5 APPPATH/Controllers/Disciplinas.php(139): view('escolar/perfil/disciplina', [...])
 6 SYSTEMPATH/CodeIgniter.php(934): App\Controllers\Disciplinas->perfil('9')
 7 SYSTEMPATH/CodeIgniter.php(499): CodeIgniter\CodeIgniter->runController(Object(App\Controllers\Disciplinas))
 8 SYSTEMPATH/CodeIgniter.php(368): CodeIgniter\CodeIgniter->handleRequest(null, Object(Config\Cache), false)
 9 FCPATH/index.php(67): CodeIgniter\CodeIgniter->run()
10 SYSTEMPATH/Commands/Server/rewrite.php(47): require_once('FCPATH/index.php')
CRITICAL - 2023-05-06 19:08:00 --> Attempt to read property "nome" on null
in APPPATH/Views/escolar/perfil/disciplina.php on line 4.
 1 APPPATH/Views/escolar/perfil/disciplina.php(4): CodeIgniter\Debug\Exceptions->errorHandler(2, 'Attempt to read property "nome" on null', 'APPPATH/Views/escolar/perfil/disciplina.php', 4)
 2 SYSTEMPATH/View/View.php(213): include('APPPATH/Views/escolar/perfil/disciplina.php')
 3 SYSTEMPATH/View/View.php(216): CodeIgniter\View\View->CodeIgniter\View\{closure}()
 4 SYSTEMPATH/Common.php(1184): CodeIgniter\View\View->render('escolar/perfil/disciplina', [], true)
 5 APPPATH/Controllers/Disciplinas.php(139): view('escolar/perfil/disciplina', [...])
 6 SYSTEMPATH/CodeIgniter.php(934): App\Controllers\Disciplinas->perfil('1')
 7 SYSTEMPATH/CodeIgniter.php(499): CodeIgniter\CodeIgniter->runController(Object(App\Controllers\Disciplinas))
 8 SYSTEMPATH/CodeIgniter.php(368): CodeIgniter\CodeIgniter->handleRequest(null, Object(Config\Cache), false)
 9 FCPATH/index.php(67): CodeIgniter\CodeIgniter->run()
10 SYSTEMPATH/Commands/Server/rewrite.php(47): require_once('FCPATH/index.php')
