INFO - 2023-05-28 13:41:45 --> Session: Class initialized using 'CodeIgniter\Session\Handlers\FileHandler' driver.
INFO - 2023-05-28 13:41:47 --> Session: Class initialized using 'CodeIgniter\Session\Handlers\FileHandler' driver.
ERROR - 2023-05-28 13:41:47 --> Error connecting to the database: mysqli_sql_exception: Connection refused in /Users/arseniomuanda/MyJobs/Joelson/gestao_alunos/system/Database/MySQLi/Connection.php:174
Stack trace:
#0 /Users/arseniomuanda/MyJobs/Joelson/gestao_alunos/system/Database/MySQLi/Connection.php(174): mysqli->real_connect('localhost:8889', 'root', 'root', 'gestao_alunos', 3306, '', 0)
#1 /Users/arseniomuanda/MyJobs/Joelson/gestao_alunos/system/Database/BaseConnection.php(391): CodeIgniter\Database\MySQLi\Connection->connect(false)
#2 /Users/arseniomuanda/MyJobs/Joelson/gestao_alunos/system/Database/BaseConnection.php(573): CodeIgniter\Database\BaseConnection->initialize()
#3 /Users/arseniomuanda/MyJobs/Joelson/gestao_alunos/app/Controllers/Login.php(59): CodeIgniter\Database\BaseConnection->query('SELECT COUNT(*)...')
#4 /Users/arseniomuanda/MyJobs/Joelson/gestao_alunos/app/Controllers/Login.php(89): App\Controllers\Login->validar_login('admin@admin.com')
#5 /Users/arseniomuanda/MyJobs/Joelson/gestao_alunos/system/CodeIgniter.php(934): App\Controllers\Login->login()
#6 /Users/arseniomuanda/MyJobs/Joelson/gestao_alunos/system/CodeIgniter.php(499): CodeIgniter\CodeIgniter->runController(Object(App\Controllers\Login))
#7 /Users/arseniomuanda/MyJobs/Joelson/gestao_alunos/system/CodeIgniter.php(368): CodeIgniter\CodeIgniter->handleRequest(NULL, Object(Config\Cache), false)
#8 /Users/arseniomuanda/MyJobs/Joelson/gestao_alunos/public/index.php(67): CodeIgniter\CodeIgniter->run()
#9 /Users/arseniomuanda/MyJobs/Joelson/gestao_alunos/system/Commands/Server/rewrite.php(47): require_once('/Users/arseniom...')
#10 {main}

Next CodeIgniter\Database\Exceptions\DatabaseException: Connection refused in /Users/arseniomuanda/MyJobs/Joelson/gestao_alunos/system/Database/MySQLi/Connection.php:218
Stack trace:
#0 /Users/arseniomuanda/MyJobs/Joelson/gestao_alunos/system/Database/BaseConnection.php(391): CodeIgniter\Database\MySQLi\Connection->connect(false)
#1 /Users/arseniomuanda/MyJobs/Joelson/gestao_alunos/system/Database/BaseConnection.php(573): CodeIgniter\Database\BaseConnection->initialize()
#2 /Users/arseniomuanda/MyJobs/Joelson/gestao_alunos/app/Controllers/Login.php(59): CodeIgniter\Database\BaseConnection->query('SELECT COUNT(*)...')
#3 /Users/arseniomuanda/MyJobs/Joelson/gestao_alunos/app/Controllers/Login.php(89): App\Controllers\Login->validar_login('admin@admin.com')
#4 /Users/arseniomuanda/MyJobs/Joelson/gestao_alunos/system/CodeIgniter.php(934): App\Controllers\Login->login()
#5 /Users/arseniomuanda/MyJobs/Joelson/gestao_alunos/system/CodeIgniter.php(499): CodeIgniter\CodeIgniter->runController(Object(App\Controllers\Login))
#6 /Users/arseniomuanda/MyJobs/Joelson/gestao_alunos/system/CodeIgniter.php(368): CodeIgniter\CodeIgniter->handleRequest(NULL, Object(Config\Cache), false)
#7 /Users/arseniomuanda/MyJobs/Joelson/gestao_alunos/public/index.php(67): CodeIgniter\CodeIgniter->run()
#8 /Users/arseniomuanda/MyJobs/Joelson/gestao_alunos/system/Commands/Server/rewrite.php(47): require_once('/Users/arseniom...')
#9 {main}
CRITICAL - 2023-05-28 13:41:47 --> Unable to connect to the database.
Main connection [MySQLi]: Connection refused
in SYSTEMPATH/Database/BaseConnection.php on line 427.
 1 SYSTEMPATH/Database/BaseConnection.php(573): CodeIgniter\Database\BaseConnection->initialize()
 2 APPPATH/Controllers/Login.php(59): CodeIgniter\Database\BaseConnection->query('SELECT COUNT(*) AS total FROM utilizadores WHERE email = \'admin@admin.com\'')
 3 APPPATH/Controllers/Login.php(89): App\Controllers\Login->validar_login('admin@admin.com')
 4 SYSTEMPATH/CodeIgniter.php(934): App\Controllers\Login->login()
 5 SYSTEMPATH/CodeIgniter.php(499): CodeIgniter\CodeIgniter->runController(Object(App\Controllers\Login))
 6 SYSTEMPATH/CodeIgniter.php(368): CodeIgniter\CodeIgniter->handleRequest(null, Object(Config\Cache), false)
 7 FCPATH/index.php(67): CodeIgniter\CodeIgniter->run()
 8 SYSTEMPATH/Commands/Server/rewrite.php(47): require_once('FCPATH/index.php')
INFO - 2023-05-28 13:42:05 --> Session: Class initialized using 'CodeIgniter\Session\Handlers\FileHandler' driver.
INFO - 2023-05-28 13:42:05 --> Session: Class initialized using 'CodeIgniter\Session\Handlers\FileHandler' driver.
CRITICAL - 2023-05-28 13:42:44 --> Attempt to read property "nome" on null
in APPPATH/Views/candidaturas/vaga_perfil.php on line 47.
 1 APPPATH/Views/candidaturas/vaga_perfil.php(47): CodeIgniter\Debug\Exceptions->errorHandler(2, 'Attempt to read property "nome" on null', 'APPPATH/Views/candidaturas/vaga_perfil.php', 47)
 2 SYSTEMPATH/View/View.php(213): include('APPPATH/Views/candidaturas/vaga_perfil.php')
 3 SYSTEMPATH/View/View.php(216): CodeIgniter\View\View->CodeIgniter\View\{closure}()
 4 SYSTEMPATH/Common.php(1184): CodeIgniter\View\View->render('candidaturas/vaga_perfil', [], true)
 5 APPPATH/Controllers/Vagas.php(68): view('candidaturas/vaga_perfil', [...])
 6 SYSTEMPATH/CodeIgniter.php(934): App\Controllers\Vagas->perfil('9')
 7 SYSTEMPATH/CodeIgniter.php(499): CodeIgniter\CodeIgniter->runController(Object(App\Controllers\Vagas))
 8 SYSTEMPATH/CodeIgniter.php(368): CodeIgniter\CodeIgniter->handleRequest(null, Object(Config\Cache), false)
 9 FCPATH/index.php(67): CodeIgniter\CodeIgniter->run()
10 SYSTEMPATH/Commands/Server/rewrite.php(47): require_once('FCPATH/index.php')
CRITICAL - 2023-05-28 13:43:09 --> Attempt to read property "nome" on null
in APPPATH/Views/candidaturas/vaga_perfil.php on line 47.
 1 APPPATH/Views/candidaturas/vaga_perfil.php(47): CodeIgniter\Debug\Exceptions->errorHandler(2, 'Attempt to read property "nome" on null', 'APPPATH/Views/candidaturas/vaga_perfil.php', 47)
 2 SYSTEMPATH/View/View.php(213): include('APPPATH/Views/candidaturas/vaga_perfil.php')
 3 SYSTEMPATH/View/View.php(216): CodeIgniter\View\View->CodeIgniter\View\{closure}()
 4 SYSTEMPATH/Common.php(1184): CodeIgniter\View\View->render('candidaturas/vaga_perfil', [], true)
 5 APPPATH/Controllers/Vagas.php(68): view('candidaturas/vaga_perfil', [...])
 6 SYSTEMPATH/CodeIgniter.php(934): App\Controllers\Vagas->perfil('9')
 7 SYSTEMPATH/CodeIgniter.php(499): CodeIgniter\CodeIgniter->runController(Object(App\Controllers\Vagas))
 8 SYSTEMPATH/CodeIgniter.php(368): CodeIgniter\CodeIgniter->handleRequest(null, Object(Config\Cache), false)
 9 FCPATH/index.php(67): CodeIgniter\CodeIgniter->run()
10 SYSTEMPATH/Commands/Server/rewrite.php(47): require_once('FCPATH/index.php')
CRITICAL - 2023-05-28 13:49:29 --> Attempt to read property "nome" on null
in APPPATH/Views/candidaturas/vaga_perfil.php on line 47.
 1 APPPATH/Views/candidaturas/vaga_perfil.php(47): CodeIgniter\Debug\Exceptions->errorHandler(2, 'Attempt to read property "nome" on null', 'APPPATH/Views/candidaturas/vaga_perfil.php', 47)
 2 SYSTEMPATH/View/View.php(213): include('APPPATH/Views/candidaturas/vaga_perfil.php')
 3 SYSTEMPATH/View/View.php(216): CodeIgniter\View\View->CodeIgniter\View\{closure}()
 4 SYSTEMPATH/Common.php(1184): CodeIgniter\View\View->render('candidaturas/vaga_perfil', [], true)
 5 APPPATH/Controllers/Vagas.php(68): view('candidaturas/vaga_perfil', [...])
 6 SYSTEMPATH/CodeIgniter.php(934): App\Controllers\Vagas->perfil('9')
 7 SYSTEMPATH/CodeIgniter.php(499): CodeIgniter\CodeIgniter->runController(Object(App\Controllers\Vagas))
 8 SYSTEMPATH/CodeIgniter.php(368): CodeIgniter\CodeIgniter->handleRequest(null, Object(Config\Cache), false)
 9 FCPATH/index.php(67): CodeIgniter\CodeIgniter->run()
10 SYSTEMPATH/Commands/Server/rewrite.php(47): require_once('FCPATH/index.php')
INFO - 2023-05-28 14:40:01 --> Session: Class initialized using 'CodeIgniter\Session\Handlers\FileHandler' driver.
INFO - 2023-05-28 14:40:05 --> Session: Class initialized using 'CodeIgniter\Session\Handlers\FileHandler' driver.
INFO - 2023-05-28 14:40:05 --> Session: Class initialized using 'CodeIgniter\Session\Handlers\FileHandler' driver.
CRITICAL - 2023-05-28 14:40:23 --> Attempt to read property "nome" on null
in APPPATH/Views/candidaturas/vaga_perfil.php on line 47.
 1 APPPATH/Views/candidaturas/vaga_perfil.php(47): CodeIgniter\Debug\Exceptions->errorHandler(2, 'Attempt to read property "nome" on null', 'APPPATH/Views/candidaturas/vaga_perfil.php', 47)
 2 SYSTEMPATH/View/View.php(213): include('APPPATH/Views/candidaturas/vaga_perfil.php')
 3 SYSTEMPATH/View/View.php(216): CodeIgniter\View\View->CodeIgniter\View\{closure}()
 4 SYSTEMPATH/Common.php(1184): CodeIgniter\View\View->render('candidaturas/vaga_perfil', [], true)
 5 APPPATH/Controllers/Vagas.php(68): view('candidaturas/vaga_perfil', [...])
 6 SYSTEMPATH/CodeIgniter.php(934): App\Controllers\Vagas->perfil('9')
 7 SYSTEMPATH/CodeIgniter.php(499): CodeIgniter\CodeIgniter->runController(Object(App\Controllers\Vagas))
 8 SYSTEMPATH/CodeIgniter.php(368): CodeIgniter\CodeIgniter->handleRequest(null, Object(Config\Cache), false)
 9 FCPATH/index.php(67): CodeIgniter\CodeIgniter->run()
10 SYSTEMPATH/Commands/Server/rewrite.php(47): require_once('FCPATH/index.php')
CRITICAL - 2023-05-28 15:08:46 --> syntax error, unexpected token ";"
in APPPATH/Views/candidaturas/candidato_perfil.php on line 125.
 1 SYSTEMPATH/View/View.php(216): CodeIgniter\View\View->CodeIgniter\View\{closure}()
 2 SYSTEMPATH/Common.php(1184): CodeIgniter\View\View->render('candidaturas/candidato_perfil', [], true)
 3 APPPATH/Controllers/Candidaturas.php(89): view('candidaturas/candidato_perfil', [...])
 4 SYSTEMPATH/CodeIgniter.php(934): App\Controllers\Candidaturas->perfil('9')
 5 SYSTEMPATH/CodeIgniter.php(499): CodeIgniter\CodeIgniter->runController(Object(App\Controllers\Candidaturas))
 6 SYSTEMPATH/CodeIgniter.php(368): CodeIgniter\CodeIgniter->handleRequest(null, Object(Config\Cache), false)
 7 FCPATH/index.php(67): CodeIgniter\CodeIgniter->run()
 8 SYSTEMPATH/Commands/Server/rewrite.php(47): require_once('FCPATH/index.php')
CRITICAL - 2023-05-28 15:08:59 --> Undefined property: stdClass::$datanascimente
in APPPATH/Views/candidaturas/candidato_perfil.php on line 120.
 1 APPPATH/Views/candidaturas/candidato_perfil.php(120): CodeIgniter\Debug\Exceptions->errorHandler(2, 'Undefined property: stdClass::$datanascimente', 'APPPATH/Views/candidaturas/candidato_perfil.php', 120)
 2 SYSTEMPATH/View/View.php(213): include('APPPATH/Views/candidaturas/candidato_perfil.php')
 3 SYSTEMPATH/View/View.php(216): CodeIgniter\View\View->CodeIgniter\View\{closure}()
 4 SYSTEMPATH/Common.php(1184): CodeIgniter\View\View->render('candidaturas/candidato_perfil', [], true)
 5 APPPATH/Controllers/Candidaturas.php(89): view('candidaturas/candidato_perfil', [...])
 6 SYSTEMPATH/CodeIgniter.php(934): App\Controllers\Candidaturas->perfil('9')
 7 SYSTEMPATH/CodeIgniter.php(499): CodeIgniter\CodeIgniter->runController(Object(App\Controllers\Candidaturas))
 8 SYSTEMPATH/CodeIgniter.php(368): CodeIgniter\CodeIgniter->handleRequest(null, Object(Config\Cache), false)
 9 FCPATH/index.php(67): CodeIgniter\CodeIgniter->run()
10 SYSTEMPATH/Commands/Server/rewrite.php(47): require_once('FCPATH/index.php')
CRITICAL - 2023-05-28 15:14:42 --> Undefined variable $aluno
in APPPATH/Views/candidaturas/candidato_perfil.php on line 141.
 1 APPPATH/Views/candidaturas/candidato_perfil.php(141): CodeIgniter\Debug\Exceptions->errorHandler(2, 'Undefined variable $aluno', 'APPPATH/Views/candidaturas/candidato_perfil.php', 141)
 2 SYSTEMPATH/View/View.php(213): include('APPPATH/Views/candidaturas/candidato_perfil.php')
 3 SYSTEMPATH/View/View.php(216): CodeIgniter\View\View->CodeIgniter\View\{closure}()
 4 SYSTEMPATH/Common.php(1184): CodeIgniter\View\View->render('candidaturas/candidato_perfil', [], true)
 5 APPPATH/Controllers/Candidaturas.php(89): view('candidaturas/candidato_perfil', [...])
 6 SYSTEMPATH/CodeIgniter.php(934): App\Controllers\Candidaturas->perfil('9')
 7 SYSTEMPATH/CodeIgniter.php(499): CodeIgniter\CodeIgniter->runController(Object(App\Controllers\Candidaturas))
 8 SYSTEMPATH/CodeIgniter.php(368): CodeIgniter\CodeIgniter->handleRequest(null, Object(Config\Cache), false)
 9 FCPATH/index.php(67): CodeIgniter\CodeIgniter->run()
10 SYSTEMPATH/Commands/Server/rewrite.php(47): require_once('FCPATH/index.php')
CRITICAL - 2023-05-28 15:15:43 --> Undefined variable $aluno
in APPPATH/Views/candidaturas/candidato_perfil.php on line 141.
 1 APPPATH/Views/candidaturas/candidato_perfil.php(141): CodeIgniter\Debug\Exceptions->errorHandler(2, 'Undefined variable $aluno', 'APPPATH/Views/candidaturas/candidato_perfil.php', 141)
 2 SYSTEMPATH/View/View.php(213): include('APPPATH/Views/candidaturas/candidato_perfil.php')
 3 SYSTEMPATH/View/View.php(216): CodeIgniter\View\View->CodeIgniter\View\{closure}()
 4 SYSTEMPATH/Common.php(1184): CodeIgniter\View\View->render('candidaturas/candidato_perfil', [], true)
 5 APPPATH/Controllers/Candidaturas.php(89): view('candidaturas/candidato_perfil', [...])
 6 SYSTEMPATH/CodeIgniter.php(934): App\Controllers\Candidaturas->perfil('9')
 7 SYSTEMPATH/CodeIgniter.php(499): CodeIgniter\CodeIgniter->runController(Object(App\Controllers\Candidaturas))
 8 SYSTEMPATH/CodeIgniter.php(368): CodeIgniter\CodeIgniter->handleRequest(null, Object(Config\Cache), false)
 9 FCPATH/index.php(67): CodeIgniter\CodeIgniter->run()
10 SYSTEMPATH/Commands/Server/rewrite.php(47): require_once('FCPATH/index.php')
CRITICAL - 2023-05-28 15:16:09 --> Undefined variable $aluno
in APPPATH/Views/candidaturas/candidato_perfil.php on line 143.
 1 APPPATH/Views/candidaturas/candidato_perfil.php(143): CodeIgniter\Debug\Exceptions->errorHandler(2, 'Undefined variable $aluno', 'APPPATH/Views/candidaturas/candidato_perfil.php', 143)
 2 SYSTEMPATH/View/View.php(213): include('APPPATH/Views/candidaturas/candidato_perfil.php')
 3 SYSTEMPATH/View/View.php(216): CodeIgniter\View\View->CodeIgniter\View\{closure}()
 4 SYSTEMPATH/Common.php(1184): CodeIgniter\View\View->render('candidaturas/candidato_perfil', [], true)
 5 APPPATH/Controllers/Candidaturas.php(89): view('candidaturas/candidato_perfil', [...])
 6 SYSTEMPATH/CodeIgniter.php(934): App\Controllers\Candidaturas->perfil('9')
 7 SYSTEMPATH/CodeIgniter.php(499): CodeIgniter\CodeIgniter->runController(Object(App\Controllers\Candidaturas))
 8 SYSTEMPATH/CodeIgniter.php(368): CodeIgniter\CodeIgniter->handleRequest(null, Object(Config\Cache), false)
 9 FCPATH/index.php(67): CodeIgniter\CodeIgniter->run()
10 SYSTEMPATH/Commands/Server/rewrite.php(47): require_once('FCPATH/index.php')
CRITICAL - 2023-05-28 15:52:50 --> Undefined variable $aluno
in APPPATH/Views/candidaturas/candidato_perfil.php on line 141.
 1 APPPATH/Views/candidaturas/candidato_perfil.php(141): CodeIgniter\Debug\Exceptions->errorHandler(2, 'Undefined variable $aluno', 'APPPATH/Views/candidaturas/candidato_perfil.php', 141)
 2 SYSTEMPATH/View/View.php(213): include('APPPATH/Views/candidaturas/candidato_perfil.php')
 3 SYSTEMPATH/View/View.php(216): CodeIgniter\View\View->CodeIgniter\View\{closure}()
 4 SYSTEMPATH/Common.php(1184): CodeIgniter\View\View->render('candidaturas/candidato_perfil', [], true)
 5 APPPATH/Controllers/Candidaturas.php(109): view('candidaturas/candidato_perfil', [...])
 6 SYSTEMPATH/CodeIgniter.php(934): App\Controllers\Candidaturas->perfil('9')
 7 SYSTEMPATH/CodeIgniter.php(499): CodeIgniter\CodeIgniter->runController(Object(App\Controllers\Candidaturas))
 8 SYSTEMPATH/CodeIgniter.php(368): CodeIgniter\CodeIgniter->handleRequest(null, Object(Config\Cache), false)
 9 FCPATH/index.php(67): CodeIgniter\CodeIgniter->run()
10 SYSTEMPATH/Commands/Server/rewrite.php(47): require_once('FCPATH/index.php')
CRITICAL - 2023-05-28 15:54:18 --> Cannot modify header information - headers already sent by (output started at /Users/arseniomuanda/MyJobs/Joelson/gestao_alunos/app/Config/Events.php:32)
in APPPATH/Controllers/Candidaturas.php on line 23.
 1 [internal function]: CodeIgniter\Debug\Exceptions->errorHandler(2, 'Cannot modify header information - headers already sent by (output started at /Users/arseniomuanda/MyJobs/Joelson/gestao_alunos/app/Config/Events.php:32)', 'APPPATH/Controllers/Candidaturas.php', 23)
 2 APPPATH/Controllers/Candidaturas.php(23): header('Access-Control-Allow-Origin: http://localhost:8080')
 3 SYSTEMPATH/CodeIgniter.php(906): App\Controllers\Candidaturas->__construct()
 4 SYSTEMPATH/CodeIgniter.php(490): CodeIgniter\CodeIgniter->createController()
 5 SYSTEMPATH/CodeIgniter.php(368): CodeIgniter\CodeIgniter->handleRequest(null, Object(Config\Cache), false)
 6 FCPATH/index.php(67): CodeIgniter\CodeIgniter->run()
 7 SYSTEMPATH/Commands/Server/rewrite.php(47): require_once('FCPATH/index.php')
CRITICAL - 2023-05-28 16:13:14 --> The original file is not a valid file.
in SYSTEMPATH/HTTP/Files/UploadedFile.php on line 137.
 1 SYSTEMPATH/HTTP/Files/UploadedFile.php(137): CodeIgniter\HTTP\Exceptions\HTTPException::forInvalidFile()
 2 APPPATH/Helpers/funcao_helper.php(628): CodeIgniter\HTTP\Files\UploadedFile->move('FCPATH/file/candidatos', 'atestado_medico9.jpg')
 3 APPPATH/Helpers/funcao_helper.php(246): store(Object(CodeIgniter\HTTP\Files\UploadedFile), 'atestado_medico9.jpg', 'candidatos')
 4 APPPATH/Controllers/Candidaturas.php(87): updatecomcincofotos(Object(App\Models\CandidatoModel), '9', '1', Object(CodeIgniter\Database\MySQLi\Connection), Object(App\Models\Auditoria), 'Atualizar Ducumentos do Candidato', null, 'certificado', Object(CodeIgniter\HTTP\Files\UploadedFile), 'foto_tipo_pass', Object(CodeIgniter\HTTP\Files\UploadedFile), 'atestado_medico', null, 'declaracao_notas', null, 'copia_bi', false)
 5 SYSTEMPATH/CodeIgniter.php(934): App\Controllers\Candidaturas->updateImagens('9')
 6 SYSTEMPATH/CodeIgniter.php(499): CodeIgniter\CodeIgniter->runController(Object(App\Controllers\Candidaturas))
 7 SYSTEMPATH/CodeIgniter.php(368): CodeIgniter\CodeIgniter->handleRequest(null, Object(Config\Cache), false)
 8 FCPATH/index.php(67): CodeIgniter\CodeIgniter->run()
 9 SYSTEMPATH/Commands/Server/rewrite.php(47): require_once('FCPATH/index.php')
CRITICAL - 2023-05-28 16:18:24 --> Call to a member function getExtension() on null
in APPPATH/Helpers/funcao_helper.php on line 245.
 1 APPPATH/Controllers/Alunos.php(155): updatecomcincofotos(Object(App\Models\AlunoModel), '4', '1', Object(CodeIgniter\Database\MySQLi\Connection), Object(App\Models\Auditoria), 'Atualizar Ducumentos do Aluno', null, 'certificado', Object(CodeIgniter\HTTP\Files\UploadedFile), 'foto_tipo_pass', null, 'atestado_medico', null, 'declaracao_notas', null, 'copia_bi')
 2 SYSTEMPATH/CodeIgniter.php(934): App\Controllers\Alunos->updateImagens('4')
 3 SYSTEMPATH/CodeIgniter.php(499): CodeIgniter\CodeIgniter->runController(Object(App\Controllers\Alunos))
 4 SYSTEMPATH/CodeIgniter.php(368): CodeIgniter\CodeIgniter->handleRequest(null, Object(Config\Cache), false)
 5 FCPATH/index.php(67): CodeIgniter\CodeIgniter->run()
 6 SYSTEMPATH/Commands/Server/rewrite.php(47): require_once('FCPATH/index.php')
CRITICAL - 2023-05-28 16:18:45 --> The original file is not a valid file.
in SYSTEMPATH/HTTP/Files/UploadedFile.php on line 137.
 1 SYSTEMPATH/HTTP/Files/UploadedFile.php(137): CodeIgniter\HTTP\Exceptions\HTTPException::forInvalidFile()
 2 APPPATH/Helpers/funcao_helper.php(628): CodeIgniter\HTTP\Files\UploadedFile->move('FCPATH/file/alunos', 'atestado_medico4.jpg')
 3 APPPATH/Helpers/funcao_helper.php(246): store(Object(CodeIgniter\HTTP\Files\UploadedFile), 'atestado_medico4.jpg', 'alunos')
 4 APPPATH/Controllers/Alunos.php(155): updatecomcincofotos(Object(App\Models\AlunoModel), '4', '1', Object(CodeIgniter\Database\MySQLi\Connection), Object(App\Models\Auditoria), 'Atualizar Ducumentos do Aluno', null, 'certificado', Object(CodeIgniter\HTTP\Files\UploadedFile), 'foto_tipo_pass', Object(CodeIgniter\HTTP\Files\UploadedFile), 'atestado_medico', null, 'declaracao_notas', null, 'copia_bi')
 5 SYSTEMPATH/CodeIgniter.php(934): App\Controllers\Alunos->updateImagens('4')
 6 SYSTEMPATH/CodeIgniter.php(499): CodeIgniter\CodeIgniter->runController(Object(App\Controllers\Alunos))
 7 SYSTEMPATH/CodeIgniter.php(368): CodeIgniter\CodeIgniter->handleRequest(null, Object(Config\Cache), false)
 8 FCPATH/index.php(67): CodeIgniter\CodeIgniter->run()
 9 SYSTEMPATH/Commands/Server/rewrite.php(47): require_once('FCPATH/index.php')
CRITICAL - 2023-05-28 16:27:12 --> A non-numeric value encountered
in APPPATH/Views/candidaturas/candidatos.php on line 37.
 1 APPPATH/Views/candidaturas/candidatos.php(37): CodeIgniter\Debug\Exceptions->errorHandler(2, 'A non-numeric value encountered', 'APPPATH/Views/candidaturas/candidatos.php', 37)
 2 SYSTEMPATH/View/View.php(213): include('APPPATH/Views/candidaturas/candidatos.php')
 3 SYSTEMPATH/View/View.php(216): CodeIgniter\View\View->CodeIgniter\View\{closure}()
 4 SYSTEMPATH/Common.php(1184): CodeIgniter\View\View->render('candidaturas/candidatos', [], true)
 5 APPPATH/Controllers/Candidaturas.php(101): view('candidaturas/candidatos', [...])
 6 SYSTEMPATH/CodeIgniter.php(934): App\Controllers\Candidaturas->index()
 7 SYSTEMPATH/CodeIgniter.php(499): CodeIgniter\CodeIgniter->runController(Object(App\Controllers\Candidaturas))
 8 SYSTEMPATH/CodeIgniter.php(368): CodeIgniter\CodeIgniter->handleRequest(null, Object(Config\Cache), false)
 9 FCPATH/index.php(67): CodeIgniter\CodeIgniter->run()
10 SYSTEMPATH/Commands/Server/rewrite.php(47): require_once('FCPATH/index.php')
CRITICAL - 2023-05-28 16:43:37 --> Undefined variable $aluno
in APPPATH/Views/candidaturas/candidato_perfil.php on line 209.
 1 APPPATH/Views/candidaturas/candidato_perfil.php(209): CodeIgniter\Debug\Exceptions->errorHandler(2, 'Undefined variable $aluno', 'APPPATH/Views/candidaturas/candidato_perfil.php', 209)
 2 SYSTEMPATH/View/View.php(213): include('APPPATH/Views/candidaturas/candidato_perfil.php')
 3 SYSTEMPATH/View/View.php(216): CodeIgniter\View\View->CodeIgniter\View\{closure}()
 4 SYSTEMPATH/Common.php(1184): CodeIgniter\View\View->render('candidaturas/candidato_perfil', [], true)
 5 APPPATH/Controllers/Candidaturas.php(109): view('candidaturas/candidato_perfil', [...])
 6 SYSTEMPATH/CodeIgniter.php(934): App\Controllers\Candidaturas->perfil('9')
 7 SYSTEMPATH/CodeIgniter.php(499): CodeIgniter\CodeIgniter->runController(Object(App\Controllers\Candidaturas))
 8 SYSTEMPATH/CodeIgniter.php(368): CodeIgniter\CodeIgniter->handleRequest(null, Object(Config\Cache), false)
 9 FCPATH/index.php(67): CodeIgniter\CodeIgniter->run()
10 SYSTEMPATH/Commands/Server/rewrite.php(47): require_once('FCPATH/index.php')
CRITICAL - 2023-05-28 17:18:38 --> There is no data to update.
in SYSTEMPATH/BaseModel.php on line 924.
 1 SYSTEMPATH/BaseModel.php(924): CodeIgniter\Database\Exceptions\DataException::forEmptyDataset('update')
 2 SYSTEMPATH/Model.php(756): CodeIgniter\BaseModel->update([...], [])
 3 SYSTEMPATH/BaseModel.php(690): CodeIgniter\Model->update('9', [...])
 4 APPPATH/Helpers/funcao_helper.php(414): CodeIgniter\BaseModel->save([...])
 5 APPPATH/Controllers/Candidaturas.php(131): updatenomal(Object(App\Models\CandidatoModel), [...], Object(App\Models\Auditoria))
 6 SYSTEMPATH/CodeIgniter.php(934): App\Controllers\Candidaturas->updateEstado('9')
 7 SYSTEMPATH/CodeIgniter.php(499): CodeIgniter\CodeIgniter->runController(Object(App\Controllers\Candidaturas))
 8 SYSTEMPATH/CodeIgniter.php(368): CodeIgniter\CodeIgniter->handleRequest(null, Object(Config\Cache), false)
 9 FCPATH/index.php(67): CodeIgniter\CodeIgniter->run()
10 SYSTEMPATH/Commands/Server/rewrite.php(47): require_once('FCPATH/index.php')
CRITICAL - 2023-05-28 18:09:35 --> Undefined property: stdClass::$bi
in APPPATH/Controllers/Alunos.php on line 151.
 1 APPPATH/Controllers/Alunos.php(151): CodeIgniter\Debug\Exceptions->errorHandler(2, 'Undefined property: stdClass::$bi', 'APPPATH/Controllers/Alunos.php', 151)
 2 SYSTEMPATH/CodeIgniter.php(934): App\Controllers\Alunos->matricular('9')
 3 SYSTEMPATH/CodeIgniter.php(499): CodeIgniter\CodeIgniter->runController(Object(App\Controllers\Alunos))
 4 SYSTEMPATH/CodeIgniter.php(368): CodeIgniter\CodeIgniter->handleRequest(null, Object(Config\Cache), false)
 5 FCPATH/index.php(67): CodeIgniter\CodeIgniter->run()
 6 SYSTEMPATH/Commands/Server/rewrite.php(47): require_once('FCPATH/index.php')
ERROR - 2023-05-28 18:16:11 --> mysqli_sql_exception: Duplicate entry 'manomuanda@gmail.com' for key 'email' in /Users/arseniomuanda/MyJobs/Joelson/gestao_alunos/system/Database/MySQLi/Connection.php:295
Stack trace:
#0 /Users/arseniomuanda/MyJobs/Joelson/gestao_alunos/system/Database/MySQLi/Connection.php(295): mysqli->query('INSERT INTO `ut...', 0)
#1 /Users/arseniomuanda/MyJobs/Joelson/gestao_alunos/system/Database/BaseConnection.php(691): CodeIgniter\Database\MySQLi\Connection->execute('INSERT INTO `ut...')
#2 /Users/arseniomuanda/MyJobs/Joelson/gestao_alunos/system/Database/BaseConnection.php(605): CodeIgniter\Database\BaseConnection->simpleQuery('INSERT INTO `ut...')
#3 /Users/arseniomuanda/MyJobs/Joelson/gestao_alunos/system/Database/BaseBuilder.php(2309): CodeIgniter\Database\BaseConnection->query('INSERT INTO `ut...', Array, false)
#4 /Users/arseniomuanda/MyJobs/Joelson/gestao_alunos/system/Model.php(330): CodeIgniter\Database\BaseBuilder->insert()
#5 /Users/arseniomuanda/MyJobs/Joelson/gestao_alunos/system/BaseModel.php(782): CodeIgniter\Model->doInsert(Array)
#6 /Users/arseniomuanda/MyJobs/Joelson/gestao_alunos/system/Model.php(730): CodeIgniter\BaseModel->insert(Array, false)
#7 /Users/arseniomuanda/MyJobs/Joelson/gestao_alunos/system/BaseModel.php(692): CodeIgniter\Model->insert(Array, false)
#8 /Users/arseniomuanda/MyJobs/Joelson/gestao_alunos/app/Helpers/funcao_helper.php(26): CodeIgniter\BaseModel->save(Array)
#9 /Users/arseniomuanda/MyJobs/Joelson/gestao_alunos/app/Controllers/Alunos.php(161): cadastronormal(Object(App\Models\UtilizadoreModel), Array, Object(CodeIgniter\Database\MySQLi\Connection), Object(App\Models\Auditoria))
#10 /Users/arseniomuanda/MyJobs/Joelson/gestao_alunos/system/CodeIgniter.php(934): App\Controllers\Alunos->matricular('9')
#11 /Users/arseniomuanda/MyJobs/Joelson/gestao_alunos/system/CodeIgniter.php(499): CodeIgniter\CodeIgniter->runController(Object(App\Controllers\Alunos))
#12 /Users/arseniomuanda/MyJobs/Joelson/gestao_alunos/system/CodeIgniter.php(368): CodeIgniter\CodeIgniter->handleRequest(NULL, Object(Config\Cache), false)
#13 /Users/arseniomuanda/MyJobs/Joelson/gestao_alunos/public/index.php(67): CodeIgniter\CodeIgniter->run()
#14 /Users/arseniomuanda/MyJobs/Joelson/gestao_alunos/system/Commands/Server/rewrite.php(47): require_once('/Users/arseniom...')
#15 {main}
CRITICAL - 2023-05-28 18:16:11 --> Duplicate entry 'manomuanda@gmail.com' for key 'email'
in SYSTEMPATH/Database/BaseConnection.php on line 645.
 1 SYSTEMPATH/Database/BaseBuilder.php(2309): CodeIgniter\Database\BaseConnection->query('INSERT INTO `utilizadores` (`password`, `email`, `telefone`, `bi`, `nome`) VALUES (:password:, :email:, :telefone:, :bi:, :nome:)', [...], false)
 2 SYSTEMPATH/Model.php(330): CodeIgniter\Database\BaseBuilder->insert()
 3 SYSTEMPATH/BaseModel.php(782): CodeIgniter\Model->doInsert([...])
 4 SYSTEMPATH/Model.php(730): CodeIgniter\BaseModel->insert([...], false)
 5 SYSTEMPATH/BaseModel.php(692): CodeIgniter\Model->insert([...], false)
 6 APPPATH/Helpers/funcao_helper.php(26): CodeIgniter\BaseModel->save([...])
 7 APPPATH/Controllers/Alunos.php(161): cadastronormal(Object(App\Models\UtilizadoreModel), [...], Object(CodeIgniter\Database\MySQLi\Connection), Object(App\Models\Auditoria))
 8 SYSTEMPATH/CodeIgniter.php(934): App\Controllers\Alunos->matricular('9')
 9 SYSTEMPATH/CodeIgniter.php(499): CodeIgniter\CodeIgniter->runController(Object(App\Controllers\Alunos))
10 SYSTEMPATH/CodeIgniter.php(368): CodeIgniter\CodeIgniter->handleRequest(null, Object(Config\Cache), false)
11 FCPATH/index.php(67): CodeIgniter\CodeIgniter->run()
12 SYSTEMPATH/Commands/Server/rewrite.php(47): require_once('FCPATH/index.php')
ERROR - 2023-05-28 18:16:33 --> mysqli_sql_exception: Duplicate entry 'manomuanda@gmail.com' for key 'email' in /Users/arseniomuanda/MyJobs/Joelson/gestao_alunos/system/Database/MySQLi/Connection.php:295
Stack trace:
#0 /Users/arseniomuanda/MyJobs/Joelson/gestao_alunos/system/Database/MySQLi/Connection.php(295): mysqli->query('INSERT INTO `ut...', 0)
#1 /Users/arseniomuanda/MyJobs/Joelson/gestao_alunos/system/Database/BaseConnection.php(691): CodeIgniter\Database\MySQLi\Connection->execute('INSERT INTO `ut...')
#2 /Users/arseniomuanda/MyJobs/Joelson/gestao_alunos/system/Database/BaseConnection.php(605): CodeIgniter\Database\BaseConnection->simpleQuery('INSERT INTO `ut...')
#3 /Users/arseniomuanda/MyJobs/Joelson/gestao_alunos/system/Database/BaseBuilder.php(2309): CodeIgniter\Database\BaseConnection->query('INSERT INTO `ut...', Array, false)
#4 /Users/arseniomuanda/MyJobs/Joelson/gestao_alunos/system/Model.php(330): CodeIgniter\Database\BaseBuilder->insert()
#5 /Users/arseniomuanda/MyJobs/Joelson/gestao_alunos/system/BaseModel.php(782): CodeIgniter\Model->doInsert(Array)
#6 /Users/arseniomuanda/MyJobs/Joelson/gestao_alunos/system/Model.php(730): CodeIgniter\BaseModel->insert(Array, false)
#7 /Users/arseniomuanda/MyJobs/Joelson/gestao_alunos/system/BaseModel.php(692): CodeIgniter\Model->insert(Array, false)
#8 /Users/arseniomuanda/MyJobs/Joelson/gestao_alunos/app/Helpers/funcao_helper.php(26): CodeIgniter\BaseModel->save(Array)
#9 /Users/arseniomuanda/MyJobs/Joelson/gestao_alunos/app/Controllers/Alunos.php(161): cadastronormal(Object(App\Models\UtilizadoreModel), Array, Object(CodeIgniter\Database\MySQLi\Connection), Object(App\Models\Auditoria))
#10 /Users/arseniomuanda/MyJobs/Joelson/gestao_alunos/system/CodeIgniter.php(934): App\Controllers\Alunos->matricular('9')
#11 /Users/arseniomuanda/MyJobs/Joelson/gestao_alunos/system/CodeIgniter.php(499): CodeIgniter\CodeIgniter->runController(Object(App\Controllers\Alunos))
#12 /Users/arseniomuanda/MyJobs/Joelson/gestao_alunos/system/CodeIgniter.php(368): CodeIgniter\CodeIgniter->handleRequest(NULL, Object(Config\Cache), false)
#13 /Users/arseniomuanda/MyJobs/Joelson/gestao_alunos/public/index.php(67): CodeIgniter\CodeIgniter->run()
#14 /Users/arseniomuanda/MyJobs/Joelson/gestao_alunos/system/Commands/Server/rewrite.php(47): require_once('/Users/arseniom...')
#15 {main}
CRITICAL - 2023-05-28 18:16:33 --> Duplicate entry 'manomuanda@gmail.com' for key 'email'
in SYSTEMPATH/Database/BaseConnection.php on line 645.
 1 SYSTEMPATH/Database/BaseBuilder.php(2309): CodeIgniter\Database\BaseConnection->query('INSERT INTO `utilizadores` (`password`, `email`, `telefone`, `bi`, `nome`) VALUES (:password:, :email:, :telefone:, :bi:, :nome:)', [...], false)
 2 SYSTEMPATH/Model.php(330): CodeIgniter\Database\BaseBuilder->insert()
 3 SYSTEMPATH/BaseModel.php(782): CodeIgniter\Model->doInsert([...])
 4 SYSTEMPATH/Model.php(730): CodeIgniter\BaseModel->insert([...], false)
 5 SYSTEMPATH/BaseModel.php(692): CodeIgniter\Model->insert([...], false)
 6 APPPATH/Helpers/funcao_helper.php(26): CodeIgniter\BaseModel->save([...])
 7 APPPATH/Controllers/Alunos.php(161): cadastronormal(Object(App\Models\UtilizadoreModel), [...], Object(CodeIgniter\Database\MySQLi\Connection), Object(App\Models\Auditoria))
 8 SYSTEMPATH/CodeIgniter.php(934): App\Controllers\Alunos->matricular('9')
 9 SYSTEMPATH/CodeIgniter.php(499): CodeIgniter\CodeIgniter->runController(Object(App\Controllers\Alunos))
10 SYSTEMPATH/CodeIgniter.php(368): CodeIgniter\CodeIgniter->handleRequest(null, Object(Config\Cache), false)
11 FCPATH/index.php(67): CodeIgniter\CodeIgniter->run()
12 SYSTEMPATH/Commands/Server/rewrite.php(47): require_once('FCPATH/index.php')
ERROR - 2023-05-28 18:18:11 --> mysqli_sql_exception: Cannot add or update a child row: a foreign key constraint fails (`gestao_alunos`.`alunos`, CONSTRAINT `FK_alunos_5` FOREIGN KEY (`turma`) REFERENCES `turmas` (`id`)) in /Users/arseniomuanda/MyJobs/Joelson/gestao_alunos/system/Database/MySQLi/Connection.php:295
Stack trace:
#0 /Users/arseniomuanda/MyJobs/Joelson/gestao_alunos/system/Database/MySQLi/Connection.php(295): mysqli->query('INSERT INTO `al...', 0)
#1 /Users/arseniomuanda/MyJobs/Joelson/gestao_alunos/system/Database/BaseConnection.php(691): CodeIgniter\Database\MySQLi\Connection->execute('INSERT INTO `al...')
#2 /Users/arseniomuanda/MyJobs/Joelson/gestao_alunos/system/Database/BaseConnection.php(605): CodeIgniter\Database\BaseConnection->simpleQuery('INSERT INTO `al...')
#3 /Users/arseniomuanda/MyJobs/Joelson/gestao_alunos/system/Database/BaseBuilder.php(2309): CodeIgniter\Database\BaseConnection->query('INSERT INTO `al...', Array, false)
#4 /Users/arseniomuanda/MyJobs/Joelson/gestao_alunos/system/Model.php(330): CodeIgniter\Database\BaseBuilder->insert()
#5 /Users/arseniomuanda/MyJobs/Joelson/gestao_alunos/system/BaseModel.php(782): CodeIgniter\Model->doInsert(Array)
#6 /Users/arseniomuanda/MyJobs/Joelson/gestao_alunos/system/Model.php(730): CodeIgniter\BaseModel->insert(Array, false)
#7 /Users/arseniomuanda/MyJobs/Joelson/gestao_alunos/system/BaseModel.php(692): CodeIgniter\Model->insert(Array, false)
#8 /Users/arseniomuanda/MyJobs/Joelson/gestao_alunos/app/Helpers/funcao_helper.php(26): CodeIgniter\BaseModel->save(Array)
#9 /Users/arseniomuanda/MyJobs/Joelson/gestao_alunos/app/Controllers/Alunos.php(178): cadastronormal(Object(App\Models\AlunoModel), Array, Object(CodeIgniter\Database\MySQLi\Connection), Object(App\Models\Auditoria))
#10 /Users/arseniomuanda/MyJobs/Joelson/gestao_alunos/system/CodeIgniter.php(934): App\Controllers\Alunos->matricular('9')
#11 /Users/arseniomuanda/MyJobs/Joelson/gestao_alunos/system/CodeIgniter.php(499): CodeIgniter\CodeIgniter->runController(Object(App\Controllers\Alunos))
#12 /Users/arseniomuanda/MyJobs/Joelson/gestao_alunos/system/CodeIgniter.php(368): CodeIgniter\CodeIgniter->handleRequest(NULL, Object(Config\Cache), false)
#13 /Users/arseniomuanda/MyJobs/Joelson/gestao_alunos/public/index.php(67): CodeIgniter\CodeIgniter->run()
#14 /Users/arseniomuanda/MyJobs/Joelson/gestao_alunos/system/Commands/Server/rewrite.php(47): require_once('/Users/arseniom...')
#15 {main}
CRITICAL - 2023-05-28 18:18:11 --> Cannot add or update a child row: a foreign key constraint fails (`gestao_alunos`.`alunos`, CONSTRAINT `FK_alunos_5` FOREIGN KEY (`turma`) REFERENCES `turmas` (`id`))
in SYSTEMPATH/Database/BaseConnection.php on line 645.
 1 SYSTEMPATH/Database/BaseBuilder.php(2309): CodeIgniter\Database\BaseConnection->query('INSERT INTO `alunos` (`utilizador`) VALUES (:utilizador:)', [...], false)
 2 SYSTEMPATH/Model.php(330): CodeIgniter\Database\BaseBuilder->insert()
 3 SYSTEMPATH/BaseModel.php(782): CodeIgniter\Model->doInsert([...])
 4 SYSTEMPATH/Model.php(730): CodeIgniter\BaseModel->insert([...], false)
 5 SYSTEMPATH/BaseModel.php(692): CodeIgniter\Model->insert([...], false)
 6 APPPATH/Helpers/funcao_helper.php(26): CodeIgniter\BaseModel->save([...])
 7 APPPATH/Controllers/Alunos.php(178): cadastronormal(Object(App\Models\AlunoModel), [...], Object(CodeIgniter\Database\MySQLi\Connection), Object(App\Models\Auditoria))
 8 SYSTEMPATH/CodeIgniter.php(934): App\Controllers\Alunos->matricular('9')
 9 SYSTEMPATH/CodeIgniter.php(499): CodeIgniter\CodeIgniter->runController(Object(App\Controllers\Alunos))
10 SYSTEMPATH/CodeIgniter.php(368): CodeIgniter\CodeIgniter->handleRequest(null, Object(Config\Cache), false)
11 FCPATH/index.php(67): CodeIgniter\CodeIgniter->run()
12 SYSTEMPATH/Commands/Server/rewrite.php(47): require_once('FCPATH/index.php')
CRITICAL - 2023-05-28 18:38:01 --> Undefined variable $cursos
in APPPATH/Views/candidaturas/candidato_perfil.php on line 257.
 1 APPPATH/Views/candidaturas/candidato_perfil.php(257): CodeIgniter\Debug\Exceptions->errorHandler(2, 'Undefined variable $cursos', 'APPPATH/Views/candidaturas/candidato_perfil.php', 257)
 2 SYSTEMPATH/View/View.php(213): include('APPPATH/Views/candidaturas/candidato_perfil.php')
 3 SYSTEMPATH/View/View.php(216): CodeIgniter\View\View->CodeIgniter\View\{closure}()
 4 SYSTEMPATH/Common.php(1184): CodeIgniter\View\View->render('candidaturas/candidato_perfil', [], true)
 5 APPPATH/Controllers/Candidaturas.php(152): view('candidaturas/candidato_perfil', [...])
 6 SYSTEMPATH/CodeIgniter.php(934): App\Controllers\Candidaturas->perfil('9')
 7 SYSTEMPATH/CodeIgniter.php(499): CodeIgniter\CodeIgniter->runController(Object(App\Controllers\Candidaturas))
 8 SYSTEMPATH/CodeIgniter.php(368): CodeIgniter\CodeIgniter->handleRequest(null, Object(Config\Cache), false)
 9 FCPATH/index.php(67): CodeIgniter\CodeIgniter->run()
10 SYSTEMPATH/Commands/Server/rewrite.php(47): require_once('FCPATH/index.php')
CRITICAL - 2023-05-28 18:45:03 --> Undefined variable $cursos
in APPPATH/Views/candidaturas/candidato_perfil.php on line 257.
 1 APPPATH/Views/candidaturas/candidato_perfil.php(257): CodeIgniter\Debug\Exceptions->errorHandler(2, 'Undefined variable $cursos', 'APPPATH/Views/candidaturas/candidato_perfil.php', 257)
 2 SYSTEMPATH/View/View.php(213): include('APPPATH/Views/candidaturas/candidato_perfil.php')
 3 SYSTEMPATH/View/View.php(216): CodeIgniter\View\View->CodeIgniter\View\{closure}()
 4 SYSTEMPATH/Common.php(1184): CodeIgniter\View\View->render('candidaturas/candidato_perfil', [], true)
 5 APPPATH/Controllers/Candidaturas.php(153): view('candidaturas/candidato_perfil', [...])
 6 SYSTEMPATH/CodeIgniter.php(934): App\Controllers\Candidaturas->perfil('9')
 7 SYSTEMPATH/CodeIgniter.php(499): CodeIgniter\CodeIgniter->runController(Object(App\Controllers\Candidaturas))
 8 SYSTEMPATH/CodeIgniter.php(368): CodeIgniter\CodeIgniter->handleRequest(null, Object(Config\Cache), false)
 9 FCPATH/index.php(67): CodeIgniter\CodeIgniter->run()
10 SYSTEMPATH/Commands/Server/rewrite.php(47): require_once('FCPATH/index.php')
ERROR - 2023-05-28 18:57:32 --> mysqli_sql_exception: Duplicate entry 'manomuanda1@gmail.com' for key 'email' in /Users/arseniomuanda/MyJobs/Joelson/gestao_alunos/system/Database/MySQLi/Connection.php:295
Stack trace:
#0 /Users/arseniomuanda/MyJobs/Joelson/gestao_alunos/system/Database/MySQLi/Connection.php(295): mysqli->query('INSERT INTO `ut...', 0)
#1 /Users/arseniomuanda/MyJobs/Joelson/gestao_alunos/system/Database/BaseConnection.php(691): CodeIgniter\Database\MySQLi\Connection->execute('INSERT INTO `ut...')
#2 /Users/arseniomuanda/MyJobs/Joelson/gestao_alunos/system/Database/BaseConnection.php(605): CodeIgniter\Database\BaseConnection->simpleQuery('INSERT INTO `ut...')
#3 /Users/arseniomuanda/MyJobs/Joelson/gestao_alunos/system/Database/BaseBuilder.php(2309): CodeIgniter\Database\BaseConnection->query('INSERT INTO `ut...', Array, false)
#4 /Users/arseniomuanda/MyJobs/Joelson/gestao_alunos/system/Model.php(330): CodeIgniter\Database\BaseBuilder->insert()
#5 /Users/arseniomuanda/MyJobs/Joelson/gestao_alunos/system/BaseModel.php(782): CodeIgniter\Model->doInsert(Array)
#6 /Users/arseniomuanda/MyJobs/Joelson/gestao_alunos/system/Model.php(730): CodeIgniter\BaseModel->insert(Array, false)
#7 /Users/arseniomuanda/MyJobs/Joelson/gestao_alunos/system/BaseModel.php(692): CodeIgniter\Model->insert(Array, false)
#8 /Users/arseniomuanda/MyJobs/Joelson/gestao_alunos/app/Helpers/funcao_helper.php(26): CodeIgniter\BaseModel->save(Array)
#9 /Users/arseniomuanda/MyJobs/Joelson/gestao_alunos/app/Controllers/Alunos.php(161): cadastronormal(Object(App\Models\UtilizadoreModel), Array, Object(CodeIgniter\Database\MySQLi\Connection), Object(App\Models\Auditoria))
#10 /Users/arseniomuanda/MyJobs/Joelson/gestao_alunos/system/CodeIgniter.php(934): App\Controllers\Alunos->matricular('9')
#11 /Users/arseniomuanda/MyJobs/Joelson/gestao_alunos/system/CodeIgniter.php(499): CodeIgniter\CodeIgniter->runController(Object(App\Controllers\Alunos))
#12 /Users/arseniomuanda/MyJobs/Joelson/gestao_alunos/system/CodeIgniter.php(368): CodeIgniter\CodeIgniter->handleRequest(NULL, Object(Config\Cache), false)
#13 /Users/arseniomuanda/MyJobs/Joelson/gestao_alunos/public/index.php(67): CodeIgniter\CodeIgniter->run()
#14 /Users/arseniomuanda/MyJobs/Joelson/gestao_alunos/system/Commands/Server/rewrite.php(47): require_once('/Users/arseniom...')
#15 {main}
CRITICAL - 2023-05-28 18:57:32 --> Duplicate entry 'manomuanda1@gmail.com' for key 'email'
in SYSTEMPATH/Database/BaseConnection.php on line 645.
 1 SYSTEMPATH/Database/BaseBuilder.php(2309): CodeIgniter\Database\BaseConnection->query('INSERT INTO `utilizadores` (`password`, `email`, `telefone`, `bi`, `nome`) VALUES (:password:, :email:, :telefone:, :bi:, :nome:)', [...], false)
 2 SYSTEMPATH/Model.php(330): CodeIgniter\Database\BaseBuilder->insert()
 3 SYSTEMPATH/BaseModel.php(782): CodeIgniter\Model->doInsert([...])
 4 SYSTEMPATH/Model.php(730): CodeIgniter\BaseModel->insert([...], false)
 5 SYSTEMPATH/BaseModel.php(692): CodeIgniter\Model->insert([...], false)
 6 APPPATH/Helpers/funcao_helper.php(26): CodeIgniter\BaseModel->save([...])
 7 APPPATH/Controllers/Alunos.php(161): cadastronormal(Object(App\Models\UtilizadoreModel), [...], Object(CodeIgniter\Database\MySQLi\Connection), Object(App\Models\Auditoria))
 8 SYSTEMPATH/CodeIgniter.php(934): App\Controllers\Alunos->matricular('9')
 9 SYSTEMPATH/CodeIgniter.php(499): CodeIgniter\CodeIgniter->runController(Object(App\Controllers\Alunos))
10 SYSTEMPATH/CodeIgniter.php(368): CodeIgniter\CodeIgniter->handleRequest(null, Object(Config\Cache), false)
11 FCPATH/index.php(67): CodeIgniter\CodeIgniter->run()
12 SYSTEMPATH/Commands/Server/rewrite.php(47): require_once('FCPATH/index.php')
ERROR - 2023-05-28 18:59:40 --> mysqli_sql_exception: Duplicate entry 'manomuanda1@gmail.com' for key 'email' in /Users/arseniomuanda/MyJobs/Joelson/gestao_alunos/system/Database/MySQLi/Connection.php:295
Stack trace:
#0 /Users/arseniomuanda/MyJobs/Joelson/gestao_alunos/system/Database/MySQLi/Connection.php(295): mysqli->query('INSERT INTO `ut...', 0)
#1 /Users/arseniomuanda/MyJobs/Joelson/gestao_alunos/system/Database/BaseConnection.php(691): CodeIgniter\Database\MySQLi\Connection->execute('INSERT INTO `ut...')
#2 /Users/arseniomuanda/MyJobs/Joelson/gestao_alunos/system/Database/BaseConnection.php(605): CodeIgniter\Database\BaseConnection->simpleQuery('INSERT INTO `ut...')
#3 /Users/arseniomuanda/MyJobs/Joelson/gestao_alunos/system/Database/BaseBuilder.php(2309): CodeIgniter\Database\BaseConnection->query('INSERT INTO `ut...', Array, false)
#4 /Users/arseniomuanda/MyJobs/Joelson/gestao_alunos/system/Model.php(330): CodeIgniter\Database\BaseBuilder->insert()
#5 /Users/arseniomuanda/MyJobs/Joelson/gestao_alunos/system/BaseModel.php(782): CodeIgniter\Model->doInsert(Array)
#6 /Users/arseniomuanda/MyJobs/Joelson/gestao_alunos/system/Model.php(730): CodeIgniter\BaseModel->insert(Array, false)
#7 /Users/arseniomuanda/MyJobs/Joelson/gestao_alunos/system/BaseModel.php(692): CodeIgniter\Model->insert(Array, false)
#8 /Users/arseniomuanda/MyJobs/Joelson/gestao_alunos/app/Helpers/funcao_helper.php(26): CodeIgniter\BaseModel->save(Array)
#9 /Users/arseniomuanda/MyJobs/Joelson/gestao_alunos/app/Controllers/Alunos.php(161): cadastronormal(Object(App\Models\UtilizadoreModel), Array, Object(CodeIgniter\Database\MySQLi\Connection), Object(App\Models\Auditoria))
#10 /Users/arseniomuanda/MyJobs/Joelson/gestao_alunos/system/CodeIgniter.php(934): App\Controllers\Alunos->matricular('9')
#11 /Users/arseniomuanda/MyJobs/Joelson/gestao_alunos/system/CodeIgniter.php(499): CodeIgniter\CodeIgniter->runController(Object(App\Controllers\Alunos))
#12 /Users/arseniomuanda/MyJobs/Joelson/gestao_alunos/system/CodeIgniter.php(368): CodeIgniter\CodeIgniter->handleRequest(NULL, Object(Config\Cache), false)
#13 /Users/arseniomuanda/MyJobs/Joelson/gestao_alunos/public/index.php(67): CodeIgniter\CodeIgniter->run()
#14 /Users/arseniomuanda/MyJobs/Joelson/gestao_alunos/system/Commands/Server/rewrite.php(47): require_once('/Users/arseniom...')
#15 {main}
CRITICAL - 2023-05-28 18:59:40 --> Duplicate entry 'manomuanda1@gmail.com' for key 'email'
in SYSTEMPATH/Database/BaseConnection.php on line 645.
 1 SYSTEMPATH/Database/BaseBuilder.php(2309): CodeIgniter\Database\BaseConnection->query('INSERT INTO `utilizadores` (`password`, `email`, `telefone`, `bi`, `nome`) VALUES (:password:, :email:, :telefone:, :bi:, :nome:)', [...], false)
 2 SYSTEMPATH/Model.php(330): CodeIgniter\Database\BaseBuilder->insert()
 3 SYSTEMPATH/BaseModel.php(782): CodeIgniter\Model->doInsert([...])
 4 SYSTEMPATH/Model.php(730): CodeIgniter\BaseModel->insert([...], false)
 5 SYSTEMPATH/BaseModel.php(692): CodeIgniter\Model->insert([...], false)
 6 APPPATH/Helpers/funcao_helper.php(26): CodeIgniter\BaseModel->save([...])
 7 APPPATH/Controllers/Alunos.php(161): cadastronormal(Object(App\Models\UtilizadoreModel), [...], Object(CodeIgniter\Database\MySQLi\Connection), Object(App\Models\Auditoria))
 8 SYSTEMPATH/CodeIgniter.php(934): App\Controllers\Alunos->matricular('9')
 9 SYSTEMPATH/CodeIgniter.php(499): CodeIgniter\CodeIgniter->runController(Object(App\Controllers\Alunos))
10 SYSTEMPATH/CodeIgniter.php(368): CodeIgniter\CodeIgniter->handleRequest(null, Object(Config\Cache), false)
11 FCPATH/index.php(67): CodeIgniter\CodeIgniter->run()
12 SYSTEMPATH/Commands/Server/rewrite.php(47): require_once('FCPATH/index.php')
ERROR - 2023-05-28 19:01:07 --> mysqli_sql_exception: Duplicate entry 'manomuanda1@gmail.com' for key 'email' in /Users/arseniomuanda/MyJobs/Joelson/gestao_alunos/system/Database/MySQLi/Connection.php:295
Stack trace:
#0 /Users/arseniomuanda/MyJobs/Joelson/gestao_alunos/system/Database/MySQLi/Connection.php(295): mysqli->query('INSERT INTO `ut...', 0)
#1 /Users/arseniomuanda/MyJobs/Joelson/gestao_alunos/system/Database/BaseConnection.php(691): CodeIgniter\Database\MySQLi\Connection->execute('INSERT INTO `ut...')
#2 /Users/arseniomuanda/MyJobs/Joelson/gestao_alunos/system/Database/BaseConnection.php(605): CodeIgniter\Database\BaseConnection->simpleQuery('INSERT INTO `ut...')
#3 /Users/arseniomuanda/MyJobs/Joelson/gestao_alunos/system/Database/BaseBuilder.php(2309): CodeIgniter\Database\BaseConnection->query('INSERT INTO `ut...', Array, false)
#4 /Users/arseniomuanda/MyJobs/Joelson/gestao_alunos/system/Model.php(330): CodeIgniter\Database\BaseBuilder->insert()
#5 /Users/arseniomuanda/MyJobs/Joelson/gestao_alunos/system/BaseModel.php(782): CodeIgniter\Model->doInsert(Array)
#6 /Users/arseniomuanda/MyJobs/Joelson/gestao_alunos/system/Model.php(730): CodeIgniter\BaseModel->insert(Array, false)
#7 /Users/arseniomuanda/MyJobs/Joelson/gestao_alunos/system/BaseModel.php(692): CodeIgniter\Model->insert(Array, false)
#8 /Users/arseniomuanda/MyJobs/Joelson/gestao_alunos/app/Helpers/funcao_helper.php(26): CodeIgniter\BaseModel->save(Array)
#9 /Users/arseniomuanda/MyJobs/Joelson/gestao_alunos/app/Controllers/Alunos.php(161): cadastronormal(Object(App\Models\UtilizadoreModel), Array, Object(CodeIgniter\Database\MySQLi\Connection), Object(App\Models\Auditoria))
#10 /Users/arseniomuanda/MyJobs/Joelson/gestao_alunos/system/CodeIgniter.php(934): App\Controllers\Alunos->matricular('9')
#11 /Users/arseniomuanda/MyJobs/Joelson/gestao_alunos/system/CodeIgniter.php(499): CodeIgniter\CodeIgniter->runController(Object(App\Controllers\Alunos))
#12 /Users/arseniomuanda/MyJobs/Joelson/gestao_alunos/system/CodeIgniter.php(368): CodeIgniter\CodeIgniter->handleRequest(NULL, Object(Config\Cache), false)
#13 /Users/arseniomuanda/MyJobs/Joelson/gestao_alunos/public/index.php(67): CodeIgniter\CodeIgniter->run()
#14 /Users/arseniomuanda/MyJobs/Joelson/gestao_alunos/system/Commands/Server/rewrite.php(47): require_once('/Users/arseniom...')
#15 {main}
CRITICAL - 2023-05-28 19:01:07 --> Duplicate entry 'manomuanda1@gmail.com' for key 'email'
in SYSTEMPATH/Database/BaseConnection.php on line 645.
 1 SYSTEMPATH/Database/BaseBuilder.php(2309): CodeIgniter\Database\BaseConnection->query('INSERT INTO `utilizadores` (`password`, `email`, `telefone`, `bi`, `nome`) VALUES (:password:, :email:, :telefone:, :bi:, :nome:)', [...], false)
 2 SYSTEMPATH/Model.php(330): CodeIgniter\Database\BaseBuilder->insert()
 3 SYSTEMPATH/BaseModel.php(782): CodeIgniter\Model->doInsert([...])
 4 SYSTEMPATH/Model.php(730): CodeIgniter\BaseModel->insert([...], false)
 5 SYSTEMPATH/BaseModel.php(692): CodeIgniter\Model->insert([...], false)
 6 APPPATH/Helpers/funcao_helper.php(26): CodeIgniter\BaseModel->save([...])
 7 APPPATH/Controllers/Alunos.php(161): cadastronormal(Object(App\Models\UtilizadoreModel), [...], Object(CodeIgniter\Database\MySQLi\Connection), Object(App\Models\Auditoria))
 8 SYSTEMPATH/CodeIgniter.php(934): App\Controllers\Alunos->matricular('9')
 9 SYSTEMPATH/CodeIgniter.php(499): CodeIgniter\CodeIgniter->runController(Object(App\Controllers\Alunos))
10 SYSTEMPATH/CodeIgniter.php(368): CodeIgniter\CodeIgniter->handleRequest(null, Object(Config\Cache), false)
11 FCPATH/index.php(67): CodeIgniter\CodeIgniter->run()
12 SYSTEMPATH/Commands/Server/rewrite.php(47): require_once('FCPATH/index.php')
ERROR - 2023-05-28 19:55:28 --> mysqli_sql_exception: Column 'estado' in where clause is ambiguous in /Users/arseniomuanda/MyJobs/Joelson/gestao_alunos/system/Database/MySQLi/Connection.php:295
Stack trace:
#0 /Users/arseniomuanda/MyJobs/Joelson/gestao_alunos/system/Database/MySQLi/Connection.php(295): mysqli->query('SELECT candidat...', 0)
#1 /Users/arseniomuanda/MyJobs/Joelson/gestao_alunos/system/Database/BaseConnection.php(691): CodeIgniter\Database\MySQLi\Connection->execute('SELECT candidat...')
#2 /Users/arseniomuanda/MyJobs/Joelson/gestao_alunos/system/Database/BaseConnection.php(605): CodeIgniter\Database\BaseConnection->simpleQuery('SELECT candidat...')
#3 /Users/arseniomuanda/MyJobs/Joelson/gestao_alunos/app/Controllers/Candidaturas.php(142): CodeIgniter\Database\BaseConnection->query('SELECT candidat...')
#4 /Users/arseniomuanda/MyJobs/Joelson/gestao_alunos/system/CodeIgniter.php(934): App\Controllers\Candidaturas->index()
#5 /Users/arseniomuanda/MyJobs/Joelson/gestao_alunos/system/CodeIgniter.php(499): CodeIgniter\CodeIgniter->runController(Object(App\Controllers\Candidaturas))
#6 /Users/arseniomuanda/MyJobs/Joelson/gestao_alunos/system/CodeIgniter.php(368): CodeIgniter\CodeIgniter->handleRequest(NULL, Object(Config\Cache), false)
#7 /Users/arseniomuanda/MyJobs/Joelson/gestao_alunos/public/index.php(67): CodeIgniter\CodeIgniter->run()
#8 /Users/arseniomuanda/MyJobs/Joelson/gestao_alunos/system/Commands/Server/rewrite.php(47): require_once('/Users/arseniom...')
#9 {main}
CRITICAL - 2023-05-28 19:55:28 --> Column 'estado' in where clause is ambiguous
in SYSTEMPATH/Database/BaseConnection.php on line 645.
 1 APPPATH/Controllers/Candidaturas.php(142): CodeIgniter\Database\BaseConnection->query('SELECT candidatos.*, campanhas.nome campanha FROM `candidatos` INNER JOIN campanhas ON candidatos.campanha = campanhas.id WHERE estado <> 3')
 2 SYSTEMPATH/CodeIgniter.php(934): App\Controllers\Candidaturas->index()
 3 SYSTEMPATH/CodeIgniter.php(499): CodeIgniter\CodeIgniter->runController(Object(App\Controllers\Candidaturas))
 4 SYSTEMPATH/CodeIgniter.php(368): CodeIgniter\CodeIgniter->handleRequest(null, Object(Config\Cache), false)
 5 FCPATH/index.php(67): CodeIgniter\CodeIgniter->run()
 6 SYSTEMPATH/Commands/Server/rewrite.php(47): require_once('FCPATH/index.php')
